#
# There is insufficient memory for the Java Runtime Environment to continue.
# Native memory allocation (mmap) failed to map 17825792 bytes for Failed to commit area from 0x0000000085200000 to 0x0000000086300000 of length 17825792.
# Possible reasons:
#   The system is out of physical RAM or swap space
#   The process is running with CompressedOops enabled, and the Java Heap may be blocking the growth of the native heap
# Possible solutions:
#   Reduce memory load on the system
#   Increase physical memory or swap space
#   Check if swap backing store is full
#   Decrease Java heap size (-Xmx/-Xms)
#   Decrease number of Java threads
#   Decrease Java thread stack sizes (-Xss)
#   Set larger code cache with -XX:ReservedCodeCacheSize=
#   JVM is running with Unscaled Compressed Oops mode in which the Java heap is
#     placed in the first 4GB address space. The Java Heap base address is the
#     maximum limit for the native heap growth. Please use -XX:HeapBaseMinAddress
#     to set the Java Heap base and to place the Java Heap above 4GB virtual address.
# This output file may be truncated or incomplete.
#
#  Out of Memory Error (./src/hotspot/os/windows/os_windows.cpp:3619), pid=1088, tid=7604
#
# JRE version: OpenJDK Runtime Environment (11.0.13) (build 11.0.13+0-b1751.21-8125866)
# Java VM: OpenJDK 64-Bit Server VM (11.0.13+0-b1751.21-8125866, mixed mode, tiered, compressed oops, g1 gc, windows-amd64)
# No core dump will be written. Minidumps are not enabled by default on client versions of Windows
#

---------------  S U M M A R Y ------------

Command Line: --add-opens=java.base/java.util=ALL-UNNAMED --add-opens=java.base/java.lang=ALL-UNNAMED --add-opens=java.base/java.lang.invoke=ALL-UNNAMED --add-opens=java.base/java.util=ALL-UNNAMED --add-opens=java.prefs/java.util.prefs=ALL-UNNAMED --add-opens=java.prefs/java.util.prefs=ALL-UNNAMED --add-opens=java.base/java.nio.charset=ALL-UNNAMED --add-opens=java.base/java.net=ALL-UNNAMED --add-opens=java.base/java.util.concurrent.atomic=ALL-UNNAMED -Xmx2048m -Dfile.encoding=UTF-8 -Duser.country=MX -Duser.language=es -Duser.variant org.gradle.launcher.daemon.bootstrap.GradleDaemon 7.3.3

Host: AMD A6-9225 RADEON R4, 5 COMPUTE CORES 2C+3G   , 2 cores, 3G,  Windows 10 , 64 bit Build 18362 (10.0.18362.1500)
Time: Sun Nov 27 20:28:40 2022 Hora estándar central (México) elapsed time: 33.485337 seconds (0d 0h 0m 33s)

---------------  T H R E A D  ---------------

Current thread (0x00000224c51bd800):  VMThread "VM Thread" [stack: 0x0000006f86700000,0x0000006f86800000] [id=7604]

Stack: [0x0000006f86700000,0x0000006f86800000]
[error occurred during error reporting (printing stack bounds), id 0xc0000005, EXCEPTION_ACCESS_VIOLATION (0xc0000005) at pc=0x00000224af63112d]

Native frames: (J=compiled Java code, j=interpreted, Vv=VM code, C=native code)
V  [jvm.dll+0x6100fa]
V  [jvm.dll+0x747090]
V  [jvm.dll+0x7486ad]
V  [jvm.dll+0x748ce5]
V  [jvm.dll+0x748c9b]
V  [jvm.dll+0x60f224]
V  [jvm.dll+0x60f9b8]
C  [ntdll.dll+0xa1fff]
C  [ntdll.dll+0x6aad9]
C  [ntdll.dll+0xa0c6e]
C  0x00000224af63112d

VM_Operation (0x0000006f879f70b0): G1CollectForAllocation, mode: safepoint, requested by thread 0x00000224c73ce000


---------------  P R O C E S S  ---------------

Threads class SMR info:
_java_thread_list=0x00000224cab5be00, length=56, elements={
0x00000224abb1e800, 0x00000224c51c1000, 0x00000224c51c4800, 0x00000224c521c800,
0x00000224c521e000, 0x00000224c521f000, 0x00000224c5222000, 0x00000224c5227800,
0x00000224c5baa800, 0x00000224c5ca7000, 0x00000224c744b000, 0x00000224c5c6f800,
0x00000224c71ac800, 0x00000224c5c00000, 0x00000224c5c01000, 0x00000224c73cd800,
0x00000224c73ce000, 0x00000224c5ff8800, 0x00000224c749c800, 0x00000224c749d800,
0x00000224c616d800, 0x00000224c616c800, 0x00000224c6169800, 0x00000224c616b000,
0x00000224c616c000, 0x00000224c6167800, 0x00000224c616e800, 0x00000224c6168800,
0x00000224c616a000, 0x00000224c86d2800, 0x00000224c86d3000, 0x00000224c86d4000,
0x00000224c86d5000, 0x00000224c86cf000, 0x00000224c86d1800, 0x00000224c86d5800,
0x00000224c86d0000, 0x00000224c86d6800, 0x00000224c86d1000, 0x00000224c86d9000,
0x00000224c86da800, 0x00000224c86d9800, 0x00000224c86d7800, 0x00000224c86d8000,
0x00000224c86dd000, 0x00000224c86db800, 0x00000224c86dc000, 0x00000224c7617000,
0x00000224c7618800, 0x00000224c7617800, 0x00000224c7613800, 0x00000224c7619800,
0x00000224c7615000, 0x00000224c7616000, 0x00000224c761a000, 0x00000224c7614800
}

Java Threads: ( => current thread )
  0x00000224abb1e800 JavaThread "main" [_thread_blocked, id=11044, stack(0x0000006f86100000,0x0000006f86200000)]
  0x00000224c51c1000 JavaThread "Reference Handler" daemon [_thread_blocked, id=10436, stack(0x0000006f86800000,0x0000006f86900000)]
  0x00000224c51c4800 JavaThread "Finalizer" daemon [_thread_blocked, id=10264, stack(0x0000006f86900000,0x0000006f86a00000)]
  0x00000224c521c800 JavaThread "Signal Dispatcher" daemon [_thread_blocked, id=8912, stack(0x0000006f86a00000,0x0000006f86b00000)]
  0x00000224c521e000 JavaThread "Attach Listener" daemon [_thread_blocked, id=9000, stack(0x0000006f86b00000,0x0000006f86c00000)]
  0x00000224c521f000 JavaThread "Service Thread" daemon [_thread_blocked, id=2764, stack(0x0000006f86c00000,0x0000006f86d00000)]
  0x00000224c5222000 JavaThread "C2 CompilerThread0" daemon [_thread_in_native, id=7864, stack(0x0000006f86d00000,0x0000006f86e00000)]
  0x00000224c5227800 JavaThread "C1 CompilerThread0" daemon [_thread_blocked, id=6004, stack(0x0000006f86e00000,0x0000006f86f00000)]
  0x00000224c5baa800 JavaThread "Sweeper thread" daemon [_thread_blocked, id=4608, stack(0x0000006f86f00000,0x0000006f87000000)]
  0x00000224c5ca7000 JavaThread "Common-Cleaner" daemon [_thread_blocked, id=8080, stack(0x0000006f87000000,0x0000006f87100000)]
  0x00000224c744b000 JavaThread "Daemon health stats" [_thread_blocked, id=1304, stack(0x0000006f87300000,0x0000006f87400000)]
  0x00000224c5c6f800 JavaThread "Incoming local TCP Connector on port 51477" [_thread_in_native, id=7712, stack(0x0000006f87400000,0x0000006f87500000)]
  0x00000224c71ac800 JavaThread "Daemon" [_thread_blocked, id=9856, stack(0x0000006f87500000,0x0000006f87600000)]
  0x00000224c5c00000 JavaThread "Daemon periodic checks" [_thread_blocked, id=4112, stack(0x0000006f87600000,0x0000006f87700000)]
  0x00000224c5c01000 JavaThread "Handler for socket connection from /127.0.0.1:51477 to /127.0.0.1:51478" [_thread_in_native, id=2264, stack(0x0000006f87700000,0x0000006f87800000)]
  0x00000224c73cd800 JavaThread "Cancel handler" [_thread_blocked, id=7624, stack(0x0000006f87800000,0x0000006f87900000)]
  0x00000224c73ce000 JavaThread "Daemon worker" [_thread_blocked, id=5884, stack(0x0000006f87900000,0x0000006f87a00000)]
  0x00000224c5ff8800 JavaThread "Asynchronous log dispatcher for DefaultDaemonConnection: socket connection from /127.0.0.1:51477 to /127.0.0.1:51478" [_thread_blocked, id=5812, stack(0x0000006f87a00000,0x0000006f87b00000)]
  0x00000224c749c800 JavaThread "Stdin handler" [_thread_blocked, id=10956, stack(0x0000006f87b00000,0x0000006f87c00000)]
  0x00000224c749d800 JavaThread "Daemon client event forwarder" [_thread_blocked, id=9028, stack(0x0000006f87c00000,0x0000006f87d00000)]
  0x00000224c616d800 JavaThread "Cache worker for journal cache (C:\Users\caby5\.gradle\caches\journal-1)" [_thread_blocked, id=5672, stack(0x0000006f87d00000,0x0000006f87e00000)]
  0x00000224c616c800 JavaThread "File lock request listener" [_thread_in_native, id=3928, stack(0x0000006f87e00000,0x0000006f87f00000)]
  0x00000224c6169800 JavaThread "Cache worker for file hash cache (C:\Users\caby5\.gradle\caches\7.3.3\fileHashes)" [_thread_blocked, id=3008, stack(0x0000006f87f00000,0x0000006f88000000)]
  0x00000224c616b000 JavaThread "Cache worker for file hash cache (C:\Users\caby5\Documents\TEC\archivos\.gradle\7.3.3\fileHashes)" [_thread_blocked, id=11192, stack(0x0000006f88000000,0x0000006f88100000)]
  0x00000224c616c000 JavaThread "File watcher server" daemon [_thread_in_native, id=10204, stack(0x0000006f88100000,0x0000006f88200000)]
  0x00000224c6167800 JavaThread "File watcher consumer" daemon [_thread_blocked, id=9592, stack(0x0000006f88200000,0x0000006f88300000)]
  0x00000224c616e800 JavaThread "Cache worker for checksums cache (C:\Users\caby5\Documents\TEC\archivos\.gradle\7.3.3\checksums)" [_thread_blocked, id=9692, stack(0x0000006f88300000,0x0000006f88400000)]
  0x00000224c6168800 JavaThread "Cache worker for cache directory md-supplier (C:\Users\caby5\.gradle\caches\7.3.3\md-supplier)" [_thread_blocked, id=2292, stack(0x0000006f88400000,0x0000006f88500000)]
  0x00000224c616a000 JavaThread "Cache worker for cache directory md-rule (C:\Users\caby5\.gradle\caches\7.3.3\md-rule)" [_thread_blocked, id=9340, stack(0x0000006f88500000,0x0000006f88600000)]
  0x00000224c86d2800 JavaThread "Cache worker for execution history cache (C:\Users\caby5\.gradle\caches\7.3.3\executionHistory)" [_thread_blocked, id=2060, stack(0x0000006f88600000,0x0000006f88700000)]
  0x00000224c86d3000 JavaThread "jar transforms" [_thread_blocked, id=5984, stack(0x0000006f88700000,0x0000006f88800000)]
  0x00000224c86d4000 JavaThread "Cache worker for file content cache (C:\Users\caby5\.gradle\caches\7.3.3\fileContent)" [_thread_blocked, id=7316, stack(0x0000006f88800000,0x0000006f88900000)]
  0x00000224c86d5000 JavaThread "jar transforms Thread 2" [_thread_blocked, id=8848, stack(0x0000006f88900000,0x0000006f88a00000)]
  0x00000224c86cf000 JavaThread "Cache worker for dependencies-accessors (C:\Users\caby5\Documents\TEC\archivos\.gradle\7.3.3\dependencies-accessors)" [_thread_blocked, id=3764, stack(0x0000006f88a00000,0x0000006f88b00000)]
  0x00000224c86d1800 JavaThread "Cache worker for Build Output Cleanup Cache (C:\Users\caby5\Documents\TEC\archivos\.gradle\buildOutputCleanup)" [_thread_blocked, id=9124, stack(0x0000006f88b00000,0x0000006f88c00000)]
  0x00000224c86d5800 JavaThread "Unconstrained build operations" [_thread_blocked, id=10488, stack(0x0000006f88c00000,0x0000006f88d00000)]
  0x00000224c86d0000 JavaThread "Unconstrained build operations Thread 2" [_thread_blocked, id=9572, stack(0x0000006f88d00000,0x0000006f88e00000)]
  0x00000224c86d6800 JavaThread "Unconstrained build operations Thread 3" [_thread_blocked, id=1596, stack(0x0000006f88e00000,0x0000006f88f00000)]
  0x00000224c86d1000 JavaThread "Unconstrained build operations Thread 4" [_thread_blocked, id=6248, stack(0x0000006f88f00000,0x0000006f89000000)]
  0x00000224c86d9000 JavaThread "Unconstrained build operations Thread 5" [_thread_blocked, id=3788, stack(0x0000006f89000000,0x0000006f89100000)]
  0x00000224c86da800 JavaThread "Unconstrained build operations Thread 6" [_thread_blocked, id=10880, stack(0x0000006f89100000,0x0000006f89200000)]
  0x00000224c86d9800 JavaThread "Unconstrained build operations Thread 7" [_thread_blocked, id=4248, stack(0x0000006f89200000,0x0000006f89300000)]
  0x00000224c86d7800 JavaThread "Unconstrained build operations Thread 8" [_thread_blocked, id=11120, stack(0x0000006f89300000,0x0000006f89400000)]
  0x00000224c86d8000 JavaThread "Unconstrained build operations Thread 9" [_thread_blocked, id=11040, stack(0x0000006f89400000,0x0000006f89500000)]
  0x00000224c86dd000 JavaThread "Unconstrained build operations Thread 10" [_thread_blocked, id=10576, stack(0x0000006f89500000,0x0000006f89600000)]
  0x00000224c86db800 JavaThread "Unconstrained build operations Thread 11" [_thread_blocked, id=704, stack(0x0000006f89600000,0x0000006f89700000)]
  0x00000224c86dc000 JavaThread "Unconstrained build operations Thread 12" [_thread_blocked, id=7512, stack(0x0000006f89700000,0x0000006f89800000)]
  0x00000224c7617000 JavaThread "Unconstrained build operations Thread 13" [_thread_blocked, id=5424, stack(0x0000006f89800000,0x0000006f89900000)]
  0x00000224c7618800 JavaThread "Unconstrained build operations Thread 14" [_thread_blocked, id=9520, stack(0x0000006f89900000,0x0000006f89a00000)]
  0x00000224c7617800 JavaThread "Unconstrained build operations Thread 15" [_thread_blocked, id=7260, stack(0x0000006f89a00000,0x0000006f89b00000)]
  0x00000224c7613800 JavaThread "Unconstrained build operations Thread 16" [_thread_blocked, id=9812, stack(0x0000006f89b00000,0x0000006f89c00000)]
  0x00000224c7619800 JavaThread "Unconstrained build operations Thread 17" [_thread_blocked, id=9504, stack(0x0000006f89c00000,0x0000006f89d00000)]
  0x00000224c7615000 JavaThread "Unconstrained build operations Thread 18" [_thread_blocked, id=4124, stack(0x0000006f89d00000,0x0000006f89e00000)]
  0x00000224c7616000 JavaThread "Unconstrained build operations Thread 19" [_thread_blocked, id=7100, stack(0x0000006f89e00000,0x0000006f89f00000)]
  0x00000224c761a000 JavaThread "Unconstrained build operations Thread 20" [_thread_blocked, id=11124, stack(0x0000006f89f00000,0x0000006f8a000000)]
  0x00000224c7614800 JavaThread "Memory manager" [_thread_blocked, id=6524, stack(0x0000006f8a000000,0x0000006f8a100000)]

Other Threads:
=>0x00000224c51bd800 VMThread "VM Thread" [stack: 0x0000006f86700000,0x0000006f86800000] [id=7604]
  0x00000224c5cbf000 WatcherThread [stack: 0x0000006f87100000,0x0000006f87200000] [id=10840]
  0x00000224abb38000 GCTaskThread "GC Thread#0" [stack: 0x0000006f86200000,0x0000006f86300000] [id=9368]
  0x00000224c5daf800 GCTaskThread "GC Thread#1" [stack: 0x0000006f87200000,0x0000006f87300000] [id=9144]
  0x00000224abb68000 ConcurrentGCThread "G1 Main Marker" [stack: 0x0000006f86300000,0x0000006f86400000] [id=8608]
  0x00000224abb69800 ConcurrentGCThread "G1 Conc#0" [stack: 0x0000006f86400000,0x0000006f86500000] [id=5792]
  0x00000224abba6000 ConcurrentGCThread "G1 Refine#0" [stack: 0x0000006f86500000,0x0000006f86600000] [id=10812]
  0x00000224abba7000 ConcurrentGCThread "G1 Young RemSet Sampling" [stack: 0x0000006f86600000,0x0000006f86700000] [id=6420]

Threads with active compile tasks:
C2 CompilerThread0  33505 6373   !   4       java.net.URLClassLoader$1::run (81 bytes)

VM state:at safepoint (normal execution)

VM Mutex/Monitor currently owned by a thread:  ([mutex/lock_event])
[0x00000224abb1b780] Threads_lock - owner thread: 0x00000224c51bd800
[0x00000224abb1bc00] Heap_lock - owner thread: 0x00000224c73ce000

Heap address: 0x0000000080000000, size: 2048 MB, Compressed Oops mode: 32-bit
Narrow klass base: 0x0000000000000000, Narrow klass shift: 3
Compressed class space size: 1073741824 Address: 0x0000000100000000

Heap:
 garbage-first heap   total 101376K, used 50782K [0x0000000080000000, 0x0000000100000000)
  region size 1024K, 2 young (2048K), 2 survivors (2048K)
 Metaspace       used 63486K, capacity 64932K, committed 65232K, reserved 1105920K
  class space    used 7941K, capacity 8519K, committed 8576K, reserved 1048576K
Heap Regions: E=young(eden), S=young(survivor), O=old, HS=humongous(starts), HC=humongous(continues), CS=collection set, F=free, A=archive, TAMS=top-at-mark-start (previous, next)
|   0|0x0000000080000000, 0x0000000080100000, 0x0000000080100000|100%| O|  |TAMS 0x0000000080100000, 0x0000000080100000| Untracked 
|   1|0x0000000080100000, 0x0000000080200000, 0x0000000080200000|100%| O|  |TAMS 0x0000000080200000, 0x0000000080200000| Untracked 
|   2|0x0000000080200000, 0x0000000080300000, 0x0000000080300000|100%| O|  |TAMS 0x0000000080300000, 0x0000000080300000| Untracked 
|   3|0x0000000080300000, 0x0000000080400000, 0x0000000080400000|100%| O|  |TAMS 0x0000000080400000, 0x0000000080400000| Untracked 
|   4|0x0000000080400000, 0x0000000080500000, 0x0000000080500000|100%|HS|  |TAMS 0x0000000080500000, 0x0000000080500000| Complete 
|   5|0x0000000080500000, 0x0000000080600000, 0x0000000080600000|100%|HC|  |TAMS 0x0000000080600000, 0x0000000080600000| Complete 
|   6|0x0000000080600000, 0x0000000080700000, 0x0000000080700000|100%|HC|  |TAMS 0x0000000080700000, 0x0000000080700000| Complete 
|   7|0x0000000080700000, 0x0000000080800000, 0x0000000080800000|100%| O|  |TAMS 0x0000000080800000, 0x0000000080800000| Untracked 
|   8|0x0000000080800000, 0x0000000080900000, 0x0000000080900000|100%| O|  |TAMS 0x0000000080900000, 0x0000000080900000| Untracked 
|   9|0x0000000080900000, 0x0000000080a00000, 0x0000000080a00000|100%| O|  |TAMS 0x0000000080a00000, 0x0000000080a00000| Untracked 
|  10|0x0000000080a00000, 0x0000000080b00000, 0x0000000080b00000|100%| O|  |TAMS 0x0000000080b00000, 0x0000000080b00000| Untracked 
|  11|0x0000000080b00000, 0x0000000080c00000, 0x0000000080c00000|100%| O|  |TAMS 0x0000000080c00000, 0x0000000080c00000| Untracked 
|  12|0x0000000080c00000, 0x0000000080d00000, 0x0000000080d00000|100%| O|  |TAMS 0x0000000080d00000, 0x0000000080d00000| Untracked 
|  13|0x0000000080d00000, 0x0000000080e00000, 0x0000000080e00000|100%| O|  |TAMS 0x0000000080e00000, 0x0000000080e00000| Untracked 
|  14|0x0000000080e00000, 0x0000000080f00000, 0x0000000080f00000|100%| O|  |TAMS 0x0000000080f00000, 0x0000000080f00000| Untracked 
|  15|0x0000000080f00000, 0x0000000081000000, 0x0000000081000000|100%| O|  |TAMS 0x0000000081000000, 0x0000000081000000| Untracked 
|  16|0x0000000081000000, 0x0000000081100000, 0x0000000081100000|100%| O|  |TAMS 0x0000000081100000, 0x0000000081100000| Untracked 
|  17|0x0000000081100000, 0x0000000081200000, 0x0000000081200000|100%| O|  |TAMS 0x0000000081200000, 0x0000000081200000| Untracked 
|  18|0x0000000081200000, 0x0000000081300000, 0x0000000081300000|100%| O|  |TAMS 0x0000000081300000, 0x0000000081300000| Untracked 
|  19|0x0000000081300000, 0x0000000081400000, 0x0000000081400000|100%| O|  |TAMS 0x0000000081400000, 0x0000000081400000| Untracked 
|  20|0x0000000081400000, 0x0000000081500000, 0x0000000081500000|100%| O|  |TAMS 0x0000000081500000, 0x0000000081500000| Untracked 
|  21|0x0000000081500000, 0x0000000081600000, 0x0000000081600000|100%| O|  |TAMS 0x0000000081600000, 0x0000000081600000| Untracked 
|  22|0x0000000081600000, 0x0000000081700000, 0x0000000081700000|100%| O|  |TAMS 0x0000000081700000, 0x0000000081700000| Untracked 
|  23|0x0000000081700000, 0x0000000081800000, 0x0000000081800000|100%| O|  |TAMS 0x0000000081800000, 0x0000000081800000| Untracked 
|  24|0x0000000081800000, 0x0000000081900000, 0x0000000081900000|100%| O|  |TAMS 0x0000000081900000, 0x0000000081900000| Untracked 
|  25|0x0000000081900000, 0x0000000081a00000, 0x0000000081a00000|100%| O|  |TAMS 0x0000000081a00000, 0x0000000081a00000| Untracked 
|  26|0x0000000081a00000, 0x0000000081b00000, 0x0000000081b00000|100%| O|  |TAMS 0x0000000081b00000, 0x0000000081b00000| Untracked 
|  27|0x0000000081b00000, 0x0000000081c00000, 0x0000000081c00000|100%| O|  |TAMS 0x0000000081c00000, 0x0000000081c00000| Untracked 
|  28|0x0000000081c00000, 0x0000000081d00000, 0x0000000081d00000|100%|HS|  |TAMS 0x0000000081d00000, 0x0000000081d00000| Complete 
|  29|0x0000000081d00000, 0x0000000081e00000, 0x0000000081e00000|100%|HS|  |TAMS 0x0000000081e00000, 0x0000000081e00000| Complete 
|  30|0x0000000081e00000, 0x0000000081f00000, 0x0000000081f00000|100%|HS|  |TAMS 0x0000000081f00000, 0x0000000081f00000| Complete 
|  31|0x0000000081f00000, 0x0000000082000000, 0x0000000082000000|100%|HC|  |TAMS 0x0000000082000000, 0x0000000082000000| Complete 
|  32|0x0000000082000000, 0x0000000082100000, 0x0000000082100000|100%| O|  |TAMS 0x0000000082100000, 0x0000000082100000| Untracked 
|  33|0x0000000082100000, 0x0000000082200000, 0x0000000082200000|100%| O|  |TAMS 0x0000000082200000, 0x0000000082200000| Untracked 
|  34|0x0000000082200000, 0x0000000082300000, 0x0000000082300000|100%| O|  |TAMS 0x0000000082300000, 0x0000000082300000| Untracked 
|  35|0x0000000082300000, 0x0000000082400000, 0x0000000082400000|100%| O|  |TAMS 0x0000000082400000, 0x0000000082400000| Untracked 
|  36|0x0000000082400000, 0x0000000082500000, 0x0000000082500000|100%| O|  |TAMS 0x0000000082500000, 0x0000000082500000| Untracked 
|  37|0x0000000082500000, 0x0000000082600000, 0x0000000082600000|100%| O|  |TAMS 0x0000000082600000, 0x0000000082600000| Untracked 
|  38|0x0000000082600000, 0x0000000082700000, 0x0000000082700000|100%| O|  |TAMS 0x0000000082700000, 0x0000000082700000| Untracked 
|  39|0x0000000082700000, 0x0000000082800000, 0x0000000082800000|100%| O|  |TAMS 0x0000000082800000, 0x0000000082800000| Untracked 
|  40|0x0000000082800000, 0x0000000082900000, 0x0000000082900000|100%| O|  |TAMS 0x0000000082900000, 0x0000000082900000| Untracked 
|  41|0x0000000082900000, 0x0000000082a00000, 0x0000000082a00000|100%| O|  |TAMS 0x0000000082a00000, 0x0000000082a00000| Untracked 
|  42|0x0000000082a00000, 0x0000000082b00000, 0x0000000082b00000|100%| O|  |TAMS 0x0000000082b00000, 0x0000000082b00000| Untracked 
|  43|0x0000000082b00000, 0x0000000082c00000, 0x0000000082c00000|100%| O|  |TAMS 0x0000000082b13c00, 0x0000000082c00000| Untracked 
|  44|0x0000000082c00000, 0x0000000082d00000, 0x0000000082d00000|100%| O|  |TAMS 0x0000000082c00000, 0x0000000082d00000| Untracked 
|  45|0x0000000082d00000, 0x0000000082e00000, 0x0000000082e00000|100%| O|  |TAMS 0x0000000082d00000, 0x0000000082e00000| Untracked 
|  46|0x0000000082e00000, 0x0000000082f00000, 0x0000000082f00000|100%| O|  |TAMS 0x0000000082e00000, 0x0000000082f00000| Untracked 
|  47|0x0000000082f00000, 0x0000000082fec800, 0x0000000083000000| 92%| O|  |TAMS 0x0000000082f00000, 0x0000000082fec800| Untracked 
|  48|0x0000000083000000, 0x0000000083000000, 0x0000000083100000|  0%| F|  |TAMS 0x0000000083000000, 0x0000000083000000| Untracked 
|  49|0x0000000083100000, 0x0000000083100000, 0x0000000083200000|  0%| F|  |TAMS 0x0000000083100000, 0x0000000083100000| Untracked 
|  50|0x0000000083200000, 0x0000000083200000, 0x0000000083300000|  0%| F|  |TAMS 0x0000000083200000, 0x0000000083200000| Untracked 
|  51|0x0000000083300000, 0x0000000083300000, 0x0000000083400000|  0%| F|  |TAMS 0x0000000083300000, 0x0000000083300000| Untracked 
|  52|0x0000000083400000, 0x0000000083400000, 0x0000000083500000|  0%| F|  |TAMS 0x0000000083400000, 0x0000000083400000| Untracked 
|  53|0x0000000083500000, 0x0000000083500000, 0x0000000083600000|  0%| F|  |TAMS 0x0000000083500000, 0x0000000083500000| Untracked 
|  54|0x0000000083600000, 0x0000000083600000, 0x0000000083700000|  0%| F|  |TAMS 0x0000000083600000, 0x0000000083600000| Untracked 
|  55|0x0000000083700000, 0x0000000083700000, 0x0000000083800000|  0%| F|  |TAMS 0x0000000083700000, 0x0000000083700000| Untracked 
|  56|0x0000000083800000, 0x0000000083800000, 0x0000000083900000|  0%| F|  |TAMS 0x0000000083800000, 0x0000000083800000| Untracked 
|  57|0x0000000083900000, 0x0000000083900000, 0x0000000083a00000|  0%| F|  |TAMS 0x0000000083900000, 0x0000000083900000| Untracked 
|  58|0x0000000083a00000, 0x0000000083a00000, 0x0000000083b00000|  0%| F|  |TAMS 0x0000000083a00000, 0x0000000083a00000| Untracked 
|  59|0x0000000083b00000, 0x0000000083b00000, 0x0000000083c00000|  0%| F|  |TAMS 0x0000000083b00000, 0x0000000083b00000| Untracked 
|  60|0x0000000083c00000, 0x0000000083c00000, 0x0000000083d00000|  0%| F|  |TAMS 0x0000000083c00000, 0x0000000083c00000| Untracked 
|  61|0x0000000083d00000, 0x0000000083dab288, 0x0000000083e00000| 66%| S|CS|TAMS 0x0000000083d00000, 0x0000000083d00000| Complete 
|  62|0x0000000083e00000, 0x0000000083f00000, 0x0000000083f00000|100%| S|CS|TAMS 0x0000000083e00000, 0x0000000083e00000| Complete 
|  63|0x0000000083f00000, 0x0000000083f00000, 0x0000000084000000|  0%| F|  |TAMS 0x0000000083f00000, 0x0000000083f00000| Untracked 
|  64|0x0000000084000000, 0x0000000084000000, 0x0000000084100000|  0%| F|  |TAMS 0x0000000084000000, 0x0000000084000000| Untracked 
|  65|0x0000000084100000, 0x0000000084100000, 0x0000000084200000|  0%| F|  |TAMS 0x0000000084100000, 0x0000000084100000| Untracked 
|  66|0x0000000084200000, 0x0000000084200000, 0x0000000084300000|  0%| F|  |TAMS 0x0000000084200000, 0x0000000084200000| Untracked 
|  67|0x0000000084300000, 0x0000000084300000, 0x0000000084400000|  0%| F|  |TAMS 0x0000000084300000, 0x0000000084300000| Untracked 
|  68|0x0000000084400000, 0x0000000084400000, 0x0000000084500000|  0%| F|  |TAMS 0x0000000084400000, 0x0000000084400000| Untracked 
|  69|0x0000000084500000, 0x0000000084500000, 0x0000000084600000|  0%| F|  |TAMS 0x0000000084500000, 0x0000000084500000| Untracked 
|  70|0x0000000084600000, 0x0000000084600000, 0x0000000084700000|  0%| F|  |TAMS 0x0000000084600000, 0x0000000084600000| Untracked 
|  71|0x0000000084700000, 0x0000000084700000, 0x0000000084800000|  0%| F|  |TAMS 0x0000000084700000, 0x0000000084700000| Untracked 
|  72|0x0000000084800000, 0x0000000084800000, 0x0000000084900000|  0%| F|  |TAMS 0x0000000084800000, 0x0000000084800000| Untracked 
|  73|0x0000000084900000, 0x0000000084900000, 0x0000000084a00000|  0%| F|  |TAMS 0x0000000084900000, 0x0000000084900000| Untracked 
|  74|0x0000000084a00000, 0x0000000084a00000, 0x0000000084b00000|  0%| F|  |TAMS 0x0000000084a00000, 0x0000000084a00000| Untracked 
|  75|0x0000000084b00000, 0x0000000084b00000, 0x0000000084c00000|  0%| F|  |TAMS 0x0000000084b00000, 0x0000000084b00000| Untracked 
|  76|0x0000000084c00000, 0x0000000084c00000, 0x0000000084d00000|  0%| F|  |TAMS 0x0000000084c00000, 0x0000000084c00000| Untracked 
|  77|0x0000000084d00000, 0x0000000084d00000, 0x0000000084e00000|  0%| F|  |TAMS 0x0000000084d00000, 0x0000000084d00000| Untracked 
|  78|0x0000000084e00000, 0x0000000084e00000, 0x0000000084f00000|  0%| F|  |TAMS 0x0000000084e00000, 0x0000000084e00000| Untracked 
|  79|0x0000000084f00000, 0x0000000084f00000, 0x0000000085000000|  0%| F|  |TAMS 0x0000000084f00000, 0x0000000084f00000| Untracked 
|  80|0x0000000085000000, 0x0000000085000000, 0x0000000085100000|  0%| F|  |TAMS 0x0000000085000000, 0x0000000085000000| Untracked 
|  81|0x0000000085100000, 0x0000000085100000, 0x0000000085200000|  0%| F|  |TAMS 0x0000000085100000, 0x0000000085100000| Untracked 

Card table byte_map: [0x00000224be630000,0x00000224bea30000] _byte_map_base: 0x00000224be230000

Marking Bits (Prev, Next): (CMBitMap*) 0x00000224abb5f2e8, (CMBitMap*) 0x00000224abb5f320
 Prev Bits: [0x00000224bee30000, 0x00000224c0e30000)
 Next Bits: [0x00000224c0e30000, 0x00000224c2e30000)

Polling page: 0x00000224a9a80000

Metaspace:

Usage:
  Non-class:     55.09 MB capacity,    54.24 MB ( 98%) used,   706.22 KB (  1%) free+waste,   162.25 KB ( <1%) overhead. 
      Class:      8.32 MB capacity,     7.76 MB ( 93%) used,   501.95 KB (  6%) free+waste,    75.56 KB ( <1%) overhead. 
       Both:     63.41 MB capacity,    62.00 MB ( 98%) used,     1.18 MB (  2%) free+waste,   237.81 KB ( <1%) overhead. 

Virtual space:
  Non-class space:       56.00 MB reserved,      55.33 MB ( 99%) committed 
      Class space:        1.00 GB reserved,       8.38 MB ( <1%) committed 
             Both:        1.05 GB reserved,      63.70 MB (  6%) committed 

Chunk freelists:
   Non-Class:  51.00 KB
       Class:  25.00 KB
        Both:  76.00 KB

MaxMetaspaceSize: 17179869184.00 GB
CompressedClassSpaceSize: 1.00 GB
Initial GC threshold: 20.80 MB
Current GC threshold: 100.96 MB
CDS: off

CodeHeap 'non-profiled nmethods': size=120064Kb used=3396Kb max_used=3396Kb free=116668Kb
 bounds [0x00000224b70f0000, 0x00000224b7450000, 0x00000224be630000]
CodeHeap 'profiled nmethods': size=120000Kb used=13830Kb max_used=13830Kb free=106169Kb
 bounds [0x00000224afbc0000, 0x00000224b0950000, 0x00000224b70f0000]
CodeHeap 'non-nmethods': size=5696Kb used=2335Kb max_used=2364Kb free=3360Kb
 bounds [0x00000224af630000, 0x00000224af8a0000, 0x00000224afbc0000]
 total_blobs=7261 nmethods=6415 adapters=759
 compilation: enabled
              stopped_count=0, restarted_count=0
 full_count=0

Compilation events (20 events):
Event: 33.238 Thread 0x00000224c5227800 6412       3       org.gradle.internal.instantiation.generator.AsmBackedClassGenerator$ClassBuilderImpl::applyConventionMappingToSetter (177 bytes)
Event: 33.240 Thread 0x00000224c5227800 nmethod 6412 0x00000224b0939210 code [0x00000224b09395e0, 0x00000224b093ac28]
Event: 33.241 Thread 0x00000224c5227800 6413       3       org.gradle.internal.instantiation.generator.AbstractClassGenerator$ExtensibleTypePropertyHandler::applyTo (228 bytes)
Event: 33.244 Thread 0x00000224c5227800 nmethod 6413 0x00000224b093b490 code [0x00000224b093b880, 0x00000224b093d538]
Event: 33.307 Thread 0x00000224c5227800 6414       3       groovy.lang.MetaClassImpl::getNewMetaMethods (18 bytes)
Event: 33.307 Thread 0x00000224c5227800 nmethod 6414 0x00000224b093dd90 code [0x00000224b093df40, 0x00000224b093e148]
Event: 33.322 Thread 0x00000224c5227800 6415       3       java.beans.MethodDescriptor::<init> (111 bytes)
Event: 33.324 Thread 0x00000224c5227800 nmethod 6415 0x00000224b093e210 code [0x00000224b093e480, 0x00000224b093efb8]
Event: 33.325 Thread 0x00000224c5227800 6416       3       java.beans.PropertyDescriptor::getPropertyEditorClass (22 bytes)
Event: 33.325 Thread 0x00000224c5227800 nmethod 6416 0x00000224b093f310 code [0x00000224b093f4e0, 0x00000224b093f7e8]
Event: 33.326 Thread 0x00000224c5227800 6417       3       groovy.lang.MetaClassImpl::addFields (41 bytes)
Event: 33.327 Thread 0x00000224c5227800 nmethod 6417 0x00000224b093f910 code [0x00000224b093fb00, 0x00000224b09401d8]
Event: 33.327 Thread 0x00000224c5227800 6418       3       groovy.lang.MetaClassImpl$$Lambda$300/0x00000001004b7440::apply (12 bytes)
Event: 33.328 Thread 0x00000224c5227800 nmethod 6418 0x00000224b0940490 code [0x00000224b09406a0, 0x00000224b0940a98]
Event: 33.329 Thread 0x00000224c5227800 6419       3       groovy.lang.MetaClassImpl$Index::put (10 bytes)
Event: 33.329 Thread 0x00000224c5227800 nmethod 6419 0x00000224b0940c10 code [0x00000224b0940de0, 0x00000224b0940fe8]
Event: 33.387 Thread 0x00000224c5227800 6420       3       java.util.Collections$UnmodifiableSet::<init> (6 bytes)
Event: 33.388 Thread 0x00000224c5227800 nmethod 6420 0x00000224b0941110 code [0x00000224b09412e0, 0x00000224b09415e8]
Event: 33.390 Thread 0x00000224c5227800 6421       3       java.lang.String::<init> (10 bytes)
Event: 33.390 Thread 0x00000224c5227800 nmethod 6421 0x00000224b0941710 code [0x00000224b09418c0, 0x00000224b0941a08]

GC Heap History (20 events):
Event: 18.973 GC heap after
{Heap after GC invocations=16 (full 0):
 garbage-first heap   total 69632K, used 27798K [0x0000000080000000, 0x0000000100000000)
  region size 1024K, 4 young (4096K), 4 survivors (4096K)
 Metaspace       used 40883K, capacity 41827K, committed 41936K, reserved 1085440K
  class space    used 5137K, capacity 5484K, committed 5504K, reserved 1048576K
}
Event: 20.100 GC heap before
{Heap before GC invocations=16 (full 0):
 garbage-first heap   total 69632K, used 52374K [0x0000000080000000, 0x0000000100000000)
  region size 1024K, 28 young (28672K), 4 survivors (4096K)
 Metaspace       used 43649K, capacity 44662K, committed 44880K, reserved 1089536K
  class space    used 5470K, capacity 5868K, committed 5888K, reserved 1048576K
}
Event: 20.116 GC heap after
{Heap after GC invocations=17 (full 0):
 garbage-first heap   total 69632K, used 28488K [0x0000000080000000, 0x0000000100000000)
  region size 1024K, 3 young (3072K), 3 survivors (3072K)
 Metaspace       used 43649K, capacity 44662K, committed 44880K, reserved 1089536K
  class space    used 5470K, capacity 5868K, committed 5888K, reserved 1048576K
}
Event: 20.792 GC heap before
{Heap before GC invocations=17 (full 0):
 garbage-first heap   total 69632K, used 53064K [0x0000000080000000, 0x0000000100000000)
  region size 1024K, 27 young (27648K), 3 survivors (3072K)
 Metaspace       used 45294K, capacity 46298K, committed 46416K, reserved 1089536K
  class space    used 5737K, capacity 6135K, committed 6144K, reserved 1048576K
}
Event: 20.805 GC heap after
{Heap after GC invocations=18 (full 0):
 garbage-first heap   total 69632K, used 29807K [0x0000000080000000, 0x0000000100000000)
  region size 1024K, 2 young (2048K), 2 survivors (2048K)
 Metaspace       used 45294K, capacity 46298K, committed 46416K, reserved 1089536K
  class space    used 5737K, capacity 6135K, committed 6144K, reserved 1048576K
}
Event: 21.914 GC heap before
{Heap before GC invocations=18 (full 0):
 garbage-first heap   total 69632K, used 54383K [0x0000000080000000, 0x0000000100000000)
  region size 1024K, 26 young (26624K), 2 survivors (2048K)
 Metaspace       used 47383K, capacity 48429K, committed 48592K, reserved 1091584K
  class space    used 6023K, capacity 6421K, committed 6528K, reserved 1048576K
}
Event: 21.937 GC heap after
{Heap after GC invocations=19 (full 0):
 garbage-first heap   total 69632K, used 30359K [0x0000000080000000, 0x0000000100000000)
  region size 1024K, 3 young (3072K), 3 survivors (3072K)
 Metaspace       used 47383K, capacity 48429K, committed 48592K, reserved 1091584K
  class space    used 6023K, capacity 6421K, committed 6528K, reserved 1048576K
}
Event: 24.965 GC heap before
{Heap before GC invocations=19 (full 0):
 garbage-first heap   total 69632K, used 53911K [0x0000000080000000, 0x0000000100000000)
  region size 1024K, 27 young (27648K), 3 survivors (3072K)
 Metaspace       used 48442K, capacity 49601K, committed 49616K, reserved 1093632K
  class space    used 6097K, capacity 6525K, committed 6528K, reserved 1048576K
}
Event: 24.981 GC heap after
{Heap after GC invocations=20 (full 0):
 garbage-first heap   total 83968K, used 32166K [0x0000000080000000, 0x0000000100000000)
  region size 1024K, 4 young (4096K), 4 survivors (4096K)
 Metaspace       used 48442K, capacity 49601K, committed 49616K, reserved 1093632K
  class space    used 6097K, capacity 6525K, committed 6528K, reserved 1048576K
}
Event: 26.664 GC heap before
{Heap before GC invocations=20 (full 0):
 garbage-first heap   total 83968K, used 64934K [0x0000000080000000, 0x0000000100000000)
  region size 1024K, 33 young (33792K), 4 survivors (4096K)
 Metaspace       used 50305K, capacity 51619K, committed 51792K, reserved 1093632K
  class space    used 6331K, capacity 6822K, committed 6912K, reserved 1048576K
}
Event: 26.686 GC heap after
{Heap after GC invocations=21 (full 0):
 garbage-first heap   total 83968K, used 43125K [0x0000000080000000, 0x0000000100000000)
  region size 1024K, 5 young (5120K), 5 survivors (5120K)
 Metaspace       used 50305K, capacity 51619K, committed 51792K, reserved 1093632K
  class space    used 6331K, capacity 6822K, committed 6912K, reserved 1048576K
}
Event: 27.770 GC heap before
{Heap before GC invocations=21 (full 0):
 garbage-first heap   total 83968K, used 65653K [0x0000000080000000, 0x0000000100000000)
  region size 1024K, 27 young (27648K), 5 survivors (5120K)
 Metaspace       used 53304K, capacity 54590K, committed 54736K, reserved 1097728K
  class space    used 6703K, capacity 7194K, committed 7296K, reserved 1048576K
}
Event: 27.782 GC heap after
{Heap after GC invocations=22 (full 0):
 garbage-first heap   total 83968K, used 45148K [0x0000000080000000, 0x0000000100000000)
  region size 1024K, 2 young (2048K), 2 survivors (2048K)
 Metaspace       used 53304K, capacity 54590K, committed 54736K, reserved 1097728K
  class space    used 6703K, capacity 7194K, committed 7296K, reserved 1048576K
}
Event: 29.142 GC heap before
{Heap before GC invocations=23 (full 0):
 garbage-first heap   total 83968K, used 66652K [0x0000000080000000, 0x0000000100000000)
  region size 1024K, 23 young (23552K), 2 survivors (2048K)
 Metaspace       used 56705K, capacity 58077K, committed 58192K, reserved 1099776K
  class space    used 7108K, capacity 7631K, committed 7680K, reserved 1048576K
}
Event: 29.150 GC heap after
{Heap after GC invocations=24 (full 0):
 garbage-first heap   total 83968K, used 45390K [0x0000000080000000, 0x0000000100000000)
  region size 1024K, 2 young (2048K), 2 survivors (2048K)
 Metaspace       used 56705K, capacity 58077K, committed 58192K, reserved 1099776K
  class space    used 7108K, capacity 7631K, committed 7680K, reserved 1048576K
}
Event: 31.316 GC heap before
{Heap before GC invocations=24 (full 0):
 garbage-first heap   total 83968K, used 67918K [0x0000000080000000, 0x0000000100000000)
  region size 1024K, 24 young (24576K), 2 survivors (2048K)
 Metaspace       used 60297K, capacity 61750K, committed 62032K, reserved 1103872K
  class space    used 7562K, capacity 8126K, committed 8192K, reserved 1048576K
}
Event: 31.333 GC heap after
{Heap after GC invocations=25 (full 0):
 garbage-first heap   total 83968K, used 47183K [0x0000000080000000, 0x0000000100000000)
  region size 1024K, 3 young (3072K), 3 survivors (3072K)
 Metaspace       used 60297K, capacity 61750K, committed 62032K, reserved 1103872K
  class space    used 7562K, capacity 8126K, committed 8192K, reserved 1048576K
}
Event: 32.413 GC heap before
{Heap before GC invocations=26 (full 0):
 garbage-first heap   total 83968K, used 67663K [0x0000000080000000, 0x0000000100000000)
  region size 1024K, 24 young (24576K), 3 survivors (3072K)
 Metaspace       used 61976K, capacity 63426K, committed 63440K, reserved 1103872K
  class space    used 7763K, capacity 8320K, committed 8320K, reserved 1048576K
}
Event: 32.430 GC heap after
{Heap after GC invocations=27 (full 0):
 garbage-first heap   total 83968K, used 49158K [0x0000000080000000, 0x0000000100000000)
  region size 1024K, 3 young (3072K), 3 survivors (3072K)
 Metaspace       used 61976K, capacity 63426K, committed 63440K, reserved 1103872K
  class space    used 7763K, capacity 8320K, committed 8320K, reserved 1048576K
}
Event: 33.452 GC heap before
{Heap before GC invocations=27 (full 0):
 garbage-first heap   total 83968K, used 68614K [0x0000000080000000, 0x0000000100000000)
  region size 1024K, 22 young (22528K), 3 survivors (3072K)
 Metaspace       used 63486K, capacity 64932K, committed 65232K, reserved 1105920K
  class space    used 7941K, capacity 8519K, committed 8576K, reserved 1048576K
}

Deoptimization events (20 events):
Event: 31.827 Thread 0x00000224c73ce000 DEOPT PACKING pc=0x00000224b0889ac2 sp=0x0000006f879f3cf0
Event: 31.827 Thread 0x00000224c73ce000 DEOPT UNPACKING pc=0x00000224af67a95e sp=0x0000006f879f3148 mode 0
Event: 31.827 Thread 0x00000224c73ce000 DEOPT PACKING pc=0x00000224b0889ac2 sp=0x0000006f879f3cf0
Event: 31.827 Thread 0x00000224c73ce000 DEOPT UNPACKING pc=0x00000224af67a95e sp=0x0000006f879f3148 mode 0
Event: 31.827 Thread 0x00000224c73ce000 DEOPT PACKING pc=0x00000224b0889ac2 sp=0x0000006f879f3cf0
Event: 31.827 Thread 0x00000224c73ce000 DEOPT UNPACKING pc=0x00000224af67a95e sp=0x0000006f879f3148 mode 0
Event: 31.828 Thread 0x00000224c73ce000 DEOPT PACKING pc=0x00000224b0889ac2 sp=0x0000006f879f3cf0
Event: 31.828 Thread 0x00000224c73ce000 DEOPT UNPACKING pc=0x00000224af67a95e sp=0x0000006f879f3148 mode 0
Event: 31.828 Thread 0x00000224c73ce000 DEOPT PACKING pc=0x00000224b0889ac2 sp=0x0000006f879f3cf0
Event: 31.828 Thread 0x00000224c73ce000 DEOPT UNPACKING pc=0x00000224af67a95e sp=0x0000006f879f3148 mode 0
Event: 31.828 Thread 0x00000224c73ce000 DEOPT PACKING pc=0x00000224b0889ac2 sp=0x0000006f879f3cf0
Event: 31.828 Thread 0x00000224c73ce000 DEOPT UNPACKING pc=0x00000224af67a95e sp=0x0000006f879f3148 mode 0
Event: 31.828 Thread 0x00000224c73ce000 DEOPT PACKING pc=0x00000224b0889ac2 sp=0x0000006f879f3cf0
Event: 31.828 Thread 0x00000224c73ce000 DEOPT UNPACKING pc=0x00000224af67a95e sp=0x0000006f879f3148 mode 0
Event: 31.829 Thread 0x00000224c73ce000 DEOPT PACKING pc=0x00000224b0889ac2 sp=0x0000006f879f3cf0
Event: 31.829 Thread 0x00000224c73ce000 DEOPT UNPACKING pc=0x00000224af67a95e sp=0x0000006f879f3148 mode 0
Event: 31.829 Thread 0x00000224c73ce000 DEOPT PACKING pc=0x00000224b0889ac2 sp=0x0000006f879f3cf0
Event: 31.829 Thread 0x00000224c73ce000 DEOPT UNPACKING pc=0x00000224af67a95e sp=0x0000006f879f3148 mode 0
Event: 31.829 Thread 0x00000224c73ce000 DEOPT PACKING pc=0x00000224b0889ac2 sp=0x0000006f879f3cf0
Event: 31.869 Thread 0x00000224c73ce000 DEOPT UNPACKING pc=0x00000224af67a95e sp=0x0000006f879f3148 mode 0

Classes redefined (0 events):
No events

Internal exceptions (20 events):
Event: 26.795 Thread 0x00000224c73ce000 Exception <a 'java/lang/NoSuchMethodError'{0x0000000084e12568}: 'java.lang.Object java.lang.invoke.DirectMethodHandle$Holder.invokeSpecial(java.lang.Object, java.lang.Object, java.lang.Object, java.lang.Object, java.lang.Object, int)'> (0x0000000084e12568) thrown at [./src/hotspot/share/interpreter/linkResolver.cpp, line 773]
Event: 26.796 Thread 0x00000224c73ce000 Exception <a 'java/lang/NoSuchMethodError'{0x0000000084e16ba8}: 'java.lang.Object java.lang.invoke.Invokers$Holder.linkToTargetMethod(java.lang.Object, java.lang.Object, java.lang.Object, int, java.lang.Object)'> (0x0000000084e16ba8) thrown at [./src/hotspot/share/interpreter/linkResolver.cpp, line 773]
Event: 27.624 Thread 0x00000224c73ce000 Exception <a 'java/lang/NoSuchMethodError'{0x0000000083f97f10}: 'java.lang.Object java.lang.invoke.DirectMethodHandle$Holder.invokeSpecial(java.lang.Object, java.lang.Object, int, int, java.lang.Object, java.lang.Object, java.lang.Object)'> (0x0000000083f97f10) thrown at [./src/hotspot/share/interpreter/linkResolver.cpp, line 773]
Event: 27.625 Thread 0x00000224c73ce000 Exception <a 'java/lang/NoSuchMethodError'{0x0000000083f9c490}: 'java.lang.Object java.lang.invoke.DelegatingMethodHandle$Holder.reinvoke_L(java.lang.Object, int, int, java.lang.Object, java.lang.Object, java.lang.Object)'> (0x0000000083f9c490) thrown at [./src/hotspot/share/interpreter/linkResolver.cpp, line 773]
Event: 28.575 Thread 0x00000224c73ce000 Exception <a 'java/lang/NoSuchMethodError'{0x000000008483b218}: 'int java.lang.invoke.DirectMethodHandle$Holder.invokeInterface(java.lang.Object, java.lang.Object, java.lang.Object, java.lang.Object)'> (0x000000008483b218) thrown at [./src/hotspot/share/interpreter/linkResolver.cpp, line 773]
Event: 29.754 Thread 0x00000224c73ce000 Exception <a 'java/lang/NoSuchMethodError'{0x0000000084d28e00}: 'void java.lang.invoke.DirectMethodHandle$Holder.invokeInterface(java.lang.Object, java.lang.Object, java.lang.Object, java.lang.Object)'> (0x0000000084d28e00) thrown at [./src/hotspot/share/interpreter/linkResolver.cpp, line 773]
Event: 30.409 Thread 0x00000224c73ce000 Exception <a 'java/lang/IncompatibleClassChangeError'{0x00000000845b5c48}: Found class java.lang.Object, but interface was expected> (0x00000000845b5c48) thrown at [./src/hotspot/share/interpreter/linkResolver.cpp, line 839]
Event: 30.808 Thread 0x00000224c73ce000 Implicit null exception at 0x00000224b73ce9d4 to 0x00000224b73ceb50
Event: 30.808 Thread 0x00000224c73ce000 Implicit null exception at 0x00000224b738b539 to 0x00000224b738b61c
Event: 31.213 Thread 0x00000224c73ce000 Implicit null exception at 0x00000224b7257a0b to 0x00000224b7257ae4
Event: 31.546 Thread 0x00000224c73ce000 Implicit null exception at 0x00000224b724d52c to 0x00000224b724d65a
Event: 31.965 Thread 0x00000224c73ce000 Exception <a 'sun/nio/fs/WindowsException'{0x00000000845b8180}> (0x00000000845b8180) thrown at [./src/hotspot/share/prims/jni.cpp, line 616]
Event: 33.311 Thread 0x00000224c73ce000 Exception <a 'java/lang/ClassNotFoundException'{0x00000000842d8ec0}: org/gradle/api/plugins/internal/DefaultBasePluginConventionBeanInfo> (0x00000000842d8ec0) thrown at [./src/hotspot/share/classfile/systemDictionary.cpp, line 231]
Event: 33.313 Thread 0x00000224c73ce000 Exception <a 'java/lang/ClassNotFoundException'{0x0000000084114a40}: org/gradle/api/plugins/BasePluginConventionBeanInfo> (0x0000000084114a40) thrown at [./src/hotspot/share/classfile/systemDictionary.cpp, line 231]
Event: 33.317 Thread 0x00000224c73ce000 Exception <a 'java/lang/ClassNotFoundException'{0x00000000841502b8}: org/gradle/api/plugins/BasePluginConventionCustomizer> (0x00000000841502b8) thrown at [./src/hotspot/share/classfile/systemDictionary.cpp, line 231]
Event: 33.322 Thread 0x00000224c73ce000 Exception <a 'java/lang/ClassNotFoundException'{0x000000008419d320}: org/gradle/api/plugins/internal/DefaultBasePluginConventionCustomizer> (0x000000008419d320) thrown at [./src/hotspot/share/classfile/systemDictionary.cpp, line 231]
Event: 33.337 Thread 0x00000224c73ce000 Exception <a 'java/lang/ClassNotFoundException'{0x000000008401d230}: org/gradle/api/plugins/internal/DefaultJavaPluginConventionBeanInfo> (0x000000008401d230) thrown at [./src/hotspot/share/classfile/systemDictionary.cpp, line 231]
Event: 33.339 Thread 0x00000224c73ce000 Exception <a 'java/lang/ClassNotFoundException'{0x00000000840588b0}: org/gradle/api/plugins/JavaPluginConventionBeanInfo> (0x00000000840588b0) thrown at [./src/hotspot/share/classfile/systemDictionary.cpp, line 231]
Event: 33.342 Thread 0x00000224c73ce000 Exception <a 'java/lang/ClassNotFoundException'{0x00000000840943b0}: org/gradle/api/plugins/JavaPluginConventionCustomizer> (0x00000000840943b0) thrown at [./src/hotspot/share/classfile/systemDictionary.cpp, line 231]
Event: 33.386 Thread 0x00000224c73ce000 Exception <a 'java/lang/ClassNotFoundException'{0x00000000840eaf98}: org/gradle/api/plugins/internal/DefaultJavaPluginConventionCustomizer> (0x00000000840eaf98) thrown at [./src/hotspot/share/classfile/systemDictionary.cpp, line 231]

Events (20 events):
Event: 33.410 loading class com/android/build/gradle/internal/dsl/DexOptions done
Event: 33.411 loading class com/android/builder/core/DefaultDexOptions
Event: 33.411 loading class com/android/builder/core/DefaultDexOptions done
Event: 33.412 loading class com/android/builder/core/DexOptions
Event: 33.412 loading class com/android/builder/core/DexOptions done
Event: 33.413 loading class org/gradle/api/tasks/SourceSet
Event: 33.413 loading class org/gradle/api/tasks/SourceSet done
Event: 33.413 loading class com/android/builder/testing/api/TestServer
Event: 33.413 loading class com/android/builder/testing/api/TestServer done
Event: 33.414 loading class com/android/builder/testing/api/DeviceProvider
Event: 33.414 loading class com/android/builder/testing/api/DeviceProvider done
Event: 33.415 loading class com/android/build/api/transform/Transform
Event: 33.415 loading class com/android/build/api/transform/Transform done
Event: 33.417 loading class com/android/build/gradle/api/ApplicationVariant
Event: 33.417 loading class com/android/build/gradle/api/ApplicationVariant done
Event: 33.419 loading class com/android/build/gradle/internal/api/TestedVariant
Event: 33.419 loading class com/android/build/gradle/internal/api/TestedVariant done
Event: 33.420 loading class com/android/builder/core/LibraryRequest
Event: 33.420 loading class com/android/builder/core/LibraryRequest done
Event: 33.452 Executing VM operation: G1CollectForAllocation


Dynamic libraries:
0x00007ff69d830000 - 0x00007ff69d83a000 	C:\Program Files\Android\Android Studio\jre\bin\java.exe
0x00007ffc744c0000 - 0x00007ffc746b0000 	C:\windows\SYSTEM32\ntdll.dll
0x00007ffc74340000 - 0x00007ffc743f2000 	C:\windows\System32\KERNEL32.DLL
0x00007ffc71570000 - 0x00007ffc71815000 	C:\windows\System32\KERNELBASE.dll
0x00007ffc722d0000 - 0x00007ffc723ca000 	C:\windows\System32\ucrtbase.dll
0x00007ffc69a20000 - 0x00007ffc69a39000 	C:\Program Files\Android\Android Studio\jre\bin\jli.dll
0x00007ffc73fc0000 - 0x00007ffc74154000 	C:\windows\System32\USER32.dll
0x00007ffc71920000 - 0x00007ffc71941000 	C:\windows\System32\win32u.dll
0x00007ffc72e50000 - 0x00007ffc72e76000 	C:\windows\System32\GDI32.dll
0x00007ffc723d0000 - 0x00007ffc72568000 	C:\windows\System32\gdi32full.dll
0x00007ffc72230000 - 0x00007ffc722ce000 	C:\windows\System32\msvcp_win.dll
0x00007ffc28ce0000 - 0x00007ffc28cf7000 	C:\Program Files\Android\Android Studio\jre\bin\VCRUNTIME140.dll
0x00007ffc69db0000 - 0x00007ffc6a034000 	C:\windows\WinSxS\amd64_microsoft.windows.common-controls_6595b64144ccf1df_6.0.18362.1556_none_9e7e372fe45e41d5\COMCTL32.dll
0x00007ffc72ea0000 - 0x00007ffc72f3e000 	C:\windows\System32\msvcrt.dll
0x00007ffc735e0000 - 0x00007ffc73916000 	C:\windows\System32\combase.dll
0x00007ffc73ad0000 - 0x00007ffc73bef000 	C:\windows\System32\RPCRT4.dll
0x00007ffc71450000 - 0x00007ffc714d1000 	C:\windows\System32\bcryptPrimitives.dll
0x00007ffc73bf0000 - 0x00007ffc73c1e000 	C:\windows\System32\IMM32.DLL
0x00007ffc27910000 - 0x00007ffc279ad000 	C:\Program Files\Android\Android Studio\jre\bin\msvcp140.dll
0x00007ffc14150000 - 0x00007ffc14c52000 	C:\Program Files\Android\Android Studio\jre\bin\server\jvm.dll
0x00007ffc74230000 - 0x00007ffc742d3000 	C:\windows\System32\ADVAPI32.dll
0x00007ffc72cd0000 - 0x00007ffc72d67000 	C:\windows\System32\sechost.dll
0x00007ffc72e90000 - 0x00007ffc72e98000 	C:\windows\System32\PSAPI.DLL
0x00007ffc67ea0000 - 0x00007ffc67ec4000 	C:\windows\SYSTEM32\WINMM.dll
0x00007ffc6ab50000 - 0x00007ffc6ab5a000 	C:\windows\SYSTEM32\VERSION.dll
0x00007ffc67c50000 - 0x00007ffc67c7d000 	C:\windows\SYSTEM32\WINMMBASE.dll
0x00007ffc71820000 - 0x00007ffc7186a000 	C:\windows\System32\cfgmgr32.dll
0x00007ffc6be00000 - 0x00007ffc6be09000 	C:\windows\SYSTEM32\WSOCK32.dll
0x00007ffc74400000 - 0x00007ffc7446f000 	C:\windows\System32\WS2_32.dll
0x00007ffc71410000 - 0x00007ffc71421000 	C:\windows\System32\kernel.appcore.dll
0x00007ffc69cd0000 - 0x00007ffc69ce1000 	C:\Program Files\Android\Android Studio\jre\bin\verify.dll
0x00007ffc6adc0000 - 0x00007ffc6afb4000 	C:\windows\SYSTEM32\DBGHELP.DLL
0x00007ffc6ad90000 - 0x00007ffc6adba000 	C:\windows\SYSTEM32\dbgcore.DLL
0x00007ffc69ca0000 - 0x00007ffc69cc9000 	C:\Program Files\Android\Android Studio\jre\bin\java.dll
0x00007ffc69c90000 - 0x00007ffc69c9b000 	C:\Program Files\Android\Android Studio\jre\bin\jimage.dll
0x00007ffc69c70000 - 0x00007ffc69c88000 	C:\Program Files\Android\Android Studio\jre\bin\zip.dll
0x00007ffc72570000 - 0x00007ffc72c57000 	C:\windows\System32\SHELL32.dll
0x00007ffc73530000 - 0x00007ffc735d8000 	C:\windows\System32\shcore.dll
0x00007ffc71ab0000 - 0x00007ffc7222b000 	C:\windows\System32\windows.storage.dll
0x00007ffc713d0000 - 0x00007ffc713ee000 	C:\windows\System32\profapi.dll
0x00007ffc71380000 - 0x00007ffc713ca000 	C:\windows\System32\powrprof.dll
0x00007ffc71370000 - 0x00007ffc71380000 	C:\windows\System32\UMPDC.dll
0x00007ffc73da0000 - 0x00007ffc73df2000 	C:\windows\System32\shlwapi.dll
0x00007ffc71430000 - 0x00007ffc71447000 	C:\windows\System32\cryptsp.dll
0x00007ffc69c50000 - 0x00007ffc69c6a000 	C:\Program Files\Android\Android Studio\jre\bin\net.dll
0x00007ffc68850000 - 0x00007ffc6894a000 	C:\windows\SYSTEM32\WINHTTP.dll
0x00007ffc70b90000 - 0x00007ffc70bf7000 	C:\windows\system32\mswsock.dll
0x00007ffc69b10000 - 0x00007ffc69b24000 	C:\Program Files\Android\Android Studio\jre\bin\nio.dll
0x00007ffc29490000 - 0x00007ffc294b7000 	C:\Users\caby5\.gradle\native\e1d6ef7f7dcc3fd88c89a11ec53ec762bb8ba0a96d01ffa2cd45eb1d1d8dd5c5\windows-amd64\native-platform.dll
0x00007ffc14e60000 - 0x00007ffc14fa4000 	C:\Users\caby5\.gradle\native\5664cfc778a61ccfe75a443a1ab52a65af34e5dc3c78e0209fed803814484fcb\windows-amd64\native-platform-file-events.dll
0x00007ffc69c40000 - 0x00007ffc69c4a000 	C:\Program Files\Android\Android Studio\jre\bin\management.dll
0x00007ffc69bd0000 - 0x00007ffc69bdd000 	C:\Program Files\Android\Android Studio\jre\bin\management_ext.dll
0x00007ffc70710000 - 0x00007ffc70743000 	C:\windows\system32\rsaenh.dll
0x00007ffc714e0000 - 0x00007ffc71506000 	C:\windows\System32\bcrypt.dll
0x00007ffc71260000 - 0x00007ffc71285000 	C:\windows\SYSTEM32\USERENV.dll
0x00007ffc70d80000 - 0x00007ffc70d8c000 	C:\windows\SYSTEM32\CRYPTBASE.dll
0x00007ffc708a0000 - 0x00007ffc708da000 	C:\windows\SYSTEM32\IPHLPAPI.DLL
0x00007ffc74470000 - 0x00007ffc74478000 	C:\windows\System32\NSI.dll
0x00007ffc69d90000 - 0x00007ffc69da6000 	C:\windows\SYSTEM32\dhcpcsvc6.DLL
0x00007ffc69740000 - 0x00007ffc6975c000 	C:\windows\SYSTEM32\dhcpcsvc.DLL
0x00007ffc708f0000 - 0x00007ffc709bb000 	C:\windows\SYSTEM32\DNSAPI.dll

dbghelp: loaded successfully - version: 4.0.5 - missing functions: none
symbol engine: initialized successfully - sym options: 0x614 - pdb path: .;C:\Program Files\Android\Android Studio\jre\bin;C:\windows\SYSTEM32;C:\windows\WinSxS\amd64_microsoft.windows.common-controls_6595b64144ccf1df_6.0.18362.1556_none_9e7e372fe45e41d5;C:\Program Files\Android\Android Studio\jre\bin\server;C:\Users\caby5\.gradle\native\e1d6ef7f7dcc3fd88c89a11ec53ec762bb8ba0a96d01ffa2cd45eb1d1d8dd5c5\windows-amd64;C:\Users\caby5\.gradle\native\5664cfc778a61ccfe75a443a1ab52a65af34e5dc3c78e0209fed803814484fcb\windows-amd64

VM Arguments:
jvm_args: --add-opens=java.base/java.util=ALL-UNNAMED --add-opens=java.base/java.lang=ALL-UNNAMED --add-opens=java.base/java.lang.invoke=ALL-UNNAMED --add-opens=java.base/java.util=ALL-UNNAMED --add-opens=java.prefs/java.util.prefs=ALL-UNNAMED --add-opens=java.prefs/java.util.prefs=ALL-UNNAMED --add-opens=java.base/java.nio.charset=ALL-UNNAMED --add-opens=java.base/java.net=ALL-UNNAMED --add-opens=java.base/java.util.concurrent.atomic=ALL-UNNAMED -Xmx2048m -Dfile.encoding=UTF-8 -Duser.country=MX -Duser.language=es -Duser.variant 
java_command: org.gradle.launcher.daemon.bootstrap.GradleDaemon 7.3.3
java_class_path (initial): C:\Users\caby5\.gradle\wrapper\dists\gradle-7.3.3-bin\6a41zxkdtcxs8rphpq6y0069z\gradle-7.3.3\lib\gradle-launcher-7.3.3.jar
Launcher Type: SUN_STANDARD

[Global flags]
     intx CICompilerCount                          = 2                                         {product} {ergonomic}
     uint ConcGCThreads                            = 1                                         {product} {ergonomic}
     uint G1ConcRefinementThreads                  = 2                                         {product} {ergonomic}
   size_t G1HeapRegionSize                         = 1048576                                   {product} {ergonomic}
    uintx GCDrainStackTargetSize                   = 64                                        {product} {ergonomic}
   size_t InitialHeapSize                          = 58720256                                  {product} {ergonomic}
   size_t MarkStackSize                            = 4194304                                   {product} {ergonomic}
   size_t MaxHeapSize                              = 2147483648                                {product} {command line}
   size_t MaxNewSize                               = 1287651328                                {product} {ergonomic}
   size_t MinHeapDeltaBytes                        = 1048576                                   {product} {ergonomic}
    uintx NonNMethodCodeHeapSize                   = 5825164                                {pd product} {ergonomic}
    uintx NonProfiledCodeHeapSize                  = 122916538                              {pd product} {ergonomic}
    uintx ProfiledCodeHeapSize                     = 122916538                              {pd product} {ergonomic}
    uintx ReservedCodeCacheSize                    = 251658240                              {pd product} {ergonomic}
     bool SegmentedCodeCache                       = true                                      {product} {ergonomic}
     bool UseCompressedClassPointers               = true                                 {lp64_product} {ergonomic}
     bool UseCompressedOops                        = true                                 {lp64_product} {ergonomic}
     bool UseG1GC                                  = true                                      {product} {ergonomic}
     bool UseLargePagesIndividualAllocation        = false                                  {pd product} {ergonomic}

Logging:
Log output configuration:
 #0: stdout all=warning uptime,level,tags
 #1: stderr all=off uptime,level,tags

Environment Variables:
JAVA_HOME=C:\Users\caby5\Documents\openjdk\jdk-11.0.2
PATH=C:\Program Files\MySQL\MySQL Server 8.0\bin;C:\windows\system32;C:\windows;C:\windows\System32\Wbem;C:\Windows\System32\OpenSSH\ssh;C:\Program Files\PuTTY\;C:\Users\caby5\Documents\openjdk\jdk-11.0.2\bin;C:\Program Files\Git\cmd;C:\Program Files\Microchip\xc8\v2.31\bin;C:\Program Files\nodejs\;C:\Users\caby5\AppData\Local\Microsoft\WindowsApps;C:\Users\caby5\Documents\openjdk\jdk-11.0.2\bin;C:\Users\caby5\AppData\Local\Programs\Microsoft VS Code\bin;C:\Users\caby5\AppData\Roaming\npm;C:\Program Files\JetBrains\IntelliJ IDEA 2022.2.1\bin;
USERNAME=caby5
OS=Windows_NT
PROCESSOR_IDENTIFIER=AMD64 Family 21 Model 112 Stepping 0, AuthenticAMD



---------------  S Y S T E M  ---------------

OS: Windows 10 , 64 bit Build 18362 (10.0.18362.1500)
OS uptime: 2 days 12:48 hours
Hyper-V role detected

CPU:total 2 (initial active 2) (2 cores per cpu, 1 threads per core) family 21 model 112 stepping 0 microcode 0x0, cmov, cx8, fxsr, mmx, sse, sse2, sse3, ssse3, sse4.1, sse4.2, popcnt, avx, avx2, aes, clmul, mmxext, 3dnowpref, lzcnt, sse4a, tsc, tscinvbit, tscinv, bmi1, bmi2, fma

Memory: 4k page, system-wide physical 3542M (873M free)
TotalPageFile size 6326M (AvailPageFile size 19M)
current process WorkingSet (physical memory assigned to process): 267M, peak: 269M
current process commit charge ("private bytes"): 289M, peak: 308M

vm_info: OpenJDK 64-Bit Server VM (11.0.13+0-b1751.21-8125866) for windows-amd64 JRE (11.0.13+0-b1751.21-8125866), built on Feb  2 2022 03:00:22 by "builder" with MS VC++ 14.0 (VS2015)

END.
