#
# There is insufficient memory for the Java Runtime Environment to continue.
# Native memory allocation (mmap) failed to map 18874368 bytes for Failed to commit area from 0x0000000085900000 to 0x0000000086b00000 of length 18874368.
# Possible reasons:
#   The system is out of physical RAM or swap space
#   The process is running with CompressedOops enabled, and the Java Heap may be blocking the growth of the native heap
# Possible solutions:
#   Reduce memory load on the system
#   Increase physical memory or swap space
#   Check if swap backing store is full
#   Decrease Java heap size (-Xmx/-Xms)
#   Decrease number of Java threads
#   Decrease Java thread stack sizes (-Xss)
#   Set larger code cache with -XX:ReservedCodeCacheSize=
#   JVM is running with Unscaled Compressed Oops mode in which the Java heap is
#     placed in the first 4GB address space. The Java Heap base address is the
#     maximum limit for the native heap growth. Please use -XX:HeapBaseMinAddress
#     to set the Java Heap base and to place the Java Heap above 4GB virtual address.
# This output file may be truncated or incomplete.
#
#  Out of Memory Error (./src/hotspot/os/windows/os_windows.cpp:3619), pid=5272, tid=1104
#
# JRE version: OpenJDK Runtime Environment (11.0.13) (build 11.0.13+0-b1751.21-8125866)
# Java VM: OpenJDK 64-Bit Server VM (11.0.13+0-b1751.21-8125866, mixed mode, tiered, compressed oops, g1 gc, windows-amd64)
# No core dump will be written. Minidumps are not enabled by default on client versions of Windows
#

---------------  S U M M A R Y ------------

Command Line: --add-opens=java.base/java.util=ALL-UNNAMED --add-opens=java.base/java.lang=ALL-UNNAMED --add-opens=java.base/java.lang.invoke=ALL-UNNAMED --add-opens=java.base/java.util=ALL-UNNAMED --add-opens=java.prefs/java.util.prefs=ALL-UNNAMED --add-opens=java.prefs/java.util.prefs=ALL-UNNAMED --add-opens=java.base/java.nio.charset=ALL-UNNAMED --add-opens=java.base/java.net=ALL-UNNAMED --add-opens=java.base/java.util.concurrent.atomic=ALL-UNNAMED -Xmx2048m -Dfile.encoding=UTF-8 -Duser.country=MX -Duser.language=es -Duser.variant org.gradle.launcher.daemon.bootstrap.GradleDaemon 7.3.3

Host: AMD A6-9225 RADEON R4, 5 COMPUTE CORES 2C+3G   , 2 cores, 3G,  Windows 10 , 64 bit Build 18362 (10.0.18362.1500)
Time: Sun Nov 27 20:19:57 2022 Hora estándar central (México) elapsed time: 75.459019 seconds (0d 0h 1m 15s)

---------------  T H R E A D  ---------------

Current thread (0x000002342a69d000):  VMThread "VM Thread" [stack: 0x000000dca2d00000,0x000000dca2e00000] [id=1104]

Stack: [0x000000dca2d00000,0x000000dca2e00000]
[error occurred during error reporting (printing stack bounds), id 0xc0000005, EXCEPTION_ACCESS_VIOLATION (0xc0000005) at pc=0x000002341430112d]

Native frames: (J=compiled Java code, j=interpreted, Vv=VM code, C=native code)
V  [jvm.dll+0x6100fa]
V  [jvm.dll+0x747090]
V  [jvm.dll+0x7486ad]
V  [jvm.dll+0x748ce5]
V  [jvm.dll+0x748c9b]
V  [jvm.dll+0x60f224]
V  [jvm.dll+0x60f9b8]
C  [ntdll.dll+0xa1fff]
C  [ntdll.dll+0x6aad9]
C  [ntdll.dll+0xa0c6e]
C  0x000002341430112d

VM_Operation (0x000000dca3ff8580): G1CollectForAllocation, mode: safepoint, requested by thread 0x000002342c3fb000


---------------  P R O C E S S  ---------------

Threads class SMR info:
_java_thread_list=0x0000023432397090, length=55, elements={
0x000002340efbe800, 0x000002342a6a0000, 0x000002342a6a1000, 0x000002342a6fc800,
0x000002342a6fd800, 0x000002342a6ff000, 0x000002342a703000, 0x000002342a706000,
0x000002342a72e800, 0x000002342b186000, 0x000002342c9fd800, 0x000002342be97000,
0x000002342ca10800, 0x000002342b0f5000, 0x000002342c64a800, 0x000002342c64b000,
0x000002342c3fb000, 0x000002342bb3f000, 0x000002342b375800, 0x000002342bb30000,
0x000002342bb31800, 0x000002342bb33800, 0x000002342bb32800, 0x000002342bb34000,
0x000002342bb35000, 0x000002342bb36000, 0x000002342bb36800, 0x000002342bb31000,
0x000002342d8ce000, 0x000002342d8cb800, 0x000002342d8cd800, 0x000002342d8cc800,
0x000002342d8c9000, 0x000002342d8cf800, 0x000002342d8ca000, 0x000002342d8d0800,
0x000002342d8cb000, 0x000002342d8d4000, 0x000002342d8d2000, 0x000002342d8d7000,
0x000002342d8d3000, 0x000002342d8d4800, 0x000002342d8d6800, 0x000002342d8d5800,
0x000002342d8d1800, 0x000002342d8d8000, 0x000002342d9dc800, 0x000002342d9db800,
0x000002342d9d9000, 0x000002342d9d8800, 0x000002342d9d6800, 0x000002342d9da000,
0x000002342d9dd000, 0x000002342d9db000, 0x000002342d9d7800
}

Java Threads: ( => current thread )
  0x000002340efbe800 JavaThread "main" [_thread_blocked, id=1840, stack(0x000000dca2700000,0x000000dca2800000)]
  0x000002342a6a0000 JavaThread "Reference Handler" daemon [_thread_blocked, id=8520, stack(0x000000dca2e00000,0x000000dca2f00000)]
  0x000002342a6a1000 JavaThread "Finalizer" daemon [_thread_blocked, id=7844, stack(0x000000dca2f00000,0x000000dca3000000)]
  0x000002342a6fc800 JavaThread "Signal Dispatcher" daemon [_thread_blocked, id=9696, stack(0x000000dca3000000,0x000000dca3100000)]
  0x000002342a6fd800 JavaThread "Attach Listener" daemon [_thread_blocked, id=7460, stack(0x000000dca3100000,0x000000dca3200000)]
  0x000002342a6ff000 JavaThread "Service Thread" daemon [_thread_blocked, id=3740, stack(0x000000dca3200000,0x000000dca3300000)]
  0x000002342a703000 JavaThread "C2 CompilerThread0" daemon [_thread_blocked, id=8180, stack(0x000000dca3300000,0x000000dca3400000)]
  0x000002342a706000 JavaThread "C1 CompilerThread0" daemon [_thread_blocked, id=10524, stack(0x000000dca3400000,0x000000dca3500000)]
  0x000002342a72e800 JavaThread "Sweeper thread" daemon [_thread_blocked, id=9264, stack(0x000000dca3500000,0x000000dca3600000)]
  0x000002342b186000 JavaThread "Common-Cleaner" daemon [_thread_blocked, id=10964, stack(0x000000dca3600000,0x000000dca3700000)]
  0x000002342c9fd800 JavaThread "Daemon health stats" [_thread_blocked, id=9748, stack(0x000000dca3900000,0x000000dca3a00000)]
  0x000002342be97000 JavaThread "Incoming local TCP Connector on port 51462" [_thread_in_native, id=7276, stack(0x000000dca3a00000,0x000000dca3b00000)]
  0x000002342ca10800 JavaThread "Daemon periodic checks" [_thread_blocked, id=2876, stack(0x000000dca3b00000,0x000000dca3c00000)]
  0x000002342b0f5000 JavaThread "Daemon" [_thread_blocked, id=7856, stack(0x000000dca3c00000,0x000000dca3d00000)]
  0x000002342c64a800 JavaThread "Handler for socket connection from /127.0.0.1:51462 to /127.0.0.1:51463" [_thread_in_native, id=6808, stack(0x000000dca3d00000,0x000000dca3e00000)]
  0x000002342c64b000 JavaThread "Cancel handler" [_thread_blocked, id=9348, stack(0x000000dca3e00000,0x000000dca3f00000)]
  0x000002342c3fb000 JavaThread "Daemon worker" [_thread_blocked, id=1536, stack(0x000000dca3f00000,0x000000dca4000000)]
  0x000002342bb3f000 JavaThread "Asynchronous log dispatcher for DefaultDaemonConnection: socket connection from /127.0.0.1:51462 to /127.0.0.1:51463" [_thread_blocked, id=10624, stack(0x000000dca4000000,0x000000dca4100000)]
  0x000002342b375800 JavaThread "Daemon client event forwarder" [_thread_blocked, id=8888, stack(0x000000dca4200000,0x000000dca4300000)]
  0x000002342bb30000 JavaThread "Cache worker for journal cache (C:\Users\caby5\.gradle\caches\journal-1)" [_thread_blocked, id=1904, stack(0x000000dca4300000,0x000000dca4400000)]
  0x000002342bb31800 JavaThread "File lock request listener" [_thread_in_native, id=8024, stack(0x000000dca4400000,0x000000dca4500000)]
  0x000002342bb33800 JavaThread "Cache worker for file hash cache (C:\Users\caby5\.gradle\caches\7.3.3\fileHashes)" [_thread_blocked, id=10004, stack(0x000000dca4500000,0x000000dca4600000)]
  0x000002342bb32800 JavaThread "Cache worker for file hash cache (C:\Users\caby5\Documents\TEC\archivos\.gradle\7.3.3\fileHashes)" [_thread_blocked, id=7312, stack(0x000000dca4600000,0x000000dca4700000)]
  0x000002342bb34000 JavaThread "File watcher server" daemon [_thread_in_native, id=11036, stack(0x000000dca4700000,0x000000dca4800000)]
  0x000002342bb35000 JavaThread "File watcher consumer" daemon [_thread_blocked, id=3652, stack(0x000000dca4800000,0x000000dca4900000)]
  0x000002342bb36000 JavaThread "Cache worker for checksums cache (C:\Users\caby5\Documents\TEC\archivos\.gradle\7.3.3\checksums)" [_thread_blocked, id=9096, stack(0x000000dca4900000,0x000000dca4a00000)]
  0x000002342bb36800 JavaThread "Cache worker for cache directory md-supplier (C:\Users\caby5\.gradle\caches\7.3.3\md-supplier)" [_thread_blocked, id=7120, stack(0x000000dca4a00000,0x000000dca4b00000)]
  0x000002342bb31000 JavaThread "Cache worker for cache directory md-rule (C:\Users\caby5\.gradle\caches\7.3.3\md-rule)" [_thread_blocked, id=8416, stack(0x000000dca4b00000,0x000000dca4c00000)]
  0x000002342d8ce000 JavaThread "Cache worker for execution history cache (C:\Users\caby5\.gradle\caches\7.3.3\executionHistory)" [_thread_blocked, id=7020, stack(0x000000dca4c00000,0x000000dca4d00000)]
  0x000002342d8cb800 JavaThread "jar transforms" [_thread_blocked, id=10212, stack(0x000000dca4d00000,0x000000dca4e00000)]
  0x000002342d8cd800 JavaThread "Cache worker for file content cache (C:\Users\caby5\.gradle\caches\7.3.3\fileContent)" [_thread_blocked, id=2740, stack(0x000000dca4e00000,0x000000dca4f00000)]
  0x000002342d8cc800 JavaThread "jar transforms Thread 2" [_thread_blocked, id=7508, stack(0x000000dca4f00000,0x000000dca5000000)]
  0x000002342d8c9000 JavaThread "Cache worker for dependencies-accessors (C:\Users\caby5\Documents\TEC\archivos\.gradle\7.3.3\dependencies-accessors)" [_thread_blocked, id=8576, stack(0x000000dca5000000,0x000000dca5100000)]
  0x000002342d8cf800 JavaThread "Cache worker for Build Output Cleanup Cache (C:\Users\caby5\Documents\TEC\archivos\.gradle\buildOutputCleanup)" [_thread_blocked, id=10000, stack(0x000000dca5100000,0x000000dca5200000)]
  0x000002342d8ca000 JavaThread "Unconstrained build operations" [_thread_blocked, id=8604, stack(0x000000dca5400000,0x000000dca5500000)]
  0x000002342d8d0800 JavaThread "Unconstrained build operations Thread 2" [_thread_blocked, id=3676, stack(0x000000dca5500000,0x000000dca5600000)]
  0x000002342d8cb000 JavaThread "Unconstrained build operations Thread 3" [_thread_blocked, id=8356, stack(0x000000dca5600000,0x000000dca5700000)]
  0x000002342d8d4000 JavaThread "Unconstrained build operations Thread 4" [_thread_blocked, id=2324, stack(0x000000dca5700000,0x000000dca5800000)]
  0x000002342d8d2000 JavaThread "Unconstrained build operations Thread 5" [_thread_blocked, id=9952, stack(0x000000dca5800000,0x000000dca5900000)]
  0x000002342d8d7000 JavaThread "Unconstrained build operations Thread 6" [_thread_blocked, id=8872, stack(0x000000dca5900000,0x000000dca5a00000)]
  0x000002342d8d3000 JavaThread "Unconstrained build operations Thread 7" [_thread_blocked, id=3884, stack(0x000000dca5a00000,0x000000dca5b00000)]
  0x000002342d8d4800 JavaThread "Unconstrained build operations Thread 8" [_thread_blocked, id=3992, stack(0x000000dca5b00000,0x000000dca5c00000)]
  0x000002342d8d6800 JavaThread "Unconstrained build operations Thread 9" [_thread_blocked, id=10616, stack(0x000000dca5c00000,0x000000dca5d00000)]
  0x000002342d8d5800 JavaThread "Unconstrained build operations Thread 10" [_thread_blocked, id=688, stack(0x000000dca5d00000,0x000000dca5e00000)]
  0x000002342d8d1800 JavaThread "Unconstrained build operations Thread 11" [_thread_blocked, id=9784, stack(0x000000dca5e00000,0x000000dca5f00000)]
  0x000002342d8d8000 JavaThread "Unconstrained build operations Thread 12" [_thread_blocked, id=9652, stack(0x000000dca5f00000,0x000000dca6000000)]
  0x000002342d9dc800 JavaThread "Unconstrained build operations Thread 13" [_thread_blocked, id=8964, stack(0x000000dca6000000,0x000000dca6100000)]
  0x000002342d9db800 JavaThread "Unconstrained build operations Thread 14" [_thread_blocked, id=10552, stack(0x000000dca6100000,0x000000dca6200000)]
  0x000002342d9d9000 JavaThread "Unconstrained build operations Thread 15" [_thread_blocked, id=2824, stack(0x000000dca6200000,0x000000dca6300000)]
  0x000002342d9d8800 JavaThread "Unconstrained build operations Thread 16" [_thread_blocked, id=9908, stack(0x000000dca6300000,0x000000dca6400000)]
  0x000002342d9d6800 JavaThread "Unconstrained build operations Thread 17" [_thread_blocked, id=7912, stack(0x000000dca6400000,0x000000dca6500000)]
  0x000002342d9da000 JavaThread "Unconstrained build operations Thread 18" [_thread_blocked, id=9196, stack(0x000000dca6500000,0x000000dca6600000)]
  0x000002342d9dd000 JavaThread "Unconstrained build operations Thread 19" [_thread_blocked, id=6924, stack(0x000000dca6600000,0x000000dca6700000)]
  0x000002342d9db000 JavaThread "Unconstrained build operations Thread 20" [_thread_blocked, id=8512, stack(0x000000dca6700000,0x000000dca6800000)]
  0x000002342d9d7800 JavaThread "Memory manager" [_thread_blocked, id=8572, stack(0x000000dca6800000,0x000000dca6900000)]

Other Threads:
=>0x000002342a69d000 VMThread "VM Thread" [stack: 0x000000dca2d00000,0x000000dca2e00000] [id=1104]
  0x000002342b195000 WatcherThread [stack: 0x000000dca3700000,0x000000dca3800000] [id=2424]
  0x000002340efd7000 GCTaskThread "GC Thread#0" [stack: 0x000000dca2800000,0x000000dca2900000] [id=4140]
  0x000002342b2f2800 GCTaskThread "GC Thread#1" [stack: 0x000000dca3800000,0x000000dca3900000] [id=2388]
  0x000002340f008000 ConcurrentGCThread "G1 Main Marker" [stack: 0x000000dca2900000,0x000000dca2a00000] [id=2612]
  0x000002340f009800 ConcurrentGCThread "G1 Conc#0" [stack: 0x000000dca2a00000,0x000000dca2b00000] [id=7284]
  0x000002340f04c000 ConcurrentGCThread "G1 Refine#0" [stack: 0x000000dca2b00000,0x000000dca2c00000] [id=11008]
  0x000002340f04d000 ConcurrentGCThread "G1 Young RemSet Sampling" [stack: 0x000000dca2c00000,0x000000dca2d00000] [id=1348]

Threads with active compile tasks:

VM state:at safepoint (normal execution)

VM Mutex/Monitor currently owned by a thread:  ([mutex/lock_event])
[0x000002340efb9ce0] Threads_lock - owner thread: 0x000002342a69d000
[0x000002340efb9f20] Heap_lock - owner thread: 0x000002342c3fb000

Heap address: 0x0000000080000000, size: 2048 MB, Compressed Oops mode: 32-bit
Narrow klass base: 0x0000000000000000, Narrow klass shift: 3
Compressed class space size: 1073741824 Address: 0x0000000100000000

Heap:
 garbage-first heap   total 109568K, used 64015K [0x0000000080000000, 0x0000000100000000)
  region size 1024K, 2 young (2048K), 2 survivors (2048K)
 Metaspace       used 78805K, capacity 80583K, committed 80848K, reserved 1120256K
  class space    used 10171K, capacity 10846K, committed 10880K, reserved 1048576K
Heap Regions: E=young(eden), S=young(survivor), O=old, HS=humongous(starts), HC=humongous(continues), CS=collection set, F=free, A=archive, TAMS=top-at-mark-start (previous, next)
|   0|0x0000000080000000, 0x0000000080100000, 0x0000000080100000|100%| O|  |TAMS 0x0000000080100000, 0x0000000080100000| Untracked 
|   1|0x0000000080100000, 0x0000000080200000, 0x0000000080200000|100%| O|  |TAMS 0x0000000080200000, 0x0000000080200000| Untracked 
|   2|0x0000000080200000, 0x0000000080300000, 0x0000000080300000|100%| O|  |TAMS 0x0000000080300000, 0x0000000080300000| Untracked 
|   3|0x0000000080300000, 0x0000000080400000, 0x0000000080400000|100%| O|  |TAMS 0x0000000080400000, 0x0000000080400000| Untracked 
|   4|0x0000000080400000, 0x0000000080500000, 0x0000000080500000|100%|HS|  |TAMS 0x0000000080500000, 0x0000000080500000| Complete 
|   5|0x0000000080500000, 0x0000000080600000, 0x0000000080600000|100%|HC|  |TAMS 0x0000000080600000, 0x0000000080600000| Complete 
|   6|0x0000000080600000, 0x0000000080700000, 0x0000000080700000|100%|HC|  |TAMS 0x0000000080700000, 0x0000000080700000| Complete 
|   7|0x0000000080700000, 0x0000000080800000, 0x0000000080800000|100%| O|  |TAMS 0x0000000080800000, 0x0000000080800000| Untracked 
|   8|0x0000000080800000, 0x0000000080900000, 0x0000000080900000|100%| O|  |TAMS 0x0000000080900000, 0x0000000080900000| Untracked 
|   9|0x0000000080900000, 0x0000000080a00000, 0x0000000080a00000|100%| O|  |TAMS 0x0000000080a00000, 0x0000000080a00000| Untracked 
|  10|0x0000000080a00000, 0x0000000080b00000, 0x0000000080b00000|100%| O|  |TAMS 0x0000000080b00000, 0x0000000080b00000| Untracked 
|  11|0x0000000080b00000, 0x0000000080c00000, 0x0000000080c00000|100%| O|  |TAMS 0x0000000080c00000, 0x0000000080c00000| Untracked 
|  12|0x0000000080c00000, 0x0000000080d00000, 0x0000000080d00000|100%| O|  |TAMS 0x0000000080d00000, 0x0000000080d00000| Untracked 
|  13|0x0000000080d00000, 0x0000000080e00000, 0x0000000080e00000|100%| O|  |TAMS 0x0000000080e00000, 0x0000000080e00000| Untracked 
|  14|0x0000000080e00000, 0x0000000080f00000, 0x0000000080f00000|100%| O|  |TAMS 0x0000000080f00000, 0x0000000080f00000| Untracked 
|  15|0x0000000080f00000, 0x0000000081000000, 0x0000000081000000|100%| O|  |TAMS 0x0000000081000000, 0x0000000081000000| Untracked 
|  16|0x0000000081000000, 0x0000000081100000, 0x0000000081100000|100%| O|  |TAMS 0x0000000081100000, 0x0000000081100000| Untracked 
|  17|0x0000000081100000, 0x0000000081200000, 0x0000000081200000|100%| O|  |TAMS 0x0000000081200000, 0x0000000081200000| Untracked 
|  18|0x0000000081200000, 0x0000000081300000, 0x0000000081300000|100%| O|  |TAMS 0x0000000081300000, 0x0000000081300000| Untracked 
|  19|0x0000000081300000, 0x0000000081400000, 0x0000000081400000|100%| O|  |TAMS 0x0000000081400000, 0x0000000081400000| Untracked 
|  20|0x0000000081400000, 0x0000000081500000, 0x0000000081500000|100%| O|  |TAMS 0x0000000081500000, 0x0000000081500000| Untracked 
|  21|0x0000000081500000, 0x0000000081600000, 0x0000000081600000|100%| O|  |TAMS 0x0000000081600000, 0x0000000081600000| Untracked 
|  22|0x0000000081600000, 0x0000000081700000, 0x0000000081700000|100%| O|  |TAMS 0x0000000081700000, 0x0000000081700000| Untracked 
|  23|0x0000000081700000, 0x0000000081800000, 0x0000000081800000|100%| O|  |TAMS 0x0000000081800000, 0x0000000081800000| Untracked 
|  24|0x0000000081800000, 0x0000000081900000, 0x0000000081900000|100%| O|  |TAMS 0x0000000081900000, 0x0000000081900000| Untracked 
|  25|0x0000000081900000, 0x0000000081a00000, 0x0000000081a00000|100%| O|  |TAMS 0x0000000081a00000, 0x0000000081a00000| Untracked 
|  26|0x0000000081a00000, 0x0000000081b00000, 0x0000000081b00000|100%| O|  |TAMS 0x0000000081b00000, 0x0000000081b00000| Untracked 
|  27|0x0000000081b00000, 0x0000000081c00000, 0x0000000081c00000|100%| O|  |TAMS 0x0000000081c00000, 0x0000000081c00000| Untracked 
|  28|0x0000000081c00000, 0x0000000081d00000, 0x0000000081d00000|100%| O|  |TAMS 0x0000000081d00000, 0x0000000081d00000| Untracked 
|  29|0x0000000081d00000, 0x0000000081e00000, 0x0000000081e00000|100%|HS|  |TAMS 0x0000000081e00000, 0x0000000081e00000| Complete 
|  30|0x0000000081e00000, 0x0000000081f00000, 0x0000000081f00000|100%|HS|  |TAMS 0x0000000081f00000, 0x0000000081f00000| Complete 
|  31|0x0000000081f00000, 0x0000000082000000, 0x0000000082000000|100%|HS|  |TAMS 0x0000000082000000, 0x0000000082000000| Complete 
|  32|0x0000000082000000, 0x0000000082100000, 0x0000000082100000|100%|HC|  |TAMS 0x0000000082100000, 0x0000000082100000| Complete 
|  33|0x0000000082100000, 0x0000000082200000, 0x0000000082200000|100%| O|  |TAMS 0x0000000082200000, 0x0000000082200000| Untracked 
|  34|0x0000000082200000, 0x0000000082300000, 0x0000000082300000|100%| O|  |TAMS 0x0000000082300000, 0x0000000082300000| Untracked 
|  35|0x0000000082300000, 0x0000000082400000, 0x0000000082400000|100%| O|  |TAMS 0x0000000082400000, 0x0000000082400000| Untracked 
|  36|0x0000000082400000, 0x0000000082500000, 0x0000000082500000|100%| O|  |TAMS 0x0000000082500000, 0x0000000082500000| Untracked 
|  37|0x0000000082500000, 0x0000000082600000, 0x0000000082600000|100%| O|  |TAMS 0x0000000082600000, 0x0000000082600000| Untracked 
|  38|0x0000000082600000, 0x0000000082700000, 0x0000000082700000|100%| O|  |TAMS 0x0000000082700000, 0x0000000082700000| Untracked 
|  39|0x0000000082700000, 0x0000000082800000, 0x0000000082800000|100%| O|  |TAMS 0x0000000082800000, 0x0000000082800000| Untracked 
|  40|0x0000000082800000, 0x0000000082900000, 0x0000000082900000|100%| O|  |TAMS 0x0000000082900000, 0x0000000082900000| Untracked 
|  41|0x0000000082900000, 0x0000000082a00000, 0x0000000082a00000|100%| O|  |TAMS 0x0000000082a00000, 0x0000000082a00000| Untracked 
|  42|0x0000000082a00000, 0x0000000082b00000, 0x0000000082b00000|100%| O|  |TAMS 0x0000000082b00000, 0x0000000082b00000| Untracked 
|  43|0x0000000082b00000, 0x0000000082c00000, 0x0000000082c00000|100%| O|  |TAMS 0x0000000082c00000, 0x0000000082c00000| Untracked 
|  44|0x0000000082c00000, 0x0000000082d00000, 0x0000000082d00000|100%| O|  |TAMS 0x0000000082d00000, 0x0000000082d00000| Untracked 
|  45|0x0000000082d00000, 0x0000000082e00000, 0x0000000082e00000|100%| O|  |TAMS 0x0000000082e00000, 0x0000000082e00000| Untracked 
|  46|0x0000000082e00000, 0x0000000082f00000, 0x0000000082f00000|100%| O|  |TAMS 0x0000000082f00000, 0x0000000082f00000| Untracked 
|  47|0x0000000082f00000, 0x0000000083000000, 0x0000000083000000|100%| O|  |TAMS 0x0000000083000000, 0x0000000083000000| Untracked 
|  48|0x0000000083000000, 0x0000000083100000, 0x0000000083100000|100%| O|  |TAMS 0x0000000083100000, 0x0000000083100000| Untracked 
|  49|0x0000000083100000, 0x0000000083200000, 0x0000000083200000|100%| O|  |TAMS 0x0000000083200000, 0x0000000083200000| Untracked 
|  50|0x0000000083200000, 0x0000000083300000, 0x0000000083300000|100%| O|  |TAMS 0x0000000083300000, 0x0000000083300000| Untracked 
|  51|0x0000000083300000, 0x0000000083400000, 0x0000000083400000|100%| O|  |TAMS 0x0000000083400000, 0x0000000083400000| Untracked 
|  52|0x0000000083400000, 0x0000000083500000, 0x0000000083500000|100%| O|  |TAMS 0x0000000083500000, 0x0000000083500000| Untracked 
|  53|0x0000000083500000, 0x0000000083600000, 0x0000000083600000|100%| O|  |TAMS 0x0000000083600000, 0x0000000083600000| Untracked 
|  54|0x0000000083600000, 0x0000000083700000, 0x0000000083700000|100%| O|  |TAMS 0x0000000083700000, 0x0000000083700000| Untracked 
|  55|0x0000000083700000, 0x0000000083800000, 0x0000000083800000|100%| O|  |TAMS 0x0000000083800000, 0x0000000083800000| Untracked 
|  56|0x0000000083800000, 0x0000000083900000, 0x0000000083900000|100%| O|  |TAMS 0x0000000083900000, 0x0000000083900000| Untracked 
|  57|0x0000000083900000, 0x0000000083a00000, 0x0000000083a00000|100%| O|  |TAMS 0x0000000083a00000, 0x0000000083a00000| Untracked 
|  58|0x0000000083a00000, 0x0000000083b00000, 0x0000000083b00000|100%| O|  |TAMS 0x0000000083a4e800, 0x0000000083b00000| Untracked 
|  59|0x0000000083b00000, 0x0000000083c00000, 0x0000000083c00000|100%| O|  |TAMS 0x0000000083b00000, 0x0000000083c00000| Untracked 
|  60|0x0000000083c00000, 0x0000000083d00000, 0x0000000083d00000|100%| O|  |TAMS 0x0000000083c00000, 0x0000000083d00000| Untracked 
|  61|0x0000000083d00000, 0x0000000083d29400, 0x0000000083e00000| 16%| O|  |TAMS 0x0000000083d00000, 0x0000000083d29400| Untracked 
|  62|0x0000000083e00000, 0x0000000083e00000, 0x0000000083f00000|  0%| F|  |TAMS 0x0000000083e00000, 0x0000000083e00000| Untracked 
|  63|0x0000000083f00000, 0x0000000083f00000, 0x0000000084000000|  0%| F|  |TAMS 0x0000000083f00000, 0x0000000083f00000| Untracked 
|  64|0x0000000084000000, 0x0000000084000000, 0x0000000084100000|  0%| F|  |TAMS 0x0000000084000000, 0x0000000084000000| Untracked 
|  65|0x0000000084100000, 0x0000000084100000, 0x0000000084200000|  0%| F|  |TAMS 0x0000000084100000, 0x0000000084100000| Untracked 
|  66|0x0000000084200000, 0x0000000084200000, 0x0000000084300000|  0%| F|  |TAMS 0x0000000084200000, 0x0000000084200000| Untracked 
|  67|0x0000000084300000, 0x0000000084300000, 0x0000000084400000|  0%| F|  |TAMS 0x0000000084300000, 0x0000000084300000| Untracked 
|  68|0x0000000084400000, 0x0000000084400000, 0x0000000084500000|  0%| F|  |TAMS 0x0000000084400000, 0x0000000084400000| Untracked 
|  69|0x0000000084500000, 0x0000000084500000, 0x0000000084600000|  0%| F|  |TAMS 0x0000000084500000, 0x0000000084500000| Untracked 
|  70|0x0000000084600000, 0x0000000084600000, 0x0000000084700000|  0%| F|  |TAMS 0x0000000084600000, 0x0000000084600000| Untracked 
|  71|0x0000000084700000, 0x0000000084700000, 0x0000000084800000|  0%| F|  |TAMS 0x0000000084700000, 0x0000000084700000| Untracked 
|  72|0x0000000084800000, 0x0000000084800000, 0x0000000084900000|  0%| F|  |TAMS 0x0000000084800000, 0x0000000084800000| Untracked 
|  73|0x0000000084900000, 0x000000008495abd0, 0x0000000084a00000| 35%| S|CS|TAMS 0x0000000084900000, 0x0000000084900000| Complete 
|  74|0x0000000084a00000, 0x0000000084b00000, 0x0000000084b00000|100%| S|CS|TAMS 0x0000000084a00000, 0x0000000084a00000| Complete 
|  75|0x0000000084b00000, 0x0000000084b00000, 0x0000000084c00000|  0%| F|  |TAMS 0x0000000084b00000, 0x0000000084b00000| Untracked 
|  76|0x0000000084c00000, 0x0000000084c00000, 0x0000000084d00000|  0%| F|  |TAMS 0x0000000084c00000, 0x0000000084c00000| Untracked 
|  77|0x0000000084d00000, 0x0000000084d00000, 0x0000000084e00000|  0%| F|  |TAMS 0x0000000084d00000, 0x0000000084d00000| Untracked 
|  78|0x0000000084e00000, 0x0000000084e00000, 0x0000000084f00000|  0%| F|  |TAMS 0x0000000084e00000, 0x0000000084e00000| Untracked 
|  79|0x0000000084f00000, 0x0000000084f00000, 0x0000000085000000|  0%| F|  |TAMS 0x0000000084f00000, 0x0000000084f00000| Untracked 
|  80|0x0000000085000000, 0x0000000085000000, 0x0000000085100000|  0%| F|  |TAMS 0x0000000085000000, 0x0000000085000000| Untracked 
|  81|0x0000000085100000, 0x0000000085100000, 0x0000000085200000|  0%| F|  |TAMS 0x0000000085100000, 0x0000000085100000| Untracked 
|  82|0x0000000085200000, 0x0000000085200000, 0x0000000085300000|  0%| F|  |TAMS 0x0000000085200000, 0x0000000085200000| Untracked 
|  83|0x0000000085300000, 0x0000000085300000, 0x0000000085400000|  0%| F|  |TAMS 0x0000000085300000, 0x0000000085300000| Untracked 
|  84|0x0000000085400000, 0x0000000085400000, 0x0000000085500000|  0%| F|  |TAMS 0x0000000085400000, 0x0000000085400000| Untracked 
|  85|0x0000000085500000, 0x0000000085500000, 0x0000000085600000|  0%| F|  |TAMS 0x0000000085500000, 0x0000000085500000| Untracked 
|  86|0x0000000085600000, 0x0000000085600000, 0x0000000085700000|  0%| F|  |TAMS 0x0000000085600000, 0x0000000085600000| Untracked 
|  87|0x0000000085700000, 0x0000000085700000, 0x0000000085800000|  0%| F|  |TAMS 0x0000000085700000, 0x0000000085700000| Untracked 
|  88|0x0000000085800000, 0x0000000085800000, 0x0000000085900000|  0%| F|  |TAMS 0x0000000085800000, 0x0000000085800000| Untracked 

Card table byte_map: [0x0000023423b00000,0x0000023423f00000] _byte_map_base: 0x0000023423700000

Marking Bits (Prev, Next): (CMBitMap*) 0x000002340efff1d0, (CMBitMap*) 0x000002340efff198
 Prev Bits: [0x0000023426300000, 0x0000023428300000)
 Next Bits: [0x0000023424300000, 0x0000023426300000)

Polling page: 0x000002340ed50000

Metaspace:

Usage:
  Non-class:     68.10 MB capacity,    67.03 MB ( 98%) used,   904.01 KB (  1%) free+waste,   198.31 KB ( <1%) overhead. 
      Class:     10.59 MB capacity,     9.93 MB ( 94%) used,   583.80 KB (  5%) free+waste,    90.94 KB ( <1%) overhead. 
       Both:     78.69 MB capacity,    76.96 MB ( 98%) used,     1.45 MB (  2%) free+waste,   289.25 KB ( <1%) overhead. 

Virtual space:
  Non-class space:       70.00 MB reserved,      68.33 MB ( 98%) committed 
      Class space:        1.00 GB reserved,      10.63 MB (  1%) committed 
             Both:        1.07 GB reserved,      78.95 MB (  7%) committed 

Chunk freelists:
   Non-Class:  39.00 KB
       Class:  2.00 KB
        Both:  41.00 KB

MaxMetaspaceSize: 17179869184.00 GB
CompressedClassSpaceSize: 1.00 GB
Initial GC threshold: 20.80 MB
Current GC threshold: 125.96 MB
CDS: off

CodeHeap 'non-profiled nmethods': size=120064Kb used=4728Kb max_used=4728Kb free=115335Kb
 bounds [0x000002341bdc0000, 0x000002341c260000, 0x0000023423300000]
CodeHeap 'profiled nmethods': size=120000Kb used=17103Kb max_used=17103Kb free=102896Kb
 bounds [0x0000023414890000, 0x0000023415950000, 0x000002341bdc0000]
CodeHeap 'non-nmethods': size=5696Kb used=2353Kb max_used=2403Kb free=3342Kb
 bounds [0x0000023414300000, 0x0000023414570000, 0x0000023414890000]
 total_blobs=8702 nmethods=7831 adapters=784
 compilation: enabled
              stopped_count=0, restarted_count=0
 full_count=0

Compilation events (20 events):
Event: 75.353 Thread 0x000002342a706000 7835       1       com.google.common.collect.AbstractMapBasedMultimap::access$000 (5 bytes)
Event: 75.353 Thread 0x000002342a706000 nmethod 7835 0x000002341c25c590 code [0x000002341c25c740, 0x000002341c25c7d8]
Event: 75.353 Thread 0x000002342a706000 7836       3       java.util.LinkedList::linkFirst (59 bytes)
Event: 75.354 Thread 0x000002342a706000 nmethod 7836 0x0000023415942090 code [0x0000023415942260, 0x00000234159426b8]
Event: 75.355 Thread 0x000002342a706000 7837       3       java.util.TreeMap$NavigableSubMap$SubMapIterator::hasNext (27 bytes)
Event: 75.355 Thread 0x000002342a706000 nmethod 7837 0x0000023415942810 code [0x00000234159429c0, 0x0000023415942b58]
Event: 75.356 Thread 0x000002342a706000 7838       1       org.gradle.execution.plan.DefaultExecutionPlan$NodeInVisitingSegment::access$300 (5 bytes)
Event: 75.356 Thread 0x000002342a706000 nmethod 7838 0x000002341c25c890 code [0x000002341c25ca40, 0x000002341c25cad8]
Event: 75.356 Thread 0x000002342a706000 7839       1       org.gradle.execution.plan.DefaultExecutionPlan$NodeInVisitingSegment::access$200 (5 bytes)
Event: 75.357 Thread 0x000002342a706000 nmethod 7839 0x000002341c25cb90 code [0x000002341c25cd40, 0x000002341c25cdd8]
Event: 75.357 Thread 0x000002342a706000 7840       3       java.util.TreeMap::getLastEntry (26 bytes)
Event: 75.357 Thread 0x000002342a706000 nmethod 7840 0x0000023415942c10 code [0x0000023415942dc0, 0x0000023415942fb8]
Event: 75.362 Thread 0x000002342a706000 7841       1       org.gradle.execution.plan.TaskNode::getShouldSuccessors (5 bytes)
Event: 75.362 Thread 0x000002342a706000 nmethod 7841 0x000002341c25ce90 code [0x000002341c25d040, 0x000002341c25d0f8]
Event: 75.364 Thread 0x000002342a706000 7842       1       org.gradle.execution.plan.LocalTaskNode::requiresMonitoring (2 bytes)
Event: 75.364 Thread 0x000002342a706000 nmethod 7842 0x000002341c25d190 code [0x000002341c25d340, 0x000002341c25d3f8]
Event: 75.381 Thread 0x000002342a706000 7845       3       jdk.internal.org.objectweb.asm.MethodWriter::startFrame (55 bytes)
Event: 75.382 Thread 0x000002342a706000 nmethod 7845 0x0000023415943090 code [0x0000023415943260, 0x0000023415943558]
Event: 75.382 Thread 0x000002342a706000 7846       3       jdk.internal.org.objectweb.asm.MethodWriter::endFrame (53 bytes)
Event: 75.382 Thread 0x000002342a706000 nmethod 7846 0x0000023415943690 code [0x0000023415943880, 0x0000023415943d48]

GC Heap History (20 events):
Event: 60.204 GC heap after
{Heap after GC invocations=26 (full 0):
 garbage-first heap   total 91136K, used 52180K [0x0000000080000000, 0x0000000100000000)
  region size 1024K, 3 young (3072K), 3 survivors (3072K)
 Metaspace       used 64676K, capacity 66142K, committed 66384K, reserved 1107968K
  class space    used 8095K, capacity 8660K, committed 8704K, reserved 1048576K
}
Event: 61.480 GC heap before
{Heap before GC invocations=27 (full 0):
 garbage-first heap   total 91136K, used 71636K [0x0000000080000000, 0x0000000100000000)
  region size 1024K, 21 young (21504K), 3 survivors (3072K)
 Metaspace       used 65492K, capacity 66934K, committed 67024K, reserved 1107968K
  class space    used 8223K, capacity 8769K, committed 8832K, reserved 1048576K
}
Event: 61.493 GC heap after
{Heap after GC invocations=28 (full 0):
 garbage-first heap   total 91136K, used 53479K [0x0000000080000000, 0x0000000100000000)
  region size 1024K, 2 young (2048K), 2 survivors (2048K)
 Metaspace       used 65492K, capacity 66934K, committed 67024K, reserved 1107968K
  class space    used 8223K, capacity 8769K, committed 8832K, reserved 1048576K
}
Event: 61.939 GC heap before
{Heap before GC invocations=28 (full 0):
 garbage-first heap   total 91136K, used 71911K [0x0000000080000000, 0x0000000100000000)
  region size 1024K, 20 young (20480K), 2 survivors (2048K)
 Metaspace       used 65520K, capacity 67032K, committed 67280K, reserved 1107968K
  class space    used 8228K, capacity 8803K, committed 8832K, reserved 1048576K
}
Event: 61.952 GC heap after
{Heap after GC invocations=29 (full 0):
 garbage-first heap   total 91136K, used 54948K [0x0000000080000000, 0x0000000100000000)
  region size 1024K, 3 young (3072K), 3 survivors (3072K)
 Metaspace       used 65520K, capacity 67032K, committed 67280K, reserved 1107968K
  class space    used 8228K, capacity 8803K, committed 8832K, reserved 1048576K
}
Event: 63.346 GC heap before
{Heap before GC invocations=30 (full 0):
 garbage-first heap   total 91136K, used 73380K [0x0000000080000000, 0x0000000100000000)
  region size 1024K, 21 young (21504K), 3 survivors (3072K)
 Metaspace       used 67096K, capacity 68619K, committed 68816K, reserved 1110016K
  class space    used 8435K, capacity 9031K, committed 9088K, reserved 1048576K
}
Event: 63.361 GC heap after
{Heap after GC invocations=31 (full 0):
 garbage-first heap   total 91136K, used 56296K [0x0000000080000000, 0x0000000100000000)
  region size 1024K, 3 young (3072K), 3 survivors (3072K)
 Metaspace       used 67096K, capacity 68619K, committed 68816K, reserved 1110016K
  class space    used 8435K, capacity 9031K, committed 9088K, reserved 1048576K
}
Event: 65.410 GC heap before
{Heap before GC invocations=31 (full 0):
 garbage-first heap   total 91136K, used 73704K [0x0000000080000000, 0x0000000100000000)
  region size 1024K, 20 young (20480K), 3 survivors (3072K)
 Metaspace       used 69554K, capacity 71145K, committed 71376K, reserved 1112064K
  class space    used 8909K, capacity 9490K, committed 9600K, reserved 1048576K
}
Event: 65.423 GC heap after
{Heap after GC invocations=32 (full 0):
 garbage-first heap   total 91136K, used 57396K [0x0000000080000000, 0x0000000100000000)
  region size 1024K, 3 young (3072K), 3 survivors (3072K)
 Metaspace       used 69554K, capacity 71145K, committed 71376K, reserved 1112064K
  class space    used 8909K, capacity 9490K, committed 9600K, reserved 1048576K
}
Event: 66.709 GC heap before
{Heap before GC invocations=33 (full 0):
 garbage-first heap   total 91136K, used 74804K [0x0000000080000000, 0x0000000100000000)
  region size 1024K, 20 young (20480K), 3 survivors (3072K)
 Metaspace       used 71141K, capacity 72730K, committed 72912K, reserved 1112064K
  class space    used 9129K, capacity 9731K, committed 9856K, reserved 1048576K
}
Event: 66.724 GC heap after
{Heap after GC invocations=34 (full 0):
 garbage-first heap   total 91136K, used 58791K [0x0000000080000000, 0x0000000100000000)
  region size 1024K, 3 young (3072K), 3 survivors (3072K)
 Metaspace       used 71141K, capacity 72730K, committed 72912K, reserved 1112064K
  class space    used 9129K, capacity 9731K, committed 9856K, reserved 1048576K
}
Event: 68.343 GC heap before
{Heap before GC invocations=34 (full 0):
 garbage-first heap   total 91136K, used 76199K [0x0000000080000000, 0x0000000100000000)
  region size 1024K, 20 young (20480K), 3 survivors (3072K)
 Metaspace       used 72505K, capacity 74091K, committed 74320K, reserved 1114112K
  class space    used 9331K, capacity 9966K, committed 9984K, reserved 1048576K
}
Event: 68.374 GC heap after
{Heap after GC invocations=35 (full 0):
 garbage-first heap   total 91136K, used 59805K [0x0000000080000000, 0x0000000100000000)
  region size 1024K, 3 young (3072K), 3 survivors (3072K)
 Metaspace       used 72505K, capacity 74091K, committed 74320K, reserved 1114112K
  class space    used 9331K, capacity 9966K, committed 9984K, reserved 1048576K
}
Event: 69.530 GC heap before
{Heap before GC invocations=36 (full 0):
 garbage-first heap   total 91136K, used 76189K [0x0000000080000000, 0x0000000100000000)
  region size 1024K, 19 young (19456K), 3 survivors (3072K)
 Metaspace       used 73732K, capacity 75433K, committed 75600K, reserved 1114112K
  class space    used 9488K, capacity 10127K, committed 10240K, reserved 1048576K
}
Event: 69.559 GC heap after
{Heap after GC invocations=37 (full 0):
 garbage-first heap   total 91136K, used 61067K [0x0000000080000000, 0x0000000100000000)
  region size 1024K, 3 young (3072K), 3 survivors (3072K)
 Metaspace       used 73732K, capacity 75433K, committed 75600K, reserved 1114112K
  class space    used 9488K, capacity 10127K, committed 10240K, reserved 1048576K
}
Event: 71.369 GC heap before
{Heap before GC invocations=37 (full 0):
 garbage-first heap   total 91136K, used 76427K [0x0000000080000000, 0x0000000100000000)
  region size 1024K, 18 young (18432K), 3 survivors (3072K)
 Metaspace       used 75426K, capacity 77117K, committed 77392K, reserved 1116160K
  class space    used 9726K, capacity 10387K, committed 10496K, reserved 1048576K
}
Event: 71.384 GC heap after
{Heap after GC invocations=38 (full 0):
 garbage-first heap   total 91136K, used 61574K [0x0000000080000000, 0x0000000100000000)
  region size 1024K, 2 young (2048K), 2 survivors (2048K)
 Metaspace       used 75426K, capacity 77117K, committed 77392K, reserved 1116160K
  class space    used 9726K, capacity 10387K, committed 10496K, reserved 1048576K
}
Event: 72.911 GC heap before
{Heap before GC invocations=39 (full 0):
 garbage-first heap   total 91136K, used 76934K [0x0000000080000000, 0x0000000100000000)
  region size 1024K, 17 young (17408K), 2 survivors (2048K)
 Metaspace       used 77756K, capacity 79429K, committed 79696K, reserved 1118208K
  class space    used 10042K, capacity 10699K, committed 10752K, reserved 1048576K
}
Event: 72.926 GC heap after
{Heap after GC invocations=40 (full 0):
 garbage-first heap   total 91136K, used 62873K [0x0000000080000000, 0x0000000100000000)
  region size 1024K, 2 young (2048K), 2 survivors (2048K)
 Metaspace       used 77756K, capacity 79429K, committed 79696K, reserved 1118208K
  class space    used 10042K, capacity 10699K, committed 10752K, reserved 1048576K
}
Event: 75.384 GC heap before
{Heap before GC invocations=40 (full 0):
 garbage-first heap   total 91136K, used 77209K [0x0000000080000000, 0x0000000100000000)
  region size 1024K, 16 young (16384K), 2 survivors (2048K)
 Metaspace       used 78805K, capacity 80583K, committed 80848K, reserved 1120256K
  class space    used 10171K, capacity 10846K, committed 10880K, reserved 1048576K
}

Deoptimization events (20 events):
Event: 72.902 Thread 0x000002342c3fb000 Uncommon trap: trap_request=0xffffff4d fr.pc=0x000002341bff3d38 relative=0x0000000000000078
Event: 72.902 Thread 0x000002342c3fb000 Uncommon trap: reason=unstable_if action=reinterpret pc=0x000002341bff3d38 method=java.util.regex.Matcher.find()Z @ 10 c2
Event: 72.902 Thread 0x000002342c3fb000 DEOPT PACKING pc=0x000002341bff3d38 sp=0x000000dca3ff9200
Event: 72.902 Thread 0x000002342c3fb000 DEOPT UNPACKING pc=0x000002341434a1af sp=0x000000dca3ff9180 mode 2
Event: 72.938 Thread 0x000002342c3fb000 Uncommon trap: trap_request=0xffffff4d fr.pc=0x000002341c0fe230 relative=0x0000000000000250
Event: 72.938 Thread 0x000002342c3fb000 Uncommon trap: reason=unstable_if action=reinterpret pc=0x000002341c0fe230 method=java.lang.CharacterDataLatin1.digit(II)I @ 12 c2
Event: 72.938 Thread 0x000002342c3fb000 DEOPT PACKING pc=0x000002341c0fe230 sp=0x000000dca3ff95d0
Event: 72.938 Thread 0x000002342c3fb000 DEOPT UNPACKING pc=0x000002341434a1af sp=0x000000dca3ff93f0 mode 2
Event: 73.292 Thread 0x000002342c3fb000 Uncommon trap: trap_request=0xffffff4d fr.pc=0x000002341c0fc244 relative=0x00000000000000a4
Event: 73.292 Thread 0x000002342c3fb000 Uncommon trap: reason=unstable_if action=reinterpret pc=0x000002341c0fc244 method=java.lang.CharacterDataLatin1.digit(II)I @ 12 c2
Event: 73.292 Thread 0x000002342c3fb000 DEOPT PACKING pc=0x000002341c0fc244 sp=0x000000dca3ff9420
Event: 73.292 Thread 0x000002342c3fb000 DEOPT UNPACKING pc=0x000002341434a1af sp=0x000000dca3ff9398 mode 2
Event: 73.353 Thread 0x000002342c3fb000 Uncommon trap: trap_request=0xffffff4d fr.pc=0x000002341c157984 relative=0x00000000000002e4
Event: 73.353 Thread 0x000002342c3fb000 Uncommon trap: reason=unstable_if action=reinterpret pc=0x000002341c157984 method=com.google.gson.stream.JsonReader.doPeek()I @ 525 c2
Event: 73.353 Thread 0x000002342c3fb000 DEOPT PACKING pc=0x000002341c157984 sp=0x000000dca3ff99b0
Event: 73.353 Thread 0x000002342c3fb000 DEOPT UNPACKING pc=0x000002341434a1af sp=0x000000dca3ff9930 mode 2
Event: 73.479 Thread 0x000002342c3fb000 Uncommon trap: trap_request=0xffffffdc fr.pc=0x000002341c2213c0 relative=0x0000000000000280
Event: 73.479 Thread 0x000002342c3fb000 Uncommon trap: reason=class_check action=make_not_entrant pc=0x000002341c2213c0 method=java.util.ArrayList.toArray([Ljava/lang/Object;)[Ljava/lang/Object; @ 21 c2
Event: 73.479 Thread 0x000002342c3fb000 DEOPT PACKING pc=0x000002341c2213c0 sp=0x000000dca3ffa400
Event: 73.479 Thread 0x000002342c3fb000 DEOPT UNPACKING pc=0x000002341434a1af sp=0x000000dca3ffa3d0 mode 2

Classes redefined (0 events):
No events

Internal exceptions (20 events):
Event: 66.380 Thread 0x000002342c3fb000 Exception <a 'java/lang/ClassNotFoundException'{0x0000000084b1c6f0}: com/android/build/gradle/internal/api/ApkVariantOutputImpl_DecoratedBeanInfo> (0x0000000084b1c6f0) thrown at [./src/hotspot/share/classfile/systemDictionary.cpp, line 231]
Event: 66.381 Thread 0x000002342c3fb000 Exception <a 'java/lang/ClassNotFoundException'{0x0000000084b36f20}: com/android/build/gradle/internal/api/ApkVariantOutputImplBeanInfo> (0x0000000084b36f20) thrown at [./src/hotspot/share/classfile/systemDictionary.cpp, line 231]
Event: 66.382 Thread 0x000002342c3fb000 Exception <a 'java/lang/ClassNotFoundException'{0x0000000084b51f90}: com/android/build/gradle/internal/api/BaseVariantOutputImplBeanInfo> (0x0000000084b51f90) thrown at [./src/hotspot/share/classfile/systemDictionary.cpp, line 231]
Event: 66.384 Thread 0x000002342c3fb000 Exception <a 'java/lang/ClassNotFoundException'{0x0000000084b6d310}: com/android/build/gradle/internal/api/BaseVariantOutputImplCustomizer> (0x0000000084b6d310) thrown at [./src/hotspot/share/classfile/systemDictionary.cpp, line 231]
Event: 66.441 Thread 0x000002342c3fb000 Exception <a 'java/lang/ClassNotFoundException'{0x0000000084b9aa80}: com/android/build/gradle/internal/api/ApkVariantOutputImplCustomizer> (0x0000000084b9aa80) thrown at [./src/hotspot/share/classfile/systemDictionary.cpp, line 231]
Event: 66.443 Thread 0x000002342c3fb000 Exception <a 'java/lang/ClassNotFoundException'{0x0000000084bc4960}: com/android/build/gradle/internal/api/ApkVariantOutputImpl_DecoratedCustomizer> (0x0000000084bc4960) thrown at [./src/hotspot/share/classfile/systemDictionary.cpp, line 231]
Event: 66.541 Thread 0x000002342c3fb000 Exception <a 'java/lang/NoClassDefFoundError'{0x0000000084931a30}: org/jetbrains/kotlin/gradle/plugin/KotlinBasePluginWrapper> (0x0000000084931a30) thrown at [./src/hotspot/share/classfile/systemDictionary.cpp, line 220]
Event: 66.916 Thread 0x000002342c3fb000 Implicit null exception at 0x000002341c0264b0 to 0x000002341c026bb8
Event: 69.011 Thread 0x000002342c3fb000 Exception <a 'java/lang/NoSuchMethodError'{0x0000000085197788}: 'java.lang.Object java.lang.invoke.Invokers$Holder.linkToTargetMethod(java.lang.Object, int, java.lang.Object)'> (0x0000000085197788) thrown at [./src/hotspot/share/interpreter/linkResolver.cpp, line 773]
Event: 70.223 Thread 0x000002342c3fb000 Exception <a 'sun/nio/fs/WindowsException'{0x000000008552e690}> (0x000000008552e690) thrown at [./src/hotspot/share/prims/jni.cpp, line 616]
Event: 70.223 Thread 0x000002342c3fb000 Exception <a 'sun/nio/fs/WindowsException'{0x000000008552ea68}> (0x000000008552ea68) thrown at [./src/hotspot/share/prims/jni.cpp, line 616]
Event: 71.193 Thread 0x000002342c3fb000 Exception <a 'java/lang/NullPointerException'{0x0000000084b0e5f0}> (0x0000000084b0e5f0) thrown at [./src/hotspot/share/interpreter/linkResolver.cpp, line 1440]
Event: 71.724 Thread 0x000002342c3fb000 Implicit null exception at 0x000002341c0f56c7 to 0x000002341c0f6eb0
Event: 72.770 Thread 0x000002342c3fb000 Exception <a 'java/lang/NoSuchMethodError'{0x0000000084a4ae50}: 'int java.lang.invoke.DirectMethodHandle$Holder.invokeStatic(java.lang.Object, java.lang.Object, int, java.lang.Object)'> (0x0000000084a4ae50) thrown at [./src/hotspot/share/interpreter/linkResolver.cpp, line 773]
Event: 73.024 Thread 0x000002342c3fb000 Exception <a 'sun/nio/fs/WindowsException'{0x00000000858784f8}> (0x00000000858784f8) thrown at [./src/hotspot/share/prims/jni.cpp, line 616]
Event: 73.025 Thread 0x000002342c3fb000 Exception <a 'sun/nio/fs/WindowsException'{0x0000000085879888}> (0x0000000085879888) thrown at [./src/hotspot/share/prims/jni.cpp, line 616]
Event: 73.025 Thread 0x000002342c3fb000 Exception <a 'sun/nio/fs/WindowsException'{0x000000008587ac50}> (0x000000008587ac50) thrown at [./src/hotspot/share/prims/jni.cpp, line 616]
Event: 73.025 Thread 0x000002342c3fb000 Exception <a 'sun/nio/fs/WindowsException'{0x000000008587c018}> (0x000000008587c018) thrown at [./src/hotspot/share/prims/jni.cpp, line 616]
Event: 73.605 Thread 0x000002342c3fb000 Exception <a 'java/lang/NoSuchMethodError'{0x00000000854d46e8}: 'java.lang.Object java.lang.invoke.Invokers$Holder.linkToTargetMethod(java.lang.Object, int, int, java.lang.Object)'> (0x00000000854d46e8) thrown at [./src/hotspot/share/interpreter/linkResolver.cpp, line 773]
Event: 75.383 Thread 0x000002342c3fb000 Exception <a 'java/lang/NoSuchMethodError'{0x0000000084bfc558}: 'java.lang.Object java.lang.invoke.Invokers$Holder.linkToTargetMethod(java.lang.Object, java.lang.Object, java.lang.Object, int, java.lang.Object, java.lang.Object)'> (0x0000000084bfc558) thrown at [./src/hotspot/share/interpreter/linkResolver.cpp, line 773]

Events (20 events):
Event: 75.375 loading class org/gradle/api/tasks/TaskOutputs done
Event: 75.375 loading class org/gradle/api/internal/tasks/properties/OutputFilesCollector
Event: 75.375 loading class org/gradle/api/internal/tasks/properties/OutputFilesCollector done
Event: 75.376 loading class org/gradle/api/internal/tasks/properties/OutputUnpacker
Event: 75.376 loading class org/gradle/api/internal/tasks/properties/OutputUnpacker done
Event: 75.377 loading class org/gradle/internal/MutableBoolean
Event: 75.377 loading class org/gradle/internal/MutableBoolean done
Event: 75.378 loading class org/gradle/internal/MutableBoolean
Event: 75.378 loading class org/gradle/internal/MutableBoolean done
Event: 75.378 loading class org/gradle/api/internal/tasks/properties/OutputFilePropertySpec
Event: 75.378 loading class org/gradle/api/internal/tasks/properties/OutputFilePropertySpec done
Event: 75.378 loading class org/gradle/api/internal/tasks/properties/FilePropertySpec
Event: 75.378 loading class org/gradle/api/internal/tasks/properties/FilePropertySpec done
Event: 75.379 loading class org/gradle/api/internal/tasks/properties/PropertySpec
Event: 75.379 loading class org/gradle/api/internal/tasks/properties/PropertySpec done
Event: 75.380 loading class org/gradle/api/internal/tasks/properties/OutputFilePropertySpec
Event: 75.380 loading class org/gradle/api/internal/tasks/properties/OutputFilePropertySpec done
Event: 75.380 loading class org/gradle/api/internal/tasks/properties/OutputUnpacker
Event: 75.380 loading class org/gradle/api/internal/tasks/properties/OutputUnpacker done
Event: 75.384 Executing VM operation: G1CollectForAllocation


Dynamic libraries:
0x00007ff6bfdb0000 - 0x00007ff6bfdba000 	C:\Program Files\Android\Android Studio\jre\bin\java.exe
0x00007ffc744c0000 - 0x00007ffc746b0000 	C:\windows\SYSTEM32\ntdll.dll
0x00007ffc74340000 - 0x00007ffc743f2000 	C:\windows\System32\KERNEL32.DLL
0x00007ffc71570000 - 0x00007ffc71815000 	C:\windows\System32\KERNELBASE.dll
0x00007ffc722d0000 - 0x00007ffc723ca000 	C:\windows\System32\ucrtbase.dll
0x00007ffc293b0000 - 0x00007ffc293c7000 	C:\Program Files\Android\Android Studio\jre\bin\VCRUNTIME140.dll
0x00007ffc69a20000 - 0x00007ffc69a39000 	C:\Program Files\Android\Android Studio\jre\bin\jli.dll
0x00007ffc73fc0000 - 0x00007ffc74154000 	C:\windows\System32\USER32.dll
0x00007ffc71920000 - 0x00007ffc71941000 	C:\windows\System32\win32u.dll
0x00007ffc72e50000 - 0x00007ffc72e76000 	C:\windows\System32\GDI32.dll
0x00007ffc723d0000 - 0x00007ffc72568000 	C:\windows\System32\gdi32full.dll
0x00007ffc72230000 - 0x00007ffc722ce000 	C:\windows\System32\msvcp_win.dll
0x00007ffc69db0000 - 0x00007ffc6a034000 	C:\windows\WinSxS\amd64_microsoft.windows.common-controls_6595b64144ccf1df_6.0.18362.1556_none_9e7e372fe45e41d5\COMCTL32.dll
0x00007ffc72ea0000 - 0x00007ffc72f3e000 	C:\windows\System32\msvcrt.dll
0x00007ffc735e0000 - 0x00007ffc73916000 	C:\windows\System32\combase.dll
0x00007ffc73ad0000 - 0x00007ffc73bef000 	C:\windows\System32\RPCRT4.dll
0x00007ffc71450000 - 0x00007ffc714d1000 	C:\windows\System32\bcryptPrimitives.dll
0x00007ffc73bf0000 - 0x00007ffc73c1e000 	C:\windows\System32\IMM32.DLL
0x00007ffc27910000 - 0x00007ffc279ad000 	C:\Program Files\Android\Android Studio\jre\bin\msvcp140.dll
0x00007ffc14150000 - 0x00007ffc14c52000 	C:\Program Files\Android\Android Studio\jre\bin\server\jvm.dll
0x00007ffc74230000 - 0x00007ffc742d3000 	C:\windows\System32\ADVAPI32.dll
0x00007ffc72cd0000 - 0x00007ffc72d67000 	C:\windows\System32\sechost.dll
0x00007ffc72e90000 - 0x00007ffc72e98000 	C:\windows\System32\PSAPI.DLL
0x00007ffc67ea0000 - 0x00007ffc67ec4000 	C:\windows\SYSTEM32\WINMM.dll
0x00007ffc6ab50000 - 0x00007ffc6ab5a000 	C:\windows\SYSTEM32\VERSION.dll
0x00007ffc67c50000 - 0x00007ffc67c7d000 	C:\windows\SYSTEM32\WINMMBASE.dll
0x00007ffc71820000 - 0x00007ffc7186a000 	C:\windows\System32\cfgmgr32.dll
0x00007ffc6be00000 - 0x00007ffc6be09000 	C:\windows\SYSTEM32\WSOCK32.dll
0x00007ffc74400000 - 0x00007ffc7446f000 	C:\windows\System32\WS2_32.dll
0x00007ffc71410000 - 0x00007ffc71421000 	C:\windows\System32\kernel.appcore.dll
0x00007ffc69cd0000 - 0x00007ffc69ce1000 	C:\Program Files\Android\Android Studio\jre\bin\verify.dll
0x00007ffc6adc0000 - 0x00007ffc6afb4000 	C:\windows\SYSTEM32\DBGHELP.DLL
0x00007ffc6ad90000 - 0x00007ffc6adba000 	C:\windows\SYSTEM32\dbgcore.DLL
0x00007ffc69ca0000 - 0x00007ffc69cc9000 	C:\Program Files\Android\Android Studio\jre\bin\java.dll
0x00007ffc69c90000 - 0x00007ffc69c9b000 	C:\Program Files\Android\Android Studio\jre\bin\jimage.dll
0x00007ffc69c70000 - 0x00007ffc69c88000 	C:\Program Files\Android\Android Studio\jre\bin\zip.dll
0x00007ffc72570000 - 0x00007ffc72c57000 	C:\windows\System32\SHELL32.dll
0x00007ffc73530000 - 0x00007ffc735d8000 	C:\windows\System32\shcore.dll
0x00007ffc71ab0000 - 0x00007ffc7222b000 	C:\windows\System32\windows.storage.dll
0x00007ffc713d0000 - 0x00007ffc713ee000 	C:\windows\System32\profapi.dll
0x00007ffc71380000 - 0x00007ffc713ca000 	C:\windows\System32\powrprof.dll
0x00007ffc71370000 - 0x00007ffc71380000 	C:\windows\System32\UMPDC.dll
0x00007ffc73da0000 - 0x00007ffc73df2000 	C:\windows\System32\shlwapi.dll
0x00007ffc71430000 - 0x00007ffc71447000 	C:\windows\System32\cryptsp.dll
0x00007ffc69c50000 - 0x00007ffc69c6a000 	C:\Program Files\Android\Android Studio\jre\bin\net.dll
0x00007ffc68850000 - 0x00007ffc6894a000 	C:\windows\SYSTEM32\WINHTTP.dll
0x00007ffc70b90000 - 0x00007ffc70bf7000 	C:\windows\system32\mswsock.dll
0x00007ffc69b10000 - 0x00007ffc69b24000 	C:\Program Files\Android\Android Studio\jre\bin\nio.dll
0x00007ffc29490000 - 0x00007ffc294b7000 	C:\Users\caby5\.gradle\native\e1d6ef7f7dcc3fd88c89a11ec53ec762bb8ba0a96d01ffa2cd45eb1d1d8dd5c5\windows-amd64\native-platform.dll
0x00007ffc14e60000 - 0x00007ffc14fa4000 	C:\Users\caby5\.gradle\native\5664cfc778a61ccfe75a443a1ab52a65af34e5dc3c78e0209fed803814484fcb\windows-amd64\native-platform-file-events.dll
0x00007ffc69c40000 - 0x00007ffc69c4a000 	C:\Program Files\Android\Android Studio\jre\bin\management.dll
0x00007ffc69bd0000 - 0x00007ffc69bdd000 	C:\Program Files\Android\Android Studio\jre\bin\management_ext.dll
0x00007ffc70710000 - 0x00007ffc70743000 	C:\windows\system32\rsaenh.dll
0x00007ffc714e0000 - 0x00007ffc71506000 	C:\windows\System32\bcrypt.dll
0x00007ffc71260000 - 0x00007ffc71285000 	C:\windows\SYSTEM32\USERENV.dll
0x00007ffc70d80000 - 0x00007ffc70d8c000 	C:\windows\SYSTEM32\CRYPTBASE.dll
0x00007ffc708a0000 - 0x00007ffc708da000 	C:\windows\SYSTEM32\IPHLPAPI.DLL
0x00007ffc74470000 - 0x00007ffc74478000 	C:\windows\System32\NSI.dll
0x00007ffc69d90000 - 0x00007ffc69da6000 	C:\windows\SYSTEM32\dhcpcsvc6.DLL
0x00007ffc69740000 - 0x00007ffc6975c000 	C:\windows\SYSTEM32\dhcpcsvc.DLL
0x00007ffc708f0000 - 0x00007ffc709bb000 	C:\windows\SYSTEM32\DNSAPI.dll

dbghelp: loaded successfully - version: 4.0.5 - missing functions: none
symbol engine: initialized successfully - sym options: 0x614 - pdb path: .;C:\Program Files\Android\Android Studio\jre\bin;C:\windows\SYSTEM32;C:\windows\WinSxS\amd64_microsoft.windows.common-controls_6595b64144ccf1df_6.0.18362.1556_none_9e7e372fe45e41d5;C:\Program Files\Android\Android Studio\jre\bin\server;C:\Users\caby5\.gradle\native\e1d6ef7f7dcc3fd88c89a11ec53ec762bb8ba0a96d01ffa2cd45eb1d1d8dd5c5\windows-amd64;C:\Users\caby5\.gradle\native\5664cfc778a61ccfe75a443a1ab52a65af34e5dc3c78e0209fed803814484fcb\windows-amd64

VM Arguments:
jvm_args: --add-opens=java.base/java.util=ALL-UNNAMED --add-opens=java.base/java.lang=ALL-UNNAMED --add-opens=java.base/java.lang.invoke=ALL-UNNAMED --add-opens=java.base/java.util=ALL-UNNAMED --add-opens=java.prefs/java.util.prefs=ALL-UNNAMED --add-opens=java.prefs/java.util.prefs=ALL-UNNAMED --add-opens=java.base/java.nio.charset=ALL-UNNAMED --add-opens=java.base/java.net=ALL-UNNAMED --add-opens=java.base/java.util.concurrent.atomic=ALL-UNNAMED -Xmx2048m -Dfile.encoding=UTF-8 -Duser.country=MX -Duser.language=es -Duser.variant 
java_command: org.gradle.launcher.daemon.bootstrap.GradleDaemon 7.3.3
java_class_path (initial): C:\Users\caby5\.gradle\wrapper\dists\gradle-7.3.3-bin\6a41zxkdtcxs8rphpq6y0069z\gradle-7.3.3\lib\gradle-launcher-7.3.3.jar
Launcher Type: SUN_STANDARD

[Global flags]
     intx CICompilerCount                          = 2                                         {product} {ergonomic}
     uint ConcGCThreads                            = 1                                         {product} {ergonomic}
     uint G1ConcRefinementThreads                  = 2                                         {product} {ergonomic}
   size_t G1HeapRegionSize                         = 1048576                                   {product} {ergonomic}
    uintx GCDrainStackTargetSize                   = 64                                        {product} {ergonomic}
   size_t InitialHeapSize                          = 58720256                                  {product} {ergonomic}
   size_t MarkStackSize                            = 4194304                                   {product} {ergonomic}
   size_t MaxHeapSize                              = 2147483648                                {product} {command line}
   size_t MaxNewSize                               = 1287651328                                {product} {ergonomic}
   size_t MinHeapDeltaBytes                        = 1048576                                   {product} {ergonomic}
    uintx NonNMethodCodeHeapSize                   = 5825164                                {pd product} {ergonomic}
    uintx NonProfiledCodeHeapSize                  = 122916538                              {pd product} {ergonomic}
    uintx ProfiledCodeHeapSize                     = 122916538                              {pd product} {ergonomic}
    uintx ReservedCodeCacheSize                    = 251658240                              {pd product} {ergonomic}
     bool SegmentedCodeCache                       = true                                      {product} {ergonomic}
     bool UseCompressedClassPointers               = true                                 {lp64_product} {ergonomic}
     bool UseCompressedOops                        = true                                 {lp64_product} {ergonomic}
     bool UseG1GC                                  = true                                      {product} {ergonomic}
     bool UseLargePagesIndividualAllocation        = false                                  {pd product} {ergonomic}

Logging:
Log output configuration:
 #0: stdout all=warning uptime,level,tags
 #1: stderr all=off uptime,level,tags

Environment Variables:
JAVA_HOME=C:\Users\caby5\Documents\openjdk\jdk-11.0.2
PATH=C:\Program Files\MySQL\MySQL Server 8.0\bin;C:\windows\system32;C:\windows;C:\windows\System32\Wbem;C:\Windows\System32\OpenSSH\ssh;C:\Program Files\PuTTY\;C:\Users\caby5\Documents\openjdk\jdk-11.0.2\bin;C:\Program Files\Git\cmd;C:\Program Files\Microchip\xc8\v2.31\bin;C:\Program Files\nodejs\;C:\Users\caby5\AppData\Local\Microsoft\WindowsApps;C:\Users\caby5\Documents\openjdk\jdk-11.0.2\bin;C:\Users\caby5\AppData\Local\Programs\Microsoft VS Code\bin;C:\Users\caby5\AppData\Roaming\npm;C:\Program Files\JetBrains\IntelliJ IDEA 2022.2.1\bin;
USERNAME=caby5
OS=Windows_NT
PROCESSOR_IDENTIFIER=AMD64 Family 21 Model 112 Stepping 0, AuthenticAMD



---------------  S Y S T E M  ---------------

OS: Windows 10 , 64 bit Build 18362 (10.0.18362.1500)
OS uptime: 2 days 12:39 hours
Hyper-V role detected

CPU:total 2 (initial active 2) (2 cores per cpu, 1 threads per core) family 21 model 112 stepping 0 microcode 0x0, cmov, cx8, fxsr, mmx, sse, sse2, sse3, ssse3, sse4.1, sse4.2, popcnt, avx, avx2, aes, clmul, mmxext, 3dnowpref, lzcnt, sse4a, tsc, tscinvbit, tscinv, bmi1, bmi2, fma

Memory: 4k page, system-wide physical 3542M (274M free)
TotalPageFile size 6326M (AvailPageFile size 8M)
current process WorkingSet (physical memory assigned to process): 300M, peak: 301M
current process commit charge ("private bytes"): 324M, peak: 342M

vm_info: OpenJDK 64-Bit Server VM (11.0.13+0-b1751.21-8125866) for windows-amd64 JRE (11.0.13+0-b1751.21-8125866), built on Feb  2 2022 03:00:22 by "builder" with MS VC++ 14.0 (VS2015)

END.
