#
# There is insufficient memory for the Java Runtime Environment to continue.
# Native memory allocation (mmap) failed to map 117440512 bytes for Failed to commit area from 0x0000000088f00000 to 0x000000008ff00000 of length 117440512.
# Possible reasons:
#   The system is out of physical RAM or swap space
#   The process is running with CompressedOops enabled, and the Java Heap may be blocking the growth of the native heap
# Possible solutions:
#   Reduce memory load on the system
#   Increase physical memory or swap space
#   Check if swap backing store is full
#   Decrease Java heap size (-Xmx/-Xms)
#   Decrease number of Java threads
#   Decrease Java thread stack sizes (-Xss)
#   Set larger code cache with -XX:ReservedCodeCacheSize=
#   JVM is running with Unscaled Compressed Oops mode in which the Java heap is
#     placed in the first 4GB address space. The Java Heap base address is the
#     maximum limit for the native heap growth. Please use -XX:HeapBaseMinAddress
#     to set the Java Heap base and to place the Java Heap above 4GB virtual address.
# This output file may be truncated or incomplete.
#
#  Out of Memory Error (./src/hotspot/os/windows/os_windows.cpp:3619), pid=9904, tid=2648
#
# JRE version: OpenJDK Runtime Environment (11.0.13) (build 11.0.13+0-b1751.21-8125866)
# Java VM: OpenJDK 64-Bit Server VM (11.0.13+0-b1751.21-8125866, mixed mode, tiered, compressed oops, g1 gc, windows-amd64)
# No core dump will be written. Minidumps are not enabled by default on client versions of Windows
#

---------------  S U M M A R Y ------------

Command Line: --add-opens=java.base/java.util=ALL-UNNAMED --add-opens=java.base/java.lang=ALL-UNNAMED --add-opens=java.base/java.lang.invoke=ALL-UNNAMED --add-opens=java.base/java.util=ALL-UNNAMED --add-opens=java.prefs/java.util.prefs=ALL-UNNAMED --add-opens=java.prefs/java.util.prefs=ALL-UNNAMED --add-opens=java.base/java.nio.charset=ALL-UNNAMED --add-opens=java.base/java.net=ALL-UNNAMED --add-opens=java.base/java.util.concurrent.atomic=ALL-UNNAMED -Xmx2048m -Dfile.encoding=UTF-8 -Duser.country=MX -Duser.language=es -Duser.variant org.gradle.launcher.daemon.bootstrap.GradleDaemon 7.3.3

Host: AMD A6-9225 RADEON R4, 5 COMPUTE CORES 2C+3G   , 2 cores, 3G,  Windows 10 , 64 bit Build 18362 (10.0.18362.1500)
Time: Sun Nov 27 20:55:06 2022 Hora estándar central (México) elapsed time: 579.220432 seconds (0d 0h 9m 39s)

---------------  T H R E A D  ---------------

Current thread (0x000002ce7872a800):  VMThread "VM Thread" [stack: 0x000000cf99200000,0x000000cf99300000] [id=2648]

Stack: [0x000000cf99200000,0x000000cf99300000]
[error occurred during error reporting (printing stack bounds), id 0xc0000005, EXCEPTION_ACCESS_VIOLATION (0xc0000005) at pc=0x000002ce62b5112d]

Native frames: (J=compiled Java code, j=interpreted, Vv=VM code, C=native code)
V  [jvm.dll+0x6100fa]
V  [jvm.dll+0x747090]
V  [jvm.dll+0x7486ad]
V  [jvm.dll+0x748ce5]
V  [jvm.dll+0x748c9b]
V  [jvm.dll+0x60f224]
V  [jvm.dll+0x60f9b8]
C  [ntdll.dll+0xa1fff]
C  [ntdll.dll+0x6aad9]
C  [ntdll.dll+0xa0c6e]
C  0x000002ce62b5112d

VM_Operation (0x000000cf9a2f77b0): G1CollectForAllocation, mode: safepoint, requested by thread 0x000002ce7b377800


---------------  P R O C E S S  ---------------

Threads class SMR info:
_java_thread_list=0x000002ce0193a300, length=60, elements={
0x000002ce5f03e800, 0x000002ce7872e000, 0x000002ce78731800, 0x000002ce78781800,
0x000002ce78783800, 0x000002ce78784800, 0x000002ce78787800, 0x000002ce79118800,
0x000002ce787be000, 0x000002ce7919d000, 0x000002ce7a72f800, 0x000002ce7ac91800,
0x000002ce7a668800, 0x000002ce79dd9800, 0x000002ce79dda800, 0x000002ce79dde800,
0x000002ce79ddc000, 0x000002ce79ddb800, 0x000002ce7b515800, 0x000002ce7b516800,
0x000002ce7b517000, 0x000002ce7b515000, 0x000002ce7b375000, 0x000002ce7b382800,
0x000002ce7b37d800, 0x000002ce7b374800, 0x000002ce7b376000, 0x000002ce7b373800,
0x000002ce7b377800, 0x000002ce7b379800, 0x000002ce7b377000, 0x000002ce7b378800,
0x000002ce7b37e000, 0x000002ce7b380800, 0x000002ce7b37f000, 0x000002ce7b37b000,
0x000002ce7b381800, 0x000002ce7b380000, 0x000002ce7b37b800, 0x000002ce7b37c800,
0x000002ce7b512800, 0x000002ce7b519000, 0x000002ce7b513000, 0x000002ce7b519800,
0x000002ce7b514000, 0x000002ce7b51b800, 0x000002ce7b51c000, 0x000002ce7b51d000,
0x000002ce7b51f800, 0x000002ce7b51e000, 0x000002ce7b51e800, 0x000002ce7b520000,
0x000002ce7b51a800, 0x000002ce7b521000, 0x000002ce79ddd000, 0x000002ce79dd9000,
0x000002ce79ddd800, 0x000002ce79ddf800, 0x000002ce7b37a000, 0x000002ce00e8d800
}

Java Threads: ( => current thread )
  0x000002ce5f03e800 JavaThread "main" [_thread_blocked, id=8636, stack(0x000000cf98c00000,0x000000cf98d00000)]
  0x000002ce7872e000 JavaThread "Reference Handler" daemon [_thread_blocked, id=1176, stack(0x000000cf99300000,0x000000cf99400000)]
  0x000002ce78731800 JavaThread "Finalizer" daemon [_thread_blocked, id=7332, stack(0x000000cf99400000,0x000000cf99500000)]
  0x000002ce78781800 JavaThread "Signal Dispatcher" daemon [_thread_blocked, id=8748, stack(0x000000cf99500000,0x000000cf99600000)]
  0x000002ce78783800 JavaThread "Attach Listener" daemon [_thread_blocked, id=4376, stack(0x000000cf99600000,0x000000cf99700000)]
  0x000002ce78784800 JavaThread "Service Thread" daemon [_thread_blocked, id=8252, stack(0x000000cf99700000,0x000000cf99800000)]
  0x000002ce78787800 JavaThread "C2 CompilerThread0" daemon [_thread_blocked, id=4944, stack(0x000000cf99800000,0x000000cf99900000)]
  0x000002ce79118800 JavaThread "C1 CompilerThread0" daemon [_thread_blocked, id=7484, stack(0x000000cf99900000,0x000000cf99a00000)]
  0x000002ce787be000 JavaThread "Sweeper thread" daemon [_thread_blocked, id=4016, stack(0x000000cf99a00000,0x000000cf99b00000)]
  0x000002ce7919d000 JavaThread "Common-Cleaner" daemon [_thread_blocked, id=4012, stack(0x000000cf99b00000,0x000000cf99c00000)]
  0x000002ce7a72f800 JavaThread "Daemon health stats" [_thread_blocked, id=10432, stack(0x000000cf99e00000,0x000000cf99f00000)]
  0x000002ce7ac91800 JavaThread "Incoming local TCP Connector on port 51770" [_thread_in_native, id=10824, stack(0x000000cf99f00000,0x000000cf9a000000)]
  0x000002ce7a668800 JavaThread "Daemon periodic checks" [_thread_blocked, id=3808, stack(0x000000cf9a000000,0x000000cf9a100000)]
  0x000002ce79dd9800 JavaThread "Cache worker for journal cache (C:\Users\caby5\.gradle\caches\journal-1)" [_thread_blocked, id=5908, stack(0x000000cf9a800000,0x000000cf9a900000)]
  0x000002ce79dda800 JavaThread "File lock request listener" [_thread_in_native, id=7960, stack(0x000000cf9a900000,0x000000cf9aa00000)]
  0x000002ce79dde800 JavaThread "Cache worker for file hash cache (C:\Users\caby5\.gradle\caches\7.3.3\fileHashes)" [_thread_blocked, id=3036, stack(0x000000cf9aa00000,0x000000cf9ab00000)]
  0x000002ce79ddc000 JavaThread "File watcher server" daemon [_thread_blocked, id=8048, stack(0x000000cf9ac00000,0x000000cf9ad00000)]
  0x000002ce79ddb800 JavaThread "File watcher consumer" daemon [_thread_blocked, id=5312, stack(0x000000cf9ad00000,0x000000cf9ae00000)]
  0x000002ce7b515800 JavaThread "Cache worker for execution history cache (C:\Users\caby5\.gradle\caches\7.3.3\executionHistory)" [_thread_blocked, id=1068, stack(0x000000cf9b100000,0x000000cf9b200000)]
  0x000002ce7b516800 JavaThread "jar transforms" [_thread_blocked, id=9180, stack(0x000000cf9b200000,0x000000cf9b300000)]
  0x000002ce7b517000 JavaThread "Cache worker for file content cache (C:\Users\caby5\.gradle\caches\7.3.3\fileContent)" [_thread_blocked, id=11028, stack(0x000000cf9b300000,0x000000cf9b400000)]
  0x000002ce7b515000 JavaThread "jar transforms Thread 2" [_thread_blocked, id=8828, stack(0x000000cf9b400000,0x000000cf9b500000)]
  0x000002ce7b375000 JavaThread "Memory manager" [_thread_blocked, id=3944, stack(0x000000cf9cd00000,0x000000cf9ce00000)]
  0x000002ce7b382800 JavaThread "Cache worker for Java compile cache (C:\Users\caby5\.gradle\caches\7.3.3\javaCompile)" [_thread_blocked, id=220, stack(0x000000cf9a600000,0x000000cf9a700000)]
  0x000002ce7b37d800 JavaThread "ForkJoinPool.commonPool-worker-1" daemon [_thread_blocked, id=5396, stack(0x000000cf9d400000,0x000000cf9d500000)]
  0x000002ce7b374800 JavaThread "Daemon Thread 4" [_thread_blocked, id=7664, stack(0x000000cf98a00000,0x000000cf98b00000)]
  0x000002ce7b376000 JavaThread "Handler for socket connection from /127.0.0.1:51770 to /127.0.0.1:51876" [_thread_in_native, id=10028, stack(0x000000cf98b00000,0x000000cf98c00000)]
  0x000002ce7b373800 JavaThread "Cancel handler" [_thread_blocked, id=6012, stack(0x000000cf9a100000,0x000000cf9a200000)]
  0x000002ce7b377800 JavaThread "Daemon worker Thread 4" [_thread_blocked, id=3492, stack(0x000000cf9a200000,0x000000cf9a300000)]
  0x000002ce7b379800 JavaThread "Asynchronous log dispatcher for DefaultDaemonConnection: socket connection from /127.0.0.1:51770 to /127.0.0.1:51876" [_thread_blocked, id=10304, stack(0x000000cf9a300000,0x000000cf9a400000)]
  0x000002ce7b377000 JavaThread "Daemon client event forwarder" [_thread_blocked, id=7840, stack(0x000000cf9a500000,0x000000cf9a600000)]
  0x000002ce7b378800 JavaThread "Cache worker for file hash cache (C:\Users\caby5\Documents\TEC\archivos\.gradle\7.3.3\fileHashes)" [_thread_blocked, id=2204, stack(0x000000cf9a700000,0x000000cf9a800000)]
  0x000002ce7b37e000 JavaThread "Cache worker for checksums cache (C:\Users\caby5\Documents\TEC\archivos\.gradle\7.3.3\checksums)" [_thread_blocked, id=9624, stack(0x000000cf9ab00000,0x000000cf9ac00000)]
  0x000002ce7b380800 JavaThread "Cache worker for cache directory md-supplier (C:\Users\caby5\.gradle\caches\7.3.3\md-supplier)" [_thread_blocked, id=7656, stack(0x000000cf9ae00000,0x000000cf9af00000)]
  0x000002ce7b37f000 JavaThread "Cache worker for cache directory md-rule (C:\Users\caby5\.gradle\caches\7.3.3\md-rule)" [_thread_blocked, id=7996, stack(0x000000cf9af00000,0x000000cf9b000000)]
  0x000002ce7b37b000 JavaThread "Cache worker for dependencies-accessors (C:\Users\caby5\Documents\TEC\archivos\.gradle\7.3.3\dependencies-accessors)" [_thread_blocked, id=2512, stack(0x000000cf9b000000,0x000000cf9b100000)]
  0x000002ce7b381800 JavaThread "Cache worker for Build Output Cleanup Cache (C:\Users\caby5\Documents\TEC\archivos\.gradle\buildOutputCleanup)" [_thread_blocked, id=2368, stack(0x000000cf9b500000,0x000000cf9b600000)]
  0x000002ce7b380000 JavaThread "Unconstrained build operations" [_thread_blocked, id=6216, stack(0x000000cf9b600000,0x000000cf9b700000)]
  0x000002ce7b37b800 JavaThread "Unconstrained build operations Thread 2" [_thread_blocked, id=2188, stack(0x000000cf9b700000,0x000000cf9b800000)]
  0x000002ce7b37c800 JavaThread "Unconstrained build operations Thread 3" [_thread_blocked, id=9452, stack(0x000000cf9b800000,0x000000cf9b900000)]
  0x000002ce7b512800 JavaThread "Unconstrained build operations Thread 4" [_thread_blocked, id=11248, stack(0x000000cf9b900000,0x000000cf9ba00000)]
  0x000002ce7b519000 JavaThread "Unconstrained build operations Thread 5" [_thread_blocked, id=2380, stack(0x000000cf9ba00000,0x000000cf9bb00000)]
  0x000002ce7b513000 JavaThread "Unconstrained build operations Thread 6" [_thread_blocked, id=10856, stack(0x000000cf9bb00000,0x000000cf9bc00000)]
  0x000002ce7b519800 JavaThread "Unconstrained build operations Thread 7" [_thread_blocked, id=8540, stack(0x000000cf9bc00000,0x000000cf9bd00000)]
  0x000002ce7b514000 JavaThread "Unconstrained build operations Thread 8" [_thread_blocked, id=7872, stack(0x000000cf9bd00000,0x000000cf9be00000)]
  0x000002ce7b51b800 JavaThread "Unconstrained build operations Thread 9" [_thread_blocked, id=2344, stack(0x000000cf9be00000,0x000000cf9bf00000)]
  0x000002ce7b51c000 JavaThread "Unconstrained build operations Thread 10" [_thread_blocked, id=8148, stack(0x000000cf9bf00000,0x000000cf9c000000)]
  0x000002ce7b51d000 JavaThread "Unconstrained build operations Thread 11" [_thread_blocked, id=3444, stack(0x000000cf9c000000,0x000000cf9c100000)]
  0x000002ce7b51f800 JavaThread "Unconstrained build operations Thread 12" [_thread_blocked, id=5192, stack(0x000000cf9c100000,0x000000cf9c200000)]
  0x000002ce7b51e000 JavaThread "Unconstrained build operations Thread 13" [_thread_blocked, id=9008, stack(0x000000cf9c200000,0x000000cf9c300000)]
  0x000002ce7b51e800 JavaThread "Unconstrained build operations Thread 14" [_thread_blocked, id=2852, stack(0x000000cf9c300000,0x000000cf9c400000)]
  0x000002ce7b520000 JavaThread "Unconstrained build operations Thread 15" [_thread_blocked, id=10156, stack(0x000000cf9c400000,0x000000cf9c500000)]
  0x000002ce7b51a800 JavaThread "Unconstrained build operations Thread 16" [_thread_blocked, id=2376, stack(0x000000cf9c500000,0x000000cf9c600000)]
  0x000002ce7b521000 JavaThread "Unconstrained build operations Thread 17" [_thread_blocked, id=4892, stack(0x000000cf9c600000,0x000000cf9c700000)]
  0x000002ce79ddd000 JavaThread "Unconstrained build operations Thread 18" [_thread_blocked, id=6572, stack(0x000000cf9c700000,0x000000cf9c800000)]
  0x000002ce79dd9000 JavaThread "Unconstrained build operations Thread 19" [_thread_blocked, id=11172, stack(0x000000cf9c800000,0x000000cf9c900000)]
  0x000002ce79ddd800 JavaThread "Unconstrained build operations Thread 20" [_thread_blocked, id=10236, stack(0x000000cf9c900000,0x000000cf9ca00000)]
  0x000002ce79ddf800 JavaThread "build event listener" [_thread_blocked, id=6480, stack(0x000000cf9a400000,0x000000cf9a500000)]
  0x000002ce7b37a000 JavaThread "Execution worker for ':'" [_thread_blocked, id=8724, stack(0x000000cf9ca00000,0x000000cf9cb00000)]
  0x000002ce00e8d800 JavaThread "Cache worker for execution history cache (C:\Users\caby5\Documents\TEC\archivos\.gradle\7.3.3\executionHistory)" [_thread_blocked, id=4684, stack(0x000000cf9ce00000,0x000000cf9cf00000)]

Other Threads:
=>0x000002ce7872a800 VMThread "VM Thread" [stack: 0x000000cf99200000,0x000000cf99300000] [id=2648]
  0x000002ce79240800 WatcherThread [stack: 0x000000cf99c00000,0x000000cf99d00000] [id=10860]
  0x000002ce5f057000 GCTaskThread "GC Thread#0" [stack: 0x000000cf98d00000,0x000000cf98e00000] [id=8580]
  0x000002ce794c9800 GCTaskThread "GC Thread#1" [stack: 0x000000cf99d00000,0x000000cf99e00000] [id=7176]
  0x000002ce5f088000 ConcurrentGCThread "G1 Main Marker" [stack: 0x000000cf98e00000,0x000000cf98f00000] [id=3812]
  0x000002ce5f089800 ConcurrentGCThread "G1 Conc#0" [stack: 0x000000cf98f00000,0x000000cf99000000] [id=9916]
  0x000002ce5f0c6000 ConcurrentGCThread "G1 Refine#0" [stack: 0x000000cf99000000,0x000000cf99100000] [id=1148]
  0x000002ce5f0c7000 ConcurrentGCThread "G1 Young RemSet Sampling" [stack: 0x000000cf99100000,0x000000cf99200000] [id=7148]

Threads with active compile tasks:
C2 CompilerThread0 581554 17209       4       org.gradle.api.internal.attributes.DefaultAttributesSchema$MergedSchema::matchValue (138 bytes)

VM state:at safepoint (normal execution)

VM Mutex/Monitor currently owned by a thread:  ([mutex/lock_event])
[0x000002ce5f03afa0] Threads_lock - owner thread: 0x000002ce7872a800
[0x000002ce5f03b6f0] Heap_lock - owner thread: 0x000002ce7b377800

Heap address: 0x0000000080000000, size: 2048 MB, Compressed Oops mode: 32-bit
Narrow klass base: 0x0000000000000000, Narrow klass shift: 3
Compressed class space size: 1073741824 Address: 0x0000000100000000

Heap:
 garbage-first heap   total 261120K, used 93184K [0x0000000080000000, 0x0000000100000000)
  region size 1024K, 1 young (1024K), 1 survivors (1024K)
 Metaspace       used 114900K, capacity 118096K, committed 118352K, reserved 1153024K
  class space    used 14565K, capacity 15774K, committed 15872K, reserved 1048576K
Heap Regions: E=young(eden), S=young(survivor), O=old, HS=humongous(starts), HC=humongous(continues), CS=collection set, F=free, A=archive, TAMS=top-at-mark-start (previous, next)
|   0|0x0000000080000000, 0x0000000080100000, 0x0000000080100000|100%| O|  |TAMS 0x0000000080100000, 0x0000000080100000| Untracked 
|   1|0x0000000080100000, 0x0000000080200000, 0x0000000080200000|100%| O|  |TAMS 0x0000000080200000, 0x0000000080200000| Untracked 
|   2|0x0000000080200000, 0x0000000080300000, 0x0000000080300000|100%| O|  |TAMS 0x0000000080300000, 0x0000000080300000| Untracked 
|   3|0x0000000080300000, 0x0000000080400000, 0x0000000080400000|100%| O|  |TAMS 0x0000000080400000, 0x0000000080400000| Untracked 
|   4|0x0000000080400000, 0x0000000080500000, 0x0000000080500000|100%|HS|  |TAMS 0x0000000080500000, 0x0000000080500000| Complete 
|   5|0x0000000080500000, 0x0000000080600000, 0x0000000080600000|100%|HC|  |TAMS 0x0000000080600000, 0x0000000080600000| Complete 
|   6|0x0000000080600000, 0x0000000080700000, 0x0000000080700000|100%|HC|  |TAMS 0x0000000080700000, 0x0000000080700000| Complete 
|   7|0x0000000080700000, 0x0000000080800000, 0x0000000080800000|100%| O|  |TAMS 0x0000000080800000, 0x0000000080800000| Untracked 
|   8|0x0000000080800000, 0x0000000080900000, 0x0000000080900000|100%| O|  |TAMS 0x0000000080900000, 0x0000000080900000| Untracked 
|   9|0x0000000080900000, 0x0000000080a00000, 0x0000000080a00000|100%| O|  |TAMS 0x0000000080a00000, 0x0000000080a00000| Untracked 
|  10|0x0000000080a00000, 0x0000000080b00000, 0x0000000080b00000|100%| O|  |TAMS 0x0000000080b00000, 0x0000000080b00000| Untracked 
|  11|0x0000000080b00000, 0x0000000080c00000, 0x0000000080c00000|100%| O|  |TAMS 0x0000000080c00000, 0x0000000080c00000| Untracked 
|  12|0x0000000080c00000, 0x0000000080d00000, 0x0000000080d00000|100%| O|  |TAMS 0x0000000080d00000, 0x0000000080d00000| Untracked 
|  13|0x0000000080d00000, 0x0000000080e00000, 0x0000000080e00000|100%| O|  |TAMS 0x0000000080e00000, 0x0000000080e00000| Untracked 
|  14|0x0000000080e00000, 0x0000000080f00000, 0x0000000080f00000|100%| O|  |TAMS 0x0000000080f00000, 0x0000000080f00000| Untracked 
|  15|0x0000000080f00000, 0x0000000081000000, 0x0000000081000000|100%| O|  |TAMS 0x0000000081000000, 0x0000000081000000| Untracked 
|  16|0x0000000081000000, 0x0000000081100000, 0x0000000081100000|100%| O|  |TAMS 0x0000000081100000, 0x0000000081100000| Untracked 
|  17|0x0000000081100000, 0x0000000081200000, 0x0000000081200000|100%| O|  |TAMS 0x0000000081200000, 0x0000000081200000| Untracked 
|  18|0x0000000081200000, 0x0000000081300000, 0x0000000081300000|100%| O|  |TAMS 0x0000000081300000, 0x0000000081300000| Untracked 
|  19|0x0000000081300000, 0x0000000081400000, 0x0000000081400000|100%| O|  |TAMS 0x0000000081400000, 0x0000000081400000| Untracked 
|  20|0x0000000081400000, 0x0000000081500000, 0x0000000081500000|100%| O|  |TAMS 0x0000000081500000, 0x0000000081500000| Untracked 
|  21|0x0000000081500000, 0x0000000081600000, 0x0000000081600000|100%| O|  |TAMS 0x0000000081600000, 0x0000000081600000| Untracked 
|  22|0x0000000081600000, 0x0000000081700000, 0x0000000081700000|100%| O|  |TAMS 0x0000000081700000, 0x0000000081700000| Untracked 
|  23|0x0000000081700000, 0x0000000081800000, 0x0000000081800000|100%| O|  |TAMS 0x0000000081700000, 0x0000000081800000| Untracked 
|  24|0x0000000081800000, 0x0000000081900000, 0x0000000081900000|100%| O|  |TAMS 0x0000000081900000, 0x0000000081900000| Untracked 
|  25|0x0000000081900000, 0x0000000081a00000, 0x0000000081a00000|100%| O|  |TAMS 0x0000000081a00000, 0x0000000081a00000| Untracked 
|  26|0x0000000081a00000, 0x0000000081b00000, 0x0000000081b00000|100%| O|  |TAMS 0x0000000081b00000, 0x0000000081b00000| Untracked 
|  27|0x0000000081b00000, 0x0000000081c00000, 0x0000000081c00000|100%| O|  |TAMS 0x0000000081c00000, 0x0000000081c00000| Untracked 
|  28|0x0000000081c00000, 0x0000000081d00000, 0x0000000081d00000|100%| O|  |TAMS 0x0000000081d00000, 0x0000000081d00000| Untracked 
|  29|0x0000000081d00000, 0x0000000081e00000, 0x0000000081e00000|100%| O|  |TAMS 0x0000000081e00000, 0x0000000081e00000| Untracked 
|  30|0x0000000081e00000, 0x0000000081f00000, 0x0000000081f00000|100%| O|  |TAMS 0x0000000081f00000, 0x0000000081f00000| Untracked 
|  31|0x0000000081f00000, 0x0000000082000000, 0x0000000082000000|100%|HS|  |TAMS 0x0000000082000000, 0x0000000082000000| Complete 
|  32|0x0000000082000000, 0x0000000082100000, 0x0000000082100000|100%|HS|  |TAMS 0x0000000082100000, 0x0000000082100000| Complete 
|  33|0x0000000082100000, 0x0000000082200000, 0x0000000082200000|100%| O|  |TAMS 0x0000000082200000, 0x0000000082200000| Untracked 
|  34|0x0000000082200000, 0x0000000082300000, 0x0000000082300000|100%| O|  |TAMS 0x0000000082300000, 0x0000000082300000| Untracked 
|  35|0x0000000082300000, 0x0000000082400000, 0x0000000082400000|100%| O|  |TAMS 0x0000000082400000, 0x0000000082400000| Untracked 
|  36|0x0000000082400000, 0x0000000082500000, 0x0000000082500000|100%|HS|  |TAMS 0x0000000082500000, 0x0000000082500000| Complete 
|  37|0x0000000082500000, 0x0000000082600000, 0x0000000082600000|100%|HC|  |TAMS 0x0000000082600000, 0x0000000082600000| Complete 
|  38|0x0000000082600000, 0x0000000082700000, 0x0000000082700000|100%| O|  |TAMS 0x0000000082700000, 0x0000000082700000| Untracked 
|  39|0x0000000082700000, 0x0000000082800000, 0x0000000082800000|100%| O|  |TAMS 0x0000000082800000, 0x0000000082800000| Untracked 
|  40|0x0000000082800000, 0x0000000082900000, 0x0000000082900000|100%| O|  |TAMS 0x0000000082900000, 0x0000000082900000| Untracked 
|  41|0x0000000082900000, 0x0000000082a00000, 0x0000000082a00000|100%| O|  |TAMS 0x0000000082a00000, 0x0000000082a00000| Untracked 
|  42|0x0000000082a00000, 0x0000000082b00000, 0x0000000082b00000|100%| O|  |TAMS 0x0000000082b00000, 0x0000000082b00000| Untracked 
|  43|0x0000000082b00000, 0x0000000082c00000, 0x0000000082c00000|100%| O|  |TAMS 0x0000000082c00000, 0x0000000082c00000| Untracked 
|  44|0x0000000082c00000, 0x0000000082d00000, 0x0000000082d00000|100%| O|  |TAMS 0x0000000082c00000, 0x0000000082d00000| Untracked 
|  45|0x0000000082d00000, 0x0000000082e00000, 0x0000000082e00000|100%| O|  |TAMS 0x0000000082e00000, 0x0000000082e00000| Untracked 
|  46|0x0000000082e00000, 0x0000000082f00000, 0x0000000082f00000|100%| O|  |TAMS 0x0000000082f00000, 0x0000000082f00000| Untracked 
|  47|0x0000000082f00000, 0x0000000083000000, 0x0000000083000000|100%| O|  |TAMS 0x0000000083000000, 0x0000000083000000| Untracked 
|  48|0x0000000083000000, 0x0000000083100000, 0x0000000083100000|100%| O|  |TAMS 0x0000000083100000, 0x0000000083100000| Untracked 
|  49|0x0000000083100000, 0x0000000083200000, 0x0000000083200000|100%| O|  |TAMS 0x0000000083200000, 0x0000000083200000| Untracked 
|  50|0x0000000083200000, 0x0000000083300000, 0x0000000083300000|100%| O|  |TAMS 0x0000000083300000, 0x0000000083300000| Untracked 
|  51|0x0000000083300000, 0x0000000083400000, 0x0000000083400000|100%| O|  |TAMS 0x0000000083400000, 0x0000000083400000| Untracked 
|  52|0x0000000083400000, 0x0000000083500000, 0x0000000083500000|100%| O|  |TAMS 0x0000000083500000, 0x0000000083500000| Untracked 
|  53|0x0000000083500000, 0x0000000083600000, 0x0000000083600000|100%| O|  |TAMS 0x0000000083600000, 0x0000000083600000| Untracked 
|  54|0x0000000083600000, 0x0000000083700000, 0x0000000083700000|100%| O|  |TAMS 0x0000000083700000, 0x0000000083700000| Untracked 
|  55|0x0000000083700000, 0x0000000083700000, 0x0000000083800000|  0%| F|  |TAMS 0x0000000083700000, 0x0000000083700000| Untracked 
|  56|0x0000000083800000, 0x0000000083900000, 0x0000000083900000|100%| O|  |TAMS 0x0000000083900000, 0x0000000083900000| Untracked 
|  57|0x0000000083900000, 0x0000000083a00000, 0x0000000083a00000|100%| O|  |TAMS 0x0000000083a00000, 0x0000000083a00000| Untracked 
|  58|0x0000000083a00000, 0x0000000083b00000, 0x0000000083b00000|100%| O|  |TAMS 0x0000000083b00000, 0x0000000083b00000| Untracked 
|  59|0x0000000083b00000, 0x0000000083c00000, 0x0000000083c00000|100%| O|  |TAMS 0x0000000083c00000, 0x0000000083c00000| Untracked 
|  60|0x0000000083c00000, 0x0000000083d00000, 0x0000000083d00000|100%| O|  |TAMS 0x0000000083c00000, 0x0000000083d00000| Untracked 
|  61|0x0000000083d00000, 0x0000000083d00000, 0x0000000083e00000|  0%| F|  |TAMS 0x0000000083d00000, 0x0000000083d00000| Untracked 
|  62|0x0000000083e00000, 0x0000000083f00000, 0x0000000083f00000|100%| O|  |TAMS 0x0000000083f00000, 0x0000000083f00000| Untracked 
|  63|0x0000000083f00000, 0x0000000084000000, 0x0000000084000000|100%| O|  |TAMS 0x0000000084000000, 0x0000000084000000| Untracked 
|  64|0x0000000084000000, 0x0000000084100000, 0x0000000084100000|100%| O|  |TAMS 0x0000000084100000, 0x0000000084100000| Untracked 
|  65|0x0000000084100000, 0x0000000084200000, 0x0000000084200000|100%| O|  |TAMS 0x0000000084200000, 0x0000000084200000| Untracked 
|  66|0x0000000084200000, 0x0000000084300000, 0x0000000084300000|100%| O|  |TAMS 0x0000000084300000, 0x0000000084300000| Untracked 
|  67|0x0000000084300000, 0x0000000084300000, 0x0000000084400000|  0%| F|  |TAMS 0x0000000084300000, 0x0000000084300000| Untracked 
|  68|0x0000000084400000, 0x0000000084500000, 0x0000000084500000|100%| O|  |TAMS 0x0000000084400000, 0x0000000084500000| Untracked 
|  69|0x0000000084500000, 0x0000000084600000, 0x0000000084600000|100%| O|  |TAMS 0x0000000084600000, 0x0000000084600000| Untracked 
|  70|0x0000000084600000, 0x0000000084600000, 0x0000000084700000|  0%| F|  |TAMS 0x0000000084600000, 0x0000000084600000| Untracked 
|  71|0x0000000084700000, 0x0000000084800000, 0x0000000084800000|100%| O|  |TAMS 0x0000000084800000, 0x0000000084800000| Untracked 
|  72|0x0000000084800000, 0x0000000084800000, 0x0000000084900000|  0%| F|  |TAMS 0x0000000084800000, 0x0000000084800000| Untracked 
|  73|0x0000000084900000, 0x0000000084a00000, 0x0000000084a00000|100%| O|  |TAMS 0x0000000084900000, 0x0000000084a00000| Untracked 
|  74|0x0000000084a00000, 0x0000000084b00000, 0x0000000084b00000|100%| O|  |TAMS 0x0000000084b00000, 0x0000000084b00000| Untracked 
|  75|0x0000000084b00000, 0x0000000084c00000, 0x0000000084c00000|100%| O|  |TAMS 0x0000000084b42c00, 0x0000000084c00000| Untracked 
|  76|0x0000000084c00000, 0x0000000084d00000, 0x0000000084d00000|100%| O|  |TAMS 0x0000000084d00000, 0x0000000084d00000| Untracked 
|  77|0x0000000084d00000, 0x0000000084e00000, 0x0000000084e00000|100%| O|  |TAMS 0x0000000084d00000, 0x0000000084e00000| Untracked 
|  78|0x0000000084e00000, 0x0000000084f00000, 0x0000000084f00000|100%| O|  |TAMS 0x0000000084e00000, 0x0000000084f00000| Untracked 
|  79|0x0000000084f00000, 0x0000000085000000, 0x0000000085000000|100%| O|  |TAMS 0x0000000084f00000, 0x0000000085000000| Untracked 
|  80|0x0000000085000000, 0x0000000085100000, 0x0000000085100000|100%| O|  |TAMS 0x0000000085000000, 0x0000000085100000| Untracked 
|  81|0x0000000085100000, 0x0000000085100000, 0x0000000085200000|  0%| F|  |TAMS 0x0000000085100000, 0x0000000085100000| Untracked 
|  82|0x0000000085200000, 0x0000000085300000, 0x0000000085300000|100%| O|  |TAMS 0x0000000085300000, 0x0000000085300000| Untracked 
|  83|0x0000000085300000, 0x0000000085400000, 0x0000000085400000|100%| O|  |TAMS 0x0000000085300000, 0x0000000085400000| Untracked 
|  84|0x0000000085400000, 0x0000000085500000, 0x0000000085500000|100%| O|  |TAMS 0x0000000085400000, 0x0000000085500000| Untracked 
|  85|0x0000000085500000, 0x0000000085600000, 0x0000000085600000|100%| O|  |TAMS 0x0000000085500000, 0x0000000085600000| Untracked 
|  86|0x0000000085600000, 0x0000000085700000, 0x0000000085700000|100%| O|  |TAMS 0x0000000085700000, 0x0000000085700000| Untracked 
|  87|0x0000000085700000, 0x0000000085800000, 0x0000000085800000|100%| O|  |TAMS 0x0000000085800000, 0x0000000085800000| Untracked 
|  88|0x0000000085800000, 0x0000000085900000, 0x0000000085900000|100%| O|  |TAMS 0x0000000085900000, 0x0000000085900000| Untracked 
|  89|0x0000000085900000, 0x0000000085a00000, 0x0000000085a00000|100%| O|  |TAMS 0x0000000085a00000, 0x0000000085a00000| Untracked 
|  90|0x0000000085a00000, 0x0000000085b00000, 0x0000000085b00000|100%| O|  |TAMS 0x0000000085b00000, 0x0000000085b00000| Untracked 
|  91|0x0000000085b00000, 0x0000000085c00000, 0x0000000085c00000|100%| O|  |TAMS 0x0000000085b00000, 0x0000000085c00000| Untracked 
|  92|0x0000000085c00000, 0x0000000085d00000, 0x0000000085d00000|100%| O|  |TAMS 0x0000000085c00000, 0x0000000085d00000| Untracked 
|  93|0x0000000085d00000, 0x0000000085e00000, 0x0000000085e00000|100%| O|  |TAMS 0x0000000085d00000, 0x0000000085e00000| Untracked 
|  94|0x0000000085e00000, 0x0000000085f00000, 0x0000000085f00000|100%| O|  |TAMS 0x0000000085e00000, 0x0000000085f00000| Untracked 
|  95|0x0000000085f00000, 0x0000000086000000, 0x0000000086000000|100%| O|  |TAMS 0x0000000085f00000, 0x0000000086000000| Untracked 
|  96|0x0000000086000000, 0x0000000086000000, 0x0000000086100000|  0%| F|  |TAMS 0x0000000086000000, 0x0000000086000000| Untracked 
|  97|0x0000000086100000, 0x0000000086100000, 0x0000000086200000|  0%| F|  |TAMS 0x0000000086100000, 0x0000000086100000| Untracked 
|  98|0x0000000086200000, 0x0000000086200000, 0x0000000086300000|  0%| F|  |TAMS 0x0000000086200000, 0x0000000086200000| Untracked 
|  99|0x0000000086300000, 0x0000000086300000, 0x0000000086400000|  0%| F|  |TAMS 0x0000000086300000, 0x0000000086300000| Untracked 
| 100|0x0000000086400000, 0x0000000086400000, 0x0000000086500000|  0%| F|  |TAMS 0x0000000086400000, 0x0000000086400000| Untracked 
| 101|0x0000000086500000, 0x0000000086500000, 0x0000000086600000|  0%| F|  |TAMS 0x0000000086500000, 0x0000000086500000| Untracked 
| 102|0x0000000086600000, 0x0000000086600000, 0x0000000086700000|  0%| F|  |TAMS 0x0000000086600000, 0x0000000086600000| Untracked 
| 103|0x0000000086700000, 0x0000000086700000, 0x0000000086800000|  0%| F|  |TAMS 0x0000000086700000, 0x0000000086700000| Untracked 
| 104|0x0000000086800000, 0x0000000086800000, 0x0000000086900000|  0%| F|  |TAMS 0x0000000086800000, 0x0000000086800000| Untracked 
| 105|0x0000000086900000, 0x0000000086900000, 0x0000000086a00000|  0%| F|  |TAMS 0x0000000086900000, 0x0000000086900000| Untracked 
| 106|0x0000000086a00000, 0x0000000086a00000, 0x0000000086b00000|  0%| F|  |TAMS 0x0000000086a00000, 0x0000000086a00000| Untracked 
| 107|0x0000000086b00000, 0x0000000086b00000, 0x0000000086c00000|  0%| F|  |TAMS 0x0000000086b00000, 0x0000000086b00000| Untracked 
| 108|0x0000000086c00000, 0x0000000086c00000, 0x0000000086d00000|  0%| F|  |TAMS 0x0000000086c00000, 0x0000000086c00000| Untracked 
| 109|0x0000000086d00000, 0x0000000086d00000, 0x0000000086e00000|  0%| F|  |TAMS 0x0000000086d00000, 0x0000000086d00000| Untracked 
| 110|0x0000000086e00000, 0x0000000086e00000, 0x0000000086f00000|  0%| F|  |TAMS 0x0000000086e00000, 0x0000000086e00000| Untracked 
| 111|0x0000000086f00000, 0x0000000086f00000, 0x0000000087000000|  0%| F|  |TAMS 0x0000000086f00000, 0x0000000086f00000| Untracked 
| 112|0x0000000087000000, 0x0000000087000000, 0x0000000087100000|  0%| F|  |TAMS 0x0000000087000000, 0x0000000087000000| Untracked 
| 113|0x0000000087100000, 0x0000000087100000, 0x0000000087200000|  0%| F|  |TAMS 0x0000000087100000, 0x0000000087100000| Untracked 
| 114|0x0000000087200000, 0x0000000087200000, 0x0000000087300000|  0%| F|  |TAMS 0x0000000087200000, 0x0000000087200000| Untracked 
| 115|0x0000000087300000, 0x0000000087300000, 0x0000000087400000|  0%| F|  |TAMS 0x0000000087300000, 0x0000000087300000| Untracked 
| 116|0x0000000087400000, 0x0000000087400000, 0x0000000087500000|  0%| F|  |TAMS 0x0000000087400000, 0x0000000087400000| Untracked 
| 117|0x0000000087500000, 0x0000000087500000, 0x0000000087600000|  0%| F|  |TAMS 0x0000000087500000, 0x0000000087500000| Untracked 
| 118|0x0000000087600000, 0x0000000087600000, 0x0000000087700000|  0%| F|  |TAMS 0x0000000087600000, 0x0000000087600000| Untracked 
| 119|0x0000000087700000, 0x0000000087700000, 0x0000000087800000|  0%| F|  |TAMS 0x0000000087700000, 0x0000000087700000| Untracked 
| 120|0x0000000087800000, 0x0000000087800000, 0x0000000087900000|  0%| F|  |TAMS 0x0000000087800000, 0x0000000087800000| Untracked 
| 121|0x0000000087900000, 0x0000000087900000, 0x0000000087a00000|  0%| F|  |TAMS 0x0000000087900000, 0x0000000087900000| Untracked 
| 122|0x0000000087a00000, 0x0000000087a00000, 0x0000000087b00000|  0%| F|  |TAMS 0x0000000087a00000, 0x0000000087a00000| Untracked 
| 123|0x0000000087b00000, 0x0000000087b00000, 0x0000000087c00000|  0%| F|  |TAMS 0x0000000087b00000, 0x0000000087b00000| Untracked 
| 124|0x0000000087c00000, 0x0000000087c00000, 0x0000000087d00000|  0%| F|  |TAMS 0x0000000087c00000, 0x0000000087c00000| Untracked 
| 125|0x0000000087d00000, 0x0000000087d00000, 0x0000000087e00000|  0%| F|  |TAMS 0x0000000087d00000, 0x0000000087d00000| Untracked 
| 126|0x0000000087e00000, 0x0000000087e00000, 0x0000000087f00000|  0%| F|  |TAMS 0x0000000087e00000, 0x0000000087e00000| Untracked 
| 127|0x0000000087f00000, 0x0000000087f00000, 0x0000000088000000|  0%| F|  |TAMS 0x0000000087f00000, 0x0000000087f00000| Untracked 
| 128|0x0000000088000000, 0x0000000088000000, 0x0000000088100000|  0%| F|  |TAMS 0x0000000088000000, 0x0000000088000000| Untracked 
| 129|0x0000000088100000, 0x0000000088100000, 0x0000000088200000|  0%| F|  |TAMS 0x0000000088100000, 0x0000000088100000| Untracked 
| 130|0x0000000088200000, 0x0000000088200000, 0x0000000088300000|  0%| F|  |TAMS 0x0000000088200000, 0x0000000088200000| Untracked 
| 131|0x0000000088300000, 0x0000000088300000, 0x0000000088400000|  0%| F|  |TAMS 0x0000000088300000, 0x0000000088300000| Untracked 
| 132|0x0000000088400000, 0x0000000088400000, 0x0000000088500000|  0%| F|  |TAMS 0x0000000088400000, 0x0000000088400000| Untracked 
| 133|0x0000000088500000, 0x0000000088500000, 0x0000000088600000|  0%| F|  |TAMS 0x0000000088500000, 0x0000000088500000| Untracked 
| 134|0x0000000088600000, 0x0000000088600000, 0x0000000088700000|  0%| F|  |TAMS 0x0000000088600000, 0x0000000088600000| Untracked 
| 135|0x0000000088700000, 0x0000000088800000, 0x0000000088800000|100%| S|CS|TAMS 0x0000000088700000, 0x0000000088700000| Complete 
| 136|0x0000000088800000, 0x0000000088800000, 0x0000000088900000|  0%| F|  |TAMS 0x0000000088800000, 0x0000000088800000| Untracked 
| 137|0x0000000088900000, 0x0000000088900000, 0x0000000088a00000|  0%| F|  |TAMS 0x0000000088900000, 0x0000000088900000| Untracked 
| 138|0x0000000088a00000, 0x0000000088a00000, 0x0000000088b00000|  0%| F|  |TAMS 0x0000000088a00000, 0x0000000088a00000| Untracked 
| 139|0x0000000088b00000, 0x0000000088b00000, 0x0000000088c00000|  0%| F|  |TAMS 0x0000000088b00000, 0x0000000088b00000| Untracked 
| 140|0x0000000088c00000, 0x0000000088c00000, 0x0000000088d00000|  0%| F|  |TAMS 0x0000000088c00000, 0x0000000088c00000| Untracked 
| 141|0x0000000088d00000, 0x0000000088d00000, 0x0000000088e00000|  0%| F|  |TAMS 0x0000000088d00000, 0x0000000088d00000| Untracked 
| 142|0x0000000088e00000, 0x0000000088e00000, 0x0000000088f00000|  0%| F|  |TAMS 0x0000000088e00000, 0x0000000088e00000| Untracked 

Card table byte_map: [0x000002ce71b50000,0x000002ce71f50000] _byte_map_base: 0x000002ce71750000

Marking Bits (Prev, Next): (CMBitMap*) 0x000002ce5f07f470, (CMBitMap*) 0x000002ce5f07f438
 Prev Bits: [0x000002ce74350000, 0x000002ce76350000)
 Next Bits: [0x000002ce72350000, 0x000002ce74350000)

Polling page: 0x000002ce5cec0000

Metaspace:

Usage:
  Non-class:     99.92 MB capacity,    97.98 MB ( 98%) used,     1.55 MB (  2%) free+waste,   397.56 KB ( <1%) overhead. 
      Class:     15.40 MB capacity,    14.22 MB ( 92%) used,     1.01 MB (  7%) free+waste,   175.88 KB (  1%) overhead. 
       Both:    115.33 MB capacity,   112.21 MB ( 97%) used,     2.56 MB (  2%) free+waste,   573.44 KB ( <1%) overhead. 

Virtual space:
  Non-class space:      102.00 MB reserved,     100.08 MB ( 98%) committed 
      Class space:        1.00 GB reserved,      15.50 MB (  2%) committed 
             Both:        1.10 GB reserved,     115.58 MB ( 10%) committed 

Chunk freelists:
   Non-Class:  30.00 KB
       Class:  0 bytes
        Both:  30.00 KB

MaxMetaspaceSize: 17179869184.00 GB
CompressedClassSpaceSize: 1.00 GB
Initial GC threshold: 20.80 MB
Current GC threshold: 191.59 MB
CDS: off

CodeHeap 'non-profiled nmethods': size=120064Kb used=10887Kb max_used=10887Kb free=109176Kb
 bounds [0x000002ce6a610000, 0x000002ce6b0c0000, 0x000002ce71b50000]
CodeHeap 'profiled nmethods': size=120000Kb used=39752Kb max_used=39752Kb free=80247Kb
 bounds [0x000002ce630e0000, 0x000002ce657c0000, 0x000002ce6a610000]
CodeHeap 'non-nmethods': size=5696Kb used=2432Kb max_used=2491Kb free=3263Kb
 bounds [0x000002ce62b50000, 0x000002ce62dd0000, 0x000002ce630e0000]
 total_blobs=18072 nmethods=17112 adapters=871
 compilation: enabled
              stopped_count=0, restarted_count=0
 full_count=0

Compilation events (20 events):
Event: 575.868 Thread 0x000002ce79118800 nmethod 17201 0x000002ce657aa710 code [0x000002ce657aaa40, 0x000002ce657abf68]
Event: 575.868 Thread 0x000002ce79118800 17200       3       org.gradle.api.internal.artifacts.DefaultResolverResults::assertHasVisitResult (22 bytes)
Event: 575.869 Thread 0x000002ce79118800 nmethod 17200 0x000002ce657ac690 code [0x000002ce657ac860, 0x000002ce657acb28]
Event: 576.031 Thread 0x000002ce79118800 17202       1       org.gradle.api.file.RelativePath::isFile (5 bytes)
Event: 576.032 Thread 0x000002ce79118800 nmethod 17202 0x000002ce6b0b0090 code [0x000002ce6b0b0240, 0x000002ce6b0b02f8]
Event: 576.043 Thread 0x000002ce79118800 17203       3       org.gradle.api.internal.file.pattern.HasPrefixPatternStep::matches (27 bytes)
Event: 576.044 Thread 0x000002ce79118800 nmethod 17203 0x000002ce657acc90 code [0x000002ce657ace40, 0x000002ce657ad008]
Event: 576.044 Thread 0x000002ce79118800 17204       3       org.gradle.api.file.RelativePath::equals (54 bytes)
Event: 576.079 Thread 0x000002ce79118800 nmethod 17204 0x000002ce657ad110 code [0x000002ce657ad2e0, 0x000002ce657ad688]
Event: 576.119 Thread 0x000002ce79118800 17205       3       org.gradle.api.tasks.util.PatternSet::getExcludes (19 bytes)
Event: 576.121 Thread 0x000002ce79118800 nmethod 17205 0x000002ce657ad790 code [0x000002ce657ad9c0, 0x000002ce657adf88]
Event: 576.525 Thread 0x000002ce79118800 17206       3       org.gradle.internal.operations.BuildOperationDescriptor$Builder::progressDisplayName (7 bytes)
Event: 576.526 Thread 0x000002ce79118800 nmethod 17206 0x000002ce657ae190 code [0x000002ce657ae340, 0x000002ce657ae498]
Event: 576.528 Thread 0x000002ce78787800 17207       4       org.gradle.internal.snapshot.impl.IsolatedArray::isolate (60 bytes)
Event: 576.548 Thread 0x000002ce78787800 nmethod 17207 0x000002ce6b0b0390 code [0x000002ce6b0b0580, 0x000002ce6b0b0bd8]
Event: 576.550 Thread 0x000002ce78787800 17208       4       org.gradle.internal.snapshot.impl.IsolatedArray::isolate (5 bytes)
Event: 576.575 Thread 0x000002ce78787800 nmethod 17208 0x000002ce6b0b1110 code [0x000002ce6b0b1300, 0x000002ce6b0b1958]
Event: 576.576 Thread 0x000002ce78787800 17209       4       org.gradle.api.internal.attributes.DefaultAttributesSchema$MergedSchema::matchValue (138 bytes)
Event: 576.579 Thread 0x000002ce79118800 17211   !   3       com.google.common.cache.LocalCache$Segment::get (122 bytes)
Event: 576.601 Thread 0x000002ce79118800 nmethod 17211 0x000002ce657ae510 code [0x000002ce657ae9e0, 0x000002ce657b0fc8]

GC Heap History (20 events):
Event: 117.413 GC heap after
{Heap after GC invocations=103 (full 0):
 garbage-first heap   total 146432K, used 92192K [0x0000000080000000, 0x0000000100000000)
  region size 1024K, 4 young (4096K), 4 survivors (4096K)
 Metaspace       used 112450K, capacity 115362K, committed 115536K, reserved 1148928K
  class space    used 14406K, capacity 15558K, committed 15616K, reserved 1048576K
}
Event: 117.664 GC heap before
{Heap before GC invocations=103 (full 0):
 garbage-first heap   total 146432K, used 94240K [0x0000000080000000, 0x0000000100000000)
  region size 1024K, 7 young (7168K), 4 survivors (4096K)
 Metaspace       used 112727K, capacity 115720K, committed 115792K, reserved 1148928K
  class space    used 14447K, capacity 15612K, committed 15616K, reserved 1048576K
}
Event: 117.680 GC heap after
{Heap after GC invocations=104 (full 0):
 garbage-first heap   total 146432K, used 86925K [0x0000000080000000, 0x0000000100000000)
  region size 1024K, 1 young (1024K), 1 survivors (1024K)
 Metaspace       used 112727K, capacity 115720K, committed 115792K, reserved 1148928K
  class space    used 14447K, capacity 15612K, committed 15616K, reserved 1048576K
}
Event: 187.564 GC heap before
{Heap before GC invocations=104 (full 0):
 garbage-first heap   total 146432K, used 117645K [0x0000000080000000, 0x0000000100000000)
  region size 1024K, 32 young (32768K), 1 survivors (1024K)
 Metaspace       used 113540K, capacity 116575K, committed 116688K, reserved 1150976K
  class space    used 14480K, capacity 15657K, committed 15744K, reserved 1048576K
}
Event: 187.599 GC heap after
{Heap after GC invocations=105 (full 0):
 garbage-first heap   total 146432K, used 90044K [0x0000000080000000, 0x0000000100000000)
  region size 1024K, 4 young (4096K), 4 survivors (4096K)
 Metaspace       used 113540K, capacity 116575K, committed 116688K, reserved 1150976K
  class space    used 14480K, capacity 15657K, committed 15744K, reserved 1048576K
}
Event: 329.841 GC heap before
{Heap before GC invocations=106 (full 0):
 garbage-first heap   total 146432K, used 120764K [0x0000000080000000, 0x0000000100000000)
  region size 1024K, 34 young (34816K), 4 survivors (4096K)
 Metaspace       used 113955K, capacity 117020K, committed 117200K, reserved 1150976K
  class space    used 14488K, capacity 15669K, committed 15744K, reserved 1048576K
}
Event: 329.851 GC heap after
{Heap after GC invocations=107 (full 0):
 garbage-first heap   total 146432K, used 87785K [0x0000000080000000, 0x0000000100000000)
  region size 1024K, 1 young (1024K), 1 survivors (1024K)
 Metaspace       used 113955K, capacity 117020K, committed 117200K, reserved 1150976K
  class space    used 14488K, capacity 15669K, committed 15744K, reserved 1048576K
}
Event: 331.928 GC heap before
{Heap before GC invocations=107 (full 0):
 garbage-first heap   total 146432K, used 92905K [0x0000000080000000, 0x0000000100000000)
  region size 1024K, 7 young (7168K), 1 survivors (1024K)
 Metaspace       used 114043K, capacity 117113K, committed 117200K, reserved 1150976K
  class space    used 14501K, capacity 15692K, committed 15744K, reserved 1048576K
}
Event: 331.939 GC heap after
{Heap after GC invocations=108 (full 0):
 garbage-first heap   total 146432K, used 88064K [0x0000000080000000, 0x0000000100000000)
  region size 1024K, 1 young (1024K), 1 survivors (1024K)
 Metaspace       used 114043K, capacity 117113K, committed 117200K, reserved 1150976K
  class space    used 14501K, capacity 15692K, committed 15744K, reserved 1048576K
}
Event: 338.244 GC heap before
{Heap before GC invocations=108 (full 0):
 garbage-first heap   total 146432K, used 120832K [0x0000000080000000, 0x0000000100000000)
  region size 1024K, 33 young (33792K), 1 survivors (1024K)
 Metaspace       used 114505K, capacity 117603K, committed 117712K, reserved 1150976K
  class space    used 14535K, capacity 15721K, committed 15744K, reserved 1048576K
}
Event: 338.268 GC heap after
{Heap after GC invocations=109 (full 0):
 garbage-first heap   total 146432K, used 92427K [0x0000000080000000, 0x0000000100000000)
  region size 1024K, 5 young (5120K), 5 survivors (5120K)
 Metaspace       used 114505K, capacity 117603K, committed 117712K, reserved 1150976K
  class space    used 14535K, capacity 15721K, committed 15744K, reserved 1048576K
}
Event: 521.578 GC heap before
{Heap before GC invocations=110 (full 0):
 garbage-first heap   total 146432K, used 120075K [0x0000000080000000, 0x0000000100000000)
  region size 1024K, 33 young (33792K), 5 survivors (5120K)
 Metaspace       used 114703K, capacity 117886K, committed 117968K, reserved 1150976K
  class space    used 14545K, capacity 15737K, committed 15744K, reserved 1048576K
}
Event: 524.889 GC heap after
{Heap after GC invocations=111 (full 0):
 garbage-first heap   total 146432K, used 95641K [0x0000000080000000, 0x0000000100000000)
  region size 1024K, 4 young (4096K), 4 survivors (4096K)
 Metaspace       used 114703K, capacity 117886K, committed 117968K, reserved 1150976K
  class space    used 14545K, capacity 15737K, committed 15744K, reserved 1048576K
}
Event: 532.749 GC heap before
{Heap before GC invocations=111 (full 0):
 garbage-first heap   total 146432K, used 97689K [0x0000000080000000, 0x0000000100000000)
  region size 1024K, 7 young (7168K), 4 survivors (4096K)
 Metaspace       used 114763K, capacity 117934K, committed 118096K, reserved 1150976K
  class space    used 14551K, capacity 15749K, committed 15872K, reserved 1048576K
}
Event: 535.937 GC heap after
{Heap after GC invocations=112 (full 0):
 garbage-first heap   total 146432K, used 93184K [0x0000000080000000, 0x0000000100000000)
  region size 1024K, 1 young (1024K), 1 survivors (1024K)
 Metaspace       used 114763K, capacity 117934K, committed 118096K, reserved 1150976K
  class space    used 14551K, capacity 15749K, committed 15872K, reserved 1048576K
}
Event: 553.848 GC heap before
{Heap before GC invocations=112 (full 0):
 garbage-first heap   total 146432K, used 99328K [0x0000000080000000, 0x0000000100000000)
  region size 1024K, 7 young (7168K), 1 survivors (1024K)
 Metaspace       used 114834K, capacity 118000K, committed 118352K, reserved 1153024K
  class space    used 14561K, capacity 15767K, committed 15872K, reserved 1048576K
}
Event: 558.014 GC heap after
{Heap after GC invocations=113 (full 0):
 garbage-first heap   total 146432K, used 92160K [0x0000000080000000, 0x0000000100000000)
  region size 1024K, 1 young (1024K), 1 survivors (1024K)
 Metaspace       used 114834K, capacity 118000K, committed 118352K, reserved 1153024K
  class space    used 14561K, capacity 15767K, committed 15872K, reserved 1048576K
}
Event: 567.812 GC heap before
{Heap before GC invocations=113 (full 0):
 garbage-first heap   total 146432K, used 98304K [0x0000000080000000, 0x0000000100000000)
  region size 1024K, 7 young (7168K), 1 survivors (1024K)
 Metaspace       used 114873K, capacity 118080K, committed 118352K, reserved 1153024K
  class space    used 14563K, capacity 15770K, committed 15872K, reserved 1048576K
}
Event: 569.425 GC heap after
{Heap after GC invocations=114 (full 0):
 garbage-first heap   total 146432K, used 92583K [0x0000000080000000, 0x0000000100000000)
  region size 1024K, 1 young (1024K), 1 survivors (1024K)
 Metaspace       used 114873K, capacity 118080K, committed 118352K, reserved 1153024K
  class space    used 14563K, capacity 15770K, committed 15872K, reserved 1048576K
}
Event: 577.138 GC heap before
{Heap before GC invocations=114 (full 0):
 garbage-first heap   total 146432K, used 97703K [0x0000000080000000, 0x0000000100000000)
  region size 1024K, 7 young (7168K), 1 survivors (1024K)
 Metaspace       used 114900K, capacity 118096K, committed 118352K, reserved 1153024K
  class space    used 14565K, capacity 15774K, committed 15872K, reserved 1048576K
}

Deoptimization events (20 events):
Event: 558.094 Thread 0x000002ce7a72f800 Uncommon trap: trap_request=0xffffffde fr.pc=0x000002ce6b080100 relative=0x00000000000000e0
Event: 558.094 Thread 0x000002ce7a72f800 Uncommon trap: reason=class_check action=maybe_recompile pc=0x000002ce6b080100 method=jdk.internal.misc.Unsafe.allocateUninitializedArray(Ljava/lang/Class;I)Ljava/lang/Object; @ 48 c2
Event: 558.094 Thread 0x000002ce7a72f800 DEOPT PACKING pc=0x000002ce6b080100 sp=0x000000cf99efe9a0
Event: 558.094 Thread 0x000002ce7a72f800 DEOPT UNPACKING pc=0x000002ce62b9a1af sp=0x000000cf99efe928 mode 2
Event: 558.094 Thread 0x000002ce7a72f800 Uncommon trap: trap_request=0xffffffde fr.pc=0x000002ce6b080100 relative=0x00000000000000e0
Event: 558.094 Thread 0x000002ce7a72f800 Uncommon trap: reason=class_check action=maybe_recompile pc=0x000002ce6b080100 method=jdk.internal.misc.Unsafe.allocateUninitializedArray(Ljava/lang/Class;I)Ljava/lang/Object; @ 48 c2
Event: 558.094 Thread 0x000002ce7a72f800 DEOPT PACKING pc=0x000002ce6b080100 sp=0x000000cf99efe9a0
Event: 558.094 Thread 0x000002ce7a72f800 DEOPT UNPACKING pc=0x000002ce62b9a1af sp=0x000000cf99efe928 mode 2
Event: 558.094 Thread 0x000002ce7a72f800 Uncommon trap: trap_request=0xffffffde fr.pc=0x000002ce6b080100 relative=0x00000000000000e0
Event: 558.094 Thread 0x000002ce7a72f800 Uncommon trap: reason=class_check action=maybe_recompile pc=0x000002ce6b080100 method=jdk.internal.misc.Unsafe.allocateUninitializedArray(Ljava/lang/Class;I)Ljava/lang/Object; @ 48 c2
Event: 558.094 Thread 0x000002ce7a72f800 DEOPT PACKING pc=0x000002ce6b080100 sp=0x000000cf99efe9a0
Event: 558.094 Thread 0x000002ce7a72f800 DEOPT UNPACKING pc=0x000002ce62b9a1af sp=0x000000cf99efe928 mode 2
Event: 566.172 Thread 0x000002ce7b377800 Uncommon trap: trap_request=0xffffff5c fr.pc=0x000002ce6b0982f0 relative=0x00000000000007b0
Event: 566.172 Thread 0x000002ce7b377800 Uncommon trap: reason=speculate_null_assert action=make_not_entrant pc=0x000002ce6b0982f0 method=org.gradle.api.internal.file.collections.UnpackingVisitor.add(Ljava/lang/Object;)V @ 346 c2
Event: 566.172 Thread 0x000002ce7b377800 DEOPT PACKING pc=0x000002ce6b0982f0 sp=0x000000cf9a2fa550
Event: 566.173 Thread 0x000002ce7b377800 DEOPT UNPACKING pc=0x000002ce62b9a1af sp=0x000000cf9a2fa4e8 mode 2
Event: 571.018 Thread 0x000002ce7b377800 Uncommon trap: trap_request=0xffffff4d fr.pc=0x000002ce6b038a24 relative=0x0000000000000244
Event: 571.018 Thread 0x000002ce7b377800 Uncommon trap: reason=unstable_if action=reinterpret pc=0x000002ce6b038a24 method=com.google.common.cache.LocalCache$Segment.getLiveEntry(Ljava/lang/Object;IJ)Lcom/google/common/cache/ReferenceEntry; @ 25 c2
Event: 571.018 Thread 0x000002ce7b377800 DEOPT PACKING pc=0x000002ce6b038a24 sp=0x000000cf9a2f7ba0
Event: 571.038 Thread 0x000002ce7b377800 DEOPT UNPACKING pc=0x000002ce62b9a1af sp=0x000000cf9a2f7b78 mode 2

Classes redefined (0 events):
No events

Internal exceptions (20 events):
Event: 333.840 Thread 0x000002ce7b373800 Exception <a 'sun/nio/fs/WindowsException'{0x0000000087ac0b08}> (0x0000000087ac0b08) thrown at [./src/hotspot/share/prims/jni.cpp, line 616]
Event: 333.903 Thread 0x000002ce7b373800 Exception <a 'sun/nio/fs/WindowsException'{0x0000000087963648}> (0x0000000087963648) thrown at [./src/hotspot/share/prims/jni.cpp, line 616]
Event: 333.903 Thread 0x000002ce7b373800 Exception <a 'sun/nio/fs/WindowsException'{0x00000000879649c0}> (0x00000000879649c0) thrown at [./src/hotspot/share/prims/jni.cpp, line 616]
Event: 333.904 Thread 0x000002ce7b373800 Exception <a 'sun/nio/fs/WindowsException'{0x0000000087965d88}> (0x0000000087965d88) thrown at [./src/hotspot/share/prims/jni.cpp, line 616]
Event: 333.904 Thread 0x000002ce7b373800 Exception <a 'sun/nio/fs/WindowsException'{0x0000000087967150}> (0x0000000087967150) thrown at [./src/hotspot/share/prims/jni.cpp, line 616]
Event: 334.803 Thread 0x000002ce7b373800 Exception <a 'sun/nio/fs/WindowsException'{0x00000000877f79f8}> (0x00000000877f79f8) thrown at [./src/hotspot/share/prims/jni.cpp, line 616]
Event: 334.803 Thread 0x000002ce7b373800 Exception <a 'sun/nio/fs/WindowsException'{0x00000000877f7a78}> (0x00000000877f7a78) thrown at [./src/hotspot/share/prims/jni.cpp, line 616]
Event: 334.803 Thread 0x000002ce7b373800 Exception <a 'sun/nio/fs/WindowsException'{0x00000000877f93f0}> (0x00000000877f93f0) thrown at [./src/hotspot/share/prims/jni.cpp, line 616]
Event: 338.798 Thread 0x000002ce7b376000 Exception <a 'java/lang/NoSuchMethodError'{0x0000000088e35a80}: <clinit>> (0x0000000088e35a80) thrown at [./src/hotspot/share/prims/jni.cpp, line 1366]
Event: 338.801 Thread 0x000002ce7b376000 Exception <a 'java/lang/NoSuchMethodError'{0x0000000088e47960}: <clinit>> (0x0000000088e47960) thrown at [./src/hotspot/share/prims/jni.cpp, line 1366]
Event: 338.802 Thread 0x000002ce7b376000 Exception <a 'java/lang/NoSuchMethodError'{0x0000000088e49298}: <clinit>> (0x0000000088e49298) thrown at [./src/hotspot/share/prims/jni.cpp, line 1366]
Event: 338.805 Thread 0x000002ce7b376000 Exception <a 'java/lang/NoSuchMethodError'{0x0000000088e5c700}: <clinit>> (0x0000000088e5c700) thrown at [./src/hotspot/share/prims/jni.cpp, line 1366]
Event: 338.878 Thread 0x000002ce7b376000 Exception <a 'java/lang/NoSuchMethodError'{0x0000000088e69f40}: <clinit>> (0x0000000088e69f40) thrown at [./src/hotspot/share/prims/jni.cpp, line 1366]
Event: 512.094 Thread 0x000002ce7b377800 Exception <a 'sun/nio/fs/WindowsException'{0x000000008762dca8}> (0x000000008762dca8) thrown at [./src/hotspot/share/prims/jni.cpp, line 616]
Event: 521.143 Thread 0x000002ce7b377800 Exception <a 'java/lang/NoClassDefFoundError'{0x000000008739cde0}: org/jetbrains/kotlin/gradle/plugin/KotlinBasePluginWrapper> (0x000000008739cde0) thrown at [./src/hotspot/share/oops/constantPool.cpp, line 775]
Event: 530.235 Thread 0x000002ce7b377800 Exception <a 'sun/nio/fs/WindowsException'{0x0000000088cbedc0}> (0x0000000088cbedc0) thrown at [./src/hotspot/share/prims/jni.cpp, line 616]
Event: 536.920 Thread 0x000002ce7b377800 Exception <a 'sun/nio/fs/WindowsException'{0x0000000088e7f750}> (0x0000000088e7f750) thrown at [./src/hotspot/share/prims/jni.cpp, line 616]
Event: 537.052 Thread 0x000002ce7b377800 Exception <a 'sun/nio/fs/WindowsException'{0x0000000088e80ac8}> (0x0000000088e80ac8) thrown at [./src/hotspot/share/prims/jni.cpp, line 616]
Event: 537.053 Thread 0x000002ce7b377800 Exception <a 'sun/nio/fs/WindowsException'{0x0000000088e81e90}> (0x0000000088e81e90) thrown at [./src/hotspot/share/prims/jni.cpp, line 616]
Event: 537.053 Thread 0x000002ce7b377800 Exception <a 'sun/nio/fs/WindowsException'{0x0000000088e83258}> (0x0000000088e83258) thrown at [./src/hotspot/share/prims/jni.cpp, line 616]

Events (20 events):
Event: 505.141 loading class org/gradle/internal/operations/BuildOperationDescriptor$1
Event: 505.141 loading class org/gradle/internal/operations/BuildOperationDescriptor$1 done
Event: 514.672 Executing VM operation: RevokeBias
Event: 514.672 Executing VM operation: RevokeBias done
Event: 516.791 Executing VM operation: RevokeBias
Event: 516.791 Executing VM operation: RevokeBias done
Event: 521.578 Executing VM operation: G1CollectForAllocation
Event: 524.889 Executing VM operation: G1CollectForAllocation done
Event: 525.448 Executing VM operation: BulkRevokeBias
Event: 525.507 Executing VM operation: BulkRevokeBias done
Event: 532.749 Executing VM operation: G1CollectForAllocation
Event: 535.937 Executing VM operation: G1CollectForAllocation done
Event: 542.014 Thread 0x000002ce79ddf800 Thread added: 0x000002ce79ddf800
Event: 543.690 Thread 0x000002ce7b37a000 Thread added: 0x000002ce7b37a000
Event: 544.613 Thread 0x000002ce00e8d800 Thread added: 0x000002ce00e8d800
Event: 553.769 Executing VM operation: G1CollectForAllocation
Event: 558.014 Executing VM operation: G1CollectForAllocation done
Event: 567.773 Executing VM operation: G1CollectForAllocation
Event: 569.426 Executing VM operation: G1CollectForAllocation done
Event: 577.022 Executing VM operation: G1CollectForAllocation


Dynamic libraries:
0x00007ff69d830000 - 0x00007ff69d83a000 	C:\Program Files\Android\Android Studio\jre\bin\java.exe
0x00007ffc744c0000 - 0x00007ffc746b0000 	C:\windows\SYSTEM32\ntdll.dll
0x00007ffc74340000 - 0x00007ffc743f2000 	C:\windows\System32\KERNEL32.DLL
0x00007ffc71570000 - 0x00007ffc71815000 	C:\windows\System32\KERNELBASE.dll
0x00007ffc722d0000 - 0x00007ffc723ca000 	C:\windows\System32\ucrtbase.dll
0x00007ffc699f0000 - 0x00007ffc69a09000 	C:\Program Files\Android\Android Studio\jre\bin\jli.dll
0x00007ffc73fc0000 - 0x00007ffc74154000 	C:\windows\System32\USER32.dll
0x00007ffc71920000 - 0x00007ffc71941000 	C:\windows\System32\win32u.dll
0x00007ffc72e50000 - 0x00007ffc72e76000 	C:\windows\System32\GDI32.dll
0x00007ffc723d0000 - 0x00007ffc72568000 	C:\windows\System32\gdi32full.dll
0x00007ffc72230000 - 0x00007ffc722ce000 	C:\windows\System32\msvcp_win.dll
0x00007ffc4fa10000 - 0x00007ffc4fa27000 	C:\Program Files\Android\Android Studio\jre\bin\VCRUNTIME140.dll
0x00007ffc69db0000 - 0x00007ffc6a034000 	C:\windows\WinSxS\amd64_microsoft.windows.common-controls_6595b64144ccf1df_6.0.18362.1556_none_9e7e372fe45e41d5\COMCTL32.dll
0x00007ffc72ea0000 - 0x00007ffc72f3e000 	C:\windows\System32\msvcrt.dll
0x00007ffc735e0000 - 0x00007ffc73916000 	C:\windows\System32\combase.dll
0x00007ffc73ad0000 - 0x00007ffc73bef000 	C:\windows\System32\RPCRT4.dll
0x00007ffc71450000 - 0x00007ffc714d1000 	C:\windows\System32\bcryptPrimitives.dll
0x00007ffc73bf0000 - 0x00007ffc73c1e000 	C:\windows\System32\IMM32.DLL
0x00007ffc27750000 - 0x00007ffc277ed000 	C:\Program Files\Android\Android Studio\jre\bin\msvcp140.dll
0x00007ffc14150000 - 0x00007ffc14c52000 	C:\Program Files\Android\Android Studio\jre\bin\server\jvm.dll
0x00007ffc74230000 - 0x00007ffc742d3000 	C:\windows\System32\ADVAPI32.dll
0x00007ffc72cd0000 - 0x00007ffc72d67000 	C:\windows\System32\sechost.dll
0x00007ffc72e90000 - 0x00007ffc72e98000 	C:\windows\System32\PSAPI.DLL
0x00007ffc6be40000 - 0x00007ffc6be49000 	C:\windows\SYSTEM32\WSOCK32.dll
0x00007ffc74400000 - 0x00007ffc7446f000 	C:\windows\System32\WS2_32.dll
0x00007ffc67ea0000 - 0x00007ffc67ec4000 	C:\windows\SYSTEM32\WINMM.dll
0x00007ffc6ab50000 - 0x00007ffc6ab5a000 	C:\windows\SYSTEM32\VERSION.dll
0x00007ffc67c50000 - 0x00007ffc67c7d000 	C:\windows\SYSTEM32\WINMMBASE.dll
0x00007ffc71820000 - 0x00007ffc7186a000 	C:\windows\System32\cfgmgr32.dll
0x00007ffc71410000 - 0x00007ffc71421000 	C:\windows\System32\kernel.appcore.dll
0x00007ffc6be00000 - 0x00007ffc6be11000 	C:\Program Files\Android\Android Studio\jre\bin\verify.dll
0x00007ffc6adc0000 - 0x00007ffc6afb4000 	C:\windows\SYSTEM32\DBGHELP.DLL
0x00007ffc6ad90000 - 0x00007ffc6adba000 	C:\windows\SYSTEM32\dbgcore.DLL
0x00007ffc6bdb0000 - 0x00007ffc6bdd9000 	C:\Program Files\Android\Android Studio\jre\bin\java.dll
0x00007ffc69d00000 - 0x00007ffc69d0b000 	C:\Program Files\Android\Android Studio\jre\bin\jimage.dll
0x00007ffc69ce0000 - 0x00007ffc69cf8000 	C:\Program Files\Android\Android Studio\jre\bin\zip.dll
0x00007ffc72570000 - 0x00007ffc72c57000 	C:\windows\System32\SHELL32.dll
0x00007ffc73530000 - 0x00007ffc735d8000 	C:\windows\System32\shcore.dll
0x00007ffc71ab0000 - 0x00007ffc7222b000 	C:\windows\System32\windows.storage.dll
0x00007ffc713d0000 - 0x00007ffc713ee000 	C:\windows\System32\profapi.dll
0x00007ffc71380000 - 0x00007ffc713ca000 	C:\windows\System32\powrprof.dll
0x00007ffc71370000 - 0x00007ffc71380000 	C:\windows\System32\UMPDC.dll
0x00007ffc73da0000 - 0x00007ffc73df2000 	C:\windows\System32\shlwapi.dll
0x00007ffc71430000 - 0x00007ffc71447000 	C:\windows\System32\cryptsp.dll
0x00007ffc69cc0000 - 0x00007ffc69cda000 	C:\Program Files\Android\Android Studio\jre\bin\net.dll
0x00007ffc68850000 - 0x00007ffc6894a000 	C:\windows\SYSTEM32\WINHTTP.dll
0x00007ffc70b90000 - 0x00007ffc70bf7000 	C:\windows\system32\mswsock.dll
0x00007ffc69ca0000 - 0x00007ffc69cb4000 	C:\Program Files\Android\Android Studio\jre\bin\nio.dll
0x00007ffc52820000 - 0x00007ffc52847000 	C:\Users\caby5\.gradle\native\e1d6ef7f7dcc3fd88c89a11ec53ec762bb8ba0a96d01ffa2cd45eb1d1d8dd5c5\windows-amd64\native-platform.dll
0x00007ffc15e10000 - 0x00007ffc15f54000 	C:\Users\caby5\.gradle\native\5664cfc778a61ccfe75a443a1ab52a65af34e5dc3c78e0209fed803814484fcb\windows-amd64\native-platform-file-events.dll
0x00007ffc69c90000 - 0x00007ffc69c9a000 	C:\Program Files\Android\Android Studio\jre\bin\management.dll
0x00007ffc69c80000 - 0x00007ffc69c8d000 	C:\Program Files\Android\Android Studio\jre\bin\management_ext.dll
0x00007ffc70710000 - 0x00007ffc70743000 	C:\windows\system32\rsaenh.dll
0x00007ffc714e0000 - 0x00007ffc71506000 	C:\windows\System32\bcrypt.dll
0x00007ffc71260000 - 0x00007ffc71285000 	C:\windows\SYSTEM32\USERENV.dll
0x00007ffc70d80000 - 0x00007ffc70d8c000 	C:\windows\SYSTEM32\CRYPTBASE.dll
0x00007ffc708a0000 - 0x00007ffc708da000 	C:\windows\SYSTEM32\IPHLPAPI.DLL
0x00007ffc74470000 - 0x00007ffc74478000 	C:\windows\System32\NSI.dll
0x00007ffc69d90000 - 0x00007ffc69da6000 	C:\windows\SYSTEM32\dhcpcsvc6.DLL
0x00007ffc69740000 - 0x00007ffc6975c000 	C:\windows\SYSTEM32\dhcpcsvc.DLL
0x00007ffc708f0000 - 0x00007ffc709bb000 	C:\windows\SYSTEM32\DNSAPI.dll
0x00007ffc69a50000 - 0x00007ffc69a77000 	C:\Program Files\Android\Android Studio\jre\bin\sunec.dll

dbghelp: loaded successfully - version: 4.0.5 - missing functions: none
symbol engine: initialized successfully - sym options: 0x614 - pdb path: .;C:\Program Files\Android\Android Studio\jre\bin;C:\windows\SYSTEM32;C:\windows\WinSxS\amd64_microsoft.windows.common-controls_6595b64144ccf1df_6.0.18362.1556_none_9e7e372fe45e41d5;C:\Program Files\Android\Android Studio\jre\bin\server;C:\Users\caby5\.gradle\native\e1d6ef7f7dcc3fd88c89a11ec53ec762bb8ba0a96d01ffa2cd45eb1d1d8dd5c5\windows-amd64;C:\Users\caby5\.gradle\native\5664cfc778a61ccfe75a443a1ab52a65af34e5dc3c78e0209fed803814484fcb\windows-amd64

VM Arguments:
jvm_args: --add-opens=java.base/java.util=ALL-UNNAMED --add-opens=java.base/java.lang=ALL-UNNAMED --add-opens=java.base/java.lang.invoke=ALL-UNNAMED --add-opens=java.base/java.util=ALL-UNNAMED --add-opens=java.prefs/java.util.prefs=ALL-UNNAMED --add-opens=java.prefs/java.util.prefs=ALL-UNNAMED --add-opens=java.base/java.nio.charset=ALL-UNNAMED --add-opens=java.base/java.net=ALL-UNNAMED --add-opens=java.base/java.util.concurrent.atomic=ALL-UNNAMED -Xmx2048m -Dfile.encoding=UTF-8 -Duser.country=MX -Duser.language=es -Duser.variant 
java_command: org.gradle.launcher.daemon.bootstrap.GradleDaemon 7.3.3
java_class_path (initial): C:\Users\caby5\.gradle\wrapper\dists\gradle-7.3.3-bin\6a41zxkdtcxs8rphpq6y0069z\gradle-7.3.3\lib\gradle-launcher-7.3.3.jar
Launcher Type: SUN_STANDARD

[Global flags]
     intx CICompilerCount                          = 2                                         {product} {ergonomic}
     uint ConcGCThreads                            = 1                                         {product} {ergonomic}
     uint G1ConcRefinementThreads                  = 2                                         {product} {ergonomic}
   size_t G1HeapRegionSize                         = 1048576                                   {product} {ergonomic}
    uintx GCDrainStackTargetSize                   = 64                                        {product} {ergonomic}
   size_t InitialHeapSize                          = 58720256                                  {product} {ergonomic}
   size_t MarkStackSize                            = 4194304                                   {product} {ergonomic}
   size_t MaxHeapSize                              = 2147483648                                {product} {command line}
   size_t MaxNewSize                               = 1287651328                                {product} {ergonomic}
   size_t MinHeapDeltaBytes                        = 1048576                                   {product} {ergonomic}
    uintx NonNMethodCodeHeapSize                   = 5825164                                {pd product} {ergonomic}
    uintx NonProfiledCodeHeapSize                  = 122916538                              {pd product} {ergonomic}
    uintx ProfiledCodeHeapSize                     = 122916538                              {pd product} {ergonomic}
    uintx ReservedCodeCacheSize                    = 251658240                              {pd product} {ergonomic}
     bool SegmentedCodeCache                       = true                                      {product} {ergonomic}
     bool UseCompressedClassPointers               = true                                 {lp64_product} {ergonomic}
     bool UseCompressedOops                        = true                                 {lp64_product} {ergonomic}
     bool UseG1GC                                  = true                                      {product} {ergonomic}
     bool UseLargePagesIndividualAllocation        = false                                  {pd product} {ergonomic}

Logging:
Log output configuration:
 #0: stdout all=warning uptime,level,tags
 #1: stderr all=off uptime,level,tags

Environment Variables:
JAVA_HOME=C:\Users\caby5\Documents\openjdk\jdk-11.0.2
PATH=C:\Program Files\MySQL\MySQL Server 8.0\bin;C:\windows\system32;C:\windows;C:\windows\System32\Wbem;C:\Windows\System32\OpenSSH\ssh;C:\Program Files\PuTTY\;C:\Users\caby5\Documents\openjdk\jdk-11.0.2\bin;C:\Program Files\Git\cmd;C:\Program Files\Microchip\xc8\v2.31\bin;C:\Program Files\nodejs\;C:\Users\caby5\AppData\Local\Microsoft\WindowsApps;C:\Users\caby5\Documents\openjdk\jdk-11.0.2\bin;C:\Users\caby5\AppData\Local\Programs\Microsoft VS Code\bin;C:\Users\caby5\AppData\Roaming\npm;C:\Program Files\JetBrains\IntelliJ IDEA 2022.2.1\bin;
USERNAME=caby5
OS=Windows_NT
PROCESSOR_IDENTIFIER=AMD64 Family 21 Model 112 Stepping 0, AuthenticAMD



---------------  S Y S T E M  ---------------

OS: Windows 10 , 64 bit Build 18362 (10.0.18362.1500)
OS uptime: 2 days 13:15 hours
Hyper-V role detected

CPU:total 2 (initial active 2) (2 cores per cpu, 1 threads per core) family 21 model 112 stepping 0 microcode 0x0, cmov, cx8, fxsr, mmx, sse, sse2, sse3, ssse3, sse4.1, sse4.2, popcnt, avx, avx2, aes, clmul, mmxext, 3dnowpref, lzcnt, sse4a, tsc, tscinvbit, tscinv, bmi1, bmi2, fma

Memory: 4k page, system-wide physical 3542M (283M free)
TotalPageFile size 6326M (AvailPageFile size 114M)
current process WorkingSet (physical memory assigned to process): 143M, peak: 439M
current process commit charge ("private bytes"): 462M, peak: 574M

vm_info: OpenJDK 64-Bit Server VM (11.0.13+0-b1751.21-8125866) for windows-amd64 JRE (11.0.13+0-b1751.21-8125866), built on Feb  2 2022 03:00:22 by "builder" with MS VC++ 14.0 (VS2015)

END.
