#
# There is insufficient memory for the Java Runtime Environment to continue.
# Native memory allocation (mmap) failed to map 17825792 bytes for Failed to commit area from 0x0000000085200000 to 0x0000000086300000 of length 17825792.
# Possible reasons:
#   The system is out of physical RAM or swap space
#   The process is running with CompressedOops enabled, and the Java Heap may be blocking the growth of the native heap
# Possible solutions:
#   Reduce memory load on the system
#   Increase physical memory or swap space
#   Check if swap backing store is full
#   Decrease Java heap size (-Xmx/-Xms)
#   Decrease number of Java threads
#   Decrease Java thread stack sizes (-Xss)
#   Set larger code cache with -XX:ReservedCodeCacheSize=
#   JVM is running with Unscaled Compressed Oops mode in which the Java heap is
#     placed in the first 4GB address space. The Java Heap base address is the
#     maximum limit for the native heap growth. Please use -XX:HeapBaseMinAddress
#     to set the Java Heap base and to place the Java Heap above 4GB virtual address.
# This output file may be truncated or incomplete.
#
#  Out of Memory Error (./src/hotspot/os/windows/os_windows.cpp:3619), pid=11024, tid=10940
#
# JRE version: OpenJDK Runtime Environment (11.0.13) (build 11.0.13+0-b1751.21-8125866)
# Java VM: OpenJDK 64-Bit Server VM (11.0.13+0-b1751.21-8125866, mixed mode, tiered, compressed oops, g1 gc, windows-amd64)
# No core dump will be written. Minidumps are not enabled by default on client versions of Windows
#

---------------  S U M M A R Y ------------

Command Line: --add-opens=java.base/java.util=ALL-UNNAMED --add-opens=java.base/java.lang=ALL-UNNAMED --add-opens=java.base/java.lang.invoke=ALL-UNNAMED --add-opens=java.base/java.util=ALL-UNNAMED --add-opens=java.prefs/java.util.prefs=ALL-UNNAMED --add-opens=java.prefs/java.util.prefs=ALL-UNNAMED --add-opens=java.base/java.nio.charset=ALL-UNNAMED --add-opens=java.base/java.net=ALL-UNNAMED --add-opens=java.base/java.util.concurrent.atomic=ALL-UNNAMED -Xmx2048m -Dfile.encoding=UTF-8 -Duser.country=MX -Duser.language=es -Duser.variant org.gradle.launcher.daemon.bootstrap.GradleDaemon 7.3.3

Host: AMD A6-9225 RADEON R4, 5 COMPUTE CORES 2C+3G   , 2 cores, 3G,  Windows 10 , 64 bit Build 18362 (10.0.18362.1500)
Time: Sun Nov 27 20:27:06 2022 Hora estándar central (México) elapsed time: 67.082728 seconds (0d 0h 1m 7s)

---------------  T H R E A D  ---------------

Current thread (0x000001e9f9b89000):  VMThread "VM Thread" [stack: 0x000000e781300000,0x000000e781400000] [id=10940]

Stack: [0x000000e781300000,0x000000e781400000]
[error occurred during error reporting (printing stack bounds), id 0xc0000005, EXCEPTION_ACCESS_VIOLATION (0xc0000005) at pc=0x000001e98000112d]

Native frames: (J=compiled Java code, j=interpreted, Vv=VM code, C=native code)
V  [jvm.dll+0x6100fa]
V  [jvm.dll+0x747090]
V  [jvm.dll+0x7486ad]
V  [jvm.dll+0x748ce5]
V  [jvm.dll+0x748c9b]
V  [jvm.dll+0x60f224]
V  [jvm.dll+0x60f9b8]
C  [ntdll.dll+0xa1fff]
C  [ntdll.dll+0x6aad9]
C  [ntdll.dll+0xa0c6e]
C  0x000001e98000112d

VM_Operation (0x000000e7825f5e40): G1CollectForAllocation, mode: safepoint, requested by thread 0x000001e9fb592000


---------------  P R O C E S S  ---------------

Threads class SMR info:
_java_thread_list=0x000001e9fb3d1890, length=56, elements={
0x000001e9ef49e800, 0x000001e9f9b8e800, 0x000001e9f9b92000, 0x000001e9f9beb800,
0x000001e9f9bed800, 0x000001e9f9bee800, 0x000001e9f9bf1800, 0x000001e9fa578800,
0x000001e9fa579000, 0x000001e9fa606000, 0x000001e9fbe06800, 0x000001e9fb168000,
0x000001e9fa675000, 0x000001e9fb96b800, 0x000001e9fa674000, 0x000001e9fb6c0800,
0x000001e9fb592000, 0x000001e9fbe7e000, 0x000001e9fa800800, 0x000001e9fba52800,
0x000001e9faace000, 0x000001e9faacc000, 0x000001e9faacf000, 0x000001e9faacc800,
0x000001e9faad0000, 0x000001e9faaca000, 0x000001e9faacb000, 0x000001e9faacd800,
0x000001e9faad0800, 0x000001e9fc938800, 0x000001e9fc936000, 0x000001e9fc93a000,
0x000001e9fc937000, 0x000001e9fc937800, 0x000001e9fc939000, 0x000001e9fc935000,
0x000001e9fc93d800, 0x000001e9fc940800, 0x000001e9fc93c800, 0x000001e9fc93b800,
0x000001e9fc941800, 0x000001e9fc942000, 0x000001e9fc943000, 0x000001e9fc93f000,
0x000001e9fc944000, 0x000001e9fc93e000, 0x000001e9fc940000, 0x000001e9fd24a000,
0x000001e9fd24b800, 0x000001e9fd249000, 0x000001e9fd248000, 0x000001e9fd250800,
0x000001e9fd24d000, 0x000001e9fd24c800, 0x000001e9fd24a800, 0x000001e9fd252000
}

Java Threads: ( => current thread )
  0x000001e9ef49e800 JavaThread "main" [_thread_blocked, id=8516, stack(0x000000e780c00000,0x000000e780d00000)]
  0x000001e9f9b8e800 JavaThread "Reference Handler" daemon [_thread_blocked, id=6564, stack(0x000000e781400000,0x000000e781500000)]
  0x000001e9f9b92000 JavaThread "Finalizer" daemon [_thread_blocked, id=7824, stack(0x000000e781500000,0x000000e781600000)]
  0x000001e9f9beb800 JavaThread "Signal Dispatcher" daemon [_thread_blocked, id=9172, stack(0x000000e781600000,0x000000e781700000)]
  0x000001e9f9bed800 JavaThread "Attach Listener" daemon [_thread_blocked, id=2512, stack(0x000000e781700000,0x000000e781800000)]
  0x000001e9f9bee800 JavaThread "Service Thread" daemon [_thread_blocked, id=7996, stack(0x000000e781800000,0x000000e781900000)]
  0x000001e9f9bf1800 JavaThread "C2 CompilerThread0" daemon [_thread_blocked, id=7656, stack(0x000000e781900000,0x000000e781a00000)]
  0x000001e9fa578800 JavaThread "C1 CompilerThread0" daemon [_thread_blocked, id=9624, stack(0x000000e781a00000,0x000000e781b00000)]
  0x000001e9fa579000 JavaThread "Sweeper thread" daemon [_thread_blocked, id=8496, stack(0x000000e781b00000,0x000000e781c00000)]
  0x000001e9fa606000 JavaThread "Common-Cleaner" daemon [_thread_blocked, id=10060, stack(0x000000e781c00000,0x000000e781d00000)]
  0x000001e9fbe06800 JavaThread "Daemon health stats" [_thread_blocked, id=9756, stack(0x000000e781f00000,0x000000e782000000)]
  0x000001e9fb168000 JavaThread "Incoming local TCP Connector on port 51470" [_thread_in_native, id=4004, stack(0x000000e782000000,0x000000e782100000)]
  0x000001e9fa675000 JavaThread "Daemon periodic checks" [_thread_blocked, id=11260, stack(0x000000e782100000,0x000000e782200000)]
  0x000001e9fb96b800 JavaThread "Daemon" [_thread_blocked, id=8040, stack(0x000000e782200000,0x000000e782300000)]
  0x000001e9fa674000 JavaThread "Handler for socket connection from /127.0.0.1:51470 to /127.0.0.1:51471" [_thread_in_native, id=8784, stack(0x000000e782300000,0x000000e782400000)]
  0x000001e9fb6c0800 JavaThread "Cancel handler" [_thread_blocked, id=4596, stack(0x000000e782400000,0x000000e782500000)]
  0x000001e9fb592000 JavaThread "Daemon worker" [_thread_blocked, id=4244, stack(0x000000e782500000,0x000000e782600000)]
  0x000001e9fbe7e000 JavaThread "Asynchronous log dispatcher for DefaultDaemonConnection: socket connection from /127.0.0.1:51470 to /127.0.0.1:51471" [_thread_blocked, id=10608, stack(0x000000e782600000,0x000000e782700000)]
  0x000001e9fa800800 JavaThread "Stdin handler" [_thread_blocked, id=10948, stack(0x000000e782700000,0x000000e782800000)]
  0x000001e9fba52800 JavaThread "Daemon client event forwarder" [_thread_blocked, id=8184, stack(0x000000e782800000,0x000000e782900000)]
  0x000001e9faace000 JavaThread "Cache worker for journal cache (C:\Users\caby5\.gradle\caches\journal-1)" [_thread_blocked, id=2188, stack(0x000000e782900000,0x000000e782a00000)]
  0x000001e9faacc000 JavaThread "File lock request listener" [_thread_in_native, id=6216, stack(0x000000e782a00000,0x000000e782b00000)]
  0x000001e9faacf000 JavaThread "Cache worker for file hash cache (C:\Users\caby5\.gradle\caches\7.3.3\fileHashes)" [_thread_blocked, id=10140, stack(0x000000e782b00000,0x000000e782c00000)]
  0x000001e9faacc800 JavaThread "Cache worker for file hash cache (C:\Users\caby5\Documents\TEC\archivos\.gradle\7.3.3\fileHashes)" [_thread_blocked, id=3256, stack(0x000000e782c00000,0x000000e782d00000)]
  0x000001e9faad0000 JavaThread "File watcher server" daemon [_thread_in_native, id=10048, stack(0x000000e782d00000,0x000000e782e00000)]
  0x000001e9faaca000 JavaThread "File watcher consumer" daemon [_thread_blocked, id=10680, stack(0x000000e782e00000,0x000000e782f00000)]
  0x000001e9faacb000 JavaThread "Cache worker for checksums cache (C:\Users\caby5\Documents\TEC\archivos\.gradle\7.3.3\checksums)" [_thread_blocked, id=3780, stack(0x000000e782f00000,0x000000e783000000)]
  0x000001e9faacd800 JavaThread "Cache worker for cache directory md-supplier (C:\Users\caby5\.gradle\caches\7.3.3\md-supplier)" [_thread_blocked, id=3952, stack(0x000000e783000000,0x000000e783100000)]
  0x000001e9faad0800 JavaThread "Cache worker for cache directory md-rule (C:\Users\caby5\.gradle\caches\7.3.3\md-rule)" [_thread_blocked, id=8012, stack(0x000000e783100000,0x000000e783200000)]
  0x000001e9fc938800 JavaThread "Cache worker for execution history cache (C:\Users\caby5\.gradle\caches\7.3.3\executionHistory)" [_thread_blocked, id=2720, stack(0x000000e783200000,0x000000e783300000)]
  0x000001e9fc936000 JavaThread "jar transforms" [_thread_blocked, id=5496, stack(0x000000e783300000,0x000000e783400000)]
  0x000001e9fc93a000 JavaThread "Cache worker for file content cache (C:\Users\caby5\.gradle\caches\7.3.3\fileContent)" [_thread_blocked, id=160, stack(0x000000e783400000,0x000000e783500000)]
  0x000001e9fc937000 JavaThread "jar transforms Thread 2" [_thread_blocked, id=9192, stack(0x000000e783500000,0x000000e783600000)]
  0x000001e9fc937800 JavaThread "Cache worker for dependencies-accessors (C:\Users\caby5\Documents\TEC\archivos\.gradle\7.3.3\dependencies-accessors)" [_thread_blocked, id=1860, stack(0x000000e783600000,0x000000e783700000)]
  0x000001e9fc939000 JavaThread "Cache worker for Build Output Cleanup Cache (C:\Users\caby5\Documents\TEC\archivos\.gradle\buildOutputCleanup)" [_thread_blocked, id=7924, stack(0x000000e783700000,0x000000e783800000)]
  0x000001e9fc935000 JavaThread "Unconstrained build operations" [_thread_blocked, id=4732, stack(0x000000e783800000,0x000000e783900000)]
  0x000001e9fc93d800 JavaThread "Unconstrained build operations Thread 2" [_thread_blocked, id=1260, stack(0x000000e783900000,0x000000e783a00000)]
  0x000001e9fc940800 JavaThread "Unconstrained build operations Thread 3" [_thread_blocked, id=9408, stack(0x000000e783a00000,0x000000e783b00000)]
  0x000001e9fc93c800 JavaThread "Unconstrained build operations Thread 4" [_thread_blocked, id=10784, stack(0x000000e783b00000,0x000000e783c00000)]
  0x000001e9fc93b800 JavaThread "Unconstrained build operations Thread 5" [_thread_blocked, id=4200, stack(0x000000e783c00000,0x000000e783d00000)]
  0x000001e9fc941800 JavaThread "Unconstrained build operations Thread 6" [_thread_blocked, id=6008, stack(0x000000e783d00000,0x000000e783e00000)]
  0x000001e9fc942000 JavaThread "Unconstrained build operations Thread 7" [_thread_blocked, id=8600, stack(0x000000e783e00000,0x000000e783f00000)]
  0x000001e9fc943000 JavaThread "Unconstrained build operations Thread 8" [_thread_blocked, id=9700, stack(0x000000e783f00000,0x000000e784000000)]
  0x000001e9fc93f000 JavaThread "Unconstrained build operations Thread 9" [_thread_blocked, id=7832, stack(0x000000e784000000,0x000000e784100000)]
  0x000001e9fc944000 JavaThread "Unconstrained build operations Thread 10" [_thread_blocked, id=6692, stack(0x000000e784100000,0x000000e784200000)]
  0x000001e9fc93e000 JavaThread "Unconstrained build operations Thread 11" [_thread_blocked, id=6836, stack(0x000000e784200000,0x000000e784300000)]
  0x000001e9fc940000 JavaThread "Unconstrained build operations Thread 12" [_thread_blocked, id=9832, stack(0x000000e784300000,0x000000e784400000)]
  0x000001e9fd24a000 JavaThread "Unconstrained build operations Thread 13" [_thread_blocked, id=6660, stack(0x000000e784400000,0x000000e784500000)]
  0x000001e9fd24b800 JavaThread "Unconstrained build operations Thread 14" [_thread_blocked, id=8236, stack(0x000000e784500000,0x000000e784600000)]
  0x000001e9fd249000 JavaThread "Unconstrained build operations Thread 15" [_thread_blocked, id=9512, stack(0x000000e784600000,0x000000e784700000)]
  0x000001e9fd248000 JavaThread "Unconstrained build operations Thread 16" [_thread_blocked, id=5164, stack(0x000000e784700000,0x000000e784800000)]
  0x000001e9fd250800 JavaThread "Unconstrained build operations Thread 17" [_thread_blocked, id=8284, stack(0x000000e784800000,0x000000e784900000)]
  0x000001e9fd24d000 JavaThread "Unconstrained build operations Thread 18" [_thread_blocked, id=6812, stack(0x000000e784900000,0x000000e784a00000)]
  0x000001e9fd24c800 JavaThread "Unconstrained build operations Thread 19" [_thread_blocked, id=9708, stack(0x000000e784a00000,0x000000e784b00000)]
  0x000001e9fd24a800 JavaThread "Unconstrained build operations Thread 20" [_thread_blocked, id=8660, stack(0x000000e784b00000,0x000000e784c00000)]
  0x000001e9fd252000 JavaThread "Memory manager" [_thread_blocked, id=9868, stack(0x000000e784e00000,0x000000e784f00000)]

Other Threads:
=>0x000001e9f9b89000 VMThread "VM Thread" [stack: 0x000000e781300000,0x000000e781400000] [id=10940]
  0x000001e9fa6af000 WatcherThread [stack: 0x000000e781d00000,0x000000e781e00000] [id=6608]
  0x000001e9ef4b7000 GCTaskThread "GC Thread#0" [stack: 0x000000e780e00000,0x000000e780f00000] [id=9448]
  0x000001e9fa748800 GCTaskThread "GC Thread#1" [stack: 0x000000e781e00000,0x000000e781f00000] [id=10132]
  0x000001e9ef4e7000 ConcurrentGCThread "G1 Main Marker" [stack: 0x000000e780f00000,0x000000e781000000] [id=7620]
  0x000001e9ef4e8800 ConcurrentGCThread "G1 Conc#0" [stack: 0x000000e781000000,0x000000e781100000] [id=6012]
  0x000001e9ef526800 ConcurrentGCThread "G1 Refine#0" [stack: 0x000000e781100000,0x000000e781200000] [id=2368]
  0x000001e9ef527800 ConcurrentGCThread "G1 Young RemSet Sampling" [stack: 0x000000e781200000,0x000000e781300000] [id=356]

Threads with active compile tasks:

VM state:at safepoint (normal execution)

VM Mutex/Monitor currently owned by a thread:  ([mutex/lock_event])
[0x000001e9ef49ba80] Threads_lock - owner thread: 0x000001e9f9b89000
[0x000001e9ef49bde0] Heap_lock - owner thread: 0x000001e9fb592000

Heap address: 0x0000000080000000, size: 2048 MB, Compressed Oops mode: 32-bit
Narrow klass base: 0x0000000000000000, Narrow klass shift: 3
Compressed class space size: 1073741824 Address: 0x0000000100000000

Heap:
 garbage-first heap   total 101376K, used 57001K [0x0000000080000000, 0x0000000100000000)
  region size 1024K, 2 young (2048K), 2 survivors (2048K)
 Metaspace       used 66415K, capacity 67976K, committed 68304K, reserved 1107968K
  class space    used 8334K, capacity 8965K, committed 9088K, reserved 1048576K
Heap Regions: E=young(eden), S=young(survivor), O=old, HS=humongous(starts), HC=humongous(continues), CS=collection set, F=free, A=archive, TAMS=top-at-mark-start (previous, next)
|   0|0x0000000080000000, 0x0000000080100000, 0x0000000080100000|100%| O|  |TAMS 0x0000000080100000, 0x0000000080100000| Untracked 
|   1|0x0000000080100000, 0x0000000080200000, 0x0000000080200000|100%| O|  |TAMS 0x0000000080200000, 0x0000000080200000| Untracked 
|   2|0x0000000080200000, 0x0000000080300000, 0x0000000080300000|100%| O|  |TAMS 0x0000000080300000, 0x0000000080300000| Untracked 
|   3|0x0000000080300000, 0x0000000080400000, 0x0000000080400000|100%| O|  |TAMS 0x0000000080400000, 0x0000000080400000| Untracked 
|   4|0x0000000080400000, 0x0000000080500000, 0x0000000080500000|100%|HS|  |TAMS 0x0000000080500000, 0x0000000080500000| Complete 
|   5|0x0000000080500000, 0x0000000080600000, 0x0000000080600000|100%|HC|  |TAMS 0x0000000080600000, 0x0000000080600000| Complete 
|   6|0x0000000080600000, 0x0000000080700000, 0x0000000080700000|100%|HC|  |TAMS 0x0000000080700000, 0x0000000080700000| Complete 
|   7|0x0000000080700000, 0x0000000080800000, 0x0000000080800000|100%| O|  |TAMS 0x0000000080800000, 0x0000000080800000| Untracked 
|   8|0x0000000080800000, 0x0000000080900000, 0x0000000080900000|100%| O|  |TAMS 0x0000000080900000, 0x0000000080900000| Untracked 
|   9|0x0000000080900000, 0x0000000080a00000, 0x0000000080a00000|100%| O|  |TAMS 0x0000000080a00000, 0x0000000080a00000| Untracked 
|  10|0x0000000080a00000, 0x0000000080b00000, 0x0000000080b00000|100%| O|  |TAMS 0x0000000080b00000, 0x0000000080b00000| Untracked 
|  11|0x0000000080b00000, 0x0000000080c00000, 0x0000000080c00000|100%| O|  |TAMS 0x0000000080c00000, 0x0000000080c00000| Untracked 
|  12|0x0000000080c00000, 0x0000000080d00000, 0x0000000080d00000|100%| O|  |TAMS 0x0000000080d00000, 0x0000000080d00000| Untracked 
|  13|0x0000000080d00000, 0x0000000080e00000, 0x0000000080e00000|100%| O|  |TAMS 0x0000000080e00000, 0x0000000080e00000| Untracked 
|  14|0x0000000080e00000, 0x0000000080f00000, 0x0000000080f00000|100%| O|  |TAMS 0x0000000080f00000, 0x0000000080f00000| Untracked 
|  15|0x0000000080f00000, 0x0000000081000000, 0x0000000081000000|100%| O|  |TAMS 0x0000000081000000, 0x0000000081000000| Untracked 
|  16|0x0000000081000000, 0x0000000081100000, 0x0000000081100000|100%| O|  |TAMS 0x0000000081100000, 0x0000000081100000| Untracked 
|  17|0x0000000081100000, 0x0000000081200000, 0x0000000081200000|100%| O|  |TAMS 0x0000000081200000, 0x0000000081200000| Untracked 
|  18|0x0000000081200000, 0x0000000081300000, 0x0000000081300000|100%| O|  |TAMS 0x0000000081300000, 0x0000000081300000| Untracked 
|  19|0x0000000081300000, 0x0000000081400000, 0x0000000081400000|100%| O|  |TAMS 0x0000000081400000, 0x0000000081400000| Untracked 
|  20|0x0000000081400000, 0x0000000081500000, 0x0000000081500000|100%| O|  |TAMS 0x0000000081500000, 0x0000000081500000| Untracked 
|  21|0x0000000081500000, 0x0000000081600000, 0x0000000081600000|100%| O|  |TAMS 0x0000000081600000, 0x0000000081600000| Untracked 
|  22|0x0000000081600000, 0x0000000081700000, 0x0000000081700000|100%| O|  |TAMS 0x0000000081700000, 0x0000000081700000| Untracked 
|  23|0x0000000081700000, 0x0000000081800000, 0x0000000081800000|100%| O|  |TAMS 0x0000000081800000, 0x0000000081800000| Untracked 
|  24|0x0000000081800000, 0x0000000081900000, 0x0000000081900000|100%| O|  |TAMS 0x0000000081900000, 0x0000000081900000| Untracked 
|  25|0x0000000081900000, 0x0000000081a00000, 0x0000000081a00000|100%| O|  |TAMS 0x0000000081a00000, 0x0000000081a00000| Untracked 
|  26|0x0000000081a00000, 0x0000000081b00000, 0x0000000081b00000|100%| O|  |TAMS 0x0000000081b00000, 0x0000000081b00000| Untracked 
|  27|0x0000000081b00000, 0x0000000081c00000, 0x0000000081c00000|100%| O|  |TAMS 0x0000000081c00000, 0x0000000081c00000| Untracked 
|  28|0x0000000081c00000, 0x0000000081d00000, 0x0000000081d00000|100%| O|  |TAMS 0x0000000081d00000, 0x0000000081d00000| Untracked 
|  29|0x0000000081d00000, 0x0000000081e00000, 0x0000000081e00000|100%| O|  |TAMS 0x0000000081e00000, 0x0000000081e00000| Untracked 
|  30|0x0000000081e00000, 0x0000000081f00000, 0x0000000081f00000|100%| O|  |TAMS 0x0000000081f00000, 0x0000000081f00000| Untracked 
|  31|0x0000000081f00000, 0x0000000082000000, 0x0000000082000000|100%| O|  |TAMS 0x0000000082000000, 0x0000000082000000| Untracked 
|  32|0x0000000082000000, 0x0000000082100000, 0x0000000082100000|100%|HS|  |TAMS 0x0000000082100000, 0x0000000082100000| Complete 
|  33|0x0000000082100000, 0x0000000082200000, 0x0000000082200000|100%|HS|  |TAMS 0x0000000082200000, 0x0000000082200000| Complete 
|  34|0x0000000082200000, 0x0000000082300000, 0x0000000082300000|100%| O|  |TAMS 0x0000000082300000, 0x0000000082300000| Untracked 
|  35|0x0000000082300000, 0x0000000082400000, 0x0000000082400000|100%| O|  |TAMS 0x0000000082400000, 0x0000000082400000| Untracked 
|  36|0x0000000082400000, 0x0000000082500000, 0x0000000082500000|100%|HS|  |TAMS 0x0000000082500000, 0x0000000082500000| Complete 
|  37|0x0000000082500000, 0x0000000082600000, 0x0000000082600000|100%|HC|  |TAMS 0x0000000082600000, 0x0000000082600000| Complete 
|  38|0x0000000082600000, 0x0000000082700000, 0x0000000082700000|100%| O|  |TAMS 0x0000000082700000, 0x0000000082700000| Untracked 
|  39|0x0000000082700000, 0x0000000082800000, 0x0000000082800000|100%| O|  |TAMS 0x0000000082800000, 0x0000000082800000| Untracked 
|  40|0x0000000082800000, 0x0000000082900000, 0x0000000082900000|100%| O|  |TAMS 0x0000000082900000, 0x0000000082900000| Untracked 
|  41|0x0000000082900000, 0x0000000082a00000, 0x0000000082a00000|100%| O|  |TAMS 0x0000000082a00000, 0x0000000082a00000| Untracked 
|  42|0x0000000082a00000, 0x0000000082b00000, 0x0000000082b00000|100%| O|  |TAMS 0x0000000082b00000, 0x0000000082b00000| Untracked 
|  43|0x0000000082b00000, 0x0000000082c00000, 0x0000000082c00000|100%| O|  |TAMS 0x0000000082c00000, 0x0000000082c00000| Untracked 
|  44|0x0000000082c00000, 0x0000000082d00000, 0x0000000082d00000|100%| O|  |TAMS 0x0000000082d00000, 0x0000000082d00000| Untracked 
|  45|0x0000000082d00000, 0x0000000082e00000, 0x0000000082e00000|100%| O|  |TAMS 0x0000000082d6f800, 0x0000000082e00000| Untracked 
|  46|0x0000000082e00000, 0x0000000082f00000, 0x0000000082f00000|100%| O|  |TAMS 0x0000000082f00000, 0x0000000082f00000| Untracked 
|  47|0x0000000082f00000, 0x0000000083000000, 0x0000000083000000|100%| O|  |TAMS 0x0000000083000000, 0x0000000083000000| Untracked 
|  48|0x0000000083000000, 0x0000000083100000, 0x0000000083100000|100%| O|  |TAMS 0x0000000083100000, 0x0000000083100000| Untracked 
|  49|0x0000000083100000, 0x0000000083200000, 0x0000000083200000|100%| O|  |TAMS 0x0000000083200000, 0x0000000083200000| Untracked 
|  50|0x0000000083200000, 0x0000000083300000, 0x0000000083300000|100%| O|  |TAMS 0x0000000083300000, 0x0000000083300000| Untracked 
|  51|0x0000000083300000, 0x0000000083400000, 0x0000000083400000|100%| O|  |TAMS 0x0000000083400000, 0x0000000083400000| Untracked 
|  52|0x0000000083400000, 0x0000000083500000, 0x0000000083500000|100%| O|  |TAMS 0x0000000083500000, 0x0000000083500000| Untracked 
|  53|0x0000000083500000, 0x0000000083600000, 0x0000000083600000|100%| O|  |TAMS 0x0000000083500000, 0x0000000083600000| Untracked 
|  54|0x0000000083600000, 0x0000000083638400, 0x0000000083700000| 21%| O|  |TAMS 0x0000000083600000, 0x0000000083638400| Untracked 
|  55|0x0000000083700000, 0x0000000083700000, 0x0000000083800000|  0%| F|  |TAMS 0x0000000083700000, 0x0000000083700000| Untracked 
|  56|0x0000000083800000, 0x0000000083800000, 0x0000000083900000|  0%| F|  |TAMS 0x0000000083800000, 0x0000000083800000| Untracked 
|  57|0x0000000083900000, 0x0000000083900000, 0x0000000083a00000|  0%| F|  |TAMS 0x0000000083900000, 0x0000000083900000| Untracked 
|  58|0x0000000083a00000, 0x0000000083a00000, 0x0000000083b00000|  0%| F|  |TAMS 0x0000000083a00000, 0x0000000083a00000| Untracked 
|  59|0x0000000083b00000, 0x0000000083b00000, 0x0000000083c00000|  0%| F|  |TAMS 0x0000000083b00000, 0x0000000083b00000| Untracked 
|  60|0x0000000083c00000, 0x0000000083c00000, 0x0000000083d00000|  0%| F|  |TAMS 0x0000000083c00000, 0x0000000083c00000| Untracked 
|  61|0x0000000083d00000, 0x0000000083d00000, 0x0000000083e00000|  0%| F|  |TAMS 0x0000000083d00000, 0x0000000083d00000| Untracked 
|  62|0x0000000083e00000, 0x0000000083e00000, 0x0000000083f00000|  0%| F|  |TAMS 0x0000000083e00000, 0x0000000083e00000| Untracked 
|  63|0x0000000083f00000, 0x0000000083f00000, 0x0000000084000000|  0%| F|  |TAMS 0x0000000083f00000, 0x0000000083f00000| Untracked 
|  64|0x0000000084000000, 0x0000000084000000, 0x0000000084100000|  0%| F|  |TAMS 0x0000000084000000, 0x0000000084000000| Untracked 
|  65|0x0000000084100000, 0x0000000084100000, 0x0000000084200000|  0%| F|  |TAMS 0x0000000084100000, 0x0000000084100000| Untracked 
|  66|0x0000000084200000, 0x0000000084200000, 0x0000000084300000|  0%| F|  |TAMS 0x0000000084200000, 0x0000000084200000| Untracked 
|  67|0x0000000084300000, 0x0000000084300000, 0x0000000084400000|  0%| F|  |TAMS 0x0000000084300000, 0x0000000084300000| Untracked 
|  68|0x0000000084400000, 0x0000000084400000, 0x0000000084500000|  0%| F|  |TAMS 0x0000000084400000, 0x0000000084400000| Untracked 
|  69|0x0000000084500000, 0x0000000084572330, 0x0000000084600000| 44%| S|CS|TAMS 0x0000000084500000, 0x0000000084500000| Complete 
|  70|0x0000000084600000, 0x0000000084700000, 0x0000000084700000|100%| S|CS|TAMS 0x0000000084600000, 0x0000000084600000| Complete 
|  71|0x0000000084700000, 0x0000000084700000, 0x0000000084800000|  0%| F|  |TAMS 0x0000000084700000, 0x0000000084700000| Untracked 
|  72|0x0000000084800000, 0x0000000084800000, 0x0000000084900000|  0%| F|  |TAMS 0x0000000084800000, 0x0000000084800000| Untracked 
|  73|0x0000000084900000, 0x0000000084900000, 0x0000000084a00000|  0%| F|  |TAMS 0x0000000084900000, 0x0000000084900000| Untracked 
|  74|0x0000000084a00000, 0x0000000084a00000, 0x0000000084b00000|  0%| F|  |TAMS 0x0000000084a00000, 0x0000000084a00000| Untracked 
|  75|0x0000000084b00000, 0x0000000084b00000, 0x0000000084c00000|  0%| F|  |TAMS 0x0000000084b00000, 0x0000000084b00000| Untracked 
|  76|0x0000000084c00000, 0x0000000084c00000, 0x0000000084d00000|  0%| F|  |TAMS 0x0000000084c00000, 0x0000000084c00000| Untracked 
|  77|0x0000000084d00000, 0x0000000084d00000, 0x0000000084e00000|  0%| F|  |TAMS 0x0000000084d00000, 0x0000000084d00000| Untracked 
|  78|0x0000000084e00000, 0x0000000084e00000, 0x0000000084f00000|  0%| F|  |TAMS 0x0000000084e00000, 0x0000000084e00000| Untracked 
|  79|0x0000000084f00000, 0x0000000084f00000, 0x0000000085000000|  0%| F|  |TAMS 0x0000000084f00000, 0x0000000084f00000| Untracked 
|  80|0x0000000085000000, 0x0000000085000000, 0x0000000085100000|  0%| F|  |TAMS 0x0000000085000000, 0x0000000085000000| Untracked 
|  81|0x0000000085100000, 0x0000000085100000, 0x0000000085200000|  0%| F|  |TAMS 0x0000000085100000, 0x0000000085100000| Untracked 

Card table byte_map: [0x000001e9f2fb0000,0x000001e9f33b0000] _byte_map_base: 0x000001e9f2bb0000

Marking Bits (Prev, Next): (CMBitMap*) 0x000001e9ef4de210, (CMBitMap*) 0x000001e9ef4de1d8
 Prev Bits: [0x000001e9f57b0000, 0x000001e9f77b0000)
 Next Bits: [0x000001e9f37b0000, 0x000001e9f57b0000)

Polling page: 0x000001e9ed2b0000

Metaspace:

Usage:
  Non-class:     57.63 MB capacity,    56.72 MB ( 98%) used,   760.65 KB (  1%) free+waste,   168.81 KB ( <1%) overhead. 
      Class:      8.75 MB capacity,     8.14 MB ( 93%) used,   552.77 KB (  6%) free+waste,    78.00 KB ( <1%) overhead. 
       Both:     66.38 MB capacity,    64.86 MB ( 98%) used,     1.28 MB (  2%) free+waste,   246.81 KB ( <1%) overhead. 

Virtual space:
  Non-class space:       58.00 MB reserved,      57.83 MB (>99%) committed 
      Class space:        1.00 GB reserved,       8.88 MB ( <1%) committed 
             Both:        1.06 GB reserved,      66.70 MB (  6%) committed 

Chunk freelists:
   Non-Class:  13.00 KB
       Class:  27.00 KB
        Both:  40.00 KB

MaxMetaspaceSize: 17179869184.00 GB
CompressedClassSpaceSize: 1.00 GB
Initial GC threshold: 20.80 MB
Current GC threshold: 109.71 MB
CDS: off

CodeHeap 'non-profiled nmethods': size=120064Kb used=3925Kb max_used=3925Kb free=116138Kb
 bounds [0x000001e987ac0000, 0x000001e987ea0000, 0x000001e98f000000]
CodeHeap 'profiled nmethods': size=120000Kb used=14809Kb max_used=14809Kb free=105190Kb
 bounds [0x000001e980590000, 0x000001e981410000, 0x000001e987ac0000]
CodeHeap 'non-nmethods': size=5696Kb used=2342Kb max_used=2389Kb free=3353Kb
 bounds [0x000001e980000000, 0x000001e980270000, 0x000001e980590000]
 total_blobs=7649 nmethods=6792 adapters=770
 compilation: enabled
              stopped_count=0, restarted_count=0
 full_count=0

Compilation events (20 events):
Event: 66.900 Thread 0x000001e9fa578800 6794       3       org.gradle.tooling.internal.provider.runner.PluginApplicationTracker::getRunningPluginApplication (14 bytes)
Event: 66.900 Thread 0x000001e9fa578800 nmethod 6794 0x000001e9813ff210 code [0x000001e9813ff3e0, 0x000001e9813ff688]
Event: 66.900 Thread 0x000001e9fa578800 6796       3       org.gradle.tooling.internal.provider.runner.TaskOperationMapper$PostProcessors::finished (43 bytes)
Event: 66.901 Thread 0x000001e9fa578800 nmethod 6796 0x000001e9813ff790 code [0x000001e9813ff9a0, 0x000001e9813fff18]
Event: 66.901 Thread 0x000001e9fa578800 6795       3       org.gradle.tooling.internal.provider.runner.TaskOriginTracker::finished (1 bytes)
Event: 66.901 Thread 0x000001e9fa578800 nmethod 6795 0x000001e981400110 code [0x000001e9814002c0, 0x000001e9814003b8]
Event: 66.901 Thread 0x000001e9fa578800 6797       3       org.gradle.api.internal.tasks.compile.tooling.JavaCompileTaskSuccessResultPostProcessor::finished (56 bytes)
Event: 66.902 Thread 0x000001e9fa578800 nmethod 6797 0x000001e981400490 code [0x000001e9814006e0, 0x000001e981401148]
Event: 66.902 Thread 0x000001e9fa578800 6798       3       org.gradle.tooling.internal.provider.runner.PluginApplicationTracker::discardState (15 bytes)
Event: 66.903 Thread 0x000001e9fa578800 nmethod 6798 0x000001e981401410 code [0x000001e9814015e0, 0x000001e9814017c8]
Event: 66.903 Thread 0x000001e9fa578800 6799       3       org.gradle.internal.operations.DefaultBuildOperationRunner$BuildOperationTrackingListener::close (42 bytes)
Event: 66.904 Thread 0x000001e9fa578800 nmethod 6799 0x000001e981401890 code [0x000001e981401b40, 0x000001e981402828]
Event: 66.904 Thread 0x000001e9fa578800 6800       3       org.gradle.internal.operations.DefaultBuildOperationExecutor$ListenerAdapter::close (1 bytes)
Event: 66.904 Thread 0x000001e9fa578800 nmethod 6800 0x000001e981402d90 code [0x000001e981402f40, 0x000001e981403038]
Event: 66.941 Thread 0x000001e9fa578800 6801       3       com.google.common.base.Preconditions::checkNotNull (14 bytes)
Event: 66.942 Thread 0x000001e9fa578800 nmethod 6801 0x000001e981403110 code [0x000001e9814032e0, 0x000001e9814034a8]
Event: 66.946 Thread 0x000001e9fa578800 6802   !   3       java.util.concurrent.ConcurrentHashMap::putVal (432 bytes)
Event: 66.949 Thread 0x000001e9fa578800 nmethod 6802 0x000001e981403590 code [0x000001e981403920, 0x000001e981405a58]
Event: 66.964 Thread 0x000001e9f9bf1800 6803       4       com.google.common.collect.MapMakerInternalMap$StrongKeyWeakValueSegment::self (5 bytes)
Event: 66.965 Thread 0x000001e9f9bf1800 nmethod 6803 0x000001e987e95490 code [0x000001e987e95620, 0x000001e987e95678]

GC Heap History (20 events):
Event: 62.995 GC heap after
{Heap after GC invocations=57 (full 0):
 garbage-first heap   total 69632K, used 53120K [0x0000000080000000, 0x0000000100000000)
  region size 1024K, 1 young (1024K), 1 survivors (1024K)
 Metaspace       used 63443K, capacity 64880K, committed 64976K, reserved 1105920K
  class space    used 7928K, capacity 8519K, committed 8576K, reserved 1048576K
}
Event: 63.045 GC heap before
{Heap before GC invocations=57 (full 0):
 garbage-first heap   total 69632K, used 55168K [0x0000000080000000, 0x0000000100000000)
  region size 1024K, 3 young (3072K), 1 survivors (1024K)
 Metaspace       used 63523K, capacity 64944K, committed 65232K, reserved 1105920K
  class space    used 7942K, capacity 8519K, committed 8576K, reserved 1048576K
}
Event: 63.052 GC heap after
{Heap after GC invocations=58 (full 0):
 garbage-first heap   total 69632K, used 52401K [0x0000000080000000, 0x0000000100000000)
  region size 1024K, 1 young (1024K), 1 survivors (1024K)
 Metaspace       used 63523K, capacity 64944K, committed 65232K, reserved 1105920K
  class space    used 7942K, capacity 8519K, committed 8576K, reserved 1048576K
}
Event: 63.335 GC heap before
{Heap before GC invocations=58 (full 0):
 garbage-first heap   total 69632K, used 57521K [0x0000000080000000, 0x0000000100000000)
  region size 1024K, 6 young (6144K), 1 survivors (1024K)
 Metaspace       used 64149K, capacity 65612K, committed 65872K, reserved 1105920K
  class space    used 8011K, capacity 8592K, committed 8704K, reserved 1048576K
}
Event: 63.340 GC heap after
{Heap after GC invocations=59 (full 0):
 garbage-first heap   total 69632K, used 52481K [0x0000000080000000, 0x0000000100000000)
  region size 1024K, 1 young (1024K), 1 survivors (1024K)
 Metaspace       used 64149K, capacity 65612K, committed 65872K, reserved 1105920K
  class space    used 8011K, capacity 8592K, committed 8704K, reserved 1048576K
}
Event: 63.653 GC heap before
{Heap before GC invocations=60 (full 0):
 garbage-first heap   total 69632K, used 57601K [0x0000000080000000, 0x0000000100000000)
  region size 1024K, 6 young (6144K), 1 survivors (1024K)
 Metaspace       used 64533K, capacity 65967K, committed 66128K, reserved 1107968K
  class space    used 8090K, capacity 8689K, committed 8704K, reserved 1048576K
}
Event: 63.661 GC heap after
{Heap after GC invocations=61 (full 0):
 garbage-first heap   total 69632K, used 52654K [0x0000000080000000, 0x0000000100000000)
  region size 1024K, 1 young (1024K), 1 survivors (1024K)
 Metaspace       used 64533K, capacity 65967K, committed 66128K, reserved 1107968K
  class space    used 8090K, capacity 8689K, committed 8704K, reserved 1048576K
}
Event: 63.782 GC heap before
{Heap before GC invocations=61 (full 0):
 garbage-first heap   total 69632K, used 52654K [0x0000000080000000, 0x0000000100000000)
  region size 1024K, 3 young (3072K), 1 survivors (1024K)
 Metaspace       used 64670K, capacity 66110K, committed 66128K, reserved 1107968K
  class space    used 8099K, capacity 8692K, committed 8704K, reserved 1048576K
}
Event: 63.787 GC heap after
{Heap after GC invocations=62 (full 0):
 garbage-first heap   total 69632K, used 53076K [0x0000000080000000, 0x0000000100000000)
  region size 1024K, 1 young (1024K), 1 survivors (1024K)
 Metaspace       used 64670K, capacity 66110K, committed 66128K, reserved 1107968K
  class space    used 8099K, capacity 8692K, committed 8704K, reserved 1048576K
}
Event: 64.266 GC heap before
{Heap before GC invocations=63 (full 0):
 garbage-first heap   total 69632K, used 59220K [0x0000000080000000, 0x0000000100000000)
  region size 1024K, 6 young (6144K), 1 survivors (1024K)
 Metaspace       used 65109K, capacity 66548K, committed 66768K, reserved 1107968K
  class space    used 8146K, capacity 8728K, committed 8832K, reserved 1048576K
}
Event: 64.272 GC heap after
{Heap after GC invocations=64 (full 0):
 garbage-first heap   total 69632K, used 53642K [0x0000000080000000, 0x0000000100000000)
  region size 1024K, 1 young (1024K), 1 survivors (1024K)
 Metaspace       used 65109K, capacity 66548K, committed 66768K, reserved 1107968K
  class space    used 8146K, capacity 8728K, committed 8832K, reserved 1048576K
}
Event: 64.755 GC heap before
{Heap before GC invocations=64 (full 0):
 garbage-first heap   total 69632K, used 57738K [0x0000000080000000, 0x0000000100000000)
  region size 1024K, 5 young (5120K), 1 survivors (1024K)
 Metaspace       used 65347K, capacity 66731K, committed 67024K, reserved 1107968K
  class space    used 8197K, capacity 8765K, committed 8832K, reserved 1048576K
}
Event: 64.762 GC heap after
{Heap after GC invocations=65 (full 0):
 garbage-first heap   total 83968K, used 53795K [0x0000000080000000, 0x0000000100000000)
  region size 1024K, 1 young (1024K), 1 survivors (1024K)
 Metaspace       used 65347K, capacity 66731K, committed 67024K, reserved 1107968K
  class space    used 8197K, capacity 8765K, committed 8832K, reserved 1048576K
}
Event: 65.558 GC heap before
{Heap before GC invocations=66 (full 0):
 garbage-first heap   total 83968K, used 63011K [0x0000000080000000, 0x0000000100000000)
  region size 1024K, 10 young (10240K), 1 survivors (1024K)
 Metaspace       used 65466K, capacity 66897K, committed 67024K, reserved 1107968K
  class space    used 8224K, capacity 8799K, committed 8832K, reserved 1048576K
}
Event: 65.564 GC heap after
{Heap after GC invocations=67 (full 0):
 garbage-first heap   total 83968K, used 54705K [0x0000000080000000, 0x0000000100000000)
  region size 1024K, 2 young (2048K), 2 survivors (2048K)
 Metaspace       used 65466K, capacity 66897K, committed 67024K, reserved 1107968K
  class space    used 8224K, capacity 8799K, committed 8832K, reserved 1048576K
}
Event: 65.796 GC heap before
{Heap before GC invocations=67 (full 0):
 garbage-first heap   total 83968K, used 63921K [0x0000000080000000, 0x0000000100000000)
  region size 1024K, 11 young (11264K), 2 survivors (2048K)
 Metaspace       used 65495K, capacity 67059K, committed 67408K, reserved 1107968K
  class space    used 8229K, capacity 8833K, committed 8960K, reserved 1048576K
}
Event: 65.805 GC heap after
{Heap after GC invocations=68 (full 0):
 garbage-first heap   total 83968K, used 55649K [0x0000000080000000, 0x0000000100000000)
  region size 1024K, 2 young (2048K), 2 survivors (2048K)
 Metaspace       used 65495K, capacity 67059K, committed 67408K, reserved 1107968K
  class space    used 8229K, capacity 8833K, committed 8960K, reserved 1048576K
}
Event: 66.195 GC heap before
{Heap before GC invocations=69 (full 0):
 garbage-first heap   total 83968K, used 65889K [0x0000000080000000, 0x0000000100000000)
  region size 1024K, 12 young (12288K), 2 survivors (2048K)
 Metaspace       used 65502K, capacity 67065K, committed 67408K, reserved 1107968K
  class space    used 8230K, capacity 8834K, committed 8960K, reserved 1048576K
}
Event: 66.203 GC heap after
{Heap after GC invocations=70 (full 0):
 garbage-first heap   total 83968K, used 56312K [0x0000000080000000, 0x0000000100000000)
  region size 1024K, 2 young (2048K), 2 survivors (2048K)
 Metaspace       used 65502K, capacity 67065K, committed 67408K, reserved 1107968K
  class space    used 8230K, capacity 8834K, committed 8960K, reserved 1048576K
}
Event: 66.979 GC heap before
{Heap before GC invocations=70 (full 0):
 garbage-first heap   total 83968K, used 66552K [0x0000000080000000, 0x0000000100000000)
  region size 1024K, 12 young (12288K), 2 survivors (2048K)
 Metaspace       used 66415K, capacity 67976K, committed 68304K, reserved 1107968K
  class space    used 8334K, capacity 8965K, committed 9088K, reserved 1048576K
}

Deoptimization events (20 events):
Event: 65.842 Thread 0x000001e9fb592000 Uncommon trap: trap_request=0xffffff7e fr.pc=0x000001e987e844cc relative=0x000000000000038c
Event: 65.842 Thread 0x000001e9fb592000 Uncommon trap: reason=predicate action=maybe_recompile pc=0x000001e987e844cc method=java.util.AbstractCollection.toArray([Ljava/lang/Object;)[Ljava/lang/Object; @ 43 c2
Event: 65.842 Thread 0x000001e9fb592000 DEOPT PACKING pc=0x000001e987e844cc sp=0x000000e7825f3fb0
Event: 65.842 Thread 0x000001e9fb592000 DEOPT UNPACKING pc=0x000001e98004a1af sp=0x000000e7825f3f58 mode 2
Event: 66.082 Thread 0x000001e9fb592000 Uncommon trap: trap_request=0xfffffff4 fr.pc=0x000001e987e7fe88 relative=0x00000000000027a8
Event: 66.082 Thread 0x000001e9fb592000 Uncommon trap: reason=null_check action=make_not_entrant pc=0x000001e987e7fe88 method=java.lang.PublicMethods$MethodList.getMostSpecific()Ljava/lang/reflect/Method; @ 41 c2
Event: 66.082 Thread 0x000001e9fb592000 DEOPT PACKING pc=0x000001e987e7fe88 sp=0x000000e7825f37b0
Event: 66.083 Thread 0x000001e9fb592000 DEOPT UNPACKING pc=0x000001e98004a1af sp=0x000000e7825f36a0 mode 2
Event: 66.119 Thread 0x000001e9fb592000 Uncommon trap: trap_request=0xffffff4d fr.pc=0x000001e987c8e130 relative=0x0000000000005cd0
Event: 66.119 Thread 0x000001e9fb592000 Uncommon trap: reason=unstable_if action=reinterpret pc=0x000001e987c8e130 method=org.codehaus.groovy.runtime.metaclass.MetaMethodIndex.isOverridden(Lgroovy/lang/MetaMethod;Lgroovy/lang/MetaMethod;)Z @ 33 c2
Event: 66.119 Thread 0x000001e9fb592000 DEOPT PACKING pc=0x000001e987c8e130 sp=0x000000e7825f4880
Event: 66.119 Thread 0x000001e9fb592000 DEOPT UNPACKING pc=0x000001e98004a1af sp=0x000000e7825f4838 mode 2
Event: 66.166 Thread 0x000001e9fb592000 Uncommon trap: trap_request=0xfffffff4 fr.pc=0x000001e987e828ec relative=0x000000000000094c
Event: 66.166 Thread 0x000001e9fb592000 Uncommon trap: reason=null_check action=make_not_entrant pc=0x000001e987e828ec method=com.sun.beans.introspect.MethodInfo$MethodOrder.compare(Ljava/lang/reflect/Method;Ljava/lang/reflect/Method;)I @ 145 c2
Event: 66.166 Thread 0x000001e9fb592000 DEOPT PACKING pc=0x000001e987e828ec sp=0x000000e7825f26c0
Event: 66.166 Thread 0x000001e9fb592000 DEOPT UNPACKING pc=0x000001e98004a1af sp=0x000000e7825f2660 mode 2
Event: 66.892 Thread 0x000001e9fb592000 Uncommon trap: trap_request=0xffffff4d fr.pc=0x000001e987d9f4e4 relative=0x0000000000000b84
Event: 66.892 Thread 0x000001e9fb592000 Uncommon trap: reason=unstable_if action=reinterpret pc=0x000001e987d9f4e4 method=java.util.concurrent.ConcurrentHashMap.addCount(JI)V @ 110 c2
Event: 66.892 Thread 0x000001e9fb592000 DEOPT PACKING pc=0x000001e987d9f4e4 sp=0x000000e7825f8910
Event: 66.892 Thread 0x000001e9fb592000 DEOPT UNPACKING pc=0x000001e98004a1af sp=0x000000e7825f87c8 mode 2

Classes redefined (0 events):
No events

Internal exceptions (20 events):
Event: 66.165 Thread 0x000001e9fb592000 Exception <a 'java/lang/ClassNotFoundException'{0x0000000084902d98}: com/android/builder/core/AbstractBuildTypeCustomizer> (0x0000000084902d98) thrown at [./src/hotspot/share/classfile/systemDictionary.cpp, line 231]
Event: 66.170 Thread 0x000001e9fb592000 Exception <a 'java/lang/ClassNotFoundException'{0x0000000084939650}: com/android/build/gradle/internal/dsl/BuildTypeCustomizer> (0x0000000084939650) thrown at [./src/hotspot/share/classfile/systemDictionary.cpp, line 231]
Event: 66.178 Thread 0x000001e9fb592000 Exception <a 'java/lang/ClassNotFoundException'{0x00000000849d0888}: com/android/build/gradle/internal/dsl/BuildType$AgpDecoratedCustomizer> (0x00000000849d0888) thrown at [./src/hotspot/share/classfile/systemDictionary.cpp, line 231]
Event: 66.181 Thread 0x000001e9fb592000 Exception <a 'java/lang/ClassNotFoundException'{0x00000000848221c8}: com/android/build/gradle/internal/dsl/BuildType$AgpDecorated_DecoratedCustomizer> (0x00000000848221c8) thrown at [./src/hotspot/share/classfile/systemDictionary.cpp, line 231]
Event: 66.194 Thread 0x000001e9fb592000 Exception <a 'java/lang/ClassNotFoundException'{0x00000000848f1780}: build_74rklymc3drqayoe5uzo6rgn1$_run_closure1$_closure4BeanInfo> (0x00000000848f1780) thrown at [./src/hotspot/share/classfile/systemDictionary.cpp, line 231]
Event: 66.204 Thread 0x000001e9fb592000 Exception <a 'java/lang/ClassNotFoundException'{0x0000000085103d10}: build_74rklymc3drqayoe5uzo6rgn1$_run_closure1$_closure4Customizer> (0x0000000085103d10) thrown at [./src/hotspot/share/classfile/systemDictionary.cpp, line 231]
Event: 66.254 Thread 0x000001e9fb592000 Exception <a 'java/lang/ClassNotFoundException'{0x000000008512d660}: build_74rklymc3drqayoe5uzo6rgn1$_run_closure1BeanInfo> (0x000000008512d660) thrown at [./src/hotspot/share/classfile/systemDictionary.cpp, line 231]
Event: 66.256 Thread 0x000001e9fb592000 Exception <a 'java/lang/ClassNotFoundException'{0x000000008513e280}: build_74rklymc3drqayoe5uzo6rgn1$_run_closure1Customizer> (0x000000008513e280) thrown at [./src/hotspot/share/classfile/systemDictionary.cpp, line 231]
Event: 66.269 Thread 0x000001e9fb592000 Exception <a 'java/lang/ClassNotFoundException'{0x000000008519d598}: org/gradle/api/JavaVersionBeanInfo> (0x000000008519d598) thrown at [./src/hotspot/share/classfile/systemDictionary.cpp, line 231]
Event: 66.271 Thread 0x000001e9fb592000 Exception <a 'java/lang/ClassNotFoundException'{0x00000000851c8380}: org/gradle/api/JavaVersionCustomizer> (0x00000000851c8380) thrown at [./src/hotspot/share/classfile/systemDictionary.cpp, line 231]
Event: 66.282 Thread 0x000001e9fb592000 Exception <a 'java/lang/ClassNotFoundException'{0x00000000850306b8}: com/android/build/gradle/internal/CompileOptions$AgpDecorated_DecoratedBeanInfo> (0x00000000850306b8) thrown at [./src/hotspot/share/classfile/systemDictionary.cpp, line 231]
Event: 66.283 Thread 0x000001e9fb592000 Exception <a 'java/lang/ClassNotFoundException'{0x000000008504c338}: com/android/build/gradle/internal/CompileOptions$AgpDecoratedBeanInfo> (0x000000008504c338) thrown at [./src/hotspot/share/classfile/systemDictionary.cpp, line 231]
Event: 66.285 Thread 0x000001e9fb592000 Exception <a 'java/lang/ClassNotFoundException'{0x0000000085065ee8}: com/android/build/gradle/internal/CompileOptionsBeanInfo> (0x0000000085065ee8) thrown at [./src/hotspot/share/classfile/systemDictionary.cpp, line 231]
Event: 66.286 Thread 0x000001e9fb592000 Exception <a 'java/lang/ClassNotFoundException'{0x0000000085080300}: com/android/build/gradle/internal/CompileOptionsCustomizer> (0x0000000085080300) thrown at [./src/hotspot/share/classfile/systemDictionary.cpp, line 231]
Event: 66.288 Thread 0x000001e9fb592000 Exception <a 'java/lang/ClassNotFoundException'{0x00000000850a7c50}: com/android/build/gradle/internal/CompileOptions$AgpDecoratedCustomizer> (0x00000000850a7c50) thrown at [./src/hotspot/share/classfile/systemDictionary.cpp, line 231]
Event: 66.341 Thread 0x000001e9fb592000 Exception <a 'java/lang/ClassNotFoundException'{0x00000000850d2ad8}: com/android/build/gradle/internal/CompileOptions$AgpDecorated_DecoratedCustomizer> (0x00000000850d2ad8) thrown at [./src/hotspot/share/classfile/systemDictionary.cpp, line 231]
Event: 66.355 Thread 0x000001e9fb592000 Exception <a 'java/lang/ClassNotFoundException'{0x0000000084f93740}: org/gradle/api/internal/artifacts/dsl/dependencies/DefaultDependencyHandler_DecoratedBeanInfo> (0x0000000084f93740) thrown at [./src/hotspot/share/classfile/systemDictionary.cpp, line 231]
Event: 66.359 Thread 0x000001e9fb592000 Exception <a 'java/lang/ClassNotFoundException'{0x0000000084fdcce0}: org/gradle/api/internal/artifacts/dsl/dependencies/DefaultDependencyHandlerBeanInfo> (0x0000000084fdcce0) thrown at [./src/hotspot/share/classfile/systemDictionary.cpp, line 231]
Event: 66.362 Thread 0x000001e9fb592000 Exception <a 'java/lang/ClassNotFoundException'{0x0000000084e26438}: org/gradle/api/internal/artifacts/dsl/dependencies/DefaultDependencyHandlerCustomizer> (0x0000000084e26438) thrown at [./src/hotspot/share/classfile/systemDictionary.cpp, line 231]
Event: 66.367 Thread 0x000001e9fb592000 Exception <a 'java/lang/ClassNotFoundException'{0x0000000084e96730}: org/gradle/api/internal/artifacts/dsl/dependencies/DefaultDependencyHandler_DecoratedCustomizer> (0x0000000084e96730) thrown at [./src/hotspot/share/classfile/systemDictionary.cpp, line 231]

Events (20 events):
Event: 66.971 loading class com/android/build/gradle/internal/scope/InternalArtifactType$LINT_MODEL done
Event: 66.971 loading class com/android/build/gradle/internal/publishing/VariantPublishingSpecImpl
Event: 66.971 loading class com/android/build/gradle/internal/publishing/VariantPublishingSpecImpl done
Event: 66.972 loading class com/android/build/gradle/internal/publishing/PublishingSpecs$VariantSpec
Event: 66.972 loading class com/android/build/gradle/internal/publishing/PublishingSpecs$VariantSpec done
Event: 66.974 loading class com/android/build/gradle/internal/publishing/PublishingSpecs$Companion$2
Event: 66.974 loading class com/android/build/gradle/internal/publishing/PublishingSpecs$Companion$2 done
Event: 66.975 loading class com/android/build/gradle/internal/scope/InternalArtifactType$MODULE_BUNDLE
Event: 66.975 loading class com/android/build/gradle/internal/scope/InternalArtifactType$MODULE_BUNDLE done
Event: 66.976 loading class com/android/build/api/artifact/SingleArtifact$METADATA_LIBRARY_DEPENDENCIES_REPORT
Event: 66.976 loading class com/android/build/api/artifact/SingleArtifact$METADATA_LIBRARY_DEPENDENCIES_REPORT done
Event: 66.976 loading class com/android/build/gradle/internal/scope/InternalArtifactType$METADATA_FEATURE_DECLARATION
Event: 66.976 loading class com/android/build/gradle/internal/scope/InternalArtifactType$METADATA_FEATURE_DECLARATION done
Event: 66.977 loading class com/android/build/gradle/internal/scope/InternalArtifactType$METADATA_FEATURE_MANIFEST
Event: 66.977 loading class com/android/build/gradle/internal/scope/InternalArtifactType$METADATA_FEATURE_MANIFEST done
Event: 66.978 loading class com/android/build/gradle/internal/scope/InternalArtifactType$MODULE_AND_RUNTIME_DEPS_CLASSES
Event: 66.978 loading class com/android/build/gradle/internal/scope/InternalArtifactType$MODULE_AND_RUNTIME_DEPS_CLASSES done
Event: 66.979 loading class com/android/build/gradle/internal/scope/InternalArtifactType$FEATURE_PUBLISHED_DEX
Event: 66.979 loading class com/android/build/gradle/internal/scope/InternalArtifactType$FEATURE_PUBLISHED_DEX done
Event: 66.979 Executing VM operation: G1CollectForAllocation


Dynamic libraries:
0x00007ff69d830000 - 0x00007ff69d83a000 	C:\Program Files\Android\Android Studio\jre\bin\java.exe
0x00007ffc744c0000 - 0x00007ffc746b0000 	C:\windows\SYSTEM32\ntdll.dll
0x00007ffc74340000 - 0x00007ffc743f2000 	C:\windows\System32\KERNEL32.DLL
0x00007ffc71570000 - 0x00007ffc71815000 	C:\windows\System32\KERNELBASE.dll
0x00007ffc722d0000 - 0x00007ffc723ca000 	C:\windows\System32\ucrtbase.dll
0x00007ffc28ce0000 - 0x00007ffc28cf9000 	C:\Program Files\Android\Android Studio\jre\bin\jli.dll
0x00007ffc73fc0000 - 0x00007ffc74154000 	C:\windows\System32\USER32.dll
0x00007ffc71920000 - 0x00007ffc71941000 	C:\windows\System32\win32u.dll
0x00007ffc72e50000 - 0x00007ffc72e76000 	C:\windows\System32\GDI32.dll
0x00007ffc723d0000 - 0x00007ffc72568000 	C:\windows\System32\gdi32full.dll
0x00007ffc72230000 - 0x00007ffc722ce000 	C:\windows\System32\msvcp_win.dll
0x00007ffc288d0000 - 0x00007ffc288e7000 	C:\Program Files\Android\Android Studio\jre\bin\VCRUNTIME140.dll
0x00007ffc69db0000 - 0x00007ffc6a034000 	C:\windows\WinSxS\amd64_microsoft.windows.common-controls_6595b64144ccf1df_6.0.18362.1556_none_9e7e372fe45e41d5\COMCTL32.dll
0x00007ffc72ea0000 - 0x00007ffc72f3e000 	C:\windows\System32\msvcrt.dll
0x00007ffc735e0000 - 0x00007ffc73916000 	C:\windows\System32\combase.dll
0x00007ffc73ad0000 - 0x00007ffc73bef000 	C:\windows\System32\RPCRT4.dll
0x00007ffc71450000 - 0x00007ffc714d1000 	C:\windows\System32\bcryptPrimitives.dll
0x00007ffc73bf0000 - 0x00007ffc73c1e000 	C:\windows\System32\IMM32.DLL
0x00007ffc27910000 - 0x00007ffc279ad000 	C:\Program Files\Android\Android Studio\jre\bin\msvcp140.dll
0x00007ffc14150000 - 0x00007ffc14c52000 	C:\Program Files\Android\Android Studio\jre\bin\server\jvm.dll
0x00007ffc74230000 - 0x00007ffc742d3000 	C:\windows\System32\ADVAPI32.dll
0x00007ffc72cd0000 - 0x00007ffc72d67000 	C:\windows\System32\sechost.dll
0x00007ffc72e90000 - 0x00007ffc72e98000 	C:\windows\System32\PSAPI.DLL
0x00007ffc6be00000 - 0x00007ffc6be09000 	C:\windows\SYSTEM32\WSOCK32.dll
0x00007ffc74400000 - 0x00007ffc7446f000 	C:\windows\System32\WS2_32.dll
0x00007ffc67ea0000 - 0x00007ffc67ec4000 	C:\windows\SYSTEM32\WINMM.dll
0x00007ffc6ab50000 - 0x00007ffc6ab5a000 	C:\windows\SYSTEM32\VERSION.dll
0x00007ffc67c50000 - 0x00007ffc67c7d000 	C:\windows\SYSTEM32\WINMMBASE.dll
0x00007ffc71820000 - 0x00007ffc7186a000 	C:\windows\System32\cfgmgr32.dll
0x00007ffc71410000 - 0x00007ffc71421000 	C:\windows\System32\kernel.appcore.dll
0x00007ffc69cd0000 - 0x00007ffc69ce1000 	C:\Program Files\Android\Android Studio\jre\bin\verify.dll
0x00007ffc6adc0000 - 0x00007ffc6afb4000 	C:\windows\SYSTEM32\DBGHELP.DLL
0x00007ffc6ad90000 - 0x00007ffc6adba000 	C:\windows\SYSTEM32\dbgcore.DLL
0x00007ffc69ca0000 - 0x00007ffc69cc9000 	C:\Program Files\Android\Android Studio\jre\bin\java.dll
0x00007ffc69c90000 - 0x00007ffc69c9b000 	C:\Program Files\Android\Android Studio\jre\bin\jimage.dll
0x00007ffc69c70000 - 0x00007ffc69c88000 	C:\Program Files\Android\Android Studio\jre\bin\zip.dll
0x00007ffc72570000 - 0x00007ffc72c57000 	C:\windows\System32\SHELL32.dll
0x00007ffc73530000 - 0x00007ffc735d8000 	C:\windows\System32\shcore.dll
0x00007ffc71ab0000 - 0x00007ffc7222b000 	C:\windows\System32\windows.storage.dll
0x00007ffc713d0000 - 0x00007ffc713ee000 	C:\windows\System32\profapi.dll
0x00007ffc71380000 - 0x00007ffc713ca000 	C:\windows\System32\powrprof.dll
0x00007ffc71370000 - 0x00007ffc71380000 	C:\windows\System32\UMPDC.dll
0x00007ffc73da0000 - 0x00007ffc73df2000 	C:\windows\System32\shlwapi.dll
0x00007ffc71430000 - 0x00007ffc71447000 	C:\windows\System32\cryptsp.dll
0x00007ffc69c50000 - 0x00007ffc69c6a000 	C:\Program Files\Android\Android Studio\jre\bin\net.dll
0x00007ffc68850000 - 0x00007ffc6894a000 	C:\windows\SYSTEM32\WINHTTP.dll
0x00007ffc70b90000 - 0x00007ffc70bf7000 	C:\windows\system32\mswsock.dll
0x00007ffc69b10000 - 0x00007ffc69b24000 	C:\Program Files\Android\Android Studio\jre\bin\nio.dll
0x00007ffc29490000 - 0x00007ffc294b7000 	C:\Users\caby5\.gradle\native\e1d6ef7f7dcc3fd88c89a11ec53ec762bb8ba0a96d01ffa2cd45eb1d1d8dd5c5\windows-amd64\native-platform.dll
0x00007ffc14e60000 - 0x00007ffc14fa4000 	C:\Users\caby5\.gradle\native\5664cfc778a61ccfe75a443a1ab52a65af34e5dc3c78e0209fed803814484fcb\windows-amd64\native-platform-file-events.dll
0x00007ffc69c40000 - 0x00007ffc69c4a000 	C:\Program Files\Android\Android Studio\jre\bin\management.dll
0x00007ffc69bd0000 - 0x00007ffc69bdd000 	C:\Program Files\Android\Android Studio\jre\bin\management_ext.dll
0x00007ffc70710000 - 0x00007ffc70743000 	C:\windows\system32\rsaenh.dll
0x00007ffc714e0000 - 0x00007ffc71506000 	C:\windows\System32\bcrypt.dll
0x00007ffc71260000 - 0x00007ffc71285000 	C:\windows\SYSTEM32\USERENV.dll
0x00007ffc70d80000 - 0x00007ffc70d8c000 	C:\windows\SYSTEM32\CRYPTBASE.dll
0x00007ffc708a0000 - 0x00007ffc708da000 	C:\windows\SYSTEM32\IPHLPAPI.DLL
0x00007ffc74470000 - 0x00007ffc74478000 	C:\windows\System32\NSI.dll
0x00007ffc69d90000 - 0x00007ffc69da6000 	C:\windows\SYSTEM32\dhcpcsvc6.DLL
0x00007ffc69740000 - 0x00007ffc6975c000 	C:\windows\SYSTEM32\dhcpcsvc.DLL
0x00007ffc708f0000 - 0x00007ffc709bb000 	C:\windows\SYSTEM32\DNSAPI.dll

dbghelp: loaded successfully - version: 4.0.5 - missing functions: none
symbol engine: initialized successfully - sym options: 0x614 - pdb path: .;C:\Program Files\Android\Android Studio\jre\bin;C:\windows\SYSTEM32;C:\windows\WinSxS\amd64_microsoft.windows.common-controls_6595b64144ccf1df_6.0.18362.1556_none_9e7e372fe45e41d5;C:\Program Files\Android\Android Studio\jre\bin\server;C:\Users\caby5\.gradle\native\e1d6ef7f7dcc3fd88c89a11ec53ec762bb8ba0a96d01ffa2cd45eb1d1d8dd5c5\windows-amd64;C:\Users\caby5\.gradle\native\5664cfc778a61ccfe75a443a1ab52a65af34e5dc3c78e0209fed803814484fcb\windows-amd64

VM Arguments:
jvm_args: --add-opens=java.base/java.util=ALL-UNNAMED --add-opens=java.base/java.lang=ALL-UNNAMED --add-opens=java.base/java.lang.invoke=ALL-UNNAMED --add-opens=java.base/java.util=ALL-UNNAMED --add-opens=java.prefs/java.util.prefs=ALL-UNNAMED --add-opens=java.prefs/java.util.prefs=ALL-UNNAMED --add-opens=java.base/java.nio.charset=ALL-UNNAMED --add-opens=java.base/java.net=ALL-UNNAMED --add-opens=java.base/java.util.concurrent.atomic=ALL-UNNAMED -Xmx2048m -Dfile.encoding=UTF-8 -Duser.country=MX -Duser.language=es -Duser.variant 
java_command: org.gradle.launcher.daemon.bootstrap.GradleDaemon 7.3.3
java_class_path (initial): C:\Users\caby5\.gradle\wrapper\dists\gradle-7.3.3-bin\6a41zxkdtcxs8rphpq6y0069z\gradle-7.3.3\lib\gradle-launcher-7.3.3.jar
Launcher Type: SUN_STANDARD

[Global flags]
     intx CICompilerCount                          = 2                                         {product} {ergonomic}
     uint ConcGCThreads                            = 1                                         {product} {ergonomic}
     uint G1ConcRefinementThreads                  = 2                                         {product} {ergonomic}
   size_t G1HeapRegionSize                         = 1048576                                   {product} {ergonomic}
    uintx GCDrainStackTargetSize                   = 64                                        {product} {ergonomic}
   size_t InitialHeapSize                          = 58720256                                  {product} {ergonomic}
   size_t MarkStackSize                            = 4194304                                   {product} {ergonomic}
   size_t MaxHeapSize                              = 2147483648                                {product} {command line}
   size_t MaxNewSize                               = 1287651328                                {product} {ergonomic}
   size_t MinHeapDeltaBytes                        = 1048576                                   {product} {ergonomic}
    uintx NonNMethodCodeHeapSize                   = 5825164                                {pd product} {ergonomic}
    uintx NonProfiledCodeHeapSize                  = 122916538                              {pd product} {ergonomic}
    uintx ProfiledCodeHeapSize                     = 122916538                              {pd product} {ergonomic}
    uintx ReservedCodeCacheSize                    = 251658240                              {pd product} {ergonomic}
     bool SegmentedCodeCache                       = true                                      {product} {ergonomic}
     bool UseCompressedClassPointers               = true                                 {lp64_product} {ergonomic}
     bool UseCompressedOops                        = true                                 {lp64_product} {ergonomic}
     bool UseG1GC                                  = true                                      {product} {ergonomic}
     bool UseLargePagesIndividualAllocation        = false                                  {pd product} {ergonomic}

Logging:
Log output configuration:
 #0: stdout all=warning uptime,level,tags
 #1: stderr all=off uptime,level,tags

Environment Variables:
JAVA_HOME=C:\Users\caby5\Documents\openjdk\jdk-11.0.2
PATH=C:\Program Files\MySQL\MySQL Server 8.0\bin;C:\windows\system32;C:\windows;C:\windows\System32\Wbem;C:\Windows\System32\OpenSSH\ssh;C:\Program Files\PuTTY\;C:\Users\caby5\Documents\openjdk\jdk-11.0.2\bin;C:\Program Files\Git\cmd;C:\Program Files\Microchip\xc8\v2.31\bin;C:\Program Files\nodejs\;C:\Users\caby5\AppData\Local\Microsoft\WindowsApps;C:\Users\caby5\Documents\openjdk\jdk-11.0.2\bin;C:\Users\caby5\AppData\Local\Programs\Microsoft VS Code\bin;C:\Users\caby5\AppData\Roaming\npm;C:\Program Files\JetBrains\IntelliJ IDEA 2022.2.1\bin;
USERNAME=caby5
OS=Windows_NT
PROCESSOR_IDENTIFIER=AMD64 Family 21 Model 112 Stepping 0, AuthenticAMD



---------------  S Y S T E M  ---------------

OS: Windows 10 , 64 bit Build 18362 (10.0.18362.1500)
OS uptime: 2 days 12:47 hours
Hyper-V role detected

CPU:total 2 (initial active 2) (2 cores per cpu, 1 threads per core) family 21 model 112 stepping 0 microcode 0x0, cmov, cx8, fxsr, mmx, sse, sse2, sse3, ssse3, sse4.1, sse4.2, popcnt, avx, avx2, aes, clmul, mmxext, 3dnowpref, lzcnt, sse4a, tsc, tscinvbit, tscinv, bmi1, bmi2, fma

Memory: 4k page, system-wide physical 3542M (934M free)
TotalPageFile size 6326M (AvailPageFile size 14M)
current process WorkingSet (physical memory assigned to process): 258M, peak: 259M
current process commit charge ("private bytes"): 302M, peak: 319M

vm_info: OpenJDK 64-Bit Server VM (11.0.13+0-b1751.21-8125866) for windows-amd64 JRE (11.0.13+0-b1751.21-8125866), built on Feb  2 2022 03:00:22 by "builder" with MS VC++ 14.0 (VS2015)

END.
