#
# There is insufficient memory for the Java Runtime Environment to continue.
# Native memory allocation (malloc) failed to allocate 3009616 bytes for Chunk::new
# Possible reasons:
#   The system is out of physical RAM or swap space
#   The process is running with CompressedOops enabled, and the Java Heap may be blocking the growth of the native heap
# Possible solutions:
#   Reduce memory load on the system
#   Increase physical memory or swap space
#   Check if swap backing store is full
#   Decrease Java heap size (-Xmx/-Xms)
#   Decrease number of Java threads
#   Decrease Java thread stack sizes (-Xss)
#   Set larger code cache with -XX:ReservedCodeCacheSize=
#   JVM is running with Unscaled Compressed Oops mode in which the Java heap is
#     placed in the first 4GB address space. The Java Heap base address is the
#     maximum limit for the native heap growth. Please use -XX:HeapBaseMinAddress
#     to set the Java Heap base and to place the Java Heap above 4GB virtual address.
# This output file may be truncated or incomplete.
#
#  Out of Memory Error (./src/hotspot/share/memory/arena.cpp:197), pid=6408, tid=3900
#
# JRE version: OpenJDK Runtime Environment (11.0.13) (build 11.0.13+0-b1751.21-8125866)
# Java VM: OpenJDK 64-Bit Server VM (11.0.13+0-b1751.21-8125866, mixed mode, tiered, compressed oops, g1 gc, windows-amd64)
# No core dump will be written. Minidumps are not enabled by default on client versions of Windows
#

---------------  S U M M A R Y ------------

Command Line: --add-opens=java.base/java.util=ALL-UNNAMED --add-opens=java.base/java.lang=ALL-UNNAMED --add-opens=java.base/java.lang.invoke=ALL-UNNAMED --add-opens=java.base/java.util=ALL-UNNAMED --add-opens=java.prefs/java.util.prefs=ALL-UNNAMED --add-opens=java.prefs/java.util.prefs=ALL-UNNAMED --add-opens=java.base/java.nio.charset=ALL-UNNAMED --add-opens=java.base/java.net=ALL-UNNAMED --add-opens=java.base/java.util.concurrent.atomic=ALL-UNNAMED -Xmx2048m -Dfile.encoding=UTF-8 -Duser.country=MX -Duser.language=es -Duser.variant org.gradle.launcher.daemon.bootstrap.GradleDaemon 7.3.3

Host: AMD A6-9225 RADEON R4, 5 COMPUTE CORES 2C+3G   , 2 cores, 3G,  Windows 10 , 64 bit Build 18362 (10.0.18362.1500)
Time: Tue Nov 22 20:04:21 2022 Hora estándar central (México) elapsed time: 250.685161 seconds (0d 0h 4m 10s)

---------------  T H R E A D  ---------------

Current thread (0x00000209aad21800):  JavaThread "C2 CompilerThread0" daemon [_thread_in_native, id=3900, stack(0x000000c9ec400000,0x000000c9ec500000)]


Current CompileTask:
C2: 250685 21001 %     4       com.android.tools.r8.ir.regalloc.b::c @ 2064 (3963 bytes)

Stack: [0x000000c9ec400000,0x000000c9ec500000]
Native frames: (J=compiled Java code, j=interpreted, Vv=VM code, C=native code)
V  [jvm.dll+0x6100fa]
V  [jvm.dll+0x747090]
V  [jvm.dll+0x7486ad]
V  [jvm.dll+0x748d83]
V  [jvm.dll+0x24ab48]
V  [jvm.dll+0xc04dc]
V  [jvm.dll+0xc0a0c]
V  [jvm.dll+0x35eb9d]
V  [jvm.dll+0x32b833]
V  [jvm.dll+0x32ad2a]
V  [jvm.dll+0x2032b2]
V  [jvm.dll+0x202437]
V  [jvm.dll+0x188e01]
V  [jvm.dll+0x21106b]
V  [jvm.dll+0x20f8c1]
V  [jvm.dll+0x70de0f]
V  [jvm.dll+0x706a75]
V  [jvm.dll+0x60ed66]
C  [ucrtbase.dll+0x210b2]
C  [KERNEL32.DLL+0x17c24]
C  [ntdll.dll+0x6d721]


---------------  P R O C E S S  ---------------

Threads class SMR info:
_java_thread_list=0x00000209b6635aa0, length=66, elements={
0x000002099161e800, 0x00000209aacbe800, 0x00000209aacc1800, 0x00000209aad1b800,
0x00000209aad1c000, 0x00000209aad1e800, 0x00000209aad21800, 0x00000209aad26800,
0x00000209ab6b0000, 0x00000209ab74f800, 0x00000209ad75c000, 0x00000209acbc5800,
0x00000209acbec000, 0x00000209ac338000, 0x00000209ac802000, 0x00000209ad168800,
0x00000209ac3d5800, 0x00000209ac7c1000, 0x00000209ace2b000, 0x00000209ad08a800,
0x00000209ad08a000, 0x00000209ad08b800, 0x00000209ad08c800, 0x00000209ad08d000,
0x00000209ad08e000, 0x00000209ad088800, 0x00000209ad089000, 0x00000209ad08f000,
0x00000209adacd000, 0x00000209adacb000, 0x00000209adacc000, 0x00000209adacd800,
0x00000209adac8000, 0x00000209adacf800, 0x00000209adace800, 0x00000209adac9800,
0x00000209adaca800, 0x00000209adad6000, 0x00000209adad2800, 0x00000209adad4000,
0x00000209adad1000, 0x00000209adad3800, 0x00000209adad5000, 0x00000209adad0000,
0x00000209adad6800, 0x00000209adad1800, 0x00000209b0212800, 0x00000209b020f800,
0x00000209b0215000, 0x00000209b0211800, 0x00000209b0216000, 0x00000209b0213800,
0x00000209b0214000, 0x00000209b0210000, 0x00000209b0216800, 0x00000209b0211000,
0x00000209b021b800, 0x00000209b021c800, 0x00000209b0217800, 0x00000209b021e000,
0x00000209b0218800, 0x00000209b0219000, 0x00000209b021a800, 0x00000209b021d000,
0x00000209ae125000, 0x00000209ae123800
}

Java Threads: ( => current thread )
  0x000002099161e800 JavaThread "main" [_thread_blocked, id=6456, stack(0x000000c9eb800000,0x000000c9eb900000)]
  0x00000209aacbe800 JavaThread "Reference Handler" daemon [_thread_blocked, id=6068, stack(0x000000c9ebf00000,0x000000c9ec000000)]
  0x00000209aacc1800 JavaThread "Finalizer" daemon [_thread_blocked, id=9620, stack(0x000000c9ec000000,0x000000c9ec100000)]
  0x00000209aad1b800 JavaThread "Signal Dispatcher" daemon [_thread_blocked, id=9432, stack(0x000000c9ec100000,0x000000c9ec200000)]
  0x00000209aad1c000 JavaThread "Attach Listener" daemon [_thread_blocked, id=1988, stack(0x000000c9ec200000,0x000000c9ec300000)]
  0x00000209aad1e800 JavaThread "Service Thread" daemon [_thread_blocked, id=4592, stack(0x000000c9ec300000,0x000000c9ec400000)]
=>0x00000209aad21800 JavaThread "C2 CompilerThread0" daemon [_thread_in_native, id=3900, stack(0x000000c9ec400000,0x000000c9ec500000)]
  0x00000209aad26800 JavaThread "C1 CompilerThread0" daemon [_thread_blocked, id=8676, stack(0x000000c9ec500000,0x000000c9ec600000)]
  0x00000209ab6b0000 JavaThread "Sweeper thread" daemon [_thread_blocked, id=4532, stack(0x000000c9ec600000,0x000000c9ec700000)]
  0x00000209ab74f800 JavaThread "Common-Cleaner" daemon [_thread_blocked, id=7348, stack(0x000000c9ec700000,0x000000c9ec800000)]
  0x00000209ad75c000 JavaThread "Daemon health stats" [_thread_blocked, id=3668, stack(0x000000c9eca00000,0x000000c9ecb00000)]
  0x00000209acbc5800 JavaThread "Incoming local TCP Connector on port 51726" [_thread_in_native, id=9684, stack(0x000000c9ecb00000,0x000000c9ecc00000)]
  0x00000209acbec000 JavaThread "Daemon periodic checks" [_thread_blocked, id=9476, stack(0x000000c9ecc00000,0x000000c9ecd00000)]
  0x00000209ac338000 JavaThread "Daemon" [_thread_blocked, id=3016, stack(0x000000c9ecd00000,0x000000c9ece00000)]
  0x00000209ac802000 JavaThread "Handler for socket connection from /127.0.0.1:51726 to /127.0.0.1:51727" [_thread_in_native, id=9328, stack(0x000000c9ece00000,0x000000c9ecf00000)]
  0x00000209ad168800 JavaThread "Cancel handler" [_thread_blocked, id=1292, stack(0x000000c9ecf00000,0x000000c9ed000000)]
  0x00000209ac3d5800 JavaThread "Daemon worker" [_thread_blocked, id=9936, stack(0x000000c9ed000000,0x000000c9ed100000)]
  0x00000209ac7c1000 JavaThread "Asynchronous log dispatcher for DefaultDaemonConnection: socket connection from /127.0.0.1:51726 to /127.0.0.1:51727" [_thread_blocked, id=1040, stack(0x000000c9ed100000,0x000000c9ed200000)]
  0x00000209ace2b000 JavaThread "Daemon client event forwarder" [_thread_blocked, id=2816, stack(0x000000c9ed300000,0x000000c9ed400000)]
  0x00000209ad08a800 JavaThread "Cache worker for journal cache (C:\Users\caby5\.gradle\caches\journal-1)" [_thread_blocked, id=3736, stack(0x000000c9ed400000,0x000000c9ed500000)]
  0x00000209ad08a000 JavaThread "File lock request listener" [_thread_in_native, id=5812, stack(0x000000c9ed500000,0x000000c9ed600000)]
  0x00000209ad08b800 JavaThread "Cache worker for file hash cache (C:\Users\caby5\.gradle\caches\7.3.3\fileHashes)" [_thread_blocked, id=4240, stack(0x000000c9ed600000,0x000000c9ed700000)]
  0x00000209ad08c800 JavaThread "Cache worker for file hash cache (C:\Users\caby5\Documents\TEC\archivos\.gradle\7.3.3\fileHashes)" [_thread_blocked, id=8496, stack(0x000000c9ed700000,0x000000c9ed800000)]
  0x00000209ad08d000 JavaThread "File watcher server" daemon [_thread_in_native, id=2748, stack(0x000000c9ed800000,0x000000c9ed900000)]
  0x00000209ad08e000 JavaThread "File watcher consumer" daemon [_thread_blocked, id=2656, stack(0x000000c9ed900000,0x000000c9eda00000)]
  0x00000209ad088800 JavaThread "Cache worker for checksums cache (C:\Users\caby5\Documents\TEC\archivos\.gradle\7.3.3\checksums)" [_thread_blocked, id=9820, stack(0x000000c9eda00000,0x000000c9edb00000)]
  0x00000209ad089000 JavaThread "Cache worker for cache directory md-supplier (C:\Users\caby5\.gradle\caches\7.3.3\md-supplier)" [_thread_blocked, id=7472, stack(0x000000c9edb00000,0x000000c9edc00000)]
  0x00000209ad08f000 JavaThread "Cache worker for cache directory md-rule (C:\Users\caby5\.gradle\caches\7.3.3\md-rule)" [_thread_blocked, id=9724, stack(0x000000c9edc00000,0x000000c9edd00000)]
  0x00000209adacd000 JavaThread "Cache worker for execution history cache (C:\Users\caby5\.gradle\caches\7.3.3\executionHistory)" [_thread_blocked, id=5888, stack(0x000000c9edd00000,0x000000c9ede00000)]
  0x00000209adacb000 JavaThread "jar transforms" [_thread_blocked, id=9380, stack(0x000000c9ede00000,0x000000c9edf00000)]
  0x00000209adacc000 JavaThread "Cache worker for file content cache (C:\Users\caby5\.gradle\caches\7.3.3\fileContent)" [_thread_blocked, id=6636, stack(0x000000c9edf00000,0x000000c9ee000000)]
  0x00000209adacd800 JavaThread "jar transforms Thread 2" [_thread_blocked, id=1376, stack(0x000000c9ee000000,0x000000c9ee100000)]
  0x00000209adac8000 JavaThread "Cache worker for dependencies-accessors (C:\Users\caby5\Documents\TEC\archivos\.gradle\7.3.3\dependencies-accessors)" [_thread_blocked, id=9956, stack(0x000000c9ee100000,0x000000c9ee200000)]
  0x00000209adacf800 JavaThread "Cache worker for Build Output Cleanup Cache (C:\Users\caby5\Documents\TEC\archivos\.gradle\buildOutputCleanup)" [_thread_blocked, id=9148, stack(0x000000c9ee200000,0x000000c9ee300000)]
  0x00000209adace800 JavaThread "Unconstrained build operations" [_thread_blocked, id=8552, stack(0x000000c9ee300000,0x000000c9ee400000)]
  0x00000209adac9800 JavaThread "Unconstrained build operations Thread 2" [_thread_blocked, id=8640, stack(0x000000c9ee400000,0x000000c9ee500000)]
  0x00000209adaca800 JavaThread "Unconstrained build operations Thread 3" [_thread_blocked, id=9120, stack(0x000000c9ee500000,0x000000c9ee600000)]
  0x00000209adad6000 JavaThread "Unconstrained build operations Thread 4" [_thread_blocked, id=2236, stack(0x000000c9ee600000,0x000000c9ee700000)]
  0x00000209adad2800 JavaThread "Unconstrained build operations Thread 5" [_thread_in_Java, id=4628, stack(0x000000c9ee700000,0x000000c9ee800000)]
  0x00000209adad4000 JavaThread "Unconstrained build operations Thread 6" [_thread_blocked, id=2484, stack(0x000000c9ee800000,0x000000c9ee900000)]
  0x00000209adad1000 JavaThread "Unconstrained build operations Thread 7" [_thread_blocked, id=9164, stack(0x000000c9ee900000,0x000000c9eea00000)]
  0x00000209adad3800 JavaThread "Unconstrained build operations Thread 8" [_thread_blocked, id=3600, stack(0x000000c9eea00000,0x000000c9eeb00000)]
  0x00000209adad5000 JavaThread "Unconstrained build operations Thread 9" [_thread_blocked, id=4376, stack(0x000000c9eeb00000,0x000000c9eec00000)]
  0x00000209adad0000 JavaThread "Unconstrained build operations Thread 10" [_thread_blocked, id=1112, stack(0x000000c9eec00000,0x000000c9eed00000)]
  0x00000209adad6800 JavaThread "Unconstrained build operations Thread 11" [_thread_in_Java, id=9024, stack(0x000000c9eed00000,0x000000c9eee00000)]
  0x00000209adad1800 JavaThread "Unconstrained build operations Thread 12" [_thread_blocked, id=5492, stack(0x000000c9eee00000,0x000000c9eef00000)]
  0x00000209b0212800 JavaThread "Unconstrained build operations Thread 13" [_thread_blocked, id=7796, stack(0x000000c9eef00000,0x000000c9ef000000)]
  0x00000209b020f800 JavaThread "Unconstrained build operations Thread 14" [_thread_blocked, id=8400, stack(0x000000c9ef000000,0x000000c9ef100000)]
  0x00000209b0215000 JavaThread "Unconstrained build operations Thread 15" [_thread_blocked, id=6596, stack(0x000000c9ef100000,0x000000c9ef200000)]
  0x00000209b0211800 JavaThread "Unconstrained build operations Thread 16" [_thread_blocked, id=9392, stack(0x000000c9ef200000,0x000000c9ef300000)]
  0x00000209b0216000 JavaThread "Unconstrained build operations Thread 17" [_thread_blocked, id=3680, stack(0x000000c9ef300000,0x000000c9ef400000)]
  0x00000209b0213800 JavaThread "Unconstrained build operations Thread 18" [_thread_blocked, id=2788, stack(0x000000c9ef400000,0x000000c9ef500000)]
  0x00000209b0214000 JavaThread "Unconstrained build operations Thread 19" [_thread_blocked, id=3392, stack(0x000000c9ef500000,0x000000c9ef600000)]
  0x00000209b0210000 JavaThread "Unconstrained build operations Thread 20" [_thread_blocked, id=9244, stack(0x000000c9ef600000,0x000000c9ef700000)]
  0x00000209b0216800 JavaThread "Memory manager" [_thread_blocked, id=5644, stack(0x000000c9ef900000,0x000000c9efa00000)]
  0x00000209b0211000 JavaThread "build event listener" [_thread_blocked, id=8136, stack(0x000000c9eb600000,0x000000c9eb700000)]
  0x00000209b021b800 JavaThread "Execution worker for ':'" [_thread_blocked, id=3616, stack(0x000000c9eb700000,0x000000c9eb800000)]
  0x00000209b021c800 JavaThread "Cache worker for execution history cache (C:\Users\caby5\Documents\TEC\archivos\.gradle\7.3.3\executionHistory)" [_thread_blocked, id=6352, stack(0x000000c9efa00000,0x000000c9efb00000)]
  0x00000209b0217800 JavaThread "WorkerExecutor Queue Thread 2" [_thread_blocked, id=6804, stack(0x000000c9ed200000,0x000000c9ed300000)]
  0x00000209b021e000 JavaThread "pool-3-thread-1" [_thread_blocked, id=1132, stack(0x000000c9efc00000,0x000000c9efd00000)]
  0x00000209b0218800 JavaThread "stderr" [_thread_in_native, id=6300, stack(0x000000c9efe00000,0x000000c9eff00000)]
  0x00000209b0219000 JavaThread "stdout" [_thread_in_native, id=3076, stack(0x000000c9eff00000,0x000000c9f0000000)]
  0x00000209b021a800 JavaThread "WorkerExecutor Queue Thread 3" [_thread_blocked, id=5500, stack(0x000000c9efb00000,0x000000c9efc00000)]
  0x00000209b021d000 JavaThread "Cache worker for Java compile cache (C:\Users\caby5\.gradle\caches\7.3.3\javaCompile)" [_thread_blocked, id=8668, stack(0x000000c9f0000000,0x000000c9f0100000)]
  0x00000209ae125000 JavaThread "Build operations" [_thread_blocked, id=4576, stack(0x000000c9f0100000,0x000000c9f0200000)]
  0x00000209ae123800 JavaThread "Build operations Thread 2" [_thread_blocked, id=6552, stack(0x000000c9f0200000,0x000000c9f0300000)]

Other Threads:
  0x00000209aacba000 VMThread "VM Thread" [stack: 0x000000c9ebe00000,0x000000c9ebf00000] [id=9908]
  0x00000209ab7bf000 WatcherThread [stack: 0x000000c9ec800000,0x000000c9ec900000] [id=224]
  0x0000020991637000 GCTaskThread "GC Thread#0" [stack: 0x000000c9eb900000,0x000000c9eba00000] [id=1864]
  0x00000209ab885800 GCTaskThread "GC Thread#1" [stack: 0x000000c9ec900000,0x000000c9eca00000] [id=8660]
  0x0000020991667000 ConcurrentGCThread "G1 Main Marker" [stack: 0x000000c9eba00000,0x000000c9ebb00000] [id=6072]
  0x0000020991668000 ConcurrentGCThread "G1 Conc#0" [stack: 0x000000c9ebb00000,0x000000c9ebc00000] [id=9764]
  0x00000209916a7800 ConcurrentGCThread "G1 Refine#0" [stack: 0x000000c9ebc00000,0x000000c9ebd00000] [id=8088]
  0x00000209916a8800 ConcurrentGCThread "G1 Young RemSet Sampling" [stack: 0x000000c9ebd00000,0x000000c9ebe00000] [id=188]

Threads with active compile tasks:
C2 CompilerThread0 251364 21001 %     4       com.android.tools.r8.ir.regalloc.b::c @ 2064 (3963 bytes)

VM state:not at safepoint (normal execution)

VM Mutex/Monitor currently owned by a thread: None

Heap address: 0x0000000080000000, size: 2048 MB, Compressed Oops mode: 32-bit
Narrow klass base: 0x0000000000000000, Narrow klass shift: 3
Compressed class space size: 1073741824 Address: 0x0000000100000000

Heap:
 garbage-first heap   total 237568K, used 179601K [0x0000000080000000, 0x0000000100000000)
  region size 1024K, 51 young (52224K), 2 survivors (2048K)
 Metaspace       used 128066K, capacity 131050K, committed 131152K, reserved 1163264K
  class space    used 15717K, capacity 16821K, committed 16896K, reserved 1048576K
Heap Regions: E=young(eden), S=young(survivor), O=old, HS=humongous(starts), HC=humongous(continues), CS=collection set, F=free, A=archive, TAMS=top-at-mark-start (previous, next)
|   0|0x0000000080000000, 0x0000000080100000, 0x0000000080100000|100%| O|  |TAMS 0x0000000080100000, 0x0000000080000000| Untracked 
|   1|0x0000000080100000, 0x0000000080200000, 0x0000000080200000|100%| O|  |TAMS 0x0000000080200000, 0x0000000080100000| Untracked 
|   2|0x0000000080200000, 0x0000000080300000, 0x0000000080300000|100%| O|  |TAMS 0x0000000080300000, 0x0000000080200000| Untracked 
|   3|0x0000000080300000, 0x0000000080400000, 0x0000000080400000|100%| O|  |TAMS 0x0000000080400000, 0x0000000080300000| Untracked 
|   4|0x0000000080400000, 0x0000000080500000, 0x0000000080500000|100%|HS|  |TAMS 0x0000000080500000, 0x0000000080400000| Complete 
|   5|0x0000000080500000, 0x0000000080600000, 0x0000000080600000|100%|HC|  |TAMS 0x0000000080600000, 0x0000000080500000| Complete 
|   6|0x0000000080600000, 0x0000000080700000, 0x0000000080700000|100%|HC|  |TAMS 0x0000000080700000, 0x0000000080600000| Complete 
|   7|0x0000000080700000, 0x0000000080800000, 0x0000000080800000|100%| O|  |TAMS 0x0000000080800000, 0x0000000080700000| Untracked 
|   8|0x0000000080800000, 0x0000000080900000, 0x0000000080900000|100%| O|  |TAMS 0x0000000080900000, 0x0000000080800000| Untracked 
|   9|0x0000000080900000, 0x0000000080a00000, 0x0000000080a00000|100%| O|  |TAMS 0x0000000080a00000, 0x0000000080900000| Untracked 
|  10|0x0000000080a00000, 0x0000000080b00000, 0x0000000080b00000|100%| O|  |TAMS 0x0000000080b00000, 0x0000000080a00000| Untracked 
|  11|0x0000000080b00000, 0x0000000080c00000, 0x0000000080c00000|100%| O|  |TAMS 0x0000000080c00000, 0x0000000080b00000| Complete 
|  12|0x0000000080c00000, 0x0000000080d00000, 0x0000000080d00000|100%| O|  |TAMS 0x0000000080d00000, 0x0000000080c00000| Untracked 
|  13|0x0000000080d00000, 0x0000000080e00000, 0x0000000080e00000|100%| O|  |TAMS 0x0000000080e00000, 0x0000000080d00000| Untracked 
|  14|0x0000000080e00000, 0x0000000080f00000, 0x0000000080f00000|100%| O|  |TAMS 0x0000000080f00000, 0x0000000080e00000| Untracked 
|  15|0x0000000080f00000, 0x0000000081000000, 0x0000000081000000|100%| O|  |TAMS 0x0000000081000000, 0x0000000080f00000| Complete 
|  16|0x0000000081000000, 0x0000000081100000, 0x0000000081100000|100%| O|  |TAMS 0x0000000081100000, 0x0000000081000000| Untracked 
|  17|0x0000000081100000, 0x0000000081200000, 0x0000000081200000|100%| O|  |TAMS 0x0000000081200000, 0x0000000081100000| Untracked 
|  18|0x0000000081200000, 0x0000000081300000, 0x0000000081300000|100%| O|  |TAMS 0x0000000081300000, 0x0000000081200000| Complete 
|  19|0x0000000081300000, 0x0000000081400000, 0x0000000081400000|100%| O|  |TAMS 0x0000000081400000, 0x0000000081300000| Untracked 
|  20|0x0000000081400000, 0x0000000081500000, 0x0000000081500000|100%| O|  |TAMS 0x0000000081500000, 0x0000000081400000| Complete 
|  21|0x0000000081500000, 0x0000000081600000, 0x0000000081600000|100%| O|  |TAMS 0x0000000081600000, 0x0000000081500000| Complete 
|  22|0x0000000081600000, 0x0000000081700000, 0x0000000081700000|100%| O|  |TAMS 0x0000000081700000, 0x0000000081600000| Complete 
|  23|0x0000000081700000, 0x0000000081800000, 0x0000000081800000|100%| O|  |TAMS 0x0000000081800000, 0x0000000081700000| Untracked 
|  24|0x0000000081800000, 0x0000000081900000, 0x0000000081900000|100%| O|  |TAMS 0x0000000081900000, 0x0000000081800000| Untracked 
|  25|0x0000000081900000, 0x0000000081a00000, 0x0000000081a00000|100%| O|  |TAMS 0x0000000081a00000, 0x0000000081900000| Untracked 
|  26|0x0000000081a00000, 0x0000000081b00000, 0x0000000081b00000|100%| O|  |TAMS 0x0000000081b00000, 0x0000000081a00000| Untracked 
|  27|0x0000000081b00000, 0x0000000081c00000, 0x0000000081c00000|100%|HS|  |TAMS 0x0000000081c00000, 0x0000000081b00000| Complete 
|  28|0x0000000081c00000, 0x0000000081d00000, 0x0000000081d00000|100%| O|  |TAMS 0x0000000081d00000, 0x0000000081c00000| Untracked 
|  29|0x0000000081d00000, 0x0000000081e00000, 0x0000000081e00000|100%| O|  |TAMS 0x0000000081e00000, 0x0000000081d00000| Complete 
|  30|0x0000000081e00000, 0x0000000081f00000, 0x0000000081f00000|100%|HS|  |TAMS 0x0000000081f00000, 0x0000000081e00000| Complete 
|  31|0x0000000081f00000, 0x0000000082000000, 0x0000000082000000|100%|HS|  |TAMS 0x0000000082000000, 0x0000000081f00000| Complete 
|  32|0x0000000082000000, 0x0000000082100000, 0x0000000082100000|100%|HC|  |TAMS 0x0000000082100000, 0x0000000082000000| Complete 
|  33|0x0000000082100000, 0x0000000082200000, 0x0000000082200000|100%| O|  |TAMS 0x0000000082200000, 0x0000000082100000| Untracked 
|  34|0x0000000082200000, 0x0000000082300000, 0x0000000082300000|100%| O|  |TAMS 0x0000000082300000, 0x0000000082200000| Untracked 
|  35|0x0000000082300000, 0x0000000082400000, 0x0000000082400000|100%| O|  |TAMS 0x0000000082400000, 0x0000000082300000| Untracked 
|  36|0x0000000082400000, 0x0000000082500000, 0x0000000082500000|100%| O|  |TAMS 0x0000000082500000, 0x0000000082400000| Untracked 
|  37|0x0000000082500000, 0x0000000082600000, 0x0000000082600000|100%| O|  |TAMS 0x0000000082600000, 0x0000000082500000| Untracked 
|  38|0x0000000082600000, 0x0000000082700000, 0x0000000082700000|100%| O|  |TAMS 0x0000000082700000, 0x0000000082600000| Untracked 
|  39|0x0000000082700000, 0x0000000082800000, 0x0000000082800000|100%| O|  |TAMS 0x0000000082800000, 0x0000000082700000| Untracked 
|  40|0x0000000082800000, 0x0000000082900000, 0x0000000082900000|100%| O|  |TAMS 0x0000000082900000, 0x0000000082800000| Untracked 
|  41|0x0000000082900000, 0x0000000082a00000, 0x0000000082a00000|100%| O|  |TAMS 0x0000000082a00000, 0x0000000082900000| Complete 
|  42|0x0000000082a00000, 0x0000000082b00000, 0x0000000082b00000|100%| O|  |TAMS 0x0000000082b00000, 0x0000000082a00000| Complete 
|  43|0x0000000082b00000, 0x0000000082c00000, 0x0000000082c00000|100%| O|  |TAMS 0x0000000082c00000, 0x0000000082b00000| Complete 
|  44|0x0000000082c00000, 0x0000000082d00000, 0x0000000082d00000|100%| O|  |TAMS 0x0000000082d00000, 0x0000000082c00000| Untracked 
|  45|0x0000000082d00000, 0x0000000082e00000, 0x0000000082e00000|100%| O|  |TAMS 0x0000000082e00000, 0x0000000082d00000| Untracked 
|  46|0x0000000082e00000, 0x0000000082f00000, 0x0000000082f00000|100%| O|  |TAMS 0x0000000082f00000, 0x0000000082e00000| Untracked 
|  47|0x0000000082f00000, 0x0000000083000000, 0x0000000083000000|100%| O|  |TAMS 0x0000000083000000, 0x0000000082f00000| Untracked 
|  48|0x0000000083000000, 0x0000000083100000, 0x0000000083100000|100%| O|  |TAMS 0x0000000083100000, 0x0000000083000000| Untracked 
|  49|0x0000000083100000, 0x0000000083200000, 0x0000000083200000|100%| O|  |TAMS 0x0000000083200000, 0x0000000083100000| Untracked 
|  50|0x0000000083200000, 0x0000000083300000, 0x0000000083300000|100%| O|  |TAMS 0x0000000083300000, 0x0000000083200000| Untracked 
|  51|0x0000000083300000, 0x0000000083400000, 0x0000000083400000|100%| O|  |TAMS 0x0000000083400000, 0x0000000083300000| Untracked 
|  52|0x0000000083400000, 0x0000000083500000, 0x0000000083500000|100%| O|  |TAMS 0x0000000083500000, 0x0000000083400000| Complete 
|  53|0x0000000083500000, 0x0000000083600000, 0x0000000083600000|100%| O|  |TAMS 0x0000000083600000, 0x0000000083500000| Untracked 
|  54|0x0000000083600000, 0x0000000083700000, 0x0000000083700000|100%| O|  |TAMS 0x0000000083700000, 0x0000000083600000| Untracked 
|  55|0x0000000083700000, 0x0000000083800000, 0x0000000083800000|100%| O|  |TAMS 0x0000000083800000, 0x0000000083700000| Complete 
|  56|0x0000000083800000, 0x0000000083900000, 0x0000000083900000|100%| O|  |TAMS 0x0000000083900000, 0x0000000083800000| Complete 
|  57|0x0000000083900000, 0x0000000083a00000, 0x0000000083a00000|100%| O|  |TAMS 0x0000000083a00000, 0x0000000083900000| Complete 
|  58|0x0000000083a00000, 0x0000000083b00000, 0x0000000083b00000|100%| O|  |TAMS 0x0000000083b00000, 0x0000000083a00000| Complete 
|  59|0x0000000083b00000, 0x0000000083c00000, 0x0000000083c00000|100%| O|  |TAMS 0x0000000083c00000, 0x0000000083b00000| Untracked 
|  60|0x0000000083c00000, 0x0000000083d00000, 0x0000000083d00000|100%| O|  |TAMS 0x0000000083d00000, 0x0000000083c00000| Untracked 
|  61|0x0000000083d00000, 0x0000000083e00000, 0x0000000083e00000|100%| O|  |TAMS 0x0000000083e00000, 0x0000000083d00000| Complete 
|  62|0x0000000083e00000, 0x0000000083f00000, 0x0000000083f00000|100%| O|  |TAMS 0x0000000083f00000, 0x0000000083e00000| Untracked 
|  63|0x0000000083f00000, 0x0000000084000000, 0x0000000084000000|100%| O|  |TAMS 0x0000000084000000, 0x0000000083f00000| Untracked 
|  64|0x0000000084000000, 0x0000000084100000, 0x0000000084100000|100%| O|  |TAMS 0x0000000084100000, 0x0000000084000000| Complete 
|  65|0x0000000084100000, 0x0000000084200000, 0x0000000084200000|100%| O|  |TAMS 0x0000000084200000, 0x0000000084100000| Untracked 
|  66|0x0000000084200000, 0x0000000084300000, 0x0000000084300000|100%| O|  |TAMS 0x0000000084300000, 0x0000000084200000| Complete 
|  67|0x0000000084300000, 0x0000000084400000, 0x0000000084400000|100%| O|  |TAMS 0x0000000084400000, 0x0000000084300000| Complete 
|  68|0x0000000084400000, 0x0000000084500000, 0x0000000084500000|100%| O|  |TAMS 0x0000000084500000, 0x0000000084400000| Complete 
|  69|0x0000000084500000, 0x0000000084500000, 0x0000000084600000|  0%| F|  |TAMS 0x0000000084500000, 0x0000000084500000| Untracked 
|  70|0x0000000084600000, 0x0000000084700000, 0x0000000084700000|100%| O|  |TAMS 0x0000000084700000, 0x0000000084600000| Complete 
|  71|0x0000000084700000, 0x0000000084700000, 0x0000000084800000|  0%| F|  |TAMS 0x0000000084700000, 0x0000000084700000| Untracked 
|  72|0x0000000084800000, 0x0000000084900000, 0x0000000084900000|100%| O|  |TAMS 0x0000000084900000, 0x0000000084800000| Complete 
|  73|0x0000000084900000, 0x0000000084900000, 0x0000000084a00000|  0%| F|  |TAMS 0x0000000084900000, 0x0000000084900000| Untracked 
|  74|0x0000000084a00000, 0x0000000084b00000, 0x0000000084b00000|100%| O|  |TAMS 0x0000000084b00000, 0x0000000084a00000| Untracked 
|  75|0x0000000084b00000, 0x0000000084c00000, 0x0000000084c00000|100%| O|  |TAMS 0x0000000084c00000, 0x0000000084b00000| Complete 
|  76|0x0000000084c00000, 0x0000000084d00000, 0x0000000084d00000|100%| O|  |TAMS 0x0000000084d00000, 0x0000000084c00000| Untracked 
|  77|0x0000000084d00000, 0x0000000084e00000, 0x0000000084e00000|100%| O|  |TAMS 0x0000000084e00000, 0x0000000084d00000| Untracked 
|  78|0x0000000084e00000, 0x0000000084f00000, 0x0000000084f00000|100%| O|  |TAMS 0x0000000084f00000, 0x0000000084e00000| Untracked 
|  79|0x0000000084f00000, 0x0000000085000000, 0x0000000085000000|100%| O|  |TAMS 0x0000000085000000, 0x0000000084f00000| Untracked 
|  80|0x0000000085000000, 0x0000000085100000, 0x0000000085100000|100%| O|  |TAMS 0x0000000085100000, 0x0000000085000000| Untracked 
|  81|0x0000000085100000, 0x0000000085200000, 0x0000000085200000|100%| O|  |TAMS 0x0000000085200000, 0x0000000085100000| Untracked 
|  82|0x0000000085200000, 0x0000000085300000, 0x0000000085300000|100%| O|  |TAMS 0x0000000085300000, 0x0000000085200000| Untracked 
|  83|0x0000000085300000, 0x0000000085400000, 0x0000000085400000|100%| O|  |TAMS 0x0000000085400000, 0x0000000085300000| Untracked 
|  84|0x0000000085400000, 0x0000000085500000, 0x0000000085500000|100%| O|  |TAMS 0x0000000085500000, 0x0000000085400000| Untracked 
|  85|0x0000000085500000, 0x0000000085600000, 0x0000000085600000|100%| O|  |TAMS 0x0000000085600000, 0x0000000085500000| Untracked 
|  86|0x0000000085600000, 0x0000000085700000, 0x0000000085700000|100%| O|  |TAMS 0x0000000085700000, 0x0000000085600000| Untracked 
|  87|0x0000000085700000, 0x0000000085800000, 0x0000000085800000|100%| O|  |TAMS 0x0000000085800000, 0x0000000085700000| Untracked 
|  88|0x0000000085800000, 0x0000000085900000, 0x0000000085900000|100%| O|  |TAMS 0x0000000085900000, 0x0000000085800000| Complete 
|  89|0x0000000085900000, 0x0000000085a00000, 0x0000000085a00000|100%| O|  |TAMS 0x0000000085a00000, 0x0000000085900000| Complete 
|  90|0x0000000085a00000, 0x0000000085a00000, 0x0000000085b00000|  0%| F|  |TAMS 0x0000000085a00000, 0x0000000085a00000| Untracked 
|  91|0x0000000085b00000, 0x0000000085c00000, 0x0000000085c00000|100%| O|  |TAMS 0x0000000085c00000, 0x0000000085b00000| Complete 
|  92|0x0000000085c00000, 0x0000000085c00000, 0x0000000085d00000|  0%| F|  |TAMS 0x0000000085c00000, 0x0000000085c00000| Untracked 
|  93|0x0000000085d00000, 0x0000000085d00000, 0x0000000085e00000|  0%| F|  |TAMS 0x0000000085d00000, 0x0000000085d00000| Untracked 
|  94|0x0000000085e00000, 0x0000000085f00000, 0x0000000085f00000|100%| O|  |TAMS 0x0000000085f00000, 0x0000000085e00000| Complete 
|  95|0x0000000085f00000, 0x0000000085f00000, 0x0000000086000000|  0%| F|  |TAMS 0x0000000085f00000, 0x0000000085f00000| Untracked 
|  96|0x0000000086000000, 0x0000000086000000, 0x0000000086100000|  0%| F|  |TAMS 0x0000000086000000, 0x0000000086000000| Untracked 
|  97|0x0000000086100000, 0x0000000086100000, 0x0000000086200000|  0%| F|  |TAMS 0x0000000086100000, 0x0000000086100000| Untracked 
|  98|0x0000000086200000, 0x0000000086200000, 0x0000000086300000|  0%| F|  |TAMS 0x0000000086200000, 0x0000000086200000| Untracked 
|  99|0x0000000086300000, 0x0000000086400000, 0x0000000086400000|100%| O|  |TAMS 0x0000000086400000, 0x0000000086300000| Untracked 
| 100|0x0000000086400000, 0x0000000086500000, 0x0000000086500000|100%| O|  |TAMS 0x0000000086500000, 0x0000000086400000| Untracked 
| 101|0x0000000086500000, 0x0000000086600000, 0x0000000086600000|100%| O|  |TAMS 0x0000000086600000, 0x0000000086500000| Untracked 
| 102|0x0000000086600000, 0x0000000086700000, 0x0000000086700000|100%| O|  |TAMS 0x0000000086700000, 0x0000000086600000| Untracked 
| 103|0x0000000086700000, 0x0000000086800000, 0x0000000086800000|100%| O|  |TAMS 0x0000000086800000, 0x0000000086700000| Untracked 
| 104|0x0000000086800000, 0x0000000086900000, 0x0000000086900000|100%| O|  |TAMS 0x0000000086900000, 0x0000000086800000| Untracked 
| 105|0x0000000086900000, 0x0000000086a00000, 0x0000000086a00000|100%| O|  |TAMS 0x0000000086a00000, 0x0000000086900000| Untracked 
| 106|0x0000000086a00000, 0x0000000086a00000, 0x0000000086b00000|  0%| F|  |TAMS 0x0000000086a00000, 0x0000000086a00000| Untracked 
| 107|0x0000000086b00000, 0x0000000086c00000, 0x0000000086c00000|100%| O|  |TAMS 0x0000000086c00000, 0x0000000086b00000| Untracked 
| 108|0x0000000086c00000, 0x0000000086d00000, 0x0000000086d00000|100%| O|  |TAMS 0x0000000086d00000, 0x0000000086c00000| Untracked 
| 109|0x0000000086d00000, 0x0000000086e00000, 0x0000000086e00000|100%| O|  |TAMS 0x0000000086e00000, 0x0000000086d00000| Untracked 
| 110|0x0000000086e00000, 0x0000000086e00000, 0x0000000086f00000|  0%| F|  |TAMS 0x0000000086e00000, 0x0000000086e00000| Untracked 
| 111|0x0000000086f00000, 0x0000000087000000, 0x0000000087000000|100%| O|  |TAMS 0x0000000087000000, 0x0000000086f00000| Complete 
| 112|0x0000000087000000, 0x0000000087100000, 0x0000000087100000|100%| O|  |TAMS 0x0000000087100000, 0x0000000087000000| Untracked 
| 113|0x0000000087100000, 0x0000000087200000, 0x0000000087200000|100%| O|  |TAMS 0x0000000087200000, 0x0000000087100000| Untracked 
| 114|0x0000000087200000, 0x0000000087300000, 0x0000000087300000|100%| O|  |TAMS 0x0000000087300000, 0x0000000087200000| Complete 
| 115|0x0000000087300000, 0x0000000087400000, 0x0000000087400000|100%| O|  |TAMS 0x0000000087400000, 0x0000000087300000| Untracked 
| 116|0x0000000087400000, 0x0000000087500000, 0x0000000087500000|100%| O|  |TAMS 0x0000000087500000, 0x0000000087400000| Untracked 
| 117|0x0000000087500000, 0x0000000087600000, 0x0000000087600000|100%| O|  |TAMS 0x0000000087600000, 0x0000000087500000| Complete 
| 118|0x0000000087600000, 0x0000000087700000, 0x0000000087700000|100%| O|  |TAMS 0x0000000087700000, 0x0000000087600000| Untracked 
| 119|0x0000000087700000, 0x0000000087800000, 0x0000000087800000|100%| O|  |TAMS 0x0000000087800000, 0x0000000087700000| Untracked 
| 120|0x0000000087800000, 0x0000000087900000, 0x0000000087900000|100%| O|  |TAMS 0x0000000087900000, 0x0000000087800000| Untracked 
| 121|0x0000000087900000, 0x0000000087a00000, 0x0000000087a00000|100%| O|  |TAMS 0x0000000087a00000, 0x0000000087900000| Untracked 
| 122|0x0000000087a00000, 0x0000000087b00000, 0x0000000087b00000|100%| O|  |TAMS 0x0000000087b00000, 0x0000000087a00000| Untracked 
| 123|0x0000000087b00000, 0x0000000087c00000, 0x0000000087c00000|100%| O|  |TAMS 0x0000000087c00000, 0x0000000087b00000| Untracked 
| 124|0x0000000087c00000, 0x0000000087d00000, 0x0000000087d00000|100%| O|  |TAMS 0x0000000087d00000, 0x0000000087c00000| Complete 
| 125|0x0000000087d00000, 0x0000000087e00000, 0x0000000087e00000|100%| O|  |TAMS 0x0000000087e00000, 0x0000000087d00000| Complete 
| 126|0x0000000087e00000, 0x0000000087f00000, 0x0000000087f00000|100%| O|  |TAMS 0x0000000087f00000, 0x0000000087e00000| Untracked 
| 127|0x0000000087f00000, 0x0000000088000000, 0x0000000088000000|100%| O|  |TAMS 0x0000000088000000, 0x0000000087f00000| Untracked 
| 128|0x0000000088000000, 0x0000000088100000, 0x0000000088100000|100%| O|  |TAMS 0x0000000088100000, 0x0000000088000000| Untracked 
| 129|0x0000000088100000, 0x0000000088200000, 0x0000000088200000|100%| O|  |TAMS 0x0000000088200000, 0x0000000088100000| Untracked 
| 130|0x0000000088200000, 0x0000000088300000, 0x0000000088300000|100%| O|  |TAMS 0x0000000088300000, 0x0000000088200000| Untracked 
| 131|0x0000000088300000, 0x0000000088400000, 0x0000000088400000|100%| O|  |TAMS 0x0000000088400000, 0x0000000088300000| Complete 
| 132|0x0000000088400000, 0x0000000088500000, 0x0000000088500000|100%| O|  |TAMS 0x0000000088500000, 0x0000000088400000| Complete 
| 133|0x0000000088500000, 0x0000000088600000, 0x0000000088600000|100%| O|  |TAMS 0x0000000088600000, 0x0000000088500000| Untracked 
| 134|0x0000000088600000, 0x0000000088700000, 0x0000000088700000|100%| O|  |TAMS 0x0000000088700000, 0x0000000088600000| Untracked 
| 135|0x0000000088700000, 0x0000000088800000, 0x0000000088800000|100%| O|  |TAMS 0x0000000088800000, 0x0000000088700000| Untracked 
| 136|0x0000000088800000, 0x0000000088900000, 0x0000000088900000|100%| O|  |TAMS 0x0000000088900000, 0x0000000088800000| Complete 
| 137|0x0000000088900000, 0x00000000889b1a00, 0x0000000088a00000| 69%| O|  |TAMS 0x00000000889b1a00, 0x0000000088900000| Untracked 
| 138|0x0000000088a00000, 0x0000000088a00000, 0x0000000088b00000|  0%| F|  |TAMS 0x0000000088a00000, 0x0000000088a00000| Untracked 
| 139|0x0000000088b00000, 0x0000000088b00000, 0x0000000088c00000|  0%| F|  |TAMS 0x0000000088b00000, 0x0000000088b00000| Untracked 
| 140|0x0000000088c00000, 0x0000000088c00000, 0x0000000088d00000|  0%| F|  |TAMS 0x0000000088c00000, 0x0000000088c00000| Untracked 
| 141|0x0000000088d00000, 0x0000000088d00000, 0x0000000088e00000|  0%| F|  |TAMS 0x0000000088d00000, 0x0000000088d00000| Untracked 
| 142|0x0000000088e00000, 0x0000000088e00000, 0x0000000088f00000|  0%| F|  |TAMS 0x0000000088e00000, 0x0000000088e00000| Untracked 
| 143|0x0000000088f00000, 0x0000000088f00000, 0x0000000089000000|  0%| F|  |TAMS 0x0000000088f00000, 0x0000000088f00000| Untracked 
| 144|0x0000000089000000, 0x0000000089000000, 0x0000000089100000|  0%| F|  |TAMS 0x0000000089000000, 0x0000000089000000| Untracked 
| 145|0x0000000089100000, 0x0000000089100000, 0x0000000089200000|  0%| F|  |TAMS 0x0000000089100000, 0x0000000089100000| Untracked 
| 146|0x0000000089200000, 0x0000000089200000, 0x0000000089300000|  0%| F|  |TAMS 0x0000000089200000, 0x0000000089200000| Untracked 
| 147|0x0000000089300000, 0x0000000089300000, 0x0000000089400000|  0%| F|  |TAMS 0x0000000089300000, 0x0000000089300000| Untracked 
| 148|0x0000000089400000, 0x0000000089400000, 0x0000000089500000|  0%| F|  |TAMS 0x0000000089400000, 0x0000000089400000| Untracked 
| 149|0x0000000089500000, 0x0000000089500000, 0x0000000089600000|  0%| F|  |TAMS 0x0000000089500000, 0x0000000089500000| Untracked 
| 150|0x0000000089600000, 0x0000000089600000, 0x0000000089700000|  0%| F|  |TAMS 0x0000000089600000, 0x0000000089600000| Untracked 
| 151|0x0000000089700000, 0x0000000089700000, 0x0000000089800000|  0%| F|  |TAMS 0x0000000089700000, 0x0000000089700000| Untracked 
| 152|0x0000000089800000, 0x0000000089800000, 0x0000000089900000|  0%| F|  |TAMS 0x0000000089800000, 0x0000000089800000| Untracked 
| 153|0x0000000089900000, 0x0000000089900000, 0x0000000089a00000|  0%| F|  |TAMS 0x0000000089900000, 0x0000000089900000| Untracked 
| 154|0x0000000089a00000, 0x0000000089a00000, 0x0000000089b00000|  0%| F|  |TAMS 0x0000000089a00000, 0x0000000089a00000| Untracked 
| 155|0x0000000089b00000, 0x0000000089b00000, 0x0000000089c00000|  0%| F|  |TAMS 0x0000000089b00000, 0x0000000089b00000| Untracked 
| 156|0x0000000089c00000, 0x0000000089c00000, 0x0000000089d00000|  0%| F|  |TAMS 0x0000000089c00000, 0x0000000089c00000| Untracked 
| 157|0x0000000089d00000, 0x0000000089d00000, 0x0000000089e00000|  0%| F|  |TAMS 0x0000000089d00000, 0x0000000089d00000| Untracked 
| 158|0x0000000089e00000, 0x0000000089e00000, 0x0000000089f00000|  0%| F|  |TAMS 0x0000000089e00000, 0x0000000089e00000| Untracked 
| 159|0x0000000089f00000, 0x0000000089f00000, 0x000000008a000000|  0%| F|  |TAMS 0x0000000089f00000, 0x0000000089f00000| Untracked 
| 160|0x000000008a000000, 0x000000008a000000, 0x000000008a100000|  0%| F|  |TAMS 0x000000008a000000, 0x000000008a000000| Untracked 
| 161|0x000000008a100000, 0x000000008a100000, 0x000000008a200000|  0%| F|  |TAMS 0x000000008a100000, 0x000000008a100000| Untracked 
| 162|0x000000008a200000, 0x000000008a2b2aa0, 0x000000008a300000| 69%| S|CS|TAMS 0x000000008a200000, 0x000000008a200000| Complete 
| 163|0x000000008a300000, 0x000000008a400000, 0x000000008a400000|100%| S|CS|TAMS 0x000000008a300000, 0x000000008a300000| Complete 
| 164|0x000000008a400000, 0x000000008a400000, 0x000000008a500000|  0%| F|  |TAMS 0x000000008a400000, 0x000000008a400000| Untracked 
| 165|0x000000008a500000, 0x000000008a500000, 0x000000008a600000|  0%| F|  |TAMS 0x000000008a500000, 0x000000008a500000| Untracked 
| 166|0x000000008a600000, 0x000000008a600000, 0x000000008a700000|  0%| F|  |TAMS 0x000000008a600000, 0x000000008a600000| Untracked 
| 167|0x000000008a700000, 0x000000008a700000, 0x000000008a800000|  0%| F|  |TAMS 0x000000008a700000, 0x000000008a700000| Untracked 
| 168|0x000000008a800000, 0x000000008a800000, 0x000000008a900000|  0%| F|  |TAMS 0x000000008a800000, 0x000000008a800000| Untracked 
| 169|0x000000008a900000, 0x000000008a900000, 0x000000008aa00000|  0%| F|  |TAMS 0x000000008a900000, 0x000000008a900000| Untracked 
| 170|0x000000008aa00000, 0x000000008aa00000, 0x000000008ab00000|  0%| F|  |TAMS 0x000000008aa00000, 0x000000008aa00000| Untracked 
| 171|0x000000008ab00000, 0x000000008ab00000, 0x000000008ac00000|  0%| F|  |TAMS 0x000000008ab00000, 0x000000008ab00000| Untracked 
| 172|0x000000008ac00000, 0x000000008ac00000, 0x000000008ad00000|  0%| F|  |TAMS 0x000000008ac00000, 0x000000008ac00000| Untracked 
| 173|0x000000008ad00000, 0x000000008ad00000, 0x000000008ae00000|  0%| F|  |TAMS 0x000000008ad00000, 0x000000008ad00000| Untracked 
| 174|0x000000008ae00000, 0x000000008ae00000, 0x000000008af00000|  0%| F|  |TAMS 0x000000008ae00000, 0x000000008ae00000| Untracked 
| 175|0x000000008af00000, 0x000000008af00000, 0x000000008b000000|  0%| F|  |TAMS 0x000000008af00000, 0x000000008af00000| Untracked 
| 176|0x000000008b000000, 0x000000008b000000, 0x000000008b100000|  0%| F|  |TAMS 0x000000008b000000, 0x000000008b000000| Untracked 
| 177|0x000000008b100000, 0x000000008b100000, 0x000000008b200000|  0%| F|  |TAMS 0x000000008b100000, 0x000000008b100000| Untracked 
| 178|0x000000008b200000, 0x000000008b200000, 0x000000008b300000|  0%| F|  |TAMS 0x000000008b200000, 0x000000008b200000| Untracked 
| 179|0x000000008b300000, 0x000000008b300000, 0x000000008b400000|  0%| F|  |TAMS 0x000000008b300000, 0x000000008b300000| Untracked 
| 180|0x000000008b400000, 0x000000008b400000, 0x000000008b500000|  0%| F|  |TAMS 0x000000008b400000, 0x000000008b400000| Untracked 
| 181|0x000000008b500000, 0x000000008b500000, 0x000000008b600000|  0%| F|  |TAMS 0x000000008b500000, 0x000000008b500000| Untracked 
| 182|0x000000008b600000, 0x000000008b700000, 0x000000008b700000|100%| E|  |TAMS 0x000000008b600000, 0x000000008b600000| Complete 
| 183|0x000000008b700000, 0x000000008b800000, 0x000000008b800000|100%| E|CS|TAMS 0x000000008b700000, 0x000000008b700000| Complete 
| 184|0x000000008b800000, 0x000000008b900000, 0x000000008b900000|100%| E|CS|TAMS 0x000000008b800000, 0x000000008b800000| Complete 
| 185|0x000000008b900000, 0x000000008ba00000, 0x000000008ba00000|100%| E|CS|TAMS 0x000000008b900000, 0x000000008b900000| Complete 
| 186|0x000000008ba00000, 0x000000008bb00000, 0x000000008bb00000|100%| E|CS|TAMS 0x000000008ba00000, 0x000000008ba00000| Complete 
| 187|0x000000008bb00000, 0x000000008bc00000, 0x000000008bc00000|100%| E|CS|TAMS 0x000000008bb00000, 0x000000008bb00000| Complete 
| 188|0x000000008bc00000, 0x000000008bd00000, 0x000000008bd00000|100%| E|CS|TAMS 0x000000008bc00000, 0x000000008bc00000| Complete 
| 189|0x000000008bd00000, 0x000000008be00000, 0x000000008be00000|100%| E|CS|TAMS 0x000000008bd00000, 0x000000008bd00000| Complete 
| 190|0x000000008be00000, 0x000000008bf00000, 0x000000008bf00000|100%| E|CS|TAMS 0x000000008be00000, 0x000000008be00000| Complete 
| 191|0x000000008bf00000, 0x000000008c000000, 0x000000008c000000|100%| E|CS|TAMS 0x000000008bf00000, 0x000000008bf00000| Complete 
| 192|0x000000008c000000, 0x000000008c100000, 0x000000008c100000|100%| E|CS|TAMS 0x000000008c000000, 0x000000008c000000| Complete 
| 193|0x000000008c100000, 0x000000008c200000, 0x000000008c200000|100%| E|CS|TAMS 0x000000008c100000, 0x000000008c100000| Complete 
| 194|0x000000008c200000, 0x000000008c300000, 0x000000008c300000|100%| E|CS|TAMS 0x000000008c200000, 0x000000008c200000| Complete 
| 195|0x000000008c300000, 0x000000008c400000, 0x000000008c400000|100%| E|CS|TAMS 0x000000008c300000, 0x000000008c300000| Complete 
| 196|0x000000008c400000, 0x000000008c500000, 0x000000008c500000|100%| E|CS|TAMS 0x000000008c400000, 0x000000008c400000| Complete 
| 197|0x000000008c500000, 0x000000008c600000, 0x000000008c600000|100%| E|CS|TAMS 0x000000008c500000, 0x000000008c500000| Complete 
| 198|0x000000008c600000, 0x000000008c700000, 0x000000008c700000|100%| E|CS|TAMS 0x000000008c600000, 0x000000008c600000| Complete 
| 199|0x000000008c700000, 0x000000008c800000, 0x000000008c800000|100%| E|CS|TAMS 0x000000008c700000, 0x000000008c700000| Complete 
| 200|0x000000008c800000, 0x000000008c900000, 0x000000008c900000|100%| E|CS|TAMS 0x000000008c800000, 0x000000008c800000| Complete 
| 201|0x000000008c900000, 0x000000008ca00000, 0x000000008ca00000|100%| E|CS|TAMS 0x000000008c900000, 0x000000008c900000| Complete 
| 202|0x000000008ca00000, 0x000000008cb00000, 0x000000008cb00000|100%| E|CS|TAMS 0x000000008ca00000, 0x000000008ca00000| Complete 
| 203|0x000000008cb00000, 0x000000008cc00000, 0x000000008cc00000|100%| E|CS|TAMS 0x000000008cb00000, 0x000000008cb00000| Complete 
| 204|0x000000008cc00000, 0x000000008cd00000, 0x000000008cd00000|100%| E|CS|TAMS 0x000000008cc00000, 0x000000008cc00000| Complete 
| 205|0x000000008cd00000, 0x000000008ce00000, 0x000000008ce00000|100%| E|CS|TAMS 0x000000008cd00000, 0x000000008cd00000| Complete 
| 206|0x000000008ce00000, 0x000000008cf00000, 0x000000008cf00000|100%| E|CS|TAMS 0x000000008ce00000, 0x000000008ce00000| Complete 
| 207|0x000000008cf00000, 0x000000008d000000, 0x000000008d000000|100%| E|CS|TAMS 0x000000008cf00000, 0x000000008cf00000| Complete 
| 208|0x000000008d000000, 0x000000008d100000, 0x000000008d100000|100%| E|CS|TAMS 0x000000008d000000, 0x000000008d000000| Complete 
| 209|0x000000008d100000, 0x000000008d200000, 0x000000008d200000|100%| E|CS|TAMS 0x000000008d100000, 0x000000008d100000| Complete 
| 210|0x000000008d200000, 0x000000008d300000, 0x000000008d300000|100%| E|CS|TAMS 0x000000008d200000, 0x000000008d200000| Complete 
| 211|0x000000008d300000, 0x000000008d400000, 0x000000008d400000|100%| E|CS|TAMS 0x000000008d300000, 0x000000008d300000| Complete 
| 212|0x000000008d400000, 0x000000008d500000, 0x000000008d500000|100%| E|CS|TAMS 0x000000008d400000, 0x000000008d400000| Complete 
| 213|0x000000008d500000, 0x000000008d600000, 0x000000008d600000|100%| E|CS|TAMS 0x000000008d500000, 0x000000008d500000| Complete 
| 214|0x000000008d600000, 0x000000008d700000, 0x000000008d700000|100%| E|CS|TAMS 0x000000008d600000, 0x000000008d600000| Complete 
| 215|0x000000008d700000, 0x000000008d800000, 0x000000008d800000|100%| E|CS|TAMS 0x000000008d700000, 0x000000008d700000| Complete 
| 216|0x000000008d800000, 0x000000008d900000, 0x000000008d900000|100%| E|CS|TAMS 0x000000008d800000, 0x000000008d800000| Complete 
| 217|0x000000008d900000, 0x000000008da00000, 0x000000008da00000|100%| E|CS|TAMS 0x000000008d900000, 0x000000008d900000| Complete 
| 218|0x000000008da00000, 0x000000008db00000, 0x000000008db00000|100%| E|CS|TAMS 0x000000008da00000, 0x000000008da00000| Complete 
| 219|0x000000008db00000, 0x000000008dc00000, 0x000000008dc00000|100%| E|CS|TAMS 0x000000008db00000, 0x000000008db00000| Complete 
| 220|0x000000008dc00000, 0x000000008dd00000, 0x000000008dd00000|100%| E|CS|TAMS 0x000000008dc00000, 0x000000008dc00000| Complete 
| 221|0x000000008dd00000, 0x000000008de00000, 0x000000008de00000|100%| E|CS|TAMS 0x000000008dd00000, 0x000000008dd00000| Complete 
| 222|0x000000008de00000, 0x000000008df00000, 0x000000008df00000|100%| E|CS|TAMS 0x000000008de00000, 0x000000008de00000| Complete 
| 223|0x000000008df00000, 0x000000008e000000, 0x000000008e000000|100%| E|CS|TAMS 0x000000008df00000, 0x000000008df00000| Complete 
| 224|0x000000008e000000, 0x000000008e100000, 0x000000008e100000|100%| E|CS|TAMS 0x000000008e000000, 0x000000008e000000| Complete 
| 225|0x000000008e100000, 0x000000008e200000, 0x000000008e200000|100%| E|CS|TAMS 0x000000008e100000, 0x000000008e100000| Complete 
| 226|0x000000008e200000, 0x000000008e300000, 0x000000008e300000|100%| E|CS|TAMS 0x000000008e200000, 0x000000008e200000| Complete 
| 227|0x000000008e300000, 0x000000008e400000, 0x000000008e400000|100%| E|CS|TAMS 0x000000008e300000, 0x000000008e300000| Complete 
| 228|0x000000008e400000, 0x000000008e500000, 0x000000008e500000|100%| E|CS|TAMS 0x000000008e400000, 0x000000008e400000| Complete 
| 229|0x000000008e500000, 0x000000008e600000, 0x000000008e600000|100%| E|CS|TAMS 0x000000008e500000, 0x000000008e500000| Complete 
| 230|0x000000008e600000, 0x000000008e700000, 0x000000008e700000|100%| E|CS|TAMS 0x000000008e600000, 0x000000008e600000| Complete 
| 231|0x000000008e700000, 0x000000008e800000, 0x000000008e800000|100%| E|CS|TAMS 0x000000008e700000, 0x000000008e700000| Complete 

Card table byte_map: [0x00000209a4130000,0x00000209a4530000] _byte_map_base: 0x00000209a3d30000

Marking Bits (Prev, Next): (CMBitMap*) 0x000002099165e120, (CMBitMap*) 0x000002099165e0e8
 Prev Bits: [0x00000209a6930000, 0x00000209a8930000)
 Next Bits: [0x00000209a4930000, 0x00000209a6930000)

Polling page: 0x000002098f490000

Metaspace:

Usage:
  Non-class:    111.55 MB capacity,   109.72 MB ( 98%) used,     1.46 MB (  1%) free+waste,   380.94 KB ( <1%) overhead. 
      Class:     16.43 MB capacity,    15.35 MB ( 93%) used,   938.03 KB (  6%) free+waste,   165.75 KB ( <1%) overhead. 
       Both:    127.98 MB capacity,   125.07 MB ( 98%) used,     2.38 MB (  2%) free+waste,   546.69 KB ( <1%) overhead. 

Virtual space:
  Non-class space:      112.00 MB reserved,     111.58 MB (>99%) committed 
      Class space:        1.00 GB reserved,      16.50 MB (  2%) committed 
             Both:        1.11 GB reserved,     128.08 MB ( 11%) committed 

Chunk freelists:
   Non-Class:  27.00 KB
       Class:  43.00 KB
        Both:  70.00 KB

MaxMetaspaceSize: 17179869184.00 GB
CompressedClassSpaceSize: 1.00 GB
Initial GC threshold: 20.80 MB
Current GC threshold: 213.46 MB
CDS: off

CodeHeap 'non-profiled nmethods': size=120064Kb used=14157Kb max_used=14157Kb free=105906Kb
 bounds [0x000002099cbf0000, 0x000002099d9d0000, 0x00000209a4130000]
CodeHeap 'profiled nmethods': size=120000Kb used=44573Kb max_used=44573Kb free=75426Kb
 bounds [0x00000209956c0000, 0x0000020998250000, 0x000002099cbf0000]
CodeHeap 'non-nmethods': size=5696Kb used=2454Kb max_used=2495Kb free=3242Kb
 bounds [0x0000020995130000, 0x00000209953b0000, 0x00000209956c0000]
 total_blobs=19932 nmethods=18938 adapters=905
 compilation: enabled
              stopped_count=0, restarted_count=0
 full_count=0

Compilation events (20 events):
Event: 250.212 Thread 0x00000209aad26800 21109       2       com.android.tools.r8.internal.le::a (57 bytes)
Event: 250.212 Thread 0x00000209aad26800 nmethod 21109 0x0000020998226290 code [0x0000020998226440, 0x0000020998226578]
Event: 250.215 Thread 0x00000209aad26800 21110       2       com.android.tools.r8.internal.sY::a (188 bytes)
Event: 250.216 Thread 0x00000209aad26800 nmethod 21110 0x0000020998226610 code [0x0000020998226860, 0x0000020998226e58]
Event: 250.330 Thread 0x00000209aad26800 21112 %     3       com.android.tools.r8.internal.ln::a @ 12 (65 bytes)
Event: 250.331 Thread 0x00000209aad26800 nmethod 21112% 0x0000020998227190 code [0x00000209982273a0, 0x0000020998227b08]
Event: 250.331 Thread 0x00000209aad26800 21113       3       com.android.tools.r8.internal.ln::a (65 bytes)
Event: 250.332 Thread 0x00000209aad26800 nmethod 21113 0x0000020998227e10 code [0x0000020998228000, 0x0000020998228688]
Event: 250.337 Thread 0x00000209aad26800 21114 %     3       com.android.tools.r8.ir.regalloc.b::<init> @ 120 (165 bytes)
Event: 250.341 Thread 0x00000209aad26800 nmethod 21114% 0x0000020998228910 code [0x0000020998228d60, 0x000002099822b328]
Event: 250.361 Thread 0x00000209aad26800 21116 %     3       com.android.tools.r8.internal.Ed::a @ 35 (208 bytes)
Event: 250.364 Thread 0x00000209aad26800 nmethod 21116% 0x000002099822c090 code [0x000002099822c440, 0x000002099822e0c8]
Event: 250.469 Thread 0x00000209aad26800 21118       1       com.android.tools.r8.internal.Zs::j2 (3 bytes)
Event: 250.469 Thread 0x00000209aad26800 nmethod 21118 0x000002099d9c2010 code [0x000002099d9c21c0, 0x000002099d9c2278]
Event: 250.506 Thread 0x00000209aad26800 21119       2       com.android.tools.r8.internal.ff::d (8 bytes)
Event: 250.507 Thread 0x00000209aad26800 nmethod 21119 0x000002099822e990 code [0x000002099822eb40, 0x000002099822ec68]
Event: 250.513 Thread 0x00000209aad26800 21120       2       com.android.tools.r8.code.K2::<init> (5 bytes)
Event: 250.513 Thread 0x00000209aad26800 nmethod 21120 0x000002099822ed10 code [0x000002099822eec0, 0x000002099822efb8]
Event: 250.513 Thread 0x00000209aad26800 21121       1       com.android.tools.r8.code.K2::hashCode (3 bytes)
Event: 250.513 Thread 0x00000209aad26800 nmethod 21121 0x000002099d9c2310 code [0x000002099d9c24c0, 0x000002099d9c2578]

GC Heap History (20 events):
Event: 229.648 GC heap before
{Heap before GC invocations=113 (full 0):
 garbage-first heap   total 237568K, used 193803K [0x0000000080000000, 0x0000000100000000)
  region size 1024K, 88 young (90112K), 13 survivors (13312K)
 Metaspace       used 121249K, capacity 124035K, committed 124368K, reserved 1157120K
  class space    used 14891K, capacity 15905K, committed 16000K, reserved 1048576K
}
Event: 229.783 GC heap after
{Heap after GC invocations=114 (full 0):
 garbage-first heap   total 237568K, used 127971K [0x0000000080000000, 0x0000000100000000)
  region size 1024K, 11 young (11264K), 11 survivors (11264K)
 Metaspace       used 121249K, capacity 124035K, committed 124368K, reserved 1157120K
  class space    used 14891K, capacity 15905K, committed 16000K, reserved 1048576K
}
Event: 231.922 GC heap before
{Heap before GC invocations=114 (full 0):
 garbage-first heap   total 237568K, used 191459K [0x0000000080000000, 0x0000000100000000)
  region size 1024K, 73 young (74752K), 11 survivors (11264K)
 Metaspace       used 122451K, capacity 125318K, committed 125520K, reserved 1159168K
  class space    used 15040K, capacity 16095K, committed 16128K, reserved 1048576K
}
Event: 232.064 GC heap after
{Heap after GC invocations=115 (full 0):
 garbage-first heap   total 237568K, used 138240K [0x0000000080000000, 0x0000000100000000)
  region size 1024K, 10 young (10240K), 10 survivors (10240K)
 Metaspace       used 122451K, capacity 125318K, committed 125520K, reserved 1159168K
  class space    used 15040K, capacity 16095K, committed 16128K, reserved 1048576K
}
Event: 237.912 GC heap before
{Heap before GC invocations=116 (full 0):
 garbage-first heap   total 237568K, used 189440K [0x0000000080000000, 0x0000000100000000)
  region size 1024K, 63 young (64512K), 10 survivors (10240K)
 Metaspace       used 126419K, capacity 129389K, committed 129488K, reserved 1163264K
  class space    used 15627K, capacity 16734K, committed 16768K, reserved 1048576K
}
Event: 237.975 GC heap after
{Heap after GC invocations=117 (full 0):
 garbage-first heap   total 237568K, used 140288K [0x0000000080000000, 0x0000000100000000)
  region size 1024K, 4 young (4096K), 4 survivors (4096K)
 Metaspace       used 126419K, capacity 129389K, committed 129488K, reserved 1163264K
  class space    used 15627K, capacity 16734K, committed 16768K, reserved 1048576K
}
Event: 238.893 GC heap before
{Heap before GC invocations=117 (full 0):
 garbage-first heap   total 237568K, used 147456K [0x0000000080000000, 0x0000000100000000)
  region size 1024K, 11 young (11264K), 4 survivors (4096K)
 Metaspace       used 126994K, capacity 129975K, committed 130128K, reserved 1163264K
  class space    used 15693K, capacity 16800K, committed 16896K, reserved 1048576K
}
Event: 238.915 GC heap after
{Heap after GC invocations=118 (full 0):
 garbage-first heap   total 237568K, used 131584K [0x0000000080000000, 0x0000000100000000)
  region size 1024K, 1 young (1024K), 1 survivors (1024K)
 Metaspace       used 126994K, capacity 129975K, committed 130128K, reserved 1163264K
  class space    used 15693K, capacity 16800K, committed 16896K, reserved 1048576K
}
Event: 242.569 GC heap before
{Heap before GC invocations=118 (full 0):
 garbage-first heap   total 237568K, used 189952K [0x0000000080000000, 0x0000000100000000)
  region size 1024K, 58 young (59392K), 1 survivors (1024K)
 Metaspace       used 127791K, capacity 130713K, committed 130896K, reserved 1163264K
  class space    used 15709K, capacity 16802K, committed 16896K, reserved 1048576K
}
Event: 242.579 GC heap after
{Heap after GC invocations=119 (full 0):
 garbage-first heap   total 237568K, used 131390K [0x0000000080000000, 0x0000000100000000)
  region size 1024K, 1 young (1024K), 1 survivors (1024K)
 Metaspace       used 127791K, capacity 130713K, committed 130896K, reserved 1163264K
  class space    used 15709K, capacity 16802K, committed 16896K, reserved 1048576K
}
Event: 245.308 GC heap before
{Heap before GC invocations=120 (full 0):
 garbage-first heap   total 237568K, used 192830K [0x0000000080000000, 0x0000000100000000)
  region size 1024K, 61 young (62464K), 1 survivors (1024K)
 Metaspace       used 127893K, capacity 130844K, committed 131152K, reserved 1163264K
  class space    used 15707K, capacity 16820K, committed 16896K, reserved 1048576K
}
Event: 245.316 GC heap after
{Heap after GC invocations=121 (full 0):
 garbage-first heap   total 237568K, used 131309K [0x0000000080000000, 0x0000000100000000)
  region size 1024K, 1 young (1024K), 1 survivors (1024K)
 Metaspace       used 127893K, capacity 130844K, committed 131152K, reserved 1163264K
  class space    used 15707K, capacity 16820K, committed 16896K, reserved 1048576K
}
Event: 245.600 GC heap before
{Heap before GC invocations=121 (full 0):
 garbage-first heap   total 237568K, used 141549K [0x0000000080000000, 0x0000000100000000)
  region size 1024K, 11 young (11264K), 1 survivors (1024K)
 Metaspace       used 127903K, capacity 130845K, committed 131152K, reserved 1163264K
  class space    used 15707K, capacity 16820K, committed 16896K, reserved 1048576K
}
Event: 245.613 GC heap after
{Heap after GC invocations=122 (full 0):
 garbage-first heap   total 237568K, used 129565K [0x0000000080000000, 0x0000000100000000)
  region size 1024K, 1 young (1024K), 1 survivors (1024K)
 Metaspace       used 127903K, capacity 130845K, committed 131152K, reserved 1163264K
  class space    used 15707K, capacity 16820K, committed 16896K, reserved 1048576K
}
Event: 247.429 GC heap before
{Heap before GC invocations=122 (full 0):
 garbage-first heap   total 237568K, used 194077K [0x0000000080000000, 0x0000000100000000)
  region size 1024K, 64 young (65536K), 1 survivors (1024K)
 Metaspace       used 127966K, capacity 130976K, committed 131152K, reserved 1163264K
  class space    used 15707K, capacity 16820K, committed 16896K, reserved 1048576K
}
Event: 247.438 GC heap after
{Heap after GC invocations=123 (full 0):
 garbage-first heap   total 237568K, used 129881K [0x0000000080000000, 0x0000000100000000)
  region size 1024K, 2 young (2048K), 2 survivors (2048K)
 Metaspace       used 127966K, capacity 130976K, committed 131152K, reserved 1163264K
  class space    used 15707K, capacity 16820K, committed 16896K, reserved 1048576K
}
Event: 248.801 GC heap before
{Heap before GC invocations=123 (full 0):
 garbage-first heap   total 237568K, used 195417K [0x0000000080000000, 0x0000000100000000)
  region size 1024K, 66 young (67584K), 2 survivors (2048K)
 Metaspace       used 127990K, capacity 130978K, committed 131152K, reserved 1163264K
  class space    used 15707K, capacity 16820K, committed 16896K, reserved 1048576K
}
Event: 248.811 GC heap after
{Heap after GC invocations=124 (full 0):
 garbage-first heap   total 237568K, used 130031K [0x0000000080000000, 0x0000000100000000)
  region size 1024K, 2 young (2048K), 2 survivors (2048K)
 Metaspace       used 127990K, capacity 130978K, committed 131152K, reserved 1163264K
  class space    used 15707K, capacity 16820K, committed 16896K, reserved 1048576K
}
Event: 250.428 GC heap before
{Heap before GC invocations=124 (full 0):
 garbage-first heap   total 237568K, used 197615K [0x0000000080000000, 0x0000000100000000)
  region size 1024K, 68 young (69632K), 2 survivors (2048K)
 Metaspace       used 128059K, capacity 131050K, committed 131152K, reserved 1163264K
  class space    used 15717K, capacity 16821K, committed 16896K, reserved 1048576K
}
Event: 250.443 GC heap after
{Heap after GC invocations=125 (full 0):
 garbage-first heap   total 237568K, used 130449K [0x0000000080000000, 0x0000000100000000)
  region size 1024K, 2 young (2048K), 2 survivors (2048K)
 Metaspace       used 128059K, capacity 131050K, committed 131152K, reserved 1163264K
  class space    used 15717K, capacity 16821K, committed 16896K, reserved 1048576K
}

Deoptimization events (20 events):
Event: 250.200 Thread 0x00000209adad2800 DEOPT PACKING pc=0x000002099cd3cf1c sp=0x000000c9ee7f8bb0
Event: 250.200 Thread 0x00000209adad2800 DEOPT UNPACKING pc=0x000002099517a1af sp=0x000000c9ee7f8b40 mode 2
Event: 250.201 Thread 0x00000209adad2800 Uncommon trap: trap_request=0xffffff4d fr.pc=0x000002099d9bbe94 relative=0x00000000000000d4
Event: 250.201 Thread 0x00000209adad2800 Uncommon trap: reason=unstable_if action=reinterpret pc=0x000002099d9bbe94 method=com.android.tools.r8.internal.sY.a(Lcom/android/tools/r8/graph/e1;)Lcom/android/tools/r8/internal/sY; @ 12 c2
Event: 250.201 Thread 0x00000209adad2800 DEOPT PACKING pc=0x000002099d9bbe94 sp=0x000000c9ee7f8de0
Event: 250.201 Thread 0x00000209adad2800 DEOPT UNPACKING pc=0x000002099517a1af sp=0x000000c9ee7f8d08 mode 2
Event: 250.201 Thread 0x00000209adad2800 Uncommon trap: trap_request=0xffffff4d fr.pc=0x000002099d9b1b70 relative=0x00000000000000b0
Event: 250.201 Thread 0x00000209adad2800 Uncommon trap: reason=unstable_if action=reinterpret pc=0x000002099d9b1b70 method=com.android.tools.r8.internal.sY.a(Lcom/android/tools/r8/graph/e1;)Lcom/android/tools/r8/internal/sY; @ 12 c2
Event: 250.201 Thread 0x00000209adad2800 DEOPT PACKING pc=0x000002099d9b1b70 sp=0x000000c9ee7f8dd0
Event: 250.201 Thread 0x00000209adad2800 DEOPT UNPACKING pc=0x000002099517a1af sp=0x000000c9ee7f8d60 mode 2
Event: 250.209 Thread 0x00000209adad2800 DEOPT PACKING pc=0x00000209981dcfbd sp=0x000000c9ee7f8aa0
Event: 250.209 Thread 0x00000209adad2800 DEOPT UNPACKING pc=0x000002099517a95e sp=0x000000c9ee7f8040 mode 0
Event: 250.327 Thread 0x00000209adad2800 DEOPT PACKING pc=0x00000209981dcfec sp=0x000000c9ee7f8720
Event: 250.327 Thread 0x00000209adad2800 DEOPT UNPACKING pc=0x000002099517a95e sp=0x000000c9ee7f7cb8 mode 0
Event: 250.364 Thread 0x00000209adad2800 DEOPT PACKING pc=0x000002099808104e sp=0x000000c9ee7f9320
Event: 250.364 Thread 0x00000209adad2800 DEOPT UNPACKING pc=0x000002099517a95e sp=0x000000c9ee7f87f8 mode 0
Event: 250.533 Thread 0x00000209adad2800 DEOPT PACKING pc=0x00000209981dcfec sp=0x000000c9ee7f8aa0
Event: 250.533 Thread 0x00000209adad2800 DEOPT UNPACKING pc=0x000002099517a95e sp=0x000000c9ee7f8038 mode 0
Event: 250.535 Thread 0x00000209adad2800 DEOPT PACKING pc=0x00000209981dcfec sp=0x000000c9ee7f8720
Event: 250.535 Thread 0x00000209adad2800 DEOPT UNPACKING pc=0x000002099517a95e sp=0x000000c9ee7f7cb8 mode 0

Classes redefined (0 events):
No events

Internal exceptions (20 events):
Event: 204.789 Thread 0x00000209ac3d5800 Exception <a 'sun/nio/fs/WindowsException'{0x0000000088ffa070}> (0x0000000088ffa070) thrown at [./src/hotspot/share/prims/jni.cpp, line 616]
Event: 204.789 Thread 0x00000209ac3d5800 Exception <a 'sun/nio/fs/WindowsException'{0x0000000088ffd7b0}> (0x0000000088ffd7b0) thrown at [./src/hotspot/share/prims/jni.cpp, line 616]
Event: 204.882 Thread 0x00000209ac3d5800 Exception <a 'sun/nio/fs/WindowsException'{0x0000000088e76410}> (0x0000000088e76410) thrown at [./src/hotspot/share/prims/jni.cpp, line 616]
Event: 205.001 Thread 0x00000209ac3d5800 Exception <a 'sun/nio/fs/WindowsException'{0x0000000088e7f980}> (0x0000000088e7f980) thrown at [./src/hotspot/share/prims/jni.cpp, line 616]
Event: 205.011 Thread 0x00000209ac3d5800 Exception <a 'sun/nio/fs/WindowsException'{0x0000000088e8f5a0}> (0x0000000088e8f5a0) thrown at [./src/hotspot/share/prims/jni.cpp, line 616]
Event: 205.025 Thread 0x00000209ac3d5800 Exception <a 'sun/nio/fs/WindowsException'{0x0000000088e9fa58}> (0x0000000088e9fa58) thrown at [./src/hotspot/share/prims/jni.cpp, line 616]
Event: 219.850 Thread 0x00000209ace2b000 Exception <a 'java/lang/NoSuchMethodError'{0x000000008c4384f8}: <clinit>> (0x000000008c4384f8) thrown at [./src/hotspot/share/prims/jni.cpp, line 1366]
Event: 221.083 Thread 0x00000209ac3d5800 Implicit null exception at 0x000002099d68d09f to 0x000002099d6923af
Event: 223.762 Thread 0x00000209adad2800 Exception <a 'sun/nio/fs/WindowsException'{0x000000008b75cb10}> (0x000000008b75cb10) thrown at [./src/hotspot/share/prims/jni.cpp, line 616]
Event: 224.766 Thread 0x00000209adad6800 Exception <a 'sun/nio/fs/WindowsException'{0x0000000089d7dd98}> (0x0000000089d7dd98) thrown at [./src/hotspot/share/prims/jni.cpp, line 616]
Event: 225.495 Thread 0x00000209adad6800 Exception <a 'java/lang/NoSuchMethodError'{0x000000008999e5d8}: 'java.lang.Object java.lang.invoke.DirectMethodHandle$Holder.invokeStaticInit(java.lang.Object, java.lang.Object, java.lang.Object, java.lang.Object, java.lang.Object, java.lang.Object, java.lang.Object, java.lang.Object, java.lang.Object, java.lang.Object, java.lang.Object, java.lang.Object, java.lang.Object, java.lang.Object, java.lang.Object, java.lang.Object, java.lang.Object, java.lang.Object, int, java.lang.Object, java.lang.Object)'> (0
Event: 225.666 Thread 0x00000209adad2800 Exception <a 'java/lang/IncompatibleClassChangeError'{0x00000000898cae90}: Found class java.lang.Object, but interface was expected> (0x00000000898cae90) thrown at [./src/hotspot/share/interpreter/linkResolver.cpp, line 839]
Event: 225.666 Thread 0x00000209adad6800 Exception <a 'java/lang/IncompatibleClassChangeError'{0x00000000898b3a78}: Found class java.lang.Object, but interface was expected> (0x00000000898b3a78) thrown at [./src/hotspot/share/interpreter/linkResolver.cpp, line 839]
Event: 228.244 Thread 0x00000209adad6800 Exception <a 'java/lang/IncompatibleClassChangeError'{0x000000008c74dc50}: Found class java.lang.Object, but interface was expected> (0x000000008c74dc50) thrown at [./src/hotspot/share/interpreter/linkResolver.cpp, line 839]
Event: 231.104 Thread 0x00000209adad6800 Exception <a 'java/lang/NoSuchMethodError'{0x000000008d64fb20}: 'java.lang.Object java.lang.invoke.DirectMethodHandle$Holder.invokeStatic(java.lang.Object, int, java.lang.Object, java.lang.Object)'> (0x000000008d64fb20) thrown at [./src/hotspot/share/interpreter/linkResolver.cpp, line 773]
Event: 233.498 Thread 0x00000209adad2800 Exception <a 'java/lang/IncompatibleClassChangeError'{0x000000008d25e528}: Found class java.lang.Object, but interface was expected> (0x000000008d25e528) thrown at [./src/hotspot/share/interpreter/linkResolver.cpp, line 839]
Event: 233.530 Thread 0x00000209adad2800 Exception <a 'java/lang/IncompatibleClassChangeError'{0x000000008d2673d8}: Found class java.lang.Object, but interface was expected> (0x000000008d2673d8) thrown at [./src/hotspot/share/interpreter/linkResolver.cpp, line 839]
Event: 233.946 Thread 0x00000209adad2800 Exception <a 'java/lang/NoSuchMethodError'{0x000000008d038518}: 'void java.lang.invoke.DirectMethodHandle$Holder.invokeSpecial(java.lang.Object, java.lang.Object, int, java.lang.Object)'> (0x000000008d038518) thrown at [./src/hotspot/share/interpreter/linkResolver.cpp, line 773]
Event: 235.220 Thread 0x00000209adad2800 Exception <a 'java/lang/NoSuchMethodError'{0x000000008cd431a8}: 'java.lang.Object java.lang.invoke.DirectMethodHandle$Holder.newInvokeSpecial(java.lang.Object, int)'> (0x000000008cd431a8) thrown at [./src/hotspot/share/interpreter/linkResolver.cpp, line 773]
Event: 239.887 Thread 0x00000209adad2800 Exception <a 'java/lang/NoSuchMethodError'{0x000000008d965888}: 'int java.lang.invoke.DirectMethodHandle$Holder.invokeInterface(java.lang.Object, java.lang.Object, int)'> (0x000000008d965888) thrown at [./src/hotspot/share/interpreter/linkResolver.cpp, line 773]

Events (20 events):
Event: 248.815 loading class com/android/tools/r8/code/g4
Event: 248.815 loading class com/android/tools/r8/code/g4 done
Event: 248.816 loading class com/android/tools/r8/code/f4
Event: 248.816 loading class com/android/tools/r8/code/f4 done
Event: 248.817 loading class com/android/tools/r8/code/h4
Event: 248.817 loading class com/android/tools/r8/code/h4 done
Event: 248.818 loading class com/android/tools/r8/code/d4
Event: 248.818 loading class com/android/tools/r8/code/d4 done
Event: 248.936 loading class com/android/tools/r8/code/z0
Event: 248.936 loading class com/android/tools/r8/code/z0 done
Event: 248.937 loading class com/android/tools/r8/code/y0
Event: 248.937 loading class com/android/tools/r8/code/y0 done
Event: 249.111 loading class com/android/tools/r8/internal/Jo
Event: 249.111 loading class com/android/tools/r8/internal/Jo done
Event: 249.111 loading class com/android/tools/r8/internal/Jo
Event: 249.111 loading class com/android/tools/r8/internal/Jo done
Event: 249.111 loading class com/android/tools/r8/internal/Jo
Event: 249.111 loading class com/android/tools/r8/internal/Jo done
Event: 250.427 Executing VM operation: G1CollectForAllocation
Event: 250.443 Executing VM operation: G1CollectForAllocation done


Dynamic libraries:
0x00007ff724720000 - 0x00007ff72472a000 	C:\Program Files\Android\Android Studio\jre\bin\java.exe
0x00007ffaf3140000 - 0x00007ffaf3330000 	C:\windows\SYSTEM32\ntdll.dll
0x00007ffaf3040000 - 0x00007ffaf30f2000 	C:\windows\System32\KERNEL32.DLL
0x00007ffaf0910000 - 0x00007ffaf0bb5000 	C:\windows\System32\KERNELBASE.dll
0x00007ffaf0c40000 - 0x00007ffaf0d3a000 	C:\windows\System32\ucrtbase.dll
0x00007ffaea1b0000 - 0x00007ffaea1c9000 	C:\Program Files\Android\Android Studio\jre\bin\jli.dll
0x00007ffaf29d0000 - 0x00007ffaf2b64000 	C:\windows\System32\USER32.dll
0x00007ffaf0830000 - 0x00007ffaf0851000 	C:\windows\System32\win32u.dll
0x00007ffaf14c0000 - 0x00007ffaf14e6000 	C:\windows\System32\GDI32.dll
0x00007ffaf0f70000 - 0x00007ffaf1108000 	C:\windows\System32\gdi32full.dll
0x00007ffaf0d70000 - 0x00007ffaf0e0e000 	C:\windows\System32\msvcp_win.dll
0x00007ffae6800000 - 0x00007ffae6817000 	C:\Program Files\Android\Android Studio\jre\bin\VCRUNTIME140.dll
0x00007ffadf290000 - 0x00007ffadf514000 	C:\windows\WinSxS\amd64_microsoft.windows.common-controls_6595b64144ccf1df_6.0.18362.1556_none_9e7e372fe45e41d5\COMCTL32.dll
0x00007ffaf27e0000 - 0x00007ffaf287e000 	C:\windows\System32\msvcrt.dll
0x00007ffaf16e0000 - 0x00007ffaf1a16000 	C:\windows\System32\combase.dll
0x00007ffaf13a0000 - 0x00007ffaf14bf000 	C:\windows\System32\RPCRT4.dll
0x00007ffaf1160000 - 0x00007ffaf11e1000 	C:\windows\System32\bcryptPrimitives.dll
0x00007ffaf2730000 - 0x00007ffaf275e000 	C:\windows\System32\IMM32.DLL
0x00007ffaa82e0000 - 0x00007ffaa837d000 	C:\Program Files\Android\Android Studio\jre\bin\msvcp140.dll
0x00007ffaa3c50000 - 0x00007ffaa4752000 	C:\Program Files\Android\Android Studio\jre\bin\server\jvm.dll
0x00007ffaf2920000 - 0x00007ffaf29c3000 	C:\windows\System32\ADVAPI32.dll
0x00007ffaf1c30000 - 0x00007ffaf1cc7000 	C:\windows\System32\sechost.dll
0x00007ffaf2900000 - 0x00007ffaf2908000 	C:\windows\System32\PSAPI.DLL
0x00007ffaea1d0000 - 0x00007ffaea1d9000 	C:\windows\SYSTEM32\WSOCK32.dll
0x00007ffaf15c0000 - 0x00007ffaf162f000 	C:\windows\System32\WS2_32.dll
0x00007ffae9030000 - 0x00007ffae903a000 	C:\windows\SYSTEM32\VERSION.dll
0x00007ffae7a20000 - 0x00007ffae7a44000 	C:\windows\SYSTEM32\WINMM.dll
0x00007ffae77d0000 - 0x00007ffae77fd000 	C:\windows\SYSTEM32\WINMMBASE.dll
0x00007ffaf1110000 - 0x00007ffaf115a000 	C:\windows\System32\cfgmgr32.dll
0x00007ffaf0000000 - 0x00007ffaf0011000 	C:\windows\System32\kernel.appcore.dll
0x00007ffae66f0000 - 0x00007ffae6701000 	C:\Program Files\Android\Android Studio\jre\bin\verify.dll
0x00007ffae5c70000 - 0x00007ffae5e64000 	C:\windows\SYSTEM32\DBGHELP.DLL
0x00007ffae6130000 - 0x00007ffae615a000 	C:\windows\SYSTEM32\dbgcore.DLL
0x00007ffae64f0000 - 0x00007ffae6519000 	C:\Program Files\Android\Android Studio\jre\bin\java.dll
0x00007ffaea180000 - 0x00007ffaea18b000 	C:\Program Files\Android\Android Studio\jre\bin\jimage.dll
0x00007ffae64d0000 - 0x00007ffae64e8000 	C:\Program Files\Android\Android Studio\jre\bin\zip.dll
0x00007ffaf1f00000 - 0x00007ffaf25e7000 	C:\windows\System32\SHELL32.dll
0x00007ffaf1630000 - 0x00007ffaf16d8000 	C:\windows\System32\shcore.dll
0x00007ffaf00b0000 - 0x00007ffaf082b000 	C:\windows\System32\windows.storage.dll
0x00007ffaf0020000 - 0x00007ffaf003e000 	C:\windows\System32\profapi.dll
0x00007ffaf0060000 - 0x00007ffaf00aa000 	C:\windows\System32\powrprof.dll
0x00007ffaefff0000 - 0x00007ffaf0000000 	C:\windows\System32\UMPDC.dll
0x00007ffaf1560000 - 0x00007ffaf15b2000 	C:\windows\System32\shlwapi.dll
0x00007ffaf0bc0000 - 0x00007ffaf0bd7000 	C:\windows\System32\cryptsp.dll
0x00007ffad8200000 - 0x00007ffad821a000 	C:\Program Files\Android\Android Studio\jre\bin\net.dll
0x00007ffae8370000 - 0x00007ffae846a000 	C:\windows\SYSTEM32\WINHTTP.dll
0x00007ffaef830000 - 0x00007ffaef897000 	C:\windows\system32\mswsock.dll
0x00007ffad81e0000 - 0x00007ffad81f4000 	C:\Program Files\Android\Android Studio\jre\bin\nio.dll
0x00007ffae6740000 - 0x00007ffae6767000 	C:\Users\caby5\.gradle\native\e1d6ef7f7dcc3fd88c89a11ec53ec762bb8ba0a96d01ffa2cd45eb1d1d8dd5c5\windows-amd64\native-platform.dll
0x00007ffaa5650000 - 0x00007ffaa5794000 	C:\Users\caby5\.gradle\native\5664cfc778a61ccfe75a443a1ab52a65af34e5dc3c78e0209fed803814484fcb\windows-amd64\native-platform-file-events.dll
0x00007ffae66e0000 - 0x00007ffae66ea000 	C:\Program Files\Android\Android Studio\jre\bin\management.dll
0x00007ffae64c0000 - 0x00007ffae64cd000 	C:\Program Files\Android\Android Studio\jre\bin\management_ext.dll
0x00007ffaef3b0000 - 0x00007ffaef3e3000 	C:\windows\system32\rsaenh.dll
0x00007ffaf0d40000 - 0x00007ffaf0d66000 	C:\windows\System32\bcrypt.dll
0x00007ffaeff10000 - 0x00007ffaeff35000 	C:\windows\SYSTEM32\USERENV.dll
0x00007ffaefa00000 - 0x00007ffaefa0c000 	C:\windows\SYSTEM32\CRYPTBASE.dll
0x00007ffaef540000 - 0x00007ffaef57a000 	C:\windows\SYSTEM32\IPHLPAPI.DLL
0x00007ffaf25f0000 - 0x00007ffaf25f8000 	C:\windows\System32\NSI.dll
0x00007ffae9580000 - 0x00007ffae9596000 	C:\windows\SYSTEM32\dhcpcsvc6.DLL
0x00007ffae9560000 - 0x00007ffae957c000 	C:\windows\SYSTEM32\dhcpcsvc.DLL
0x00007ffaef590000 - 0x00007ffaef65b000 	C:\windows\SYSTEM32\DNSAPI.dll
0x00007ffaeefd0000 - 0x00007ffaef001000 	C:\windows\SYSTEM32\ntmarta.dll
0x00007ffac8970000 - 0x00007ffac8997000 	C:\Program Files\Android\Android Studio\jre\bin\sunec.dll
0x00007ffae77c0000 - 0x00007ffae77ca000 	C:\Windows\System32\rasadhlp.dll
0x00007ffae93e0000 - 0x00007ffae9457000 	C:\windows\System32\fwpuclnt.dll
0x00007ffaeded0000 - 0x00007ffaedf5f000 	C:\windows\system32\apphelp.dll

dbghelp: loaded successfully - version: 4.0.5 - missing functions: none
symbol engine: initialized successfully - sym options: 0x614 - pdb path: .;C:\Program Files\Android\Android Studio\jre\bin;C:\windows\SYSTEM32;C:\windows\WinSxS\amd64_microsoft.windows.common-controls_6595b64144ccf1df_6.0.18362.1556_none_9e7e372fe45e41d5;C:\Program Files\Android\Android Studio\jre\bin\server;C:\Users\caby5\.gradle\native\e1d6ef7f7dcc3fd88c89a11ec53ec762bb8ba0a96d01ffa2cd45eb1d1d8dd5c5\windows-amd64;C:\Users\caby5\.gradle\native\5664cfc778a61ccfe75a443a1ab52a65af34e5dc3c78e0209fed803814484fcb\windows-amd64

VM Arguments:
jvm_args: --add-opens=java.base/java.util=ALL-UNNAMED --add-opens=java.base/java.lang=ALL-UNNAMED --add-opens=java.base/java.lang.invoke=ALL-UNNAMED --add-opens=java.base/java.util=ALL-UNNAMED --add-opens=java.prefs/java.util.prefs=ALL-UNNAMED --add-opens=java.prefs/java.util.prefs=ALL-UNNAMED --add-opens=java.base/java.nio.charset=ALL-UNNAMED --add-opens=java.base/java.net=ALL-UNNAMED --add-opens=java.base/java.util.concurrent.atomic=ALL-UNNAMED -Xmx2048m -Dfile.encoding=UTF-8 -Duser.country=MX -Duser.language=es -Duser.variant 
java_command: org.gradle.launcher.daemon.bootstrap.GradleDaemon 7.3.3
java_class_path (initial): C:\Users\caby5\.gradle\wrapper\dists\gradle-7.3.3-bin\6a41zxkdtcxs8rphpq6y0069z\gradle-7.3.3\lib\gradle-launcher-7.3.3.jar
Launcher Type: SUN_STANDARD

[Global flags]
     intx CICompilerCount                          = 2                                         {product} {ergonomic}
     uint ConcGCThreads                            = 1                                         {product} {ergonomic}
     uint G1ConcRefinementThreads                  = 2                                         {product} {ergonomic}
   size_t G1HeapRegionSize                         = 1048576                                   {product} {ergonomic}
    uintx GCDrainStackTargetSize                   = 64                                        {product} {ergonomic}
   size_t InitialHeapSize                          = 58720256                                  {product} {ergonomic}
   size_t MarkStackSize                            = 4194304                                   {product} {ergonomic}
   size_t MaxHeapSize                              = 2147483648                                {product} {command line}
   size_t MaxNewSize                               = 1287651328                                {product} {ergonomic}
   size_t MinHeapDeltaBytes                        = 1048576                                   {product} {ergonomic}
    uintx NonNMethodCodeHeapSize                   = 5825164                                {pd product} {ergonomic}
    uintx NonProfiledCodeHeapSize                  = 122916538                              {pd product} {ergonomic}
    uintx ProfiledCodeHeapSize                     = 122916538                              {pd product} {ergonomic}
    uintx ReservedCodeCacheSize                    = 251658240                              {pd product} {ergonomic}
     bool SegmentedCodeCache                       = true                                      {product} {ergonomic}
     bool UseCompressedClassPointers               = true                                 {lp64_product} {ergonomic}
     bool UseCompressedOops                        = true                                 {lp64_product} {ergonomic}
     bool UseG1GC                                  = true                                      {product} {ergonomic}
     bool UseLargePagesIndividualAllocation        = false                                  {pd product} {ergonomic}

Logging:
Log output configuration:
 #0: stdout all=warning uptime,level,tags
 #1: stderr all=off uptime,level,tags

Environment Variables:
JAVA_HOME=C:\Users\caby5\Documents\openjdk\jdk-11.0.2
PATH=C:\Program Files\MySQL\MySQL Server 8.0\bin;C:\windows\system32;C:\windows;C:\windows\System32\Wbem;C:\Windows\System32\OpenSSH\ssh;C:\Program Files\PuTTY\;C:\Users\caby5\Documents\openjdk\jdk-11.0.2\bin;C:\Program Files\Git\cmd;C:\Program Files\Microchip\xc8\v2.31\bin;C:\Program Files\nodejs\;C:\Users\caby5\AppData\Local\Microsoft\WindowsApps;C:\Users\caby5\Documents\openjdk\jdk-11.0.2\bin;C:\Users\caby5\AppData\Local\Programs\Microsoft VS Code\bin;C:\Users\caby5\AppData\Roaming\npm;C:\Program Files\JetBrains\IntelliJ IDEA 2022.2.1\bin;
USERNAME=caby5
OS=Windows_NT
PROCESSOR_IDENTIFIER=AMD64 Family 21 Model 112 Stepping 0, AuthenticAMD



---------------  S Y S T E M  ---------------

OS: Windows 10 , 64 bit Build 18362 (10.0.18362.1500)
OS uptime: 0 days 10:17 hours
Hyper-V role detected

CPU:total 2 (initial active 2) (2 cores per cpu, 1 threads per core) family 21 model 112 stepping 0 microcode 0x0, cmov, cx8, fxsr, mmx, sse, sse2, sse3, ssse3, sse4.1, sse4.2, popcnt, avx, avx2, aes, clmul, mmxext, 3dnowpref, lzcnt, sse4a, tsc, tscinvbit, tscinv, bmi1, bmi2, fma

Memory: 4k page, system-wide physical 3542M (228M free)
TotalPageFile size 6326M (AvailPageFile size 5M)
current process WorkingSet (physical memory assigned to process): 498M, peak: 498M
current process commit charge ("private bytes"): 646M, peak: 649M

vm_info: OpenJDK 64-Bit Server VM (11.0.13+0-b1751.21-8125866) for windows-amd64 JRE (11.0.13+0-b1751.21-8125866), built on Feb  2 2022 03:00:22 by "builder" with MS VC++ 14.0 (VS2015)

END.
