#
# There is insufficient memory for the Java Runtime Environment to continue.
# Native memory allocation (malloc) failed to allocate 1048576 bytes for AllocateHeap
# Possible reasons:
#   The system is out of physical RAM or swap space
#   The process is running with CompressedOops enabled, and the Java Heap may be blocking the growth of the native heap
# Possible solutions:
#   Reduce memory load on the system
#   Increase physical memory or swap space
#   Check if swap backing store is full
#   Decrease Java heap size (-Xmx/-Xms)
#   Decrease number of Java threads
#   Decrease Java thread stack sizes (-Xss)
#   Set larger code cache with -XX:ReservedCodeCacheSize=
#   JVM is running with Unscaled Compressed Oops mode in which the Java heap is
#     placed in the first 4GB address space. The Java Heap base address is the
#     maximum limit for the native heap growth. Please use -XX:HeapBaseMinAddress
#     to set the Java Heap base and to place the Java Heap above 4GB virtual address.
# This output file may be truncated or incomplete.
#
#  Out of Memory Error (./src/hotspot/share/memory/allocation.cpp:46), pid=9000, tid=10216
#
# JRE version: OpenJDK Runtime Environment (11.0.13) (build 11.0.13+0-b1751.21-8125866)
# Java VM: OpenJDK 64-Bit Server VM (11.0.13+0-b1751.21-8125866, mixed mode, tiered, compressed oops, g1 gc, windows-amd64)
# No core dump will be written. Minidumps are not enabled by default on client versions of Windows
#

---------------  S U M M A R Y ------------

Command Line: --add-opens=java.base/java.util=ALL-UNNAMED --add-opens=java.base/java.lang=ALL-UNNAMED --add-opens=java.base/java.lang.invoke=ALL-UNNAMED --add-opens=java.base/java.util=ALL-UNNAMED --add-opens=java.prefs/java.util.prefs=ALL-UNNAMED --add-opens=java.prefs/java.util.prefs=ALL-UNNAMED --add-opens=java.base/java.nio.charset=ALL-UNNAMED --add-opens=java.base/java.net=ALL-UNNAMED --add-opens=java.base/java.util.concurrent.atomic=ALL-UNNAMED -Xmx2048m -Dfile.encoding=UTF-8 -Duser.country=MX -Duser.language=es -Duser.variant org.gradle.launcher.daemon.bootstrap.GradleDaemon 7.3.3

Host: AMD A6-9225 RADEON R4, 5 COMPUTE CORES 2C+3G   , 2 cores, 3G,  Windows 10 , 64 bit Build 18362 (10.0.18362.1500)
Time: Tue Nov 22 20:18:17 2022 Hora estándar central (México) elapsed time: 19.869699 seconds (0d 0h 0m 19s)

---------------  T H R E A D  ---------------

Current thread (0x00000207c4956000):  VMThread "VM Thread" [stack: 0x00000057bd600000,0x00000057bd700000] [id=10216]

Stack: [0x00000057bd600000,0x00000057bd700000]
[error occurred during error reporting (printing stack bounds), id 0xc0000005, EXCEPTION_ACCESS_VIOLATION (0xc0000005) at pc=0x00000207aed8112d]

Native frames: (J=compiled Java code, j=interpreted, Vv=VM code, C=native code)
V  [jvm.dll+0x6100fa]
V  [jvm.dll+0x747090]
V  [jvm.dll+0x7486ad]
V  [jvm.dll+0x748ce5]
V  [jvm.dll+0x748c9b]
V  [jvm.dll+0x60f224]
V  [jvm.dll+0x60f9b8]
C  [ntdll.dll+0xa1fff]
C  [ntdll.dll+0x6aad9]
C  [ntdll.dll+0xa0c6e]
C  0x00000207aed8112d

VM_Operation (0x00000057be8f7b40): CollectForMetadataAllocation, mode: safepoint, requested by thread 0x00000207c633b000


---------------  P R O C E S S  ---------------

Threads class SMR info:
_java_thread_list=0x00000207c6aff4f0, length=23, elements={
0x00000207ab26e800, 0x00000207c495f000, 0x00000207c4962000, 0x00000207c49bb800,
0x00000207c49bd000, 0x00000207c49be000, 0x00000207c49c1000, 0x00000207c49c4800,
0x00000207c49ec000, 0x00000207c543e800, 0x00000207c62a5000, 0x00000207c646e800,
0x00000207c649d800, 0x00000207c6cb7800, 0x00000207c625a000, 0x00000207c64c8000,
0x00000207c633b000, 0x00000207c658f800, 0x00000207c6590800, 0x00000207c55b2800,
0x00000207c6b3a000, 0x00000207c6b38800, 0x00000207c6b39000
}

Java Threads: ( => current thread )
  0x00000207ab26e800 JavaThread "main" [_thread_blocked, id=8508, stack(0x00000057bcf00000,0x00000057bd000000)]
  0x00000207c495f000 JavaThread "Reference Handler" daemon [_thread_blocked, id=7652, stack(0x00000057bd700000,0x00000057bd800000)]
  0x00000207c4962000 JavaThread "Finalizer" daemon [_thread_blocked, id=7820, stack(0x00000057bd800000,0x00000057bd900000)]
  0x00000207c49bb800 JavaThread "Signal Dispatcher" daemon [_thread_blocked, id=5892, stack(0x00000057bd900000,0x00000057bda00000)]
  0x00000207c49bd000 JavaThread "Attach Listener" daemon [_thread_blocked, id=6652, stack(0x00000057bda00000,0x00000057bdb00000)]
  0x00000207c49be000 JavaThread "Service Thread" daemon [_thread_blocked, id=3232, stack(0x00000057bdb00000,0x00000057bdc00000)]
  0x00000207c49c1000 JavaThread "C2 CompilerThread0" daemon [_thread_blocked, id=1604, stack(0x00000057bdc00000,0x00000057bdd00000)]
  0x00000207c49c4800 JavaThread "C1 CompilerThread0" daemon [_thread_blocked, id=3284, stack(0x00000057bdd00000,0x00000057bde00000)]
  0x00000207c49ec000 JavaThread "Sweeper thread" daemon [_thread_blocked, id=1528, stack(0x00000057bde00000,0x00000057bdf00000)]
  0x00000207c543e800 JavaThread "Common-Cleaner" daemon [_thread_blocked, id=4292, stack(0x00000057bdf00000,0x00000057be000000)]
  0x00000207c62a5000 JavaThread "Daemon health stats" [_thread_blocked, id=3772, stack(0x00000057be200000,0x00000057be300000)]
  0x00000207c646e800 JavaThread "Incoming local TCP Connector on port 52193" [_thread_in_native, id=8732, stack(0x00000057be300000,0x00000057be400000)]
  0x00000207c649d800 JavaThread "Daemon periodic checks" [_thread_blocked, id=7788, stack(0x00000057be400000,0x00000057be500000)]
  0x00000207c6cb7800 JavaThread "Daemon" [_thread_blocked, id=6976, stack(0x00000057be500000,0x00000057be600000)]
  0x00000207c625a000 JavaThread "Handler for socket connection from /127.0.0.1:52193 to /127.0.0.1:52194" [_thread_in_native, id=10092, stack(0x00000057be600000,0x00000057be700000)]
  0x00000207c64c8000 JavaThread "Cancel handler" [_thread_blocked, id=1784, stack(0x00000057be700000,0x00000057be800000)]
  0x00000207c633b000 JavaThread "Daemon worker" [_thread_blocked, id=4464, stack(0x00000057be800000,0x00000057be900000)]
  0x00000207c658f800 JavaThread "Asynchronous log dispatcher for DefaultDaemonConnection: socket connection from /127.0.0.1:52193 to /127.0.0.1:52194" [_thread_blocked, id=9344, stack(0x00000057be900000,0x00000057bea00000)]
  0x00000207c6590800 JavaThread "Stdin handler" [_thread_blocked, id=8648, stack(0x00000057bea00000,0x00000057beb00000)]
  0x00000207c55b2800 JavaThread "Daemon client event forwarder" [_thread_blocked, id=8884, stack(0x00000057beb00000,0x00000057bec00000)]
  0x00000207c6b3a000 JavaThread "Cache worker for journal cache (C:\Users\caby5\.gradle\caches\journal-1)" [_thread_blocked, id=592, stack(0x00000057bec00000,0x00000057bed00000)]
  0x00000207c6b38800 JavaThread "File lock request listener" [_thread_in_native, id=5916, stack(0x00000057bed00000,0x00000057bee00000)]
  0x00000207c6b39000 JavaThread "Cache worker for file hash cache (C:\Users\caby5\.gradle\caches\7.3.3\fileHashes)" [_thread_blocked, id=4492, stack(0x00000057bee00000,0x00000057bef00000)]

Other Threads:
=>0x00000207c4956000 VMThread "VM Thread" [stack: 0x00000057bd600000,0x00000057bd700000] [id=10216]
  0x00000207c546d800 WatcherThread [stack: 0x00000057be000000,0x00000057be100000] [id=9888]
  0x00000207ab287000 GCTaskThread "GC Thread#0" [stack: 0x00000057bd100000,0x00000057bd200000] [id=7880]
  0x00000207c563c000 GCTaskThread "GC Thread#1" [stack: 0x00000057be100000,0x00000057be200000] [id=8096]
  0x00000207ab2b7000 ConcurrentGCThread "G1 Main Marker" [stack: 0x00000057bd200000,0x00000057bd300000] [id=9976]
  0x00000207ab2b8800 ConcurrentGCThread "G1 Conc#0" [stack: 0x00000057bd300000,0x00000057bd400000] [id=9152]
  0x00000207ab2f6800 ConcurrentGCThread "G1 Refine#0" [stack: 0x00000057bd400000,0x00000057bd500000] [id=5332]
  0x00000207ab2f7800 ConcurrentGCThread "G1 Young RemSet Sampling" [stack: 0x00000057bd500000,0x00000057bd600000] [id=9980]

Threads with active compile tasks:
C2 CompilerThread0  20028 2051   !   4       java.lang.ClassLoader::loadClass (122 bytes)

VM state:at safepoint (normal execution)

VM Mutex/Monitor currently owned by a thread:  ([mutex/lock_event])
[0x00000207ab26b2a0] Threads_lock - owner thread: 0x00000207c4956000
[0x00000207ab26a370] Heap_lock - owner thread: 0x00000207c633b000

Heap address: 0x0000000080000000, size: 2048 MB, Compressed Oops mode: 32-bit
Narrow klass base: 0x0000000000000000, Narrow klass shift: 3
Compressed class space size: 1073741824 Address: 0x0000000100000000

Heap:
 garbage-first heap   total 57344K, used 17741K [0x0000000080000000, 0x0000000100000000)
  region size 1024K, 2 young (2048K), 2 survivors (2048K)
 Metaspace       used 20716K, capacity 21145K, committed 21296K, reserved 1071104K
  class space    used 2507K, capacity 2648K, committed 2688K, reserved 1048576K
Heap Regions: E=young(eden), S=young(survivor), O=old, HS=humongous(starts), HC=humongous(continues), CS=collection set, F=free, A=archive, TAMS=top-at-mark-start (previous, next)
|   0|0x0000000080000000, 0x0000000080100000, 0x0000000080100000|100%| O|  |TAMS 0x0000000080000000, 0x0000000080100000| Untracked 
|   1|0x0000000080100000, 0x0000000080200000, 0x0000000080200000|100%| O|  |TAMS 0x0000000080100000, 0x0000000080200000| Untracked 
|   2|0x0000000080200000, 0x0000000080300000, 0x0000000080300000|100%| O|  |TAMS 0x0000000080200000, 0x0000000080300000| Untracked 
|   3|0x0000000080300000, 0x0000000080400000, 0x0000000080400000|100%| O|  |TAMS 0x0000000080300000, 0x0000000080400000| Untracked 
|   4|0x0000000080400000, 0x0000000080500000, 0x0000000080500000|100%|HS|  |TAMS 0x0000000080400000, 0x0000000080500000| Complete 
|   5|0x0000000080500000, 0x0000000080600000, 0x0000000080600000|100%|HC|  |TAMS 0x0000000080500000, 0x0000000080600000| Complete 
|   6|0x0000000080600000, 0x0000000080700000, 0x0000000080700000|100%|HC|  |TAMS 0x0000000080600000, 0x0000000080700000| Complete 
|   7|0x0000000080700000, 0x0000000080800000, 0x0000000080800000|100%| O|  |TAMS 0x0000000080700000, 0x0000000080800000| Untracked 
|   8|0x0000000080800000, 0x0000000080900000, 0x0000000080900000|100%| O|  |TAMS 0x0000000080800000, 0x0000000080900000| Untracked 
|   9|0x0000000080900000, 0x0000000080a00000, 0x0000000080a00000|100%| O|  |TAMS 0x0000000080900000, 0x0000000080a00000| Untracked 
|  10|0x0000000080a00000, 0x0000000080b00000, 0x0000000080b00000|100%| O|  |TAMS 0x0000000080a00000, 0x0000000080b00000| Untracked 
|  11|0x0000000080b00000, 0x0000000080c00000, 0x0000000080c00000|100%| O|  |TAMS 0x0000000080b00000, 0x0000000080c00000| Untracked 
|  12|0x0000000080c00000, 0x0000000080d00000, 0x0000000080d00000|100%| O|  |TAMS 0x0000000080c00000, 0x0000000080d00000| Untracked 
|  13|0x0000000080d00000, 0x0000000080e00000, 0x0000000080e00000|100%| O|  |TAMS 0x0000000080d00000, 0x0000000080e00000| Untracked 
|  14|0x0000000080e00000, 0x0000000080f00000, 0x0000000080f00000|100%| O|  |TAMS 0x0000000080e00000, 0x0000000080f00000| Untracked 
|  15|0x0000000080f00000, 0x0000000080fbae00, 0x0000000081000000| 72%| O|  |TAMS 0x0000000080f00000, 0x0000000080fbae00| Untracked 
|  16|0x0000000081000000, 0x0000000081000000, 0x0000000081100000|  0%| F|  |TAMS 0x0000000081000000, 0x0000000081000000| Untracked 
|  17|0x0000000081100000, 0x0000000081100000, 0x0000000081200000|  0%| F|  |TAMS 0x0000000081100000, 0x0000000081100000| Untracked 
|  18|0x0000000081200000, 0x0000000081200000, 0x0000000081300000|  0%| F|  |TAMS 0x0000000081200000, 0x0000000081200000| Untracked 
|  19|0x0000000081300000, 0x0000000081300000, 0x0000000081400000|  0%| F|  |TAMS 0x0000000081300000, 0x0000000081300000| Untracked 
|  20|0x0000000081400000, 0x0000000081400000, 0x0000000081500000|  0%| F|  |TAMS 0x0000000081400000, 0x0000000081400000| Untracked 
|  21|0x0000000081500000, 0x0000000081500000, 0x0000000081600000|  0%| F|  |TAMS 0x0000000081500000, 0x0000000081500000| Untracked 
|  22|0x0000000081600000, 0x0000000081600000, 0x0000000081700000|  0%| F|  |TAMS 0x0000000081600000, 0x0000000081600000| Untracked 
|  23|0x0000000081700000, 0x0000000081700000, 0x0000000081800000|  0%| F|  |TAMS 0x0000000081700000, 0x0000000081700000| Untracked 
|  24|0x0000000081800000, 0x0000000081800000, 0x0000000081900000|  0%| F|  |TAMS 0x0000000081800000, 0x0000000081800000| Untracked 
|  25|0x0000000081900000, 0x0000000081900000, 0x0000000081a00000|  0%| F|  |TAMS 0x0000000081900000, 0x0000000081900000| Untracked 
|  26|0x0000000081a00000, 0x0000000081a00000, 0x0000000081b00000|  0%| F|  |TAMS 0x0000000081a00000, 0x0000000081a00000| Untracked 
|  27|0x0000000081b00000, 0x0000000081b00000, 0x0000000081c00000|  0%| F|  |TAMS 0x0000000081b00000, 0x0000000081b00000| Untracked 
|  28|0x0000000081c00000, 0x0000000081c00000, 0x0000000081d00000|  0%| F|  |TAMS 0x0000000081c00000, 0x0000000081c00000| Untracked 
|  29|0x0000000081d00000, 0x0000000081d00000, 0x0000000081e00000|  0%| F|  |TAMS 0x0000000081d00000, 0x0000000081d00000| Untracked 
|  30|0x0000000081e00000, 0x0000000081e00000, 0x0000000081f00000|  0%| F|  |TAMS 0x0000000081e00000, 0x0000000081e00000| Untracked 
|  31|0x0000000081f00000, 0x0000000081f00000, 0x0000000082000000|  0%| F|  |TAMS 0x0000000081f00000, 0x0000000081f00000| Untracked 
|  32|0x0000000082000000, 0x0000000082000000, 0x0000000082100000|  0%| F|  |TAMS 0x0000000082000000, 0x0000000082000000| Untracked 
|  33|0x0000000082100000, 0x0000000082100000, 0x0000000082200000|  0%| F|  |TAMS 0x0000000082100000, 0x0000000082100000| Untracked 
|  34|0x0000000082200000, 0x0000000082200000, 0x0000000082300000|  0%| F|  |TAMS 0x0000000082200000, 0x0000000082200000| Untracked 
|  35|0x0000000082300000, 0x0000000082300000, 0x0000000082400000|  0%| F|  |TAMS 0x0000000082300000, 0x0000000082300000| Untracked 
|  36|0x0000000082400000, 0x0000000082498790, 0x0000000082500000| 59%| S|CS|TAMS 0x0000000082400000, 0x0000000082400000| Complete 
|  37|0x0000000082500000, 0x0000000082600000, 0x0000000082600000|100%| S|CS|TAMS 0x0000000082500000, 0x0000000082500000| Complete 
|  38|0x0000000082600000, 0x0000000082600000, 0x0000000082700000|  0%| F|  |TAMS 0x0000000082600000, 0x0000000082600000| Untracked 
|  39|0x0000000082700000, 0x0000000082700000, 0x0000000082800000|  0%| F|  |TAMS 0x0000000082700000, 0x0000000082700000| Untracked 
|  40|0x0000000082800000, 0x0000000082800000, 0x0000000082900000|  0%| F|  |TAMS 0x0000000082800000, 0x0000000082800000| Untracked 
|  41|0x0000000082900000, 0x0000000082900000, 0x0000000082a00000|  0%| F|  |TAMS 0x0000000082900000, 0x0000000082900000| Untracked 
|  42|0x0000000082a00000, 0x0000000082a00000, 0x0000000082b00000|  0%| F|  |TAMS 0x0000000082a00000, 0x0000000082a00000| Untracked 
|  43|0x0000000082b00000, 0x0000000082b00000, 0x0000000082c00000|  0%| F|  |TAMS 0x0000000082b00000, 0x0000000082b00000| Untracked 
|  44|0x0000000082c00000, 0x0000000082c00000, 0x0000000082d00000|  0%| F|  |TAMS 0x0000000082c00000, 0x0000000082c00000| Untracked 
|  45|0x0000000082d00000, 0x0000000082d00000, 0x0000000082e00000|  0%| F|  |TAMS 0x0000000082d00000, 0x0000000082d00000| Untracked 
|  46|0x0000000082e00000, 0x0000000082e00000, 0x0000000082f00000|  0%| F|  |TAMS 0x0000000082e00000, 0x0000000082e00000| Untracked 
|  47|0x0000000082f00000, 0x0000000082f00000, 0x0000000083000000|  0%| F|  |TAMS 0x0000000082f00000, 0x0000000082f00000| Untracked 
|  48|0x0000000083000000, 0x0000000083000000, 0x0000000083100000|  0%| F|  |TAMS 0x0000000083000000, 0x0000000083000000| Untracked 
|  49|0x0000000083100000, 0x0000000083100000, 0x0000000083200000|  0%| F|  |TAMS 0x0000000083100000, 0x0000000083100000| Untracked 
|  50|0x0000000083200000, 0x0000000083200000, 0x0000000083300000|  0%| F|  |TAMS 0x0000000083200000, 0x0000000083200000| Untracked 
|  51|0x0000000083300000, 0x0000000083300000, 0x0000000083400000|  0%| F|  |TAMS 0x0000000083300000, 0x0000000083300000| Untracked 
|  52|0x0000000083400000, 0x0000000083400000, 0x0000000083500000|  0%| F|  |TAMS 0x0000000083400000, 0x0000000083400000| Untracked 
|  53|0x0000000083500000, 0x0000000083500000, 0x0000000083600000|  0%| F|  |TAMS 0x0000000083500000, 0x0000000083500000| Untracked 
|  54|0x0000000083600000, 0x0000000083600000, 0x0000000083700000|  0%| F|  |TAMS 0x0000000083600000, 0x0000000083600000| Untracked 
|  55|0x0000000083700000, 0x0000000083700000, 0x0000000083800000|  0%| F|  |TAMS 0x0000000083700000, 0x0000000083700000| Untracked 

Card table byte_map: [0x00000207bdd80000,0x00000207be180000] _byte_map_base: 0x00000207bd980000

Marking Bits (Prev, Next): (CMBitMap*) 0x00000207ab2ae148, (CMBitMap*) 0x00000207ab2ae180
 Prev Bits: [0x00000207be580000, 0x00000207c0580000)
 Next Bits: [0x00000207c0580000, 0x00000207c2580000)

Polling page: 0x00000207a9130000

Metaspace:

Usage:
  Non-class:     18.06 MB capacity,    17.78 MB ( 98%) used,   254.17 KB (  1%) free+waste,    34.06 KB ( <1%) overhead. 
      Class:      2.59 MB capacity,     2.45 MB ( 95%) used,   123.78 KB (  5%) free+waste,    16.44 KB ( <1%) overhead. 
       Both:     20.65 MB capacity,    20.23 MB ( 98%) used,   377.95 KB (  2%) free+waste,    50.50 KB ( <1%) overhead. 

Virtual space:
  Non-class space:       22.00 MB reserved,      18.17 MB ( 83%) committed 
      Class space:        1.00 GB reserved,       2.63 MB ( <1%) committed 
             Both:        1.02 GB reserved,      20.80 MB (  2%) committed 

Chunk freelists:
   Non-Class:  111.00 KB
       Class:  8.00 KB
        Both:  119.00 KB

MaxMetaspaceSize: 17179869184.00 GB
CompressedClassSpaceSize: 1.00 GB
Initial GC threshold: 20.80 MB
Current GC threshold: 21.12 MB
CDS: off

CodeHeap 'non-profiled nmethods': size=120064Kb used=933Kb max_used=933Kb free=119130Kb
 bounds [0x00000207b6840000, 0x00000207b6ab0000, 0x00000207bdd80000]
CodeHeap 'profiled nmethods': size=120000Kb used=4428Kb max_used=4428Kb free=115571Kb
 bounds [0x00000207af310000, 0x00000207af770000, 0x00000207b6840000]
CodeHeap 'non-nmethods': size=5696Kb used=1203Kb max_used=1222Kb free=4492Kb
 bounds [0x00000207aed80000, 0x00000207aeff0000, 0x00000207af310000]
 total_blobs=2523 nmethods=2050 adapters=386
 compilation: enabled
              stopped_count=0, restarted_count=0
 full_count=0

Compilation events (20 events):
Event: 19.581 Thread 0x00000207c49c4800 nmethod 2043 0x00000207af75ce90 code [0x00000207af75d080, 0x00000207af75d3f8]
Event: 19.581 Thread 0x00000207c49c4800 2044       3       com.google.common.collect.Iterators$ArrayItr::get (12 bytes)
Event: 19.582 Thread 0x00000207c49c4800 nmethod 2044 0x00000207af75d510 code [0x00000207af75d6c0, 0x00000207af75d7f8]
Event: 19.582 Thread 0x00000207c49c4800 2045       3       org.gradle.internal.file.FilePathUtil::sizeOfCommonPrefix (142 bytes)
Event: 19.586 Thread 0x00000207c49c4800 nmethod 2045 0x00000207af75d910 code [0x00000207af75dd60, 0x00000207af75ff38]
Event: 19.586 Thread 0x00000207c49c4800 2046       3       org.gradle.internal.file.FileHierarchySet$Node::sizeOfCommonPrefix (10 bytes)
Event: 19.587 Thread 0x00000207c49c4800 nmethod 2046 0x00000207af760c90 code [0x00000207af760e60, 0x00000207af760fe8]
Event: 19.587 Thread 0x00000207c49c4800 2047       3       org.gradle.internal.file.FilePathUtil::sizeOfCommonPrefix (10 bytes)
Event: 19.587 Thread 0x00000207c49c4800 nmethod 2047 0x00000207af761110 code [0x00000207af7612c0, 0x00000207af7613c8]
Event: 19.596 Thread 0x00000207c49c1000 2048 %     4       java.util.Arrays::fill @ 5 (21 bytes)
Event: 19.603 Thread 0x00000207c49c1000 nmethod 2048% 0x00000207b6929010 code [0x00000207b69291a0, 0x00000207b6929398]
Event: 19.608 Thread 0x00000207c49c4800 2049       3       java.util.stream.StreamSupport::stream (19 bytes)
Event: 19.609 Thread 0x00000207c49c4800 nmethod 2049 0x00000207af761490 code [0x00000207af761680, 0x00000207af761a88]
Event: 19.609 Thread 0x00000207c49c4800 2050       3       java.util.stream.StreamOpFlag::fromCharacteristics (37 bytes)
Event: 19.610 Thread 0x00000207c49c4800 nmethod 2050 0x00000207af761c90 code [0x00000207af761e60, 0x00000207af762158]
Event: 19.617 Thread 0x00000207c49c1000 2051   !   4       java.lang.ClassLoader::loadClass (122 bytes)
Event: 19.744 Thread 0x00000207c49c4800 2052       3       sun.nio.cs.UTF_8$Decoder::decodeLoop (28 bytes)
Event: 19.745 Thread 0x00000207c49c4800 nmethod 2052 0x00000207af762290 code [0x00000207af762480, 0x00000207af762858]
Event: 19.763 Thread 0x00000207c49c4800 2053       3       java.util.ArrayList::toArray (57 bytes)
Event: 19.763 Thread 0x00000207c49c4800 nmethod 2053 0x00000207af762990 code [0x00000207af762b80, 0x00000207af763098]

GC Heap History (14 events):
Event: 0.994 GC heap before
{Heap before GC invocations=0 (full 0):
 garbage-first heap   total 57344K, used 6144K [0x0000000080000000, 0x0000000100000000)
  region size 1024K, 7 young (7168K), 0 survivors (0K)
 Metaspace       used 6134K, capacity 6269K, committed 6528K, reserved 1056768K
  class space    used 527K, capacity 578K, committed 640K, reserved 1048576K
}
Event: 1.016 GC heap after
{Heap after GC invocations=1 (full 0):
 garbage-first heap   total 57344K, used 1408K [0x0000000080000000, 0x0000000100000000)
  region size 1024K, 1 young (1024K), 1 survivors (1024K)
 Metaspace       used 6134K, capacity 6269K, committed 6528K, reserved 1056768K
  class space    used 527K, capacity 578K, committed 640K, reserved 1048576K
}
Event: 3.947 GC heap before
{Heap before GC invocations=1 (full 0):
 garbage-first heap   total 57344K, used 40320K [0x0000000080000000, 0x0000000100000000)
  region size 1024K, 33 young (33792K), 1 survivors (1024K)
 Metaspace       used 11207K, capacity 11454K, committed 11520K, reserved 1058816K
  class space    used 1153K, capacity 1246K, committed 1280K, reserved 1048576K
}
Event: 3.967 GC heap after
{Heap after GC invocations=2 (full 0):
 garbage-first heap   total 57344K, used 9681K [0x0000000080000000, 0x0000000100000000)
  region size 1024K, 5 young (5120K), 5 survivors (5120K)
 Metaspace       used 11207K, capacity 11454K, committed 11520K, reserved 1058816K
  class space    used 1153K, capacity 1246K, committed 1280K, reserved 1048576K
}
Event: 4.279 GC heap before
{Heap before GC invocations=2 (full 0):
 garbage-first heap   total 57344K, used 16849K [0x0000000080000000, 0x0000000100000000)
  region size 1024K, 12 young (12288K), 5 survivors (5120K)
 Metaspace       used 11256K, capacity 11518K, committed 11776K, reserved 1060864K
  class space    used 1153K, capacity 1246K, committed 1280K, reserved 1048576K
}
Event: 4.289 GC heap after
{Heap after GC invocations=3 (full 0):
 garbage-first heap   total 57344K, used 10164K [0x0000000080000000, 0x0000000100000000)
  region size 1024K, 1 young (1024K), 1 survivors (1024K)
 Metaspace       used 11256K, capacity 11518K, committed 11776K, reserved 1060864K
  class space    used 1153K, capacity 1246K, committed 1280K, reserved 1048576K
}
Event: 5.438 GC heap before
{Heap before GC invocations=3 (full 0):
 garbage-first heap   total 57344K, used 29620K [0x0000000080000000, 0x0000000100000000)
  region size 1024K, 20 young (20480K), 1 survivors (1024K)
 Metaspace       used 11404K, capacity 11766K, committed 11904K, reserved 1060864K
  class space    used 1172K, capacity 1286K, committed 1408K, reserved 1048576K
}
Event: 5.448 GC heap after
{Heap after GC invocations=4 (full 0):
 garbage-first heap   total 57344K, used 14336K [0x0000000080000000, 0x0000000100000000)
  region size 1024K, 3 young (3072K), 3 survivors (3072K)
 Metaspace       used 11404K, capacity 11766K, committed 11904K, reserved 1060864K
  class space    used 1172K, capacity 1286K, committed 1408K, reserved 1048576K
}
Event: 14.132 GC heap before
{Heap before GC invocations=4 (full 0):
 garbage-first heap   total 57344K, used 33792K [0x0000000080000000, 0x0000000100000000)
  region size 1024K, 22 young (22528K), 3 survivors (3072K)
 Metaspace       used 16031K, capacity 16393K, committed 16640K, reserved 1064960K
  class space    used 1803K, capacity 1935K, committed 2048K, reserved 1048576K
}
Event: 14.159 GC heap after
{Heap after GC invocations=5 (full 0):
 garbage-first heap   total 57344K, used 16133K [0x0000000080000000, 0x0000000100000000)
  region size 1024K, 2 young (2048K), 2 survivors (2048K)
 Metaspace       used 16031K, capacity 16393K, committed 16640K, reserved 1064960K
  class space    used 1803K, capacity 1935K, committed 2048K, reserved 1048576K
}
Event: 18.351 GC heap before
{Heap before GC invocations=5 (full 0):
 garbage-first heap   total 57344K, used 35589K [0x0000000080000000, 0x0000000100000000)
  region size 1024K, 21 young (21504K), 2 survivors (2048K)
 Metaspace       used 18889K, capacity 19245K, committed 19328K, reserved 1067008K
  class space    used 2241K, capacity 2377K, committed 2432K, reserved 1048576K
}
Event: 18.362 GC heap after
{Heap after GC invocations=6 (full 0):
 garbage-first heap   total 57344K, used 17260K [0x0000000080000000, 0x0000000100000000)
  region size 1024K, 2 young (2048K), 2 survivors (2048K)
 Metaspace       used 18889K, capacity 19245K, committed 19328K, reserved 1067008K
  class space    used 2241K, capacity 2377K, committed 2432K, reserved 1048576K
}
Event: 19.764 GC heap before
{Heap before GC invocations=6 (full 0):
 garbage-first heap   total 57344K, used 34668K [0x0000000080000000, 0x0000000100000000)
  region size 1024K, 20 young (20480K), 2 survivors (2048K)
 Metaspace       used 20716K, capacity 21145K, committed 21296K, reserved 1069056K
  class space    used 2507K, capacity 2648K, committed 2688K, reserved 1048576K
}
Event: 19.773 GC heap after
{Heap after GC invocations=7 (full 0):
 garbage-first heap   total 57344K, used 17741K [0x0000000080000000, 0x0000000100000000)
  region size 1024K, 2 young (2048K), 2 survivors (2048K)
 Metaspace       used 20716K, capacity 21145K, committed 21296K, reserved 1069056K
  class space    used 2507K, capacity 2648K, committed 2688K, reserved 1048576K
}

Deoptimization events (20 events):
Event: 19.593 Thread 0x00000207c633b000 Uncommon trap: trap_request=0xffffff4d fr.pc=0x00000207b685c554 relative=0x0000000000000a34
Event: 19.593 Thread 0x00000207c633b000 Uncommon trap: reason=unstable_if action=reinterpret pc=0x00000207b685c554 method=java.io.WinNTFileSystem.resolve(Ljava/lang/String;Ljava/lang/String;)Ljava/lang/String; @ 19 c2
Event: 19.593 Thread 0x00000207c633b000 DEOPT PACKING pc=0x00000207b685c554 sp=0x00000057be8faf80
Event: 19.593 Thread 0x00000207c633b000 DEOPT UNPACKING pc=0x00000207aedca1af sp=0x00000057be8faf18 mode 2
Event: 19.595 Thread 0x00000207c633b000 Uncommon trap: trap_request=0xffffffc6 fr.pc=0x00000207b68b0ba4 relative=0x0000000000000084
Event: 19.595 Thread 0x00000207c633b000 Uncommon trap: reason=bimorphic_or_optimized_type_check action=maybe_recompile pc=0x00000207b68b0ba4 method=java.util.AbstractList$Itr.hasNext()Z @ 8 c2
Event: 19.595 Thread 0x00000207c633b000 DEOPT PACKING pc=0x00000207b68b0ba4 sp=0x00000057be8fa540
Event: 19.595 Thread 0x00000207c633b000 DEOPT UNPACKING pc=0x00000207aedca1af sp=0x00000057be8fa4d8 mode 2
Event: 19.595 Thread 0x00000207c633b000 Uncommon trap: trap_request=0xffffffc6 fr.pc=0x00000207b68b56d4 relative=0x0000000000000114
Event: 19.595 Thread 0x00000207c633b000 Uncommon trap: reason=bimorphic_or_optimized_type_check action=maybe_recompile pc=0x00000207b68b56d4 method=java.util.AbstractList$Itr.next()Ljava/lang/Object; @ 14 c2
Event: 19.595 Thread 0x00000207c633b000 DEOPT PACKING pc=0x00000207b68b56d4 sp=0x00000057be8fa530
Event: 19.595 Thread 0x00000207c633b000 DEOPT UNPACKING pc=0x00000207aedca1af sp=0x00000057be8fa4c8 mode 2
Event: 19.597 Thread 0x00000207c633b000 Uncommon trap: trap_request=0xffffff4d fr.pc=0x00000207b68acfc4 relative=0x0000000000000604
Event: 19.597 Thread 0x00000207c633b000 Uncommon trap: reason=unstable_if action=reinterpret pc=0x00000207b68acfc4 method=java.io.File.getName()Ljava/lang/String; @ 16 c2
Event: 19.597 Thread 0x00000207c633b000 DEOPT PACKING pc=0x00000207b68acfc4 sp=0x00000057be8faf10
Event: 19.597 Thread 0x00000207c633b000 DEOPT UNPACKING pc=0x00000207aedca1af sp=0x00000057be8faee0 mode 2
Event: 19.597 Thread 0x00000207c633b000 Uncommon trap: trap_request=0xffffff4d fr.pc=0x00000207b68ac568 relative=0x00000000000004a8
Event: 19.597 Thread 0x00000207c633b000 Uncommon trap: reason=unstable_if action=reinterpret pc=0x00000207b68ac568 method=java.lang.String.substring(I)Ljava/lang/String; @ 34 c2
Event: 19.597 Thread 0x00000207c633b000 DEOPT PACKING pc=0x00000207b68ac568 sp=0x00000057be8fae90
Event: 19.597 Thread 0x00000207c633b000 DEOPT UNPACKING pc=0x00000207aedca1af sp=0x00000057be8fae68 mode 2

Classes redefined (0 events):
No events

Internal exceptions (19 events):
Event: 0.533 Thread 0x00000207ab26e800 Exception <a 'java/lang/NoSuchMethodError'{0x00000000836ec3a8}: 'int java.lang.invoke.DirectMethodHandle$Holder.invokeStaticInit(java.lang.Object, java.lang.Object)'> (0x00000000836ec3a8) thrown at [./src/hotspot/share/interpreter/linkResolver.cpp, line 773]
Event: 0.700 Thread 0x00000207ab26e800 Exception <a 'java/lang/NoSuchMethodError'{0x00000000835b4240}: 'int java.lang.invoke.DirectMethodHandle$Holder.invokeSpecial(java.lang.Object, java.lang.Object, java.lang.Object, java.lang.Object)'> (0x00000000835b4240) thrown at [./src/hotspot/share/interpreter/linkResolver.cpp, line 773]
Event: 0.723 Thread 0x00000207ab26e800 Exception <a 'java/lang/NoSuchMethodError'{0x00000000835ec0e0}: 'int java.lang.invoke.DirectMethodHandle$Holder.invokeSpecialIFC(java.lang.Object, java.lang.Object, int)'> (0x00000000835ec0e0) thrown at [./src/hotspot/share/interpreter/linkResolver.cpp, line 773]
Event: 1.748 Thread 0x00000207ab26e800 Exception <a 'java/lang/NoClassDefFoundError'{0x0000000082f835d0}: org/slf4j/impl/StaticMarkerBinder> (0x0000000082f835d0) thrown at [./src/hotspot/share/classfile/systemDictionary.cpp, line 220]
Event: 2.080 Thread 0x00000207ab26e800 Exception <a 'java/lang/NoSuchMethodError'{0x0000000082cd6a58}: 'java.lang.Object java.lang.invoke.DirectMethodHandle$Holder.invokeVirtual(java.lang.Object, java.lang.Object, java.lang.Object, java.lang.Object, java.lang.Object, java.lang.Object, java.lang.Object)'> (0x0000000082cd6a58) thrown at [./src/hotspot/share/interpreter/linkResolver.cpp, line 773]
Event: 2.094 Thread 0x00000207ab26e800 Exception <a 'java/lang/NoSuchMethodError'{0x0000000082ceaee8}: 'java.lang.Object java.lang.invoke.Invokers$Holder.invoker(java.lang.Object, java.lang.Object, java.lang.Object)'> (0x0000000082ceaee8) thrown at [./src/hotspot/share/interpreter/linkResolver.cpp, line 773]
Event: 2.108 Thread 0x00000207ab26e800 Exception <a 'java/lang/NoSuchMethodError'{0x0000000082cfbf60}: 'void java.lang.invoke.DelegatingMethodHandle$Holder.delegate(java.lang.Object, java.lang.Object, int, java.lang.Object)'> (0x0000000082cfbf60) thrown at [./src/hotspot/share/interpreter/linkResolver.cpp, line 773]
Event: 4.869 Thread 0x00000207ab26e800 Exception <a 'java/security/PrivilegedActionException'{0x0000000082acbf60}> (0x0000000082acbf60) thrown at [./src/hotspot/share/prims/jvm.cpp, line 1306]
Event: 4.869 Thread 0x00000207ab26e800 Exception <a 'java/security/PrivilegedActionException'{0x0000000082acc4d8}> (0x0000000082acc4d8) thrown at [./src/hotspot/share/prims/jvm.cpp, line 1306]
Event: 7.974 Thread 0x00000207ab26e800 Exception <a 'java/lang/NoSuchMethodError'{0x0000000082df8ea8}: 'java.lang.Object java.lang.invoke.DirectMethodHandle$Holder.invokeStaticInit(java.lang.Object, java.lang.Object, java.lang.Object)'> (0x0000000082df8ea8) thrown at [./src/hotspot/share/interpreter/linkResolver.cpp, line 773]
Event: 10.527 Thread 0x00000207ab26e800 Exception <a 'java/lang/NoSuchMethodError'{0x0000000082613cd0}: 'java.lang.Object java.lang.invoke.DirectMethodHandle$Holder.invokeStaticInit(java.lang.Object, int, int, int, int)'> (0x0000000082613cd0) thrown at [./src/hotspot/share/interpreter/linkResolver.cpp, line 773]
Event: 11.908 Thread 0x00000207ab26e800 Exception <a 'java/lang/NoSuchMethodError'{0x0000000082627fa0}: 'java.lang.Object java.lang.invoke.DirectMethodHandle$Holder.invokeStaticInit(java.lang.Object, java.lang.Object, int, int, int, int)'> (0x0000000082627fa0) thrown at [./src/hotspot/share/interpreter/linkResolver.cpp, line 773]
Event: 14.164 Thread 0x00000207ab26e800 Exception <a 'java/io/IOException'{0x0000000083703598}> (0x0000000083703598) thrown at [./src/hotspot/share/prims/jni.cpp, line 616]
Event: 17.002 Thread 0x00000207c633b000 Exception <a 'java/lang/NoSuchMethodError'{0x000000008322ad70}: 'long java.lang.invoke.DirectMethodHandle$Holder.invokeInterface(java.lang.Object, java.lang.Object)'> (0x000000008322ad70) thrown at [./src/hotspot/share/interpreter/linkResolver.cpp, line 773]
Event: 17.006 Thread 0x00000207c633b000 Exception <a 'java/lang/NoSuchMethodError'{0x0000000083237e10}: 'void java.lang.invoke.DelegatingMethodHandle$Holder.reinvoke_L(java.lang.Object, java.lang.Object, java.lang.Object, java.lang.Object, java.lang.Object, java.lang.Object, java.lang.Object)'> (0x0000000083237e10) thrown at [./src/hotspot/share/interpreter/linkResolver.cpp, line 773]
Event: 19.058 Thread 0x00000207c633b000 Exception <a 'java/lang/NoSuchMethodError'{0x0000000082a17370}: 'void java.lang.invoke.DirectMethodHandle$Holder.invokeStaticInit(java.lang.Object)'> (0x0000000082a17370) thrown at [./src/hotspot/share/interpreter/linkResolver.cpp, line 773]
Event: 19.199 Thread 0x00000207c633b000 Exception <a 'java/lang/NoSuchMethodError'{0x0000000082ac52a0}: 'java.lang.Object java.lang.invoke.DirectMethodHandle$Holder.invokeStatic(java.lang.Object, java.lang.Object, java.lang.Object, int)'> (0x0000000082ac52a0) thrown at [./src/hotspot/share/interpreter/linkResolver.cpp, line 773]
Event: 19.200 Thread 0x00000207c633b000 Exception <a 'java/lang/NoSuchMethodError'{0x0000000082ac99b8}: 'java.lang.Object java.lang.invoke.DirectMethodHandle$Holder.invokeSpecial(java.lang.Object, java.lang.Object, java.lang.Object, java.lang.Object, int)'> (0x0000000082ac99b8) thrown at [./src/hotspot/share/interpreter/linkResolver.cpp, line 773]
Event: 19.201 Thread 0x00000207c633b000 Exception <a 'java/lang/NoSuchMethodError'{0x0000000082acd8f0}: 'java.lang.Object java.lang.invoke.Invokers$Holder.linkToTargetMethod(java.lang.Object, java.lang.Object, int, java.lang.Object)'> (0x0000000082acd8f0) thrown at [./src/hotspot/share/interpreter/linkResolver.cpp, line 773]

Events (20 events):
Event: 19.730 loading class com/google/common/io/ByteSource$ByteArrayByteSource done
Event: 19.733 loading class com/google/common/io/ByteSource$SlicedByteSource
Event: 19.733 loading class com/google/common/io/ByteSource$SlicedByteSource done
Event: 19.734 loading class com/google/common/io/CharSource
Event: 19.734 loading class com/google/common/io/CharSource done
Event: 19.737 loading class com/google/common/io/ByteSource$AsCharSource
Event: 19.737 loading class com/google/common/io/ByteSource$AsCharSource done
Event: 19.738 loading class com/google/common/io/CharSource$ConcatenatedCharSource
Event: 19.738 loading class com/google/common/io/CharSource$ConcatenatedCharSource done
Event: 19.739 loading class com/google/common/io/CharSource$EmptyCharSource
Event: 19.739 loading class com/google/common/io/CharSource$EmptyCharSource done
Event: 19.740 loading class com/google/common/io/CharSource$StringCharSource
Event: 19.740 loading class com/google/common/io/CharSource$StringCharSource done
Event: 19.741 loading class com/google/common/io/CharSource$CharSequenceCharSource
Event: 19.741 loading class com/google/common/io/CharSource$CharSequenceCharSource done
Event: 19.743 loading class com/google/common/io/CharSource$AsByteSource
Event: 19.743 loading class com/google/common/io/CharSource$AsByteSource done
Event: 19.746 loading class org/apache/commons/io/FileUtils
Event: 19.746 loading class org/apache/commons/io/FileUtils done
Event: 19.764 Executing VM operation: CollectForMetadataAllocation


Dynamic libraries:
0x00007ff724720000 - 0x00007ff72472a000 	C:\Program Files\Android\Android Studio\jre\bin\java.exe
0x00007ffaf3140000 - 0x00007ffaf3330000 	C:\windows\SYSTEM32\ntdll.dll
0x00007ffaf3040000 - 0x00007ffaf30f2000 	C:\windows\System32\KERNEL32.DLL
0x00007ffaf0910000 - 0x00007ffaf0bb5000 	C:\windows\System32\KERNELBASE.dll
0x00007ffaf0c40000 - 0x00007ffaf0d3a000 	C:\windows\System32\ucrtbase.dll
0x00007ffae6800000 - 0x00007ffae6819000 	C:\Program Files\Android\Android Studio\jre\bin\jli.dll
0x00007ffaf29d0000 - 0x00007ffaf2b64000 	C:\windows\System32\USER32.dll
0x00007ffaf0830000 - 0x00007ffaf0851000 	C:\windows\System32\win32u.dll
0x00007ffaf14c0000 - 0x00007ffaf14e6000 	C:\windows\System32\GDI32.dll
0x00007ffaf0f70000 - 0x00007ffaf1108000 	C:\windows\System32\gdi32full.dll
0x00007ffaf0d70000 - 0x00007ffaf0e0e000 	C:\windows\System32\msvcp_win.dll
0x00007ffaa8020000 - 0x00007ffaa8037000 	C:\Program Files\Android\Android Studio\jre\bin\VCRUNTIME140.dll
0x00007ffadf290000 - 0x00007ffadf514000 	C:\windows\WinSxS\amd64_microsoft.windows.common-controls_6595b64144ccf1df_6.0.18362.1556_none_9e7e372fe45e41d5\COMCTL32.dll
0x00007ffaf27e0000 - 0x00007ffaf287e000 	C:\windows\System32\msvcrt.dll
0x00007ffaf16e0000 - 0x00007ffaf1a16000 	C:\windows\System32\combase.dll
0x00007ffaf13a0000 - 0x00007ffaf14bf000 	C:\windows\System32\RPCRT4.dll
0x00007ffaf1160000 - 0x00007ffaf11e1000 	C:\windows\System32\bcryptPrimitives.dll
0x00007ffaf2730000 - 0x00007ffaf275e000 	C:\windows\System32\IMM32.DLL
0x00007ffaa3820000 - 0x00007ffaa38bd000 	C:\Program Files\Android\Android Studio\jre\bin\msvcp140.dll
0x00007ffaa3c50000 - 0x00007ffaa4752000 	C:\Program Files\Android\Android Studio\jre\bin\server\jvm.dll
0x00007ffaf2920000 - 0x00007ffaf29c3000 	C:\windows\System32\ADVAPI32.dll
0x00007ffaf1c30000 - 0x00007ffaf1cc7000 	C:\windows\System32\sechost.dll
0x00007ffaf2900000 - 0x00007ffaf2908000 	C:\windows\System32\PSAPI.DLL
0x00007ffaea1d0000 - 0x00007ffaea1d9000 	C:\windows\SYSTEM32\WSOCK32.dll
0x00007ffaf15c0000 - 0x00007ffaf162f000 	C:\windows\System32\WS2_32.dll
0x00007ffae7a20000 - 0x00007ffae7a44000 	C:\windows\SYSTEM32\WINMM.dll
0x00007ffae9030000 - 0x00007ffae903a000 	C:\windows\SYSTEM32\VERSION.dll
0x00007ffae77d0000 - 0x00007ffae77fd000 	C:\windows\SYSTEM32\WINMMBASE.dll
0x00007ffaf1110000 - 0x00007ffaf115a000 	C:\windows\System32\cfgmgr32.dll
0x00007ffaf0000000 - 0x00007ffaf0011000 	C:\windows\System32\kernel.appcore.dll
0x00007ffae66f0000 - 0x00007ffae6701000 	C:\Program Files\Android\Android Studio\jre\bin\verify.dll
0x00007ffae5c70000 - 0x00007ffae5e64000 	C:\windows\SYSTEM32\DBGHELP.DLL
0x00007ffae6130000 - 0x00007ffae615a000 	C:\windows\SYSTEM32\dbgcore.DLL
0x00007ffae64f0000 - 0x00007ffae6519000 	C:\Program Files\Android\Android Studio\jre\bin\java.dll
0x00007ffaea180000 - 0x00007ffaea18b000 	C:\Program Files\Android\Android Studio\jre\bin\jimage.dll
0x00007ffae64d0000 - 0x00007ffae64e8000 	C:\Program Files\Android\Android Studio\jre\bin\zip.dll
0x00007ffaf1f00000 - 0x00007ffaf25e7000 	C:\windows\System32\SHELL32.dll
0x00007ffaf1630000 - 0x00007ffaf16d8000 	C:\windows\System32\shcore.dll
0x00007ffaf00b0000 - 0x00007ffaf082b000 	C:\windows\System32\windows.storage.dll
0x00007ffaf0020000 - 0x00007ffaf003e000 	C:\windows\System32\profapi.dll
0x00007ffaf0060000 - 0x00007ffaf00aa000 	C:\windows\System32\powrprof.dll
0x00007ffaefff0000 - 0x00007ffaf0000000 	C:\windows\System32\UMPDC.dll
0x00007ffaf1560000 - 0x00007ffaf15b2000 	C:\windows\System32\shlwapi.dll
0x00007ffaf0bc0000 - 0x00007ffaf0bd7000 	C:\windows\System32\cryptsp.dll
0x00007ffad8200000 - 0x00007ffad821a000 	C:\Program Files\Android\Android Studio\jre\bin\net.dll
0x00007ffae8370000 - 0x00007ffae846a000 	C:\windows\SYSTEM32\WINHTTP.dll
0x00007ffaef830000 - 0x00007ffaef897000 	C:\windows\system32\mswsock.dll
0x00007ffad81e0000 - 0x00007ffad81f4000 	C:\Program Files\Android\Android Studio\jre\bin\nio.dll
0x00007ffae6740000 - 0x00007ffae6767000 	C:\Users\caby5\.gradle\native\e1d6ef7f7dcc3fd88c89a11ec53ec762bb8ba0a96d01ffa2cd45eb1d1d8dd5c5\windows-amd64\native-platform.dll
0x00007ffaa2d10000 - 0x00007ffaa2e54000 	C:\Users\caby5\.gradle\native\5664cfc778a61ccfe75a443a1ab52a65af34e5dc3c78e0209fed803814484fcb\windows-amd64\native-platform-file-events.dll
0x00007ffae66e0000 - 0x00007ffae66ea000 	C:\Program Files\Android\Android Studio\jre\bin\management.dll
0x00007ffae64c0000 - 0x00007ffae64cd000 	C:\Program Files\Android\Android Studio\jre\bin\management_ext.dll
0x00007ffaef3b0000 - 0x00007ffaef3e3000 	C:\windows\system32\rsaenh.dll
0x00007ffaf0d40000 - 0x00007ffaf0d66000 	C:\windows\System32\bcrypt.dll
0x00007ffaeff10000 - 0x00007ffaeff35000 	C:\windows\SYSTEM32\USERENV.dll
0x00007ffaefa00000 - 0x00007ffaefa0c000 	C:\windows\SYSTEM32\CRYPTBASE.dll
0x00007ffaef540000 - 0x00007ffaef57a000 	C:\windows\SYSTEM32\IPHLPAPI.DLL
0x00007ffaf25f0000 - 0x00007ffaf25f8000 	C:\windows\System32\NSI.dll
0x00007ffae9580000 - 0x00007ffae9596000 	C:\windows\SYSTEM32\dhcpcsvc6.DLL
0x00007ffae9560000 - 0x00007ffae957c000 	C:\windows\SYSTEM32\dhcpcsvc.DLL
0x00007ffaef590000 - 0x00007ffaef65b000 	C:\windows\SYSTEM32\DNSAPI.dll

dbghelp: loaded successfully - version: 4.0.5 - missing functions: none
symbol engine: initialized successfully - sym options: 0x614 - pdb path: .;C:\Program Files\Android\Android Studio\jre\bin;C:\windows\SYSTEM32;C:\windows\WinSxS\amd64_microsoft.windows.common-controls_6595b64144ccf1df_6.0.18362.1556_none_9e7e372fe45e41d5;C:\Program Files\Android\Android Studio\jre\bin\server;C:\Users\caby5\.gradle\native\e1d6ef7f7dcc3fd88c89a11ec53ec762bb8ba0a96d01ffa2cd45eb1d1d8dd5c5\windows-amd64;C:\Users\caby5\.gradle\native\5664cfc778a61ccfe75a443a1ab52a65af34e5dc3c78e0209fed803814484fcb\windows-amd64

VM Arguments:
jvm_args: --add-opens=java.base/java.util=ALL-UNNAMED --add-opens=java.base/java.lang=ALL-UNNAMED --add-opens=java.base/java.lang.invoke=ALL-UNNAMED --add-opens=java.base/java.util=ALL-UNNAMED --add-opens=java.prefs/java.util.prefs=ALL-UNNAMED --add-opens=java.prefs/java.util.prefs=ALL-UNNAMED --add-opens=java.base/java.nio.charset=ALL-UNNAMED --add-opens=java.base/java.net=ALL-UNNAMED --add-opens=java.base/java.util.concurrent.atomic=ALL-UNNAMED -Xmx2048m -Dfile.encoding=UTF-8 -Duser.country=MX -Duser.language=es -Duser.variant 
java_command: org.gradle.launcher.daemon.bootstrap.GradleDaemon 7.3.3
java_class_path (initial): C:\Users\caby5\.gradle\wrapper\dists\gradle-7.3.3-bin\6a41zxkdtcxs8rphpq6y0069z\gradle-7.3.3\lib\gradle-launcher-7.3.3.jar
Launcher Type: SUN_STANDARD

[Global flags]
     intx CICompilerCount                          = 2                                         {product} {ergonomic}
     uint ConcGCThreads                            = 1                                         {product} {ergonomic}
     uint G1ConcRefinementThreads                  = 2                                         {product} {ergonomic}
   size_t G1HeapRegionSize                         = 1048576                                   {product} {ergonomic}
    uintx GCDrainStackTargetSize                   = 64                                        {product} {ergonomic}
   size_t InitialHeapSize                          = 58720256                                  {product} {ergonomic}
   size_t MarkStackSize                            = 4194304                                   {product} {ergonomic}
   size_t MaxHeapSize                              = 2147483648                                {product} {command line}
   size_t MaxNewSize                               = 1287651328                                {product} {ergonomic}
   size_t MinHeapDeltaBytes                        = 1048576                                   {product} {ergonomic}
    uintx NonNMethodCodeHeapSize                   = 5825164                                {pd product} {ergonomic}
    uintx NonProfiledCodeHeapSize                  = 122916538                              {pd product} {ergonomic}
    uintx ProfiledCodeHeapSize                     = 122916538                              {pd product} {ergonomic}
    uintx ReservedCodeCacheSize                    = 251658240                              {pd product} {ergonomic}
     bool SegmentedCodeCache                       = true                                      {product} {ergonomic}
     bool UseCompressedClassPointers               = true                                 {lp64_product} {ergonomic}
     bool UseCompressedOops                        = true                                 {lp64_product} {ergonomic}
     bool UseG1GC                                  = true                                      {product} {ergonomic}
     bool UseLargePagesIndividualAllocation        = false                                  {pd product} {ergonomic}

Logging:
Log output configuration:
 #0: stdout all=warning uptime,level,tags
 #1: stderr all=off uptime,level,tags

Environment Variables:
JAVA_HOME=C:\Users\caby5\Documents\openjdk\jdk-11.0.2
PATH=C:\Program Files\MySQL\MySQL Server 8.0\bin;C:\windows\system32;C:\windows;C:\windows\System32\Wbem;C:\Windows\System32\OpenSSH\ssh;C:\Program Files\PuTTY\;C:\Users\caby5\Documents\openjdk\jdk-11.0.2\bin;C:\Program Files\Git\cmd;C:\Program Files\Microchip\xc8\v2.31\bin;C:\Program Files\nodejs\;C:\Users\caby5\AppData\Local\Microsoft\WindowsApps;C:\Users\caby5\Documents\openjdk\jdk-11.0.2\bin;C:\Users\caby5\AppData\Local\Programs\Microsoft VS Code\bin;C:\Users\caby5\AppData\Roaming\npm;C:\Program Files\JetBrains\IntelliJ IDEA 2022.2.1\bin;
USERNAME=caby5
OS=Windows_NT
PROCESSOR_IDENTIFIER=AMD64 Family 21 Model 112 Stepping 0, AuthenticAMD



---------------  S Y S T E M  ---------------

OS: Windows 10 , 64 bit Build 18362 (10.0.18362.1500)
OS uptime: 0 days 10:31 hours
Hyper-V role detected

CPU:total 2 (initial active 2) (2 cores per cpu, 1 threads per core) family 21 model 112 stepping 0 microcode 0x0, cmov, cx8, fxsr, mmx, sse, sse2, sse3, ssse3, sse4.1, sse4.2, popcnt, avx, avx2, aes, clmul, mmxext, 3dnowpref, lzcnt, sse4a, tsc, tscinvbit, tscinv, bmi1, bmi2, fma

Memory: 4k page, system-wide physical 3542M (356M free)
TotalPageFile size 6326M (AvailPageFile size 4M)
current process WorkingSet (physical memory assigned to process): 137M, peak: 137M
current process commit charge ("private bytes"): 166M, peak: 167M

vm_info: OpenJDK 64-Bit Server VM (11.0.13+0-b1751.21-8125866) for windows-amd64 JRE (11.0.13+0-b1751.21-8125866), built on Feb  2 2022 03:00:22 by "builder" with MS VC++ 14.0 (VS2015)

END.
