#
# There is insufficient memory for the Java Runtime Environment to continue.
# Native memory allocation (mmap) failed to map 17825792 bytes for Failed to commit area from 0x0000000085200000 to 0x0000000086300000 of length 17825792.
# Possible reasons:
#   The system is out of physical RAM or swap space
#   The process is running with CompressedOops enabled, and the Java Heap may be blocking the growth of the native heap
# Possible solutions:
#   Reduce memory load on the system
#   Increase physical memory or swap space
#   Check if swap backing store is full
#   Decrease Java heap size (-Xmx/-Xms)
#   Decrease number of Java threads
#   Decrease Java thread stack sizes (-Xss)
#   Set larger code cache with -XX:ReservedCodeCacheSize=
#   JVM is running with Unscaled Compressed Oops mode in which the Java heap is
#     placed in the first 4GB address space. The Java Heap base address is the
#     maximum limit for the native heap growth. Please use -XX:HeapBaseMinAddress
#     to set the Java Heap base and to place the Java Heap above 4GB virtual address.
# This output file may be truncated or incomplete.
#
#  Out of Memory Error (./src/hotspot/os/windows/os_windows.cpp:3619), pid=1748, tid=2328
#
# JRE version: OpenJDK Runtime Environment (11.0.13) (build 11.0.13+0-b1751.21-8125866)
# Java VM: OpenJDK 64-Bit Server VM (11.0.13+0-b1751.21-8125866, mixed mode, tiered, compressed oops, g1 gc, windows-amd64)
# No core dump will be written. Minidumps are not enabled by default on client versions of Windows
#

---------------  S U M M A R Y ------------

Command Line: --add-opens=java.base/java.util=ALL-UNNAMED --add-opens=java.base/java.lang=ALL-UNNAMED --add-opens=java.base/java.lang.invoke=ALL-UNNAMED --add-opens=java.base/java.util=ALL-UNNAMED --add-opens=java.prefs/java.util.prefs=ALL-UNNAMED --add-opens=java.prefs/java.util.prefs=ALL-UNNAMED --add-opens=java.base/java.nio.charset=ALL-UNNAMED --add-opens=java.base/java.net=ALL-UNNAMED --add-opens=java.base/java.util.concurrent.atomic=ALL-UNNAMED -Xmx2048m -Dfile.encoding=UTF-8 -Duser.country=MX -Duser.language=es -Duser.variant org.gradle.launcher.daemon.bootstrap.GradleDaemon 7.3.3

Host: AMD A6-9225 RADEON R4, 5 COMPUTE CORES 2C+3G   , 2 cores, 3G,  Windows 10 , 64 bit Build 18362 (10.0.18362.1500)
Time: Sun Nov 27 20:39:29 2022 Hora estándar central (México) elapsed time: 29.776143 seconds (0d 0h 0m 29s)

---------------  T H R E A D  ---------------

Current thread (0x000002017fd2a000):  VMThread "VM Thread" [stack: 0x000000fb13700000,0x000000fb13800000] [id=2328]

Stack: [0x000000fb13700000,0x000000fb13800000]
[error occurred during error reporting (printing stack bounds), id 0xc0000005, EXCEPTION_ACCESS_VIOLATION (0xc0000005) at pc=0x000002010000112d]

Native frames: (J=compiled Java code, j=interpreted, Vv=VM code, C=native code)
V  [jvm.dll+0x6100fa]
V  [jvm.dll+0x747090]
V  [jvm.dll+0x7486ad]
V  [jvm.dll+0x748ce5]
V  [jvm.dll+0x748c9b]
V  [jvm.dll+0x60f224]
V  [jvm.dll+0x60f9b8]
C  [ntdll.dll+0xa1fff]
C  [ntdll.dll+0x6aad9]
C  [ntdll.dll+0xa0c6e]
C  0x000002010000112d

VM_Operation (0x000000fb149f1f10): G1CollectForAllocation, mode: safepoint, requested by thread 0x0000020115a06000


---------------  P R O C E S S  ---------------

Threads class SMR info:
_java_thread_list=0x00000201138c04b0, length=55, elements={
0x00000201776ce800, 0x000002017fd2e000, 0x000002017fd31800, 0x000002017fd8a800,
0x000002017fd8c800, 0x000002017fd8e000, 0x000002017fd91000, 0x000002017fd94000,
0x0000020113838800, 0x000002011392f800, 0x0000020115a57800, 0x00000201148d6800,
0x000002011457f800, 0x0000020114d67800, 0x0000020115107800, 0x0000020114470000,
0x0000020115a06000, 0x00000201149db800, 0x00000201149dc000, 0x000002011581a800,
0x0000020115c5f800, 0x0000020115c5c000, 0x0000020115c5d000, 0x0000020115c5e800,
0x0000020115c5b800, 0x0000020115c60000, 0x0000020115c5a800, 0x0000020115c61000,
0x0000020115c5d800, 0x0000020116546800, 0x0000020116544000, 0x0000020116547000,
0x0000020116542000, 0x0000020116549000, 0x0000020116545800, 0x0000020116543000,
0x000002011654d800, 0x000002011654b000, 0x000002011654d000, 0x000002011654e800,
0x000002011654f800, 0x0000020116549800, 0x000002011654c000, 0x0000020116550000,
0x000002011654a800, 0x0000020116551000, 0x00000201164a6800, 0x00000201164a7000,
0x00000201164a5800, 0x00000201164a4000, 0x00000201164a4800, 0x00000201164a8000,
0x00000201164a2800, 0x00000201164a3000, 0x00000201164ac000
}

Java Threads: ( => current thread )
  0x00000201776ce800 JavaThread "main" [_thread_blocked, id=11084, stack(0x000000fb13100000,0x000000fb13200000)]
  0x000002017fd2e000 JavaThread "Reference Handler" daemon [_thread_blocked, id=3628, stack(0x000000fb13800000,0x000000fb13900000)]
  0x000002017fd31800 JavaThread "Finalizer" daemon [_thread_blocked, id=5784, stack(0x000000fb13900000,0x000000fb13a00000)]
  0x000002017fd8a800 JavaThread "Signal Dispatcher" daemon [_thread_blocked, id=4632, stack(0x000000fb13a00000,0x000000fb13b00000)]
  0x000002017fd8c800 JavaThread "Attach Listener" daemon [_thread_blocked, id=9672, stack(0x000000fb13b00000,0x000000fb13c00000)]
  0x000002017fd8e000 JavaThread "Service Thread" daemon [_thread_blocked, id=6432, stack(0x000000fb13c00000,0x000000fb13d00000)]
  0x000002017fd91000 JavaThread "C2 CompilerThread0" daemon [_thread_blocked, id=4548, stack(0x000000fb13d00000,0x000000fb13e00000)]
  0x000002017fd94000 JavaThread "C1 CompilerThread0" daemon [_thread_blocked, id=9492, stack(0x000000fb13e00000,0x000000fb13f00000)]
  0x0000020113838800 JavaThread "Sweeper thread" daemon [_thread_blocked, id=4220, stack(0x000000fb13f00000,0x000000fb14000000)]
  0x000002011392f800 JavaThread "Common-Cleaner" daemon [_thread_blocked, id=8824, stack(0x000000fb14000000,0x000000fb14100000)]
  0x0000020115a57800 JavaThread "Daemon health stats" [_thread_blocked, id=7392, stack(0x000000fb14300000,0x000000fb14400000)]
  0x00000201148d6800 JavaThread "Incoming local TCP Connector on port 51698" [_thread_in_native, id=9732, stack(0x000000fb14400000,0x000000fb14500000)]
  0x000002011457f800 JavaThread "Daemon periodic checks" [_thread_blocked, id=7200, stack(0x000000fb14500000,0x000000fb14600000)]
  0x0000020114d67800 JavaThread "Daemon" [_thread_blocked, id=8960, stack(0x000000fb14600000,0x000000fb14700000)]
  0x0000020115107800 JavaThread "Handler for socket connection from /127.0.0.1:51698 to /127.0.0.1:51699" [_thread_in_native, id=9528, stack(0x000000fb14700000,0x000000fb14800000)]
  0x0000020114470000 JavaThread "Cancel handler" [_thread_blocked, id=5340, stack(0x000000fb14800000,0x000000fb14900000)]
  0x0000020115a06000 JavaThread "Daemon worker" [_thread_blocked, id=10796, stack(0x000000fb14900000,0x000000fb14a00000)]
  0x00000201149db800 JavaThread "Asynchronous log dispatcher for DefaultDaemonConnection: socket connection from /127.0.0.1:51698 to /127.0.0.1:51699" [_thread_blocked, id=10116, stack(0x000000fb14a00000,0x000000fb14b00000)]
  0x00000201149dc000 JavaThread "Stdin handler" [_thread_blocked, id=10788, stack(0x000000fb14b00000,0x000000fb14c00000)]
  0x000002011581a800 JavaThread "Daemon client event forwarder" [_thread_blocked, id=9636, stack(0x000000fb14c00000,0x000000fb14d00000)]
  0x0000020115c5f800 JavaThread "Cache worker for journal cache (C:\Users\caby5\.gradle\caches\journal-1)" [_thread_blocked, id=3320, stack(0x000000fb14d00000,0x000000fb14e00000)]
  0x0000020115c5c000 JavaThread "File lock request listener" [_thread_in_native, id=2408, stack(0x000000fb14e00000,0x000000fb14f00000)]
  0x0000020115c5d000 JavaThread "Cache worker for file hash cache (C:\Users\caby5\.gradle\caches\7.3.3\fileHashes)" [_thread_blocked, id=8276, stack(0x000000fb14f00000,0x000000fb15000000)]
  0x0000020115c5e800 JavaThread "Cache worker for file hash cache (C:\Users\caby5\Documents\TEC\archivos\.gradle\7.3.3\fileHashes)" [_thread_blocked, id=5308, stack(0x000000fb15000000,0x000000fb15100000)]
  0x0000020115c5b800 JavaThread "File watcher server" daemon [_thread_in_native, id=7848, stack(0x000000fb15100000,0x000000fb15200000)]
  0x0000020115c60000 JavaThread "File watcher consumer" daemon [_thread_blocked, id=2260, stack(0x000000fb15200000,0x000000fb15300000)]
  0x0000020115c5a800 JavaThread "Cache worker for checksums cache (C:\Users\caby5\Documents\TEC\archivos\.gradle\7.3.3\checksums)" [_thread_blocked, id=3792, stack(0x000000fb15300000,0x000000fb15400000)]
  0x0000020115c61000 JavaThread "Cache worker for cache directory md-supplier (C:\Users\caby5\.gradle\caches\7.3.3\md-supplier)" [_thread_blocked, id=10748, stack(0x000000fb15400000,0x000000fb15500000)]
  0x0000020115c5d800 JavaThread "Cache worker for cache directory md-rule (C:\Users\caby5\.gradle\caches\7.3.3\md-rule)" [_thread_blocked, id=6164, stack(0x000000fb15500000,0x000000fb15600000)]
  0x0000020116546800 JavaThread "Cache worker for execution history cache (C:\Users\caby5\.gradle\caches\7.3.3\executionHistory)" [_thread_blocked, id=9164, stack(0x000000fb15600000,0x000000fb15700000)]
  0x0000020116544000 JavaThread "jar transforms" [_thread_blocked, id=1436, stack(0x000000fb15700000,0x000000fb15800000)]
  0x0000020116547000 JavaThread "Cache worker for file content cache (C:\Users\caby5\.gradle\caches\7.3.3\fileContent)" [_thread_blocked, id=7952, stack(0x000000fb15800000,0x000000fb15900000)]
  0x0000020116542000 JavaThread "jar transforms Thread 2" [_thread_blocked, id=8932, stack(0x000000fb15900000,0x000000fb15a00000)]
  0x0000020116549000 JavaThread "Cache worker for dependencies-accessors (C:\Users\caby5\Documents\TEC\archivos\.gradle\7.3.3\dependencies-accessors)" [_thread_blocked, id=8368, stack(0x000000fb15a00000,0x000000fb15b00000)]
  0x0000020116545800 JavaThread "Cache worker for Build Output Cleanup Cache (C:\Users\caby5\Documents\TEC\archivos\.gradle\buildOutputCleanup)" [_thread_blocked, id=8556, stack(0x000000fb15b00000,0x000000fb15c00000)]
  0x0000020116543000 JavaThread "Unconstrained build operations" [_thread_blocked, id=8084, stack(0x000000fb15c00000,0x000000fb15d00000)]
  0x000002011654d800 JavaThread "Unconstrained build operations Thread 2" [_thread_blocked, id=5264, stack(0x000000fb15d00000,0x000000fb15e00000)]
  0x000002011654b000 JavaThread "Unconstrained build operations Thread 3" [_thread_blocked, id=9568, stack(0x000000fb15e00000,0x000000fb15f00000)]
  0x000002011654d000 JavaThread "Unconstrained build operations Thread 4" [_thread_blocked, id=5184, stack(0x000000fb15f00000,0x000000fb16000000)]
  0x000002011654e800 JavaThread "Unconstrained build operations Thread 5" [_thread_blocked, id=8392, stack(0x000000fb16000000,0x000000fb16100000)]
  0x000002011654f800 JavaThread "Unconstrained build operations Thread 6" [_thread_blocked, id=8728, stack(0x000000fb16100000,0x000000fb16200000)]
  0x0000020116549800 JavaThread "Unconstrained build operations Thread 7" [_thread_blocked, id=10652, stack(0x000000fb16200000,0x000000fb16300000)]
  0x000002011654c000 JavaThread "Unconstrained build operations Thread 8" [_thread_blocked, id=1780, stack(0x000000fb16300000,0x000000fb16400000)]
  0x0000020116550000 JavaThread "Unconstrained build operations Thread 9" [_thread_blocked, id=10468, stack(0x000000fb16400000,0x000000fb16500000)]
  0x000002011654a800 JavaThread "Unconstrained build operations Thread 10" [_thread_blocked, id=9628, stack(0x000000fb16500000,0x000000fb16600000)]
  0x0000020116551000 JavaThread "Unconstrained build operations Thread 11" [_thread_blocked, id=3616, stack(0x000000fb16600000,0x000000fb16700000)]
  0x00000201164a6800 JavaThread "Unconstrained build operations Thread 12" [_thread_blocked, id=10476, stack(0x000000fb16700000,0x000000fb16800000)]
  0x00000201164a7000 JavaThread "Unconstrained build operations Thread 13" [_thread_blocked, id=4024, stack(0x000000fb16800000,0x000000fb16900000)]
  0x00000201164a5800 JavaThread "Unconstrained build operations Thread 14" [_thread_blocked, id=3412, stack(0x000000fb16900000,0x000000fb16a00000)]
  0x00000201164a4000 JavaThread "Unconstrained build operations Thread 15" [_thread_blocked, id=8360, stack(0x000000fb16a00000,0x000000fb16b00000)]
  0x00000201164a4800 JavaThread "Unconstrained build operations Thread 16" [_thread_blocked, id=4328, stack(0x000000fb16b00000,0x000000fb16c00000)]
  0x00000201164a8000 JavaThread "Unconstrained build operations Thread 17" [_thread_blocked, id=8628, stack(0x000000fb16c00000,0x000000fb16d00000)]
  0x00000201164a2800 JavaThread "Unconstrained build operations Thread 18" [_thread_blocked, id=2724, stack(0x000000fb16d00000,0x000000fb16e00000)]
  0x00000201164a3000 JavaThread "Unconstrained build operations Thread 19" [_thread_blocked, id=4832, stack(0x000000fb16e00000,0x000000fb16f00000)]
  0x00000201164ac000 JavaThread "Unconstrained build operations Thread 20" [_thread_blocked, id=6456, stack(0x000000fb16f00000,0x000000fb17000000)]

Other Threads:
=>0x000002017fd2a000 VMThread "VM Thread" [stack: 0x000000fb13700000,0x000000fb13800000] [id=2328]
  0x000002011394f000 WatcherThread [stack: 0x000000fb14100000,0x000000fb14200000] [id=6936]
  0x00000201776e7000 GCTaskThread "GC Thread#0" [stack: 0x000000fb13200000,0x000000fb13300000] [id=5304]
  0x0000020113a5e000 GCTaskThread "GC Thread#1" [stack: 0x000000fb14200000,0x000000fb14300000] [id=1744]
  0x0000020177718000 ConcurrentGCThread "G1 Main Marker" [stack: 0x000000fb13300000,0x000000fb13400000] [id=6204]
  0x0000020177719800 ConcurrentGCThread "G1 Conc#0" [stack: 0x000000fb13400000,0x000000fb13500000] [id=6896]
  0x0000020177756000 ConcurrentGCThread "G1 Refine#0" [stack: 0x000000fb13500000,0x000000fb13600000] [id=9308]
  0x0000020177757000 ConcurrentGCThread "G1 Young RemSet Sampling" [stack: 0x000000fb13600000,0x000000fb13700000] [id=10424]

Threads with active compile tasks:
C1 CompilerThread0  29789 5837       3       org.objectweb.asm.AnnotationWriter::visit (935 bytes)

VM state:at safepoint (normal execution)

VM Mutex/Monitor currently owned by a thread:  ([mutex/lock_event])
[0x00000201776cb540] Threads_lock - owner thread: 0x000002017fd2a000
[0x00000201776cb0c0] Heap_lock - owner thread: 0x0000020115a06000

Heap address: 0x0000000080000000, size: 2048 MB, Compressed Oops mode: 32-bit
Narrow klass base: 0x0000000000000000, Narrow klass shift: 3
Compressed class space size: 1073741824 Address: 0x0000000100000000

Heap:
 garbage-first heap   total 101376K, used 46696K [0x0000000080000000, 0x0000000100000000)
  region size 1024K, 2 young (2048K), 2 survivors (2048K)
 Metaspace       used 56805K, capacity 58144K, committed 58448K, reserved 1099776K
  class space    used 7113K, capacity 7631K, committed 7680K, reserved 1048576K
Heap Regions: E=young(eden), S=young(survivor), O=old, HS=humongous(starts), HC=humongous(continues), CS=collection set, F=free, A=archive, TAMS=top-at-mark-start (previous, next)
|   0|0x0000000080000000, 0x0000000080100000, 0x0000000080100000|100%| O|  |TAMS 0x0000000080100000, 0x0000000080000000| Untracked 
|   1|0x0000000080100000, 0x0000000080200000, 0x0000000080200000|100%| O|  |TAMS 0x0000000080200000, 0x0000000080100000| Untracked 
|   2|0x0000000080200000, 0x0000000080300000, 0x0000000080300000|100%| O|  |TAMS 0x0000000080300000, 0x0000000080200000| Untracked 
|   3|0x0000000080300000, 0x0000000080400000, 0x0000000080400000|100%| O|  |TAMS 0x0000000080400000, 0x0000000080300000| Untracked 
|   4|0x0000000080400000, 0x0000000080500000, 0x0000000080500000|100%|HS|  |TAMS 0x0000000080500000, 0x0000000080400000| Complete 
|   5|0x0000000080500000, 0x0000000080600000, 0x0000000080600000|100%|HC|  |TAMS 0x0000000080600000, 0x0000000080500000| Complete 
|   6|0x0000000080600000, 0x0000000080700000, 0x0000000080700000|100%|HC|  |TAMS 0x0000000080700000, 0x0000000080600000| Complete 
|   7|0x0000000080700000, 0x0000000080800000, 0x0000000080800000|100%| O|  |TAMS 0x0000000080800000, 0x0000000080700000| Untracked 
|   8|0x0000000080800000, 0x0000000080900000, 0x0000000080900000|100%| O|  |TAMS 0x0000000080900000, 0x0000000080800000| Untracked 
|   9|0x0000000080900000, 0x0000000080a00000, 0x0000000080a00000|100%| O|  |TAMS 0x0000000080a00000, 0x0000000080900000| Untracked 
|  10|0x0000000080a00000, 0x0000000080b00000, 0x0000000080b00000|100%| O|  |TAMS 0x0000000080b00000, 0x0000000080a00000| Untracked 
|  11|0x0000000080b00000, 0x0000000080c00000, 0x0000000080c00000|100%| O|  |TAMS 0x0000000080c00000, 0x0000000080b00000| Untracked 
|  12|0x0000000080c00000, 0x0000000080d00000, 0x0000000080d00000|100%| O|  |TAMS 0x0000000080d00000, 0x0000000080c00000| Untracked 
|  13|0x0000000080d00000, 0x0000000080e00000, 0x0000000080e00000|100%| O|  |TAMS 0x0000000080e00000, 0x0000000080d00000| Untracked 
|  14|0x0000000080e00000, 0x0000000080f00000, 0x0000000080f00000|100%| O|  |TAMS 0x0000000080f00000, 0x0000000080e00000| Untracked 
|  15|0x0000000080f00000, 0x0000000081000000, 0x0000000081000000|100%| O|  |TAMS 0x0000000081000000, 0x0000000080f00000| Untracked 
|  16|0x0000000081000000, 0x0000000081100000, 0x0000000081100000|100%| O|  |TAMS 0x0000000081100000, 0x0000000081000000| Untracked 
|  17|0x0000000081100000, 0x0000000081200000, 0x0000000081200000|100%| O|  |TAMS 0x0000000081200000, 0x0000000081100000| Untracked 
|  18|0x0000000081200000, 0x0000000081300000, 0x0000000081300000|100%| O|  |TAMS 0x0000000081300000, 0x0000000081200000| Untracked 
|  19|0x0000000081300000, 0x0000000081400000, 0x0000000081400000|100%| O|  |TAMS 0x0000000081400000, 0x0000000081300000| Untracked 
|  20|0x0000000081400000, 0x0000000081500000, 0x0000000081500000|100%| O|  |TAMS 0x0000000081500000, 0x0000000081400000| Untracked 
|  21|0x0000000081500000, 0x0000000081600000, 0x0000000081600000|100%| O|  |TAMS 0x0000000081600000, 0x0000000081500000| Untracked 
|  22|0x0000000081600000, 0x0000000081700000, 0x0000000081700000|100%| O|  |TAMS 0x0000000081700000, 0x0000000081600000| Untracked 
|  23|0x0000000081700000, 0x0000000081800000, 0x0000000081800000|100%| O|  |TAMS 0x0000000081800000, 0x0000000081700000| Untracked 
|  24|0x0000000081800000, 0x0000000081900000, 0x0000000081900000|100%| O|  |TAMS 0x0000000081900000, 0x0000000081800000| Untracked 
|  25|0x0000000081900000, 0x0000000081a00000, 0x0000000081a00000|100%| O|  |TAMS 0x0000000081a00000, 0x0000000081900000| Untracked 
|  26|0x0000000081a00000, 0x0000000081b00000, 0x0000000081b00000|100%| O|  |TAMS 0x0000000081b00000, 0x0000000081a00000| Untracked 
|  27|0x0000000081b00000, 0x0000000081c00000, 0x0000000081c00000|100%| O|  |TAMS 0x0000000081c00000, 0x0000000081b00000| Untracked 
|  28|0x0000000081c00000, 0x0000000081d00000, 0x0000000081d00000|100%| O|  |TAMS 0x0000000081d00000, 0x0000000081c00000| Untracked 
|  29|0x0000000081d00000, 0x0000000081e00000, 0x0000000081e00000|100%|HS|  |TAMS 0x0000000081e00000, 0x0000000081d00000| Complete 
|  30|0x0000000081e00000, 0x0000000081f00000, 0x0000000081f00000|100%|HS|  |TAMS 0x0000000081f00000, 0x0000000081e00000| Complete 
|  31|0x0000000081f00000, 0x0000000082000000, 0x0000000082000000|100%| O|  |TAMS 0x0000000082000000, 0x0000000081f00000| Untracked 
|  32|0x0000000082000000, 0x0000000082100000, 0x0000000082100000|100%| O|  |TAMS 0x0000000082100000, 0x0000000082000000| Untracked 
|  33|0x0000000082100000, 0x0000000082200000, 0x0000000082200000|100%| O|  |TAMS 0x0000000082200000, 0x0000000082100000| Untracked 
|  34|0x0000000082200000, 0x0000000082300000, 0x0000000082300000|100%| O|  |TAMS 0x0000000082300000, 0x0000000082200000| Untracked 
|  35|0x0000000082300000, 0x0000000082400000, 0x0000000082400000|100%|HS|  |TAMS 0x0000000082400000, 0x0000000082300000| Complete 
|  36|0x0000000082400000, 0x0000000082500000, 0x0000000082500000|100%|HC|  |TAMS 0x0000000082500000, 0x0000000082400000| Complete 
|  37|0x0000000082500000, 0x0000000082600000, 0x0000000082600000|100%| O|  |TAMS 0x0000000082600000, 0x0000000082500000| Untracked 
|  38|0x0000000082600000, 0x0000000082700000, 0x0000000082700000|100%| O|  |TAMS 0x0000000082700000, 0x0000000082600000| Untracked 
|  39|0x0000000082700000, 0x0000000082800000, 0x0000000082800000|100%| O|  |TAMS 0x0000000082800000, 0x0000000082700000| Untracked 
|  40|0x0000000082800000, 0x0000000082900000, 0x0000000082900000|100%| O|  |TAMS 0x0000000082900000, 0x0000000082800000| Untracked 
|  41|0x0000000082900000, 0x0000000082a00000, 0x0000000082a00000|100%| O|  |TAMS 0x0000000082a00000, 0x0000000082900000| Untracked 
|  42|0x0000000082a00000, 0x0000000082b00000, 0x0000000082b00000|100%| O|  |TAMS 0x0000000082b00000, 0x0000000082a00000| Untracked 
|  43|0x0000000082b00000, 0x0000000082c00000, 0x0000000082c00000|100%| O|  |TAMS 0x0000000082c00000, 0x0000000082b00000| Untracked 
|  44|0x0000000082c00000, 0x0000000082c3a600, 0x0000000082d00000| 22%| O|  |TAMS 0x0000000082c3a600, 0x0000000082c00000| Untracked 
|  45|0x0000000082d00000, 0x0000000082d00000, 0x0000000082e00000|  0%| F|  |TAMS 0x0000000082d00000, 0x0000000082d00000| Untracked 
|  46|0x0000000082e00000, 0x0000000082e00000, 0x0000000082f00000|  0%| F|  |TAMS 0x0000000082e00000, 0x0000000082e00000| Untracked 
|  47|0x0000000082f00000, 0x0000000082f00000, 0x0000000083000000|  0%| F|  |TAMS 0x0000000082f00000, 0x0000000082f00000| Untracked 
|  48|0x0000000083000000, 0x0000000083000000, 0x0000000083100000|  0%| F|  |TAMS 0x0000000083000000, 0x0000000083000000| Untracked 
|  49|0x0000000083100000, 0x0000000083100000, 0x0000000083200000|  0%| F|  |TAMS 0x0000000083100000, 0x0000000083100000| Untracked 
|  50|0x0000000083200000, 0x0000000083200000, 0x0000000083300000|  0%| F|  |TAMS 0x0000000083200000, 0x0000000083200000| Untracked 
|  51|0x0000000083300000, 0x0000000083300000, 0x0000000083400000|  0%| F|  |TAMS 0x0000000083300000, 0x0000000083300000| Untracked 
|  52|0x0000000083400000, 0x0000000083400000, 0x0000000083500000|  0%| F|  |TAMS 0x0000000083400000, 0x0000000083400000| Untracked 
|  53|0x0000000083500000, 0x0000000083500000, 0x0000000083600000|  0%| F|  |TAMS 0x0000000083500000, 0x0000000083500000| Untracked 
|  54|0x0000000083600000, 0x0000000083600000, 0x0000000083700000|  0%| F|  |TAMS 0x0000000083600000, 0x0000000083600000| Untracked 
|  55|0x0000000083700000, 0x0000000083700000, 0x0000000083800000|  0%| F|  |TAMS 0x0000000083700000, 0x0000000083700000| Untracked 
|  56|0x0000000083800000, 0x0000000083800000, 0x0000000083900000|  0%| F|  |TAMS 0x0000000083800000, 0x0000000083800000| Untracked 
|  57|0x0000000083900000, 0x0000000083900000, 0x0000000083a00000|  0%| F|  |TAMS 0x0000000083900000, 0x0000000083900000| Untracked 
|  58|0x0000000083a00000, 0x0000000083a00000, 0x0000000083b00000|  0%| F|  |TAMS 0x0000000083a00000, 0x0000000083a00000| Untracked 
|  59|0x0000000083b00000, 0x0000000083b5fa48, 0x0000000083c00000| 37%| S|CS|TAMS 0x0000000083b00000, 0x0000000083b00000| Complete 
|  60|0x0000000083c00000, 0x0000000083d00000, 0x0000000083d00000|100%| S|CS|TAMS 0x0000000083c00000, 0x0000000083c00000| Complete 
|  61|0x0000000083d00000, 0x0000000083d00000, 0x0000000083e00000|  0%| F|  |TAMS 0x0000000083d00000, 0x0000000083d00000| Untracked 
|  62|0x0000000083e00000, 0x0000000083e00000, 0x0000000083f00000|  0%| F|  |TAMS 0x0000000083e00000, 0x0000000083e00000| Untracked 
|  63|0x0000000083f00000, 0x0000000083f00000, 0x0000000084000000|  0%| F|  |TAMS 0x0000000083f00000, 0x0000000083f00000| Untracked 
|  64|0x0000000084000000, 0x0000000084000000, 0x0000000084100000|  0%| F|  |TAMS 0x0000000084000000, 0x0000000084000000| Untracked 
|  65|0x0000000084100000, 0x0000000084100000, 0x0000000084200000|  0%| F|  |TAMS 0x0000000084100000, 0x0000000084100000| Untracked 
|  66|0x0000000084200000, 0x0000000084200000, 0x0000000084300000|  0%| F|  |TAMS 0x0000000084200000, 0x0000000084200000| Untracked 
|  67|0x0000000084300000, 0x0000000084300000, 0x0000000084400000|  0%| F|  |TAMS 0x0000000084300000, 0x0000000084300000| Untracked 
|  68|0x0000000084400000, 0x0000000084400000, 0x0000000084500000|  0%| F|  |TAMS 0x0000000084400000, 0x0000000084400000| Untracked 
|  69|0x0000000084500000, 0x0000000084500000, 0x0000000084600000|  0%| F|  |TAMS 0x0000000084500000, 0x0000000084500000| Untracked 
|  70|0x0000000084600000, 0x0000000084600000, 0x0000000084700000|  0%| F|  |TAMS 0x0000000084600000, 0x0000000084600000| Untracked 
|  71|0x0000000084700000, 0x0000000084700000, 0x0000000084800000|  0%| F|  |TAMS 0x0000000084700000, 0x0000000084700000| Untracked 
|  72|0x0000000084800000, 0x0000000084800000, 0x0000000084900000|  0%| F|  |TAMS 0x0000000084800000, 0x0000000084800000| Untracked 
|  73|0x0000000084900000, 0x0000000084900000, 0x0000000084a00000|  0%| F|  |TAMS 0x0000000084900000, 0x0000000084900000| Untracked 
|  74|0x0000000084a00000, 0x0000000084a00000, 0x0000000084b00000|  0%| F|  |TAMS 0x0000000084a00000, 0x0000000084a00000| Untracked 
|  75|0x0000000084b00000, 0x0000000084b00000, 0x0000000084c00000|  0%| F|  |TAMS 0x0000000084b00000, 0x0000000084b00000| Untracked 
|  76|0x0000000084c00000, 0x0000000084c00000, 0x0000000084d00000|  0%| F|  |TAMS 0x0000000084c00000, 0x0000000084c00000| Untracked 
|  77|0x0000000084d00000, 0x0000000084d00000, 0x0000000084e00000|  0%| F|  |TAMS 0x0000000084d00000, 0x0000000084d00000| Untracked 
|  78|0x0000000084e00000, 0x0000000084e00000, 0x0000000084f00000|  0%| F|  |TAMS 0x0000000084e00000, 0x0000000084e00000| Untracked 
|  79|0x0000000084f00000, 0x0000000084f00000, 0x0000000085000000|  0%| F|  |TAMS 0x0000000084f00000, 0x0000000084f00000| Untracked 
|  80|0x0000000085000000, 0x0000000085000000, 0x0000000085100000|  0%| F|  |TAMS 0x0000000085000000, 0x0000000085000000| Untracked 
|  81|0x0000000085100000, 0x0000000085100000, 0x0000000085200000|  0%| F|  |TAMS 0x0000000085100000, 0x0000000085100000| Untracked 

Card table byte_map: [0x000002017d1a0000,0x000002017d5a0000] _byte_map_base: 0x000002017cda0000

Marking Bits (Prev, Next): (CMBitMap*) 0x000002017770f470, (CMBitMap*) 0x000002017770f438
 Prev Bits: [0x000002010f000000, 0x0000020111000000)
 Next Bits: [0x000002017d9a0000, 0x000002017f9a0000)

Polling page: 0x00000201774f0000

Metaspace:

Usage:
  Non-class:     49.33 MB capacity,    48.53 MB ( 98%) used,   674.34 KB (  1%) free+waste,   146.38 KB ( <1%) overhead. 
      Class:      7.45 MB capacity,     6.95 MB ( 93%) used,   449.28 KB (  6%) free+waste,    68.56 KB ( <1%) overhead. 
       Both:     56.78 MB capacity,    55.47 MB ( 98%) used,     1.10 MB (  2%) free+waste,   214.94 KB ( <1%) overhead. 

Virtual space:
  Non-class space:       50.00 MB reserved,      49.58 MB (>99%) committed 
      Class space:        1.00 GB reserved,       7.50 MB ( <1%) committed 
             Both:        1.05 GB reserved,      57.08 MB (  5%) committed 

Chunk freelists:
   Non-Class:  0 bytes
       Class:  17.00 KB
        Both:  17.00 KB

MaxMetaspaceSize: 17179869184.00 GB
CompressedClassSpaceSize: 1.00 GB
Initial GC threshold: 20.80 MB
Current GC threshold: 89.92 MB
CDS: off

CodeHeap 'non-profiled nmethods': size=120064Kb used=3018Kb max_used=3018Kb free=117045Kb
 bounds [0x0000020107ac0000, 0x0000020107dc0000, 0x000002010f000000]
CodeHeap 'profiled nmethods': size=120000Kb used=12461Kb max_used=12461Kb free=107538Kb
 bounds [0x0000020100590000, 0x00000201011c0000, 0x0000020107ac0000]
CodeHeap 'non-nmethods': size=5696Kb used=2313Kb max_used=2344Kb free=3382Kb
 bounds [0x0000020100000000, 0x0000020100270000, 0x0000020100590000]
 total_blobs=6647 nmethods=5828 adapters=732
 compilation: enabled
              stopped_count=0, restarted_count=0
 full_count=0

Compilation events (20 events):
Event: 29.592 Thread 0x000002017fd94000 nmethod 5826 0x00000201011b1290 code [0x00000201011b1440, 0x00000201011b1608]
Event: 29.593 Thread 0x000002017fd94000 5827       3       org.gradle.internal.instantiation.generator.DependencyInjectingInstantiator::convertParameters (126 bytes)
Event: 29.595 Thread 0x000002017fd94000 nmethod 5827 0x00000201011b1710 code [0x00000201011b1ae0, 0x00000201011b3518]
Event: 29.595 Thread 0x000002017fd94000 5828   !   3       org.gradle.internal.instantiation.generator.AsmBackedClassGenerator$InvokeConstructorStrategy::newInstance (66 bytes)
Event: 29.597 Thread 0x000002017fd94000 nmethod 5828 0x00000201011b3e10 code [0x00000201011b4180, 0x00000201011b59c8]
Event: 29.599 Thread 0x000002017fd94000 5829   !   3       org.gradle.cache.internal.DefaultCrossBuildInMemoryCacheFactory$AbstractCrossBuildInMemoryCache::get (65 bytes)
Event: 29.600 Thread 0x000002017fd94000 nmethod 5829 0x00000201011b6290 code [0x00000201011b6480, 0x00000201011b6a58]
Event: 29.600 Thread 0x000002017fd94000 5830       3       org.gradle.api.internal.provider.Providers$FixedValueProvider::getType (14 bytes)
Event: 29.600 Thread 0x000002017fd94000 nmethod 5830 0x00000201011b6d10 code [0x00000201011b6ee0, 0x00000201011b7158]
Event: 29.607 Thread 0x000002017fd94000 5831       3       java.lang.reflect.AccessibleObject::checkAccess (40 bytes)
Event: 29.607 Thread 0x000002017fd94000 nmethod 5831 0x00000201011b7290 code [0x00000201011b7480, 0x00000201011b77b8]
Event: 29.608 Thread 0x000002017fd94000 5832       3       java.lang.reflect.AccessibleObject::logIfExportedForIllegalAccess (54 bytes)
Event: 29.609 Thread 0x000002017fd94000 nmethod 5832 0x00000201011b7910 code [0x00000201011b7b40, 0x00000201011b8348]
Event: 29.635 Thread 0x000002017fd94000 5833       3       java.lang.Class::isEnum (27 bytes)
Event: 29.636 Thread 0x000002017fd94000 nmethod 5833 0x00000201011b8690 code [0x00000201011b8860, 0x00000201011b8a78]
Event: 29.645 Thread 0x000002017fd94000 5834       3       java.util.concurrent.ConcurrentHashMap$BaseIterator::<init> (21 bytes)
Event: 29.645 Thread 0x000002017fd94000 nmethod 5834 0x00000201011b8b10 code [0x00000201011b8ce0, 0x00000201011b8eb8]
Event: 29.647 Thread 0x000002017fd94000 5835       3       sun.reflect.annotation.AnnotationParser::parseArray (226 bytes)
Event: 29.650 Thread 0x000002017fd94000 nmethod 5835 0x00000201011b8f90 code [0x00000201011b9380, 0x00000201011bacf8]
Event: 29.650 Thread 0x000002017fd94000 5837       3       org.objectweb.asm.AnnotationWriter::visit (935 bytes)

GC Heap History (20 events):
Event: 15.220 GC heap after
{Heap after GC invocations=12 (full 0):
 garbage-first heap   total 69632K, used 23242K [0x0000000080000000, 0x0000000100000000)
  region size 1024K, 4 young (4096K), 4 survivors (4096K)
 Metaspace       used 35074K, capacity 35803K, committed 35920K, reserved 1081344K
  class space    used 4482K, capacity 4783K, committed 4864K, reserved 1048576K
}
Event: 16.206 GC heap before
{Heap before GC invocations=13 (full 0):
 garbage-first heap   total 69632K, used 44746K [0x0000000080000000, 0x0000000100000000)
  region size 1024K, 26 young (26624K), 4 survivors (4096K)
 Metaspace       used 37054K, capacity 37831K, committed 37840K, reserved 1083392K
  class space    used 4691K, capacity 4988K, committed 4992K, reserved 1048576K
}
Event: 16.224 GC heap after
{Heap after GC invocations=14 (full 0):
 garbage-first heap   total 69632K, used 26071K [0x0000000080000000, 0x0000000100000000)
  region size 1024K, 4 young (4096K), 4 survivors (4096K)
 Metaspace       used 37054K, capacity 37831K, committed 37840K, reserved 1083392K
  class space    used 4691K, capacity 4988K, committed 4992K, reserved 1048576K
}
Event: 17.881 GC heap before
{Heap before GC invocations=14 (full 0):
 garbage-first heap   total 69632K, used 50647K [0x0000000080000000, 0x0000000100000000)
  region size 1024K, 26 young (26624K), 4 survivors (4096K)
 Metaspace       used 39330K, capacity 40181K, committed 40528K, reserved 1085440K
  class space    used 4939K, capacity 5258K, committed 5376K, reserved 1048576K
}
Event: 17.907 GC heap after
{Heap after GC invocations=15 (full 0):
 garbage-first heap   total 69632K, used 27441K [0x0000000080000000, 0x0000000100000000)
  region size 1024K, 2 young (2048K), 2 survivors (2048K)
 Metaspace       used 39330K, capacity 40181K, committed 40528K, reserved 1085440K
  class space    used 4939K, capacity 5258K, committed 5376K, reserved 1048576K
}
Event: 19.172 GC heap before
{Heap before GC invocations=15 (full 0):
 garbage-first heap   total 69632K, used 49969K [0x0000000080000000, 0x0000000100000000)
  region size 1024K, 24 young (24576K), 2 survivors (2048K)
 Metaspace       used 40762K, capacity 41594K, committed 41680K, reserved 1085440K
  class space    used 5119K, capacity 5450K, committed 5504K, reserved 1048576K
}
Event: 19.185 GC heap after
{Heap after GC invocations=16 (full 0):
 garbage-first heap   total 69632K, used 29590K [0x0000000080000000, 0x0000000100000000)
  region size 1024K, 2 young (2048K), 2 survivors (2048K)
 Metaspace       used 40762K, capacity 41594K, committed 41680K, reserved 1085440K
  class space    used 5119K, capacity 5450K, committed 5504K, reserved 1048576K
}
Event: 20.608 GC heap before
{Heap before GC invocations=16 (full 0):
 garbage-first heap   total 69632K, used 52118K [0x0000000080000000, 0x0000000100000000)
  region size 1024K, 24 young (24576K), 2 survivors (2048K)
 Metaspace       used 42848K, capacity 43758K, committed 43856K, reserved 1087488K
  class space    used 5449K, capacity 5801K, committed 5888K, reserved 1048576K
}
Event: 20.619 GC heap after
{Heap after GC invocations=17 (full 0):
 garbage-first heap   total 83968K, used 30010K [0x0000000080000000, 0x0000000100000000)
  region size 1024K, 1 young (1024K), 1 survivors (1024K)
 Metaspace       used 42848K, capacity 43758K, committed 43856K, reserved 1087488K
  class space    used 5449K, capacity 5801K, committed 5888K, reserved 1048576K
}
Event: 21.684 GC heap before
{Heap before GC invocations=17 (full 0):
 garbage-first heap   total 83968K, used 57658K [0x0000000080000000, 0x0000000100000000)
  region size 1024K, 28 young (28672K), 1 survivors (1024K)
 Metaspace       used 45377K, capacity 46378K, committed 46416K, reserved 1089536K
  class space    used 5747K, capacity 6140K, committed 6144K, reserved 1048576K
}
Event: 21.693 GC heap after
{Heap after GC invocations=18 (full 0):
 garbage-first heap   total 83968K, used 31091K [0x0000000080000000, 0x0000000100000000)
  region size 1024K, 2 young (2048K), 2 survivors (2048K)
 Metaspace       used 45377K, capacity 46378K, committed 46416K, reserved 1089536K
  class space    used 5747K, capacity 6140K, committed 6144K, reserved 1048576K
}
Event: 23.707 GC heap before
{Heap before GC invocations=18 (full 0):
 garbage-first heap   total 83968K, used 58739K [0x0000000080000000, 0x0000000100000000)
  region size 1024K, 29 young (29696K), 2 survivors (2048K)
 Metaspace       used 47610K, capacity 48721K, committed 48848K, reserved 1091584K
  class space    used 6028K, capacity 6453K, committed 6528K, reserved 1048576K
}
Event: 23.720 GC heap after
{Heap after GC invocations=19 (full 0):
 garbage-first heap   total 83968K, used 32619K [0x0000000080000000, 0x0000000100000000)
  region size 1024K, 4 young (4096K), 4 survivors (4096K)
 Metaspace       used 47610K, capacity 48721K, committed 48848K, reserved 1091584K
  class space    used 6028K, capacity 6453K, committed 6528K, reserved 1048576K
}
Event: 25.755 GC heap before
{Heap before GC invocations=19 (full 0):
 garbage-first heap   total 83968K, used 62315K [0x0000000080000000, 0x0000000100000000)
  region size 1024K, 31 young (31744K), 4 survivors (4096K)
 Metaspace       used 48563K, capacity 49666K, committed 49872K, reserved 1093632K
  class space    used 6102K, capacity 6523K, committed 6528K, reserved 1048576K
}
Event: 25.774 GC heap after
{Heap after GC invocations=20 (full 0):
 garbage-first heap   total 83968K, used 39258K [0x0000000080000000, 0x0000000100000000)
  region size 1024K, 4 young (4096K), 4 survivors (4096K)
 Metaspace       used 48563K, capacity 49666K, committed 49872K, reserved 1093632K
  class space    used 6102K, capacity 6523K, committed 6528K, reserved 1048576K
}
Event: 27.146 GC heap before
{Heap before GC invocations=20 (full 0):
 garbage-first heap   total 83968K, used 65882K [0x0000000080000000, 0x0000000100000000)
  region size 1024K, 28 young (28672K), 4 survivors (4096K)
 Metaspace       used 50730K, capacity 51989K, committed 52048K, reserved 1095680K
  class space    used 6384K, capacity 6881K, committed 6912K, reserved 1048576K
}
Event: 27.162 GC heap after
{Heap after GC invocations=21 (full 0):
 garbage-first heap   total 83968K, used 45176K [0x0000000080000000, 0x0000000100000000)
  region size 1024K, 4 young (4096K), 4 survivors (4096K)
 Metaspace       used 50730K, capacity 51989K, committed 52048K, reserved 1095680K
  class space    used 6384K, capacity 6881K, committed 6912K, reserved 1048576K
}
Event: 28.271 GC heap before
{Heap before GC invocations=21 (full 0):
 garbage-first heap   total 83968K, used 65656K [0x0000000080000000, 0x0000000100000000)
  region size 1024K, 24 young (24576K), 4 survivors (4096K)
 Metaspace       used 53478K, capacity 54829K, committed 54992K, reserved 1097728K
  class space    used 6714K, capacity 7252K, committed 7296K, reserved 1048576K
}
Event: 28.286 GC heap after
{Heap after GC invocations=22 (full 0):
 garbage-first heap   total 83968K, used 46313K [0x0000000080000000, 0x0000000100000000)
  region size 1024K, 1 young (1024K), 1 survivors (1024K)
 Metaspace       used 53478K, capacity 54829K, committed 54992K, reserved 1097728K
  class space    used 6714K, capacity 7252K, committed 7296K, reserved 1048576K
}
Event: 29.655 GC heap before
{Heap before GC invocations=23 (full 0):
 garbage-first heap   total 83968K, used 66793K [0x0000000080000000, 0x0000000100000000)
  region size 1024K, 21 young (21504K), 1 survivors (1024K)
 Metaspace       used 56805K, capacity 58144K, committed 58448K, reserved 1099776K
  class space    used 7113K, capacity 7631K, committed 7680K, reserved 1048576K
}

Deoptimization events (20 events):
Event: 27.268 Thread 0x0000020115a06000 Uncommon trap: trap_request=0xffffff45 fr.pc=0x0000020107bf7468 relative=0x0000000000000208
Event: 27.269 Thread 0x0000020115a06000 Uncommon trap: reason=unstable_fused_if action=reinterpret pc=0x0000020107bf7468 method=org.objectweb.asm.ByteVector.putUTF8(Ljava/lang/String;)Lorg/objectweb/asm/ByteVector; @ 93 c2
Event: 27.269 Thread 0x0000020115a06000 DEOPT PACKING pc=0x0000020107bf7468 sp=0x000000fb149f82e0
Event: 27.269 Thread 0x0000020115a06000 DEOPT UNPACKING pc=0x000002010004a1af sp=0x000000fb149f8260 mode 2
Event: 27.979 Thread 0x0000020115a06000 Uncommon trap: trap_request=0xffffff4d fr.pc=0x0000020107c827e8 relative=0x00000000000006e8
Event: 27.979 Thread 0x0000020115a06000 Uncommon trap: reason=unstable_if action=reinterpret pc=0x0000020107c827e8 method=java.io.BufferedInputStream.read([BII)I @ 56 c2
Event: 27.979 Thread 0x0000020115a06000 DEOPT PACKING pc=0x0000020107c827e8 sp=0x000000fb149f7d50
Event: 27.979 Thread 0x0000020115a06000 DEOPT UNPACKING pc=0x000002010004a1af sp=0x000000fb149f7d08 mode 2
Event: 28.286 Thread 0x000002011392f800 Uncommon trap: trap_request=0xffffffde fr.pc=0x0000020107bf306c relative=0x000000000000052c
Event: 28.286 Thread 0x000002011392f800 Uncommon trap: reason=class_check action=maybe_recompile pc=0x0000020107bf306c method=jdk.internal.ref.PhantomCleanable.clean()V @ 12 c2
Event: 28.286 Thread 0x000002011392f800 DEOPT PACKING pc=0x0000020107bf306c sp=0x000000fb140ff210
Event: 28.286 Thread 0x000002011392f800 DEOPT UNPACKING pc=0x000002010004a1af sp=0x000000fb140ff1f0 mode 2
Event: 28.521 Thread 0x0000020115a06000 DEOPT PACKING pc=0x0000020100820817 sp=0x000000fb149f6a00
Event: 28.521 Thread 0x0000020115a06000 DEOPT UNPACKING pc=0x000002010004a95e sp=0x000000fb149f5f88 mode 0
Event: 28.565 Thread 0x0000020115a06000 DEOPT PACKING pc=0x0000020100820817 sp=0x000000fb149f6ae0
Event: 28.565 Thread 0x0000020115a06000 DEOPT UNPACKING pc=0x000002010004a95e sp=0x000000fb149f6068 mode 0
Event: 28.708 Thread 0x0000020115a06000 Uncommon trap: trap_request=0xffffff4d fr.pc=0x0000020107d9eba4 relative=0x00000000000001e4
Event: 28.708 Thread 0x0000020115a06000 Uncommon trap: reason=unstable_if action=reinterpret pc=0x0000020107d9eba4 method=org.apache.xerces.dom.DeferredDocumentImpl.clearChunkValue([[Ljava/lang/Object;II)Ljava/lang/String; @ 59 c2
Event: 28.708 Thread 0x0000020115a06000 DEOPT PACKING pc=0x0000020107d9eba4 sp=0x000000fb149f7240
Event: 28.708 Thread 0x0000020115a06000 DEOPT UNPACKING pc=0x000002010004a1af sp=0x000000fb149f71e0 mode 2

Classes redefined (0 events):
No events

Internal exceptions (20 events):
Event: 26.306 Thread 0x0000020115a06000 Exception <a 'java/lang/ClassNotFoundException'{0x000000008473a608}: org/gradle/api/tasks/Delete_DecoratedCustomizer> (0x000000008473a608) thrown at [./src/hotspot/share/classfile/systemDictionary.cpp, line 231]
Event: 26.553 Thread 0x0000020115a06000 Exception <a 'java/lang/NoSuchMethodError'{0x000000008464be70}: 'long java.lang.invoke.DirectMethodHandle$Holder.invokeVirtual(java.lang.Object, java.lang.Object)'> (0x000000008464be70) thrown at [./src/hotspot/share/interpreter/linkResolver.cpp, line 773]
Event: 26.596 Thread 0x000002011581a800 Exception <a 'java/lang/NoSuchMethodError'{0x00000000846de738}: <clinit>> (0x00000000846de738) thrown at [./src/hotspot/share/prims/jni.cpp, line 1366]
Event: 26.605 Thread 0x000002011581a800 Exception <a 'java/lang/NoSuchMethodError'{0x000000008450c1e8}: <clinit>> (0x000000008450c1e8) thrown at [./src/hotspot/share/prims/jni.cpp, line 1366]
Event: 26.665 Thread 0x000002011581a800 Exception <a 'java/lang/NoSuchMethodError'{0x0000000084584688}: <clinit>> (0x0000000084584688) thrown at [./src/hotspot/share/prims/jni.cpp, line 1366]
Event: 26.667 Thread 0x000002011581a800 Exception <a 'java/lang/NoSuchMethodError'{0x0000000084585e30}: <clinit>> (0x0000000084585e30) thrown at [./src/hotspot/share/prims/jni.cpp, line 1366]
Event: 26.667 Thread 0x000002011581a800 Exception <a 'java/lang/NoSuchMethodError'{0x00000000845872f8}: <clinit>> (0x00000000845872f8) thrown at [./src/hotspot/share/prims/jni.cpp, line 1366]
Event: 26.672 Thread 0x000002011581a800 Exception <a 'java/lang/NoSuchMethodError'{0x000000008459db50}: <clinit>> (0x000000008459db50) thrown at [./src/hotspot/share/prims/jni.cpp, line 1366]
Event: 26.679 Thread 0x000002011581a800 Exception <a 'java/lang/NoSuchMethodError'{0x00000000845aa640}: <clinit>> (0x00000000845aa640) thrown at [./src/hotspot/share/prims/jni.cpp, line 1366]
Event: 26.685 Thread 0x000002011581a800 Exception <a 'java/lang/NoSuchMethodError'{0x00000000845c3138}: <clinit>> (0x00000000845c3138) thrown at [./src/hotspot/share/prims/jni.cpp, line 1366]
Event: 26.703 Thread 0x0000020115a06000 Exception <a 'java/lang/ClassNotFoundException'{0x00000000845539f0}: build_74rklymc3drqayoe5uzo6rgn1BeanInfo> (0x00000000845539f0) thrown at [./src/hotspot/share/classfile/systemDictionary.cpp, line 231]
Event: 26.704 Thread 0x0000020115a06000 Exception <a 'java/lang/ClassNotFoundException'{0x000000008455e0e8}: build_74rklymc3drqayoe5uzo6rgn1Customizer> (0x000000008455e0e8) thrown at [./src/hotspot/share/classfile/systemDictionary.cpp, line 231]
Event: 26.800 Thread 0x0000020115a06000 Exception <a 'java/lang/ClassNotFoundException'{0x000000008432fba8}: org/gradle/api/internal/plugins/DefaultObjectConfigurationActionBeanInfo> (0x000000008432fba8) thrown at [./src/hotspot/share/classfile/systemDictionary.cpp, line 231]
Event: 26.802 Thread 0x0000020115a06000 Exception <a 'java/lang/ClassNotFoundException'{0x00000000843626e0}: org/gradle/api/internal/plugins/DefaultObjectConfigurationActionCustomizer> (0x00000000843626e0) thrown at [./src/hotspot/share/classfile/systemDictionary.cpp, line 231]
Event: 27.183 Thread 0x0000020115a06000 Exception <a 'java/lang/NoSuchMethodError'{0x000000008518dff8}: 'java.lang.Object java.lang.invoke.DirectMethodHandle$Holder.invokeStatic(java.lang.Object, java.lang.Object, java.lang.Object, java.lang.Object, int)'> (0x000000008518dff8) thrown at [./src/hotspot/share/interpreter/linkResolver.cpp, line 773]
Event: 27.184 Thread 0x0000020115a06000 Exception <a 'java/lang/NoSuchMethodError'{0x00000000851929f0}: 'java.lang.Object java.lang.invoke.DirectMethodHandle$Holder.invokeSpecial(java.lang.Object, java.lang.Object, java.lang.Object, java.lang.Object, java.lang.Object, int)'> (0x00000000851929f0) thrown at [./src/hotspot/share/interpreter/linkResolver.cpp, line 773]
Event: 27.185 Thread 0x0000020115a06000 Exception <a 'java/lang/NoSuchMethodError'{0x0000000085197030}: 'java.lang.Object java.lang.invoke.Invokers$Holder.linkToTargetMethod(java.lang.Object, java.lang.Object, java.lang.Object, int, java.lang.Object)'> (0x0000000085197030) thrown at [./src/hotspot/share/interpreter/linkResolver.cpp, line 773]
Event: 28.071 Thread 0x0000020115a06000 Exception <a 'java/lang/NoSuchMethodError'{0x00000000842d2828}: 'java.lang.Object java.lang.invoke.DirectMethodHandle$Holder.invokeSpecial(java.lang.Object, java.lang.Object, int, int, java.lang.Object, java.lang.Object, java.lang.Object)'> (0x00000000842d2828) thrown at [./src/hotspot/share/interpreter/linkResolver.cpp, line 773]
Event: 28.072 Thread 0x0000020115a06000 Exception <a 'java/lang/NoSuchMethodError'{0x00000000842d6ff0}: 'java.lang.Object java.lang.invoke.DelegatingMethodHandle$Holder.reinvoke_L(java.lang.Object, int, int, java.lang.Object, java.lang.Object, java.lang.Object)'> (0x00000000842d6ff0) thrown at [./src/hotspot/share/interpreter/linkResolver.cpp, line 773]
Event: 28.988 Thread 0x0000020115a06000 Exception <a 'java/lang/NoSuchMethodError'{0x0000000084913478}: 'int java.lang.invoke.DirectMethodHandle$Holder.invokeInterface(java.lang.Object, java.lang.Object, java.lang.Object, java.lang.Object)'> (0x0000000084913478) thrown at [./src/hotspot/share/interpreter/linkResolver.cpp, line 773]

Events (20 events):
Event: 29.639 loading class com/android/build/gradle/internal/ide/dependencies/LibraryDependencyCacheBuildService$RegistrationAction done
Event: 29.640 loading class com/android/build/gradle/internal/ide/dependencies/LibraryDependencyCacheBuildService
Event: 29.640 loading class com/android/build/gradle/internal/ide/dependencies/LibraryDependencyCacheBuildService done
Event: 29.641 loading class com/android/build/gradle/internal/ide/dependencies/LibraryDependencyCacheBuildService$Parameters
Event: 29.641 loading class com/android/build/gradle/internal/ide/dependencies/LibraryDependencyCacheBuildService$Parameters done
Event: 29.645 loading class com/android/build/gradle/internal/ide/v2/GlobalSyncService$RegistrationAction
Event: 29.645 loading class com/android/build/gradle/internal/ide/v2/GlobalSyncService$RegistrationAction done
Event: 29.646 loading class com/android/build/gradle/internal/ide/v2/GlobalSyncService
Event: 29.646 loading class com/android/build/gradle/internal/ide/v2/GlobalSyncService done
Event: 29.646 loading class com/android/build/gradle/internal/ide/v2/GlobalSyncService$Parameters
Event: 29.646 loading class com/android/build/gradle/internal/ide/v2/GlobalSyncService$Parameters done
Event: 29.651 loading class com/android/builder/model/level2/DependencyGraphs
Event: 29.651 loading class com/android/builder/model/level2/DependencyGraphs done
Event: 29.652 loading class com/android/builder/model/Dependencies
Event: 29.652 loading class com/android/builder/model/Dependencies done
Event: 29.654 loading class com/google/common/collect/ListMultimap
Event: 29.654 loading class com/google/common/collect/ListMultimap done
Event: 29.655 loading class com/google/common/collect/Multimap
Event: 29.655 loading class com/google/common/collect/Multimap done
Event: 29.655 Executing VM operation: G1CollectForAllocation


Dynamic libraries:
0x00007ff69d830000 - 0x00007ff69d83a000 	C:\Program Files\Android\Android Studio\jre\bin\java.exe
0x00007ffc744c0000 - 0x00007ffc746b0000 	C:\windows\SYSTEM32\ntdll.dll
0x00007ffc74340000 - 0x00007ffc743f2000 	C:\windows\System32\KERNEL32.DLL
0x00007ffc71570000 - 0x00007ffc71815000 	C:\windows\System32\KERNELBASE.dll
0x00007ffc722d0000 - 0x00007ffc723ca000 	C:\windows\System32\ucrtbase.dll
0x00007ffc28ce0000 - 0x00007ffc28cf9000 	C:\Program Files\Android\Android Studio\jre\bin\jli.dll
0x00007ffc73fc0000 - 0x00007ffc74154000 	C:\windows\System32\USER32.dll
0x00007ffc71920000 - 0x00007ffc71941000 	C:\windows\System32\win32u.dll
0x00007ffc72e50000 - 0x00007ffc72e76000 	C:\windows\System32\GDI32.dll
0x00007ffc723d0000 - 0x00007ffc72568000 	C:\windows\System32\gdi32full.dll
0x00007ffc72230000 - 0x00007ffc722ce000 	C:\windows\System32\msvcp_win.dll
0x00007ffc288d0000 - 0x00007ffc288e7000 	C:\Program Files\Android\Android Studio\jre\bin\VCRUNTIME140.dll
0x00007ffc69db0000 - 0x00007ffc6a034000 	C:\windows\WinSxS\amd64_microsoft.windows.common-controls_6595b64144ccf1df_6.0.18362.1556_none_9e7e372fe45e41d5\COMCTL32.dll
0x00007ffc72ea0000 - 0x00007ffc72f3e000 	C:\windows\System32\msvcrt.dll
0x00007ffc735e0000 - 0x00007ffc73916000 	C:\windows\System32\combase.dll
0x00007ffc73ad0000 - 0x00007ffc73bef000 	C:\windows\System32\RPCRT4.dll
0x00007ffc71450000 - 0x00007ffc714d1000 	C:\windows\System32\bcryptPrimitives.dll
0x00007ffc73bf0000 - 0x00007ffc73c1e000 	C:\windows\System32\IMM32.DLL
0x00007ffc151d0000 - 0x00007ffc1526d000 	C:\Program Files\Android\Android Studio\jre\bin\msvcp140.dll
0x00007ffc14150000 - 0x00007ffc14c52000 	C:\Program Files\Android\Android Studio\jre\bin\server\jvm.dll
0x00007ffc74230000 - 0x00007ffc742d3000 	C:\windows\System32\ADVAPI32.dll
0x00007ffc72cd0000 - 0x00007ffc72d67000 	C:\windows\System32\sechost.dll
0x00007ffc72e90000 - 0x00007ffc72e98000 	C:\windows\System32\PSAPI.DLL
0x00007ffc6be00000 - 0x00007ffc6be09000 	C:\windows\SYSTEM32\WSOCK32.dll
0x00007ffc74400000 - 0x00007ffc7446f000 	C:\windows\System32\WS2_32.dll
0x00007ffc67ea0000 - 0x00007ffc67ec4000 	C:\windows\SYSTEM32\WINMM.dll
0x00007ffc6ab50000 - 0x00007ffc6ab5a000 	C:\windows\SYSTEM32\VERSION.dll
0x00007ffc67c50000 - 0x00007ffc67c7d000 	C:\windows\SYSTEM32\WINMMBASE.dll
0x00007ffc71820000 - 0x00007ffc7186a000 	C:\windows\System32\cfgmgr32.dll
0x00007ffc71410000 - 0x00007ffc71421000 	C:\windows\System32\kernel.appcore.dll
0x00007ffc69cd0000 - 0x00007ffc69ce1000 	C:\Program Files\Android\Android Studio\jre\bin\verify.dll
0x00007ffc6adc0000 - 0x00007ffc6afb4000 	C:\windows\SYSTEM32\DBGHELP.DLL
0x00007ffc6ad90000 - 0x00007ffc6adba000 	C:\windows\SYSTEM32\dbgcore.DLL
0x00007ffc69ca0000 - 0x00007ffc69cc9000 	C:\Program Files\Android\Android Studio\jre\bin\java.dll
0x00007ffc69c90000 - 0x00007ffc69c9b000 	C:\Program Files\Android\Android Studio\jre\bin\jimage.dll
0x00007ffc69c70000 - 0x00007ffc69c88000 	C:\Program Files\Android\Android Studio\jre\bin\zip.dll
0x00007ffc72570000 - 0x00007ffc72c57000 	C:\windows\System32\SHELL32.dll
0x00007ffc73530000 - 0x00007ffc735d8000 	C:\windows\System32\shcore.dll
0x00007ffc71ab0000 - 0x00007ffc7222b000 	C:\windows\System32\windows.storage.dll
0x00007ffc713d0000 - 0x00007ffc713ee000 	C:\windows\System32\profapi.dll
0x00007ffc71380000 - 0x00007ffc713ca000 	C:\windows\System32\powrprof.dll
0x00007ffc71370000 - 0x00007ffc71380000 	C:\windows\System32\UMPDC.dll
0x00007ffc73da0000 - 0x00007ffc73df2000 	C:\windows\System32\shlwapi.dll
0x00007ffc71430000 - 0x00007ffc71447000 	C:\windows\System32\cryptsp.dll
0x00007ffc69c50000 - 0x00007ffc69c6a000 	C:\Program Files\Android\Android Studio\jre\bin\net.dll
0x00007ffc68850000 - 0x00007ffc6894a000 	C:\windows\SYSTEM32\WINHTTP.dll
0x00007ffc70b90000 - 0x00007ffc70bf7000 	C:\windows\system32\mswsock.dll
0x00007ffc69b10000 - 0x00007ffc69b24000 	C:\Program Files\Android\Android Studio\jre\bin\nio.dll
0x00007ffc29490000 - 0x00007ffc294b7000 	C:\Users\caby5\.gradle\native\e1d6ef7f7dcc3fd88c89a11ec53ec762bb8ba0a96d01ffa2cd45eb1d1d8dd5c5\windows-amd64\native-platform.dll
0x00007ffc09270000 - 0x00007ffc093b4000 	C:\Users\caby5\.gradle\native\5664cfc778a61ccfe75a443a1ab52a65af34e5dc3c78e0209fed803814484fcb\windows-amd64\native-platform-file-events.dll
0x00007ffc69c40000 - 0x00007ffc69c4a000 	C:\Program Files\Android\Android Studio\jre\bin\management.dll
0x00007ffc69bd0000 - 0x00007ffc69bdd000 	C:\Program Files\Android\Android Studio\jre\bin\management_ext.dll
0x00007ffc70710000 - 0x00007ffc70743000 	C:\windows\system32\rsaenh.dll
0x00007ffc714e0000 - 0x00007ffc71506000 	C:\windows\System32\bcrypt.dll
0x00007ffc71260000 - 0x00007ffc71285000 	C:\windows\SYSTEM32\USERENV.dll
0x00007ffc70d80000 - 0x00007ffc70d8c000 	C:\windows\SYSTEM32\CRYPTBASE.dll
0x00007ffc708a0000 - 0x00007ffc708da000 	C:\windows\SYSTEM32\IPHLPAPI.DLL
0x00007ffc74470000 - 0x00007ffc74478000 	C:\windows\System32\NSI.dll
0x00007ffc69d90000 - 0x00007ffc69da6000 	C:\windows\SYSTEM32\dhcpcsvc6.DLL
0x00007ffc69740000 - 0x00007ffc6975c000 	C:\windows\SYSTEM32\dhcpcsvc.DLL
0x00007ffc708f0000 - 0x00007ffc709bb000 	C:\windows\SYSTEM32\DNSAPI.dll

dbghelp: loaded successfully - version: 4.0.5 - missing functions: none
symbol engine: initialized successfully - sym options: 0x614 - pdb path: .;C:\Program Files\Android\Android Studio\jre\bin;C:\windows\SYSTEM32;C:\windows\WinSxS\amd64_microsoft.windows.common-controls_6595b64144ccf1df_6.0.18362.1556_none_9e7e372fe45e41d5;C:\Program Files\Android\Android Studio\jre\bin\server;C:\Users\caby5\.gradle\native\e1d6ef7f7dcc3fd88c89a11ec53ec762bb8ba0a96d01ffa2cd45eb1d1d8dd5c5\windows-amd64;C:\Users\caby5\.gradle\native\5664cfc778a61ccfe75a443a1ab52a65af34e5dc3c78e0209fed803814484fcb\windows-amd64

VM Arguments:
jvm_args: --add-opens=java.base/java.util=ALL-UNNAMED --add-opens=java.base/java.lang=ALL-UNNAMED --add-opens=java.base/java.lang.invoke=ALL-UNNAMED --add-opens=java.base/java.util=ALL-UNNAMED --add-opens=java.prefs/java.util.prefs=ALL-UNNAMED --add-opens=java.prefs/java.util.prefs=ALL-UNNAMED --add-opens=java.base/java.nio.charset=ALL-UNNAMED --add-opens=java.base/java.net=ALL-UNNAMED --add-opens=java.base/java.util.concurrent.atomic=ALL-UNNAMED -Xmx2048m -Dfile.encoding=UTF-8 -Duser.country=MX -Duser.language=es -Duser.variant 
java_command: org.gradle.launcher.daemon.bootstrap.GradleDaemon 7.3.3
java_class_path (initial): C:\Users\caby5\.gradle\wrapper\dists\gradle-7.3.3-bin\6a41zxkdtcxs8rphpq6y0069z\gradle-7.3.3\lib\gradle-launcher-7.3.3.jar
Launcher Type: SUN_STANDARD

[Global flags]
     intx CICompilerCount                          = 2                                         {product} {ergonomic}
     uint ConcGCThreads                            = 1                                         {product} {ergonomic}
     uint G1ConcRefinementThreads                  = 2                                         {product} {ergonomic}
   size_t G1HeapRegionSize                         = 1048576                                   {product} {ergonomic}
    uintx GCDrainStackTargetSize                   = 64                                        {product} {ergonomic}
   size_t InitialHeapSize                          = 58720256                                  {product} {ergonomic}
   size_t MarkStackSize                            = 4194304                                   {product} {ergonomic}
   size_t MaxHeapSize                              = 2147483648                                {product} {command line}
   size_t MaxNewSize                               = 1287651328                                {product} {ergonomic}
   size_t MinHeapDeltaBytes                        = 1048576                                   {product} {ergonomic}
    uintx NonNMethodCodeHeapSize                   = 5825164                                {pd product} {ergonomic}
    uintx NonProfiledCodeHeapSize                  = 122916538                              {pd product} {ergonomic}
    uintx ProfiledCodeHeapSize                     = 122916538                              {pd product} {ergonomic}
    uintx ReservedCodeCacheSize                    = 251658240                              {pd product} {ergonomic}
     bool SegmentedCodeCache                       = true                                      {product} {ergonomic}
     bool UseCompressedClassPointers               = true                                 {lp64_product} {ergonomic}
     bool UseCompressedOops                        = true                                 {lp64_product} {ergonomic}
     bool UseG1GC                                  = true                                      {product} {ergonomic}
     bool UseLargePagesIndividualAllocation        = false                                  {pd product} {ergonomic}

Logging:
Log output configuration:
 #0: stdout all=warning uptime,level,tags
 #1: stderr all=off uptime,level,tags

Environment Variables:
JAVA_HOME=C:\Users\caby5\Documents\openjdk\jdk-11.0.2
PATH=C:\Program Files\MySQL\MySQL Server 8.0\bin;C:\windows\system32;C:\windows;C:\windows\System32\Wbem;C:\Windows\System32\OpenSSH\ssh;C:\Program Files\PuTTY\;C:\Users\caby5\Documents\openjdk\jdk-11.0.2\bin;C:\Program Files\Git\cmd;C:\Program Files\Microchip\xc8\v2.31\bin;C:\Program Files\nodejs\;C:\Users\caby5\AppData\Local\Microsoft\WindowsApps;C:\Users\caby5\Documents\openjdk\jdk-11.0.2\bin;C:\Users\caby5\AppData\Local\Programs\Microsoft VS Code\bin;C:\Users\caby5\AppData\Roaming\npm;C:\Program Files\JetBrains\IntelliJ IDEA 2022.2.1\bin;
USERNAME=caby5
OS=Windows_NT
PROCESSOR_IDENTIFIER=AMD64 Family 21 Model 112 Stepping 0, AuthenticAMD



---------------  S Y S T E M  ---------------

OS: Windows 10 , 64 bit Build 18362 (10.0.18362.1500)
OS uptime: 2 days 12:59 hours
Hyper-V role detected

CPU:total 2 (initial active 2) (2 cores per cpu, 1 threads per core) family 21 model 112 stepping 0 microcode 0x0, cmov, cx8, fxsr, mmx, sse, sse2, sse3, ssse3, sse4.1, sse4.2, popcnt, avx, avx2, aes, clmul, mmxext, 3dnowpref, lzcnt, sse4a, tsc, tscinvbit, tscinv, bmi1, bmi2, fma

Memory: 4k page, system-wide physical 3542M (368M free)
TotalPageFile size 6326M (AvailPageFile size 20M)
current process WorkingSet (physical memory assigned to process): 244M, peak: 247M
current process commit charge ("private bytes"): 271M, peak: 288M

vm_info: OpenJDK 64-Bit Server VM (11.0.13+0-b1751.21-8125866) for windows-amd64 JRE (11.0.13+0-b1751.21-8125866), built on Feb  2 2022 03:00:22 by "builder" with MS VC++ 14.0 (VS2015)

END.
