#
# There is insufficient memory for the Java Runtime Environment to continue.
# Native memory allocation (malloc) failed to allocate 1130896 bytes for Chunk::new
# Possible reasons:
#   The system is out of physical RAM or swap space
#   The process is running with CompressedOops enabled, and the Java Heap may be blocking the growth of the native heap
# Possible solutions:
#   Reduce memory load on the system
#   Increase physical memory or swap space
#   Check if swap backing store is full
#   Decrease Java heap size (-Xmx/-Xms)
#   Decrease number of Java threads
#   Decrease Java thread stack sizes (-Xss)
#   Set larger code cache with -XX:ReservedCodeCacheSize=
#   JVM is running with Unscaled Compressed Oops mode in which the Java heap is
#     placed in the first 4GB address space. The Java Heap base address is the
#     maximum limit for the native heap growth. Please use -XX:HeapBaseMinAddress
#     to set the Java Heap base and to place the Java Heap above 4GB virtual address.
# This output file may be truncated or incomplete.
#
#  Out of Memory Error (./src/hotspot/share/memory/arena.cpp:197), pid=4252, tid=9680
#
# JRE version: OpenJDK Runtime Environment (11.0.13) (build 11.0.13+0-b1751.21-8125866)
# Java VM: OpenJDK 64-Bit Server VM (11.0.13+0-b1751.21-8125866, mixed mode, tiered, compressed oops, g1 gc, windows-amd64)
# No core dump will be written. Minidumps are not enabled by default on client versions of Windows
#

---------------  S U M M A R Y ------------

Command Line: --add-opens=java.base/java.util=ALL-UNNAMED --add-opens=java.base/java.lang=ALL-UNNAMED --add-opens=java.base/java.lang.invoke=ALL-UNNAMED --add-opens=java.base/java.util=ALL-UNNAMED --add-opens=java.prefs/java.util.prefs=ALL-UNNAMED --add-opens=java.prefs/java.util.prefs=ALL-UNNAMED --add-opens=java.base/java.nio.charset=ALL-UNNAMED --add-opens=java.base/java.net=ALL-UNNAMED --add-opens=java.base/java.util.concurrent.atomic=ALL-UNNAMED -Xmx2048m -Dfile.encoding=UTF-8 -Duser.country=MX -Duser.language=es -Duser.variant org.gradle.launcher.daemon.bootstrap.GradleDaemon 7.3.3

Host: AMD A6-9225 RADEON R4, 5 COMPUTE CORES 2C+3G   , 2 cores, 3G,  Windows 10 , 64 bit Build 18362 (10.0.18362.1500)
Time: Sun Nov 20 16:55:10 2022 Hora estándar central (México) elapsed time: 1227.697634 seconds (0d 0h 20m 27s)

---------------  T H R E A D  ---------------

Current thread (0x000001b8c028f800):  JavaThread "C2 CompilerThread0" daemon [_thread_in_native, id=9680, stack(0x0000004044300000,0x0000004044400000)]


Current CompileTask:
C2:1227698 16254       4       com.android.tools.build.apkzlib.zip.ZFile::directFullyRead (131 bytes)

Stack: [0x0000004044300000,0x0000004044400000]
Native frames: (J=compiled Java code, j=interpreted, Vv=VM code, C=native code)
V  [jvm.dll+0x6100fa]
V  [jvm.dll+0x747090]
V  [jvm.dll+0x7486ad]
V  [jvm.dll+0x748d83]
V  [jvm.dll+0x24ab48]
V  [jvm.dll+0xc04dc]
V  [jvm.dll+0xc0a0c]
V  [jvm.dll+0x35eb5b]
V  [jvm.dll+0x32b833]
V  [jvm.dll+0x32ad2a]
V  [jvm.dll+0x2032b2]
V  [jvm.dll+0x202437]
V  [jvm.dll+0x188e01]
V  [jvm.dll+0x21106b]
V  [jvm.dll+0x20f8c1]
V  [jvm.dll+0x70de0f]
V  [jvm.dll+0x706a75]
V  [jvm.dll+0x60ed66]
C  [ucrtbase.dll+0x210b2]
C  [KERNEL32.DLL+0x17c24]
C  [ntdll.dll+0x6d721]


---------------  P R O C E S S  ---------------

Threads class SMR info:
_java_thread_list=0x000001b8c8eeb370, length=64, elements={
0x000001b8a69af800, 0x000001b8c022e800, 0x000001b8c0231800, 0x000001b8c0289800,
0x000001b8c028a000, 0x000001b8c028c800, 0x000001b8c028f800, 0x000001b8c0294800,
0x000001b8c02bd000, 0x000001b8c0be8000, 0x000001b8c1f9d800, 0x000001b8c2116000,
0x000001b8c14a3000, 0x000001b8c0ea5000, 0x000001b8c0ea6800, 0x000001b8c0ea3800,
0x000001b8c0ea8800, 0x000001b8c0ea2800, 0x000001b8c0ea4000, 0x000001b8c0ea6000,
0x000001b8c1b96800, 0x000001b8c1b94000, 0x000001b8c379c000, 0x000001b8c3792000,
0x000001b8c3790000, 0x000001b8c3790800, 0x000001b8c378f000, 0x000001b8c3791800,
0x000001b8c3793000, 0x000001b8c3794000, 0x000001b8c378e000, 0x000001b8c3797000,
0x000001b8c3794800, 0x000001b8c3799800, 0x000001b8c3798800, 0x000001b8c3795800,
0x000001b8c3798000, 0x000001b8c379a800, 0x000001b8c379b000, 0x000001b8c3796800,
0x000001b8c1b95800, 0x000001b8c1b97800, 0x000001b8c1b91800, 0x000001b8c1b92800,
0x000001b8c1b95000, 0x000001b8c1b93800, 0x000001b8c0ea7800, 0x000001b8c0ea9000,
0x000001b8c7804800, 0x000001b8c7800800, 0x000001b8c7807000, 0x000001b8c7803800,
0x000001b8c7802800, 0x000001b8c7802000, 0x000001b8c7805000, 0x000001b8c7806000,
0x000001b8c7801000, 0x000001b8c780d800, 0x000001b8c7808800, 0x000001b8c780b000,
0x000001b8c780b800, 0x000001b8c780c800, 0x000001b8c7809800, 0x000001b8c7807800
}

Java Threads: ( => current thread )
  0x000001b8a69af800 JavaThread "main" [_thread_blocked, id=6788, stack(0x0000004043700000,0x0000004043800000)]
  0x000001b8c022e800 JavaThread "Reference Handler" daemon [_thread_blocked, id=7220, stack(0x0000004043e00000,0x0000004043f00000)]
  0x000001b8c0231800 JavaThread "Finalizer" daemon [_thread_blocked, id=10660, stack(0x0000004043f00000,0x0000004044000000)]
  0x000001b8c0289800 JavaThread "Signal Dispatcher" daemon [_thread_blocked, id=11428, stack(0x0000004044000000,0x0000004044100000)]
  0x000001b8c028a000 JavaThread "Attach Listener" daemon [_thread_blocked, id=8788, stack(0x0000004044100000,0x0000004044200000)]
  0x000001b8c028c800 JavaThread "Service Thread" daemon [_thread_blocked, id=5268, stack(0x0000004044200000,0x0000004044300000)]
=>0x000001b8c028f800 JavaThread "C2 CompilerThread0" daemon [_thread_in_native, id=9680, stack(0x0000004044300000,0x0000004044400000)]
  0x000001b8c0294800 JavaThread "C1 CompilerThread0" daemon [_thread_blocked, id=11268, stack(0x0000004044400000,0x0000004044500000)]
  0x000001b8c02bd000 JavaThread "Sweeper thread" daemon [_thread_blocked, id=8560, stack(0x0000004044500000,0x0000004044600000)]
  0x000001b8c0be8000 JavaThread "Common-Cleaner" daemon [_thread_blocked, id=9820, stack(0x0000004044600000,0x0000004044700000)]
  0x000001b8c1f9d800 JavaThread "Daemon health stats" [_thread_blocked, id=12256, stack(0x0000004044900000,0x0000004044a00000)]
  0x000001b8c2116000 JavaThread "Incoming local TCP Connector on port 59428" [_thread_in_native, id=9488, stack(0x0000004044a00000,0x0000004044b00000)]
  0x000001b8c14a3000 JavaThread "Daemon periodic checks" [_thread_blocked, id=10524, stack(0x0000004044b00000,0x0000004044c00000)]
  0x000001b8c0ea5000 JavaThread "Cache worker for journal cache (C:\Users\caby5\.gradle\caches\journal-1)" [_thread_blocked, id=10876, stack(0x0000004045300000,0x0000004045400000)]
  0x000001b8c0ea6800 JavaThread "File lock request listener" [_thread_in_native, id=5248, stack(0x0000004045400000,0x0000004045500000)]
  0x000001b8c0ea3800 JavaThread "Cache worker for file hash cache (C:\Users\caby5\.gradle\caches\7.3.3\fileHashes)" [_thread_blocked, id=10308, stack(0x0000004045500000,0x0000004045600000)]
  0x000001b8c0ea8800 JavaThread "File watcher server" daemon [_thread_in_native, id=10852, stack(0x0000004045700000,0x0000004045800000)]
  0x000001b8c0ea2800 JavaThread "File watcher consumer" daemon [_thread_blocked, id=8480, stack(0x0000004045800000,0x0000004045900000)]
  0x000001b8c0ea4000 JavaThread "jar transforms" [_thread_blocked, id=5416, stack(0x0000004045900000,0x0000004045a00000)]
  0x000001b8c0ea6000 JavaThread "jar transforms Thread 2" [_thread_blocked, id=11896, stack(0x0000004045a00000,0x0000004045b00000)]
  0x000001b8c1b96800 JavaThread "Cache worker for execution history cache (C:\Users\caby5\.gradle\caches\7.3.3\executionHistory)" [_thread_blocked, id=11628, stack(0x0000004045e00000,0x0000004045f00000)]
  0x000001b8c1b94000 JavaThread "Cache worker for file content cache (C:\Users\caby5\.gradle\caches\7.3.3\fileContent)" [_thread_blocked, id=8892, stack(0x0000004045f00000,0x0000004046000000)]
  0x000001b8c379c000 JavaThread "Memory manager" [_thread_blocked, id=11396, stack(0x0000004043500000,0x0000004043600000)]
  0x000001b8c3792000 JavaThread "Daemon Thread 2" [_thread_blocked, id=5936, stack(0x0000004043600000,0x0000004043700000)]
  0x000001b8c3790000 JavaThread "Handler for socket connection from /127.0.0.1:59428 to /127.0.0.1:59524" [_thread_in_native, id=12264, stack(0x0000004044c00000,0x0000004044d00000)]
  0x000001b8c3790800 JavaThread "Cancel handler" [_thread_blocked, id=10632, stack(0x0000004044d00000,0x0000004044e00000)]
  0x000001b8c378f000 JavaThread "Daemon worker Thread 2" [_thread_blocked, id=11372, stack(0x0000004044e00000,0x0000004044f00000)]
  0x000001b8c3791800 JavaThread "Asynchronous log dispatcher for DefaultDaemonConnection: socket connection from /127.0.0.1:59428 to /127.0.0.1:59524" [_thread_blocked, id=3792, stack(0x0000004044f00000,0x0000004045000000)]
  0x000001b8c3793000 JavaThread "Daemon client event forwarder" [_thread_blocked, id=7760, stack(0x0000004045100000,0x0000004045200000)]
  0x000001b8c3794000 JavaThread "Cache worker for file hash cache (C:\Users\caby5\Documents\Android\Prog_if_consumo\.gradle\7.3.3\fileHashes)" [_thread_blocked, id=12260, stack(0x0000004045200000,0x0000004045300000)]
  0x000001b8c378e000 JavaThread "Cache worker for checksums cache (C:\Users\caby5\Documents\Android\Prog_if_consumo\.gradle\7.3.3\checksums)" [_thread_blocked, id=6604, stack(0x0000004045600000,0x0000004045700000)]
  0x000001b8c3797000 JavaThread "Cache worker for cache directory md-supplier (C:\Users\caby5\.gradle\caches\7.3.3\md-supplier)" [_thread_blocked, id=8116, stack(0x0000004045b00000,0x0000004045c00000)]
  0x000001b8c3794800 JavaThread "Cache worker for cache directory md-rule (C:\Users\caby5\.gradle\caches\7.3.3\md-rule)" [_thread_blocked, id=8096, stack(0x0000004045c00000,0x0000004045d00000)]
  0x000001b8c3799800 JavaThread "Cache worker for dependencies-accessors (C:\Users\caby5\Documents\Android\Prog_if_consumo\.gradle\7.3.3\dependencies-accessors)" [_thread_blocked, id=3788, stack(0x0000004045d00000,0x0000004045e00000)]
  0x000001b8c3798800 JavaThread "Cache worker for Build Output Cleanup Cache (C:\Users\caby5\Documents\Android\Prog_if_consumo\.gradle\buildOutputCleanup)" [_thread_blocked, id=11900, stack(0x0000004046200000,0x0000004046300000)]
  0x000001b8c3795800 JavaThread "Unconstrained build operations" [_thread_blocked, id=12048, stack(0x0000004046300000,0x0000004046400000)]
  0x000001b8c3798000 JavaThread "Unconstrained build operations Thread 2" [_thread_blocked, id=10692, stack(0x0000004046400000,0x0000004046500000)]
  0x000001b8c379a800 JavaThread "Unconstrained build operations Thread 3" [_thread_blocked, id=11352, stack(0x0000004046500000,0x0000004046600000)]
  0x000001b8c379b000 JavaThread "Unconstrained build operations Thread 4" [_thread_blocked, id=5708, stack(0x0000004046600000,0x0000004046700000)]
  0x000001b8c3796800 JavaThread "Unconstrained build operations Thread 5" [_thread_blocked, id=10732, stack(0x0000004046700000,0x0000004046800000)]
  0x000001b8c1b95800 JavaThread "Unconstrained build operations Thread 6" [_thread_blocked, id=7152, stack(0x0000004046800000,0x0000004046900000)]
  0x000001b8c1b97800 JavaThread "Unconstrained build operations Thread 7" [_thread_blocked, id=10800, stack(0x0000004046900000,0x0000004046a00000)]
  0x000001b8c1b91800 JavaThread "Unconstrained build operations Thread 8" [_thread_blocked, id=6080, stack(0x0000004046a00000,0x0000004046b00000)]
  0x000001b8c1b92800 JavaThread "Unconstrained build operations Thread 9" [_thread_blocked, id=3164, stack(0x0000004046b00000,0x0000004046c00000)]
  0x000001b8c1b95000 JavaThread "Unconstrained build operations Thread 10" [_thread_blocked, id=11100, stack(0x0000004046c00000,0x0000004046d00000)]
  0x000001b8c1b93800 JavaThread "Unconstrained build operations Thread 11" [_thread_blocked, id=7964, stack(0x0000004046d00000,0x0000004046e00000)]
  0x000001b8c0ea7800 JavaThread "Unconstrained build operations Thread 12" [_thread_blocked, id=2140, stack(0x0000004046e00000,0x0000004046f00000)]
  0x000001b8c0ea9000 JavaThread "Unconstrained build operations Thread 13" [_thread_blocked, id=1444, stack(0x0000004046f00000,0x0000004047000000)]
  0x000001b8c7804800 JavaThread "Unconstrained build operations Thread 14" [_thread_blocked, id=4492, stack(0x0000004047000000,0x0000004047100000)]
  0x000001b8c7800800 JavaThread "Unconstrained build operations Thread 15" [_thread_blocked, id=4348, stack(0x0000004047100000,0x0000004047200000)]
  0x000001b8c7807000 JavaThread "Unconstrained build operations Thread 16" [_thread_blocked, id=7416, stack(0x0000004047200000,0x0000004047300000)]
  0x000001b8c7803800 JavaThread "Unconstrained build operations Thread 17" [_thread_blocked, id=10828, stack(0x0000004047300000,0x0000004047400000)]
  0x000001b8c7802800 JavaThread "Unconstrained build operations Thread 18" [_thread_blocked, id=9100, stack(0x0000004047400000,0x0000004047500000)]
  0x000001b8c7802000 JavaThread "Unconstrained build operations Thread 19" [_thread_blocked, id=6132, stack(0x0000004047500000,0x0000004047600000)]
  0x000001b8c7805000 JavaThread "Unconstrained build operations Thread 20" [_thread_blocked, id=11816, stack(0x0000004047600000,0x0000004047700000)]
  0x000001b8c7806000 JavaThread "build event listener" [_thread_blocked, id=4592, stack(0x0000004047700000,0x0000004047800000)]
  0x000001b8c7801000 JavaThread "Execution worker for ':'" [_thread_blocked, id=10200, stack(0x0000004047800000,0x0000004047900000)]
  0x000001b8c780d800 JavaThread "Cache worker for execution history cache (C:\Users\caby5\Documents\Android\Prog_if_consumo\.gradle\7.3.3\executionHistory)" [_thread_blocked, id=8728, stack(0x0000004047900000,0x0000004047a00000)]
  0x000001b8c7808800 JavaThread "WorkerExecutor Queue" [_thread_blocked, id=10740, stack(0x0000004045000000,0x0000004045100000)]
  0x000001b8c780b000 JavaThread "WorkerExecutor Queue Thread 2" [_thread_in_native, id=10980, stack(0x0000004047a00000,0x0000004047b00000)]
  0x000001b8c780b800 JavaThread "Java2D Disposer" daemon [_thread_blocked, id=7660, stack(0x0000004047d00000,0x0000004047e00000)]
  0x000001b8c780c800 JavaThread "pool-4-thread-1" [_thread_blocked, id=1120, stack(0x0000004046000000,0x0000004046100000)]
  0x000001b8c7809800 JavaThread "stderr" [_thread_in_native, id=9952, stack(0x0000004046100000,0x0000004046200000)]
  0x000001b8c7807800 JavaThread "stdout" [_thread_in_native, id=8400, stack(0x0000004047c00000,0x0000004047d00000)]

Other Threads:
  0x000001b8c022a000 VMThread "VM Thread" [stack: 0x0000004043d00000,0x0000004043e00000] [id=6108]
  0x000001b8c0c21000 WatcherThread [stack: 0x0000004044700000,0x0000004044800000] [id=2760]
  0x000001b8a69c7800 GCTaskThread "GC Thread#0" [stack: 0x0000004043800000,0x0000004043900000] [id=1016]
  0x000001b8c0cb9000 GCTaskThread "GC Thread#1" [stack: 0x0000004044800000,0x0000004044900000] [id=5468]
  0x000001b8a69f8000 ConcurrentGCThread "G1 Main Marker" [stack: 0x0000004043900000,0x0000004043a00000] [id=9448]
  0x000001b8a69f9000 ConcurrentGCThread "G1 Conc#0" [stack: 0x0000004043a00000,0x0000004043b00000] [id=5276]
  0x000001b8a6a36000 ConcurrentGCThread "G1 Refine#0" [stack: 0x0000004043b00000,0x0000004043c00000] [id=5956]
  0x000001b8a6a37000 ConcurrentGCThread "G1 Young RemSet Sampling" [stack: 0x0000004043c00000,0x0000004043d00000] [id=8792]

Threads with active compile tasks:
C2 CompilerThread01228749 16254       4       com.android.tools.build.apkzlib.zip.ZFile::directFullyRead (131 bytes)

VM state:not at safepoint (normal execution)

VM Mutex/Monitor currently owned by a thread: None

Heap address: 0x0000000080000000, size: 2048 MB, Compressed Oops mode: 32-bit
Narrow klass base: 0x0000000000000000, Narrow klass shift: 3
Compressed class space size: 1073741824 Address: 0x0000000100000000

Heap:
 garbage-first heap   total 211968K, used 167869K [0x0000000080000000, 0x0000000100000000)
  region size 1024K, 13 young (13312K), 3 survivors (3072K)
 Metaspace       used 115044K, capacity 118068K, committed 118396K, reserved 1153024K
  class space    used 14074K, capacity 15174K, committed 15308K, reserved 1048576K
Heap Regions: E=young(eden), S=young(survivor), O=old, HS=humongous(starts), HC=humongous(continues), CS=collection set, F=free, A=archive, TAMS=top-at-mark-start (previous, next)
|   0|0x0000000080000000, 0x0000000080100000, 0x0000000080100000|100%| O|  |TAMS 0x0000000080100000, 0x0000000080000000| Untracked 
|   1|0x0000000080100000, 0x0000000080200000, 0x0000000080200000|100%| O|  |TAMS 0x0000000080200000, 0x0000000080100000| Untracked 
|   2|0x0000000080200000, 0x0000000080300000, 0x0000000080300000|100%| O|  |TAMS 0x0000000080300000, 0x0000000080200000| Untracked 
|   3|0x0000000080300000, 0x0000000080400000, 0x0000000080400000|100%| O|  |TAMS 0x0000000080400000, 0x0000000080300000| Untracked 
|   4|0x0000000080400000, 0x0000000080500000, 0x0000000080500000|100%|HS|  |TAMS 0x0000000080500000, 0x0000000080400000| Complete 
|   5|0x0000000080500000, 0x0000000080600000, 0x0000000080600000|100%|HC|  |TAMS 0x0000000080600000, 0x0000000080500000| Complete 
|   6|0x0000000080600000, 0x0000000080700000, 0x0000000080700000|100%|HC|  |TAMS 0x0000000080700000, 0x0000000080600000| Complete 
|   7|0x0000000080700000, 0x0000000080800000, 0x0000000080800000|100%| O|  |TAMS 0x0000000080800000, 0x0000000080700000| Untracked 
|   8|0x0000000080800000, 0x0000000080900000, 0x0000000080900000|100%| O|  |TAMS 0x0000000080900000, 0x0000000080800000| Untracked 
|   9|0x0000000080900000, 0x0000000080a00000, 0x0000000080a00000|100%| O|  |TAMS 0x0000000080a00000, 0x0000000080900000| Untracked 
|  10|0x0000000080a00000, 0x0000000080b00000, 0x0000000080b00000|100%| O|  |TAMS 0x0000000080b00000, 0x0000000080a00000| Untracked 
|  11|0x0000000080b00000, 0x0000000080c00000, 0x0000000080c00000|100%| O|  |TAMS 0x0000000080c00000, 0x0000000080b00000| Untracked 
|  12|0x0000000080c00000, 0x0000000080d00000, 0x0000000080d00000|100%| O|  |TAMS 0x0000000080d00000, 0x0000000080c00000| Untracked 
|  13|0x0000000080d00000, 0x0000000080e00000, 0x0000000080e00000|100%| O|  |TAMS 0x0000000080e00000, 0x0000000080d00000| Untracked 
|  14|0x0000000080e00000, 0x0000000080f00000, 0x0000000080f00000|100%| O|  |TAMS 0x0000000080f00000, 0x0000000080e00000| Untracked 
|  15|0x0000000080f00000, 0x0000000081000000, 0x0000000081000000|100%| O|  |TAMS 0x0000000081000000, 0x0000000080f00000| Untracked 
|  16|0x0000000081000000, 0x0000000081100000, 0x0000000081100000|100%| O|  |TAMS 0x0000000081100000, 0x0000000081000000| Untracked 
|  17|0x0000000081100000, 0x0000000081200000, 0x0000000081200000|100%| O|  |TAMS 0x0000000081200000, 0x0000000081100000| Untracked 
|  18|0x0000000081200000, 0x0000000081300000, 0x0000000081300000|100%|HS|  |TAMS 0x0000000081300000, 0x0000000081200000| Complete 
|  19|0x0000000081300000, 0x0000000081400000, 0x0000000081400000|100%|HC|  |TAMS 0x0000000081400000, 0x0000000081300000| Complete 
|  20|0x0000000081400000, 0x0000000081500000, 0x0000000081500000|100%|HS|  |TAMS 0x0000000081500000, 0x0000000081400000| Complete 
|  21|0x0000000081500000, 0x0000000081600000, 0x0000000081600000|100%|HC|  |TAMS 0x0000000081600000, 0x0000000081500000| Complete 
|  22|0x0000000081600000, 0x0000000081700000, 0x0000000081700000|100%|HC|  |TAMS 0x0000000081700000, 0x0000000081600000| Complete 
|  23|0x0000000081700000, 0x0000000081800000, 0x0000000081800000|100%| O|  |TAMS 0x0000000081800000, 0x0000000081700000| Untracked 
|  24|0x0000000081800000, 0x0000000081900000, 0x0000000081900000|100%|HS|  |TAMS 0x0000000081900000, 0x0000000081800000| Complete 
|  25|0x0000000081900000, 0x0000000081a00000, 0x0000000081a00000|100%|HC|  |TAMS 0x0000000081a00000, 0x0000000081900000| Complete 
|  26|0x0000000081a00000, 0x0000000081b00000, 0x0000000081b00000|100%|HC|  |TAMS 0x0000000081b00000, 0x0000000081a00000| Complete 
|  27|0x0000000081b00000, 0x0000000081c00000, 0x0000000081c00000|100%| O|  |TAMS 0x0000000081c00000, 0x0000000081b00000| Untracked 
|  28|0x0000000081c00000, 0x0000000081d00000, 0x0000000081d00000|100%| O|  |TAMS 0x0000000081d00000, 0x0000000081c00000| Untracked 
|  29|0x0000000081d00000, 0x0000000081e00000, 0x0000000081e00000|100%|HS|  |TAMS 0x0000000081e00000, 0x0000000081d00000| Complete 
|  30|0x0000000081e00000, 0x0000000081f00000, 0x0000000081f00000|100%|HC|  |TAMS 0x0000000081f00000, 0x0000000081e00000| Complete 
|  31|0x0000000081f00000, 0x0000000082000000, 0x0000000082000000|100%|HC|  |TAMS 0x0000000082000000, 0x0000000081f00000| Complete 
|  32|0x0000000082000000, 0x0000000082100000, 0x0000000082100000|100%|HC|  |TAMS 0x0000000082100000, 0x0000000082000000| Complete 
|  33|0x0000000082100000, 0x0000000082200000, 0x0000000082200000|100%|HC|  |TAMS 0x0000000082200000, 0x0000000082100000| Complete 
|  34|0x0000000082200000, 0x0000000082300000, 0x0000000082300000|100%|HS|  |TAMS 0x0000000082300000, 0x0000000082200000| Complete 
|  35|0x0000000082300000, 0x0000000082400000, 0x0000000082400000|100%| O|  |TAMS 0x0000000082400000, 0x0000000082300000| Untracked 
|  36|0x0000000082400000, 0x0000000082500000, 0x0000000082500000|100%| O|  |TAMS 0x0000000082500000, 0x0000000082400000| Untracked 
|  37|0x0000000082500000, 0x0000000082600000, 0x0000000082600000|100%|HS|  |TAMS 0x0000000082600000, 0x0000000082500000| Complete 
|  38|0x0000000082600000, 0x0000000082700000, 0x0000000082700000|100%|HC|  |TAMS 0x0000000082700000, 0x0000000082600000| Complete 
|  39|0x0000000082700000, 0x0000000082800000, 0x0000000082800000|100%|HC|  |TAMS 0x0000000082800000, 0x0000000082700000| Complete 
|  40|0x0000000082800000, 0x0000000082900000, 0x0000000082900000|100%|HC|  |TAMS 0x0000000082900000, 0x0000000082800000| Complete 
|  41|0x0000000082900000, 0x0000000082a00000, 0x0000000082a00000|100%| O|  |TAMS 0x0000000082a00000, 0x0000000082900000| Untracked 
|  42|0x0000000082a00000, 0x0000000082b00000, 0x0000000082b00000|100%| O|  |TAMS 0x0000000082b00000, 0x0000000082a00000| Untracked 
|  43|0x0000000082b00000, 0x0000000082c00000, 0x0000000082c00000|100%| O|  |TAMS 0x0000000082c00000, 0x0000000082b00000| Untracked 
|  44|0x0000000082c00000, 0x0000000082d00000, 0x0000000082d00000|100%| O|  |TAMS 0x0000000082d00000, 0x0000000082c00000| Untracked 
|  45|0x0000000082d00000, 0x0000000082e00000, 0x0000000082e00000|100%| O|  |TAMS 0x0000000082e00000, 0x0000000082d00000| Untracked 
|  46|0x0000000082e00000, 0x0000000082f00000, 0x0000000082f00000|100%| O|  |TAMS 0x0000000082f00000, 0x0000000082e00000| Untracked 
|  47|0x0000000082f00000, 0x0000000083000000, 0x0000000083000000|100%| O|  |TAMS 0x0000000083000000, 0x0000000082f00000| Untracked 
|  48|0x0000000083000000, 0x0000000083100000, 0x0000000083100000|100%| O|  |TAMS 0x0000000083100000, 0x0000000083000000| Untracked 
|  49|0x0000000083100000, 0x0000000083200000, 0x0000000083200000|100%| O|  |TAMS 0x0000000083200000, 0x0000000083100000| Untracked 
|  50|0x0000000083200000, 0x0000000083300000, 0x0000000083300000|100%|HS|  |TAMS 0x0000000083300000, 0x0000000083200000| Complete 
|  51|0x0000000083300000, 0x0000000083400000, 0x0000000083400000|100%|HC|  |TAMS 0x0000000083400000, 0x0000000083300000| Complete 
|  52|0x0000000083400000, 0x0000000083500000, 0x0000000083500000|100%|HC|  |TAMS 0x0000000083500000, 0x0000000083400000| Complete 
|  53|0x0000000083500000, 0x0000000083600000, 0x0000000083600000|100%|HC|  |TAMS 0x0000000083600000, 0x0000000083500000| Complete 
|  54|0x0000000083600000, 0x0000000083700000, 0x0000000083700000|100%|HS|  |TAMS 0x0000000083700000, 0x0000000083600000| Complete 
|  55|0x0000000083700000, 0x0000000083800000, 0x0000000083800000|100%|HC|  |TAMS 0x0000000083800000, 0x0000000083700000| Complete 
|  56|0x0000000083800000, 0x0000000083900000, 0x0000000083900000|100%|HC|  |TAMS 0x0000000083900000, 0x0000000083800000| Complete 
|  57|0x0000000083900000, 0x0000000083a00000, 0x0000000083a00000|100%| O|  |TAMS 0x0000000083a00000, 0x0000000083900000| Untracked 
|  58|0x0000000083a00000, 0x0000000083b00000, 0x0000000083b00000|100%|HS|  |TAMS 0x0000000083b00000, 0x0000000083a00000| Complete 
|  59|0x0000000083b00000, 0x0000000083c00000, 0x0000000083c00000|100%|HC|  |TAMS 0x0000000083c00000, 0x0000000083b00000| Complete 
|  60|0x0000000083c00000, 0x0000000083d00000, 0x0000000083d00000|100%|HS|  |TAMS 0x0000000083d00000, 0x0000000083c00000| Complete 
|  61|0x0000000083d00000, 0x0000000083e00000, 0x0000000083e00000|100%|HC|  |TAMS 0x0000000083e00000, 0x0000000083d00000| Complete 
|  62|0x0000000083e00000, 0x0000000083f00000, 0x0000000083f00000|100%|HC|  |TAMS 0x0000000083f00000, 0x0000000083e00000| Complete 
|  63|0x0000000083f00000, 0x0000000084000000, 0x0000000084000000|100%| O|  |TAMS 0x0000000084000000, 0x0000000083f00000| Untracked 
|  64|0x0000000084000000, 0x0000000084100000, 0x0000000084100000|100%| O|  |TAMS 0x0000000084100000, 0x0000000084000000| Untracked 
|  65|0x0000000084100000, 0x0000000084200000, 0x0000000084200000|100%| O|  |TAMS 0x0000000084200000, 0x0000000084100000| Untracked 
|  66|0x0000000084200000, 0x0000000084300000, 0x0000000084300000|100%| O|  |TAMS 0x0000000084300000, 0x0000000084200000| Untracked 
|  67|0x0000000084300000, 0x0000000084400000, 0x0000000084400000|100%| O|  |TAMS 0x0000000084400000, 0x0000000084300000| Untracked 
|  68|0x0000000084400000, 0x0000000084500000, 0x0000000084500000|100%|HS|  |TAMS 0x0000000084500000, 0x0000000084400000| Complete 
|  69|0x0000000084500000, 0x0000000084600000, 0x0000000084600000|100%|HC|  |TAMS 0x0000000084600000, 0x0000000084500000| Complete 
|  70|0x0000000084600000, 0x0000000084700000, 0x0000000084700000|100%|HC|  |TAMS 0x0000000084700000, 0x0000000084600000| Complete 
|  71|0x0000000084700000, 0x0000000084800000, 0x0000000084800000|100%|HC|  |TAMS 0x0000000084800000, 0x0000000084700000| Complete 
|  72|0x0000000084800000, 0x0000000084900000, 0x0000000084900000|100%|HC|  |TAMS 0x0000000084900000, 0x0000000084800000| Complete 
|  73|0x0000000084900000, 0x0000000084a00000, 0x0000000084a00000|100%| O|  |TAMS 0x0000000084a00000, 0x0000000084900000| Untracked 
|  74|0x0000000084a00000, 0x0000000084b00000, 0x0000000084b00000|100%| O|  |TAMS 0x0000000084b00000, 0x0000000084a00000| Untracked 
|  75|0x0000000084b00000, 0x0000000084c00000, 0x0000000084c00000|100%| O|  |TAMS 0x0000000084c00000, 0x0000000084b00000| Untracked 
|  76|0x0000000084c00000, 0x0000000084d00000, 0x0000000084d00000|100%| O|  |TAMS 0x0000000084d00000, 0x0000000084c00000| Untracked 
|  77|0x0000000084d00000, 0x0000000084e00000, 0x0000000084e00000|100%|HS|  |TAMS 0x0000000084e00000, 0x0000000084d00000| Complete 
|  78|0x0000000084e00000, 0x0000000084f00000, 0x0000000084f00000|100%|HS|  |TAMS 0x0000000084f00000, 0x0000000084e00000| Complete 
|  79|0x0000000084f00000, 0x0000000085000000, 0x0000000085000000|100%| O|  |TAMS 0x0000000085000000, 0x0000000084f00000| Untracked 
|  80|0x0000000085000000, 0x0000000085100000, 0x0000000085100000|100%| O|  |TAMS 0x0000000085100000, 0x0000000085000000| Untracked 
|  81|0x0000000085100000, 0x0000000085200000, 0x0000000085200000|100%| O|  |TAMS 0x0000000085200000, 0x0000000085100000| Untracked 
|  82|0x0000000085200000, 0x0000000085300000, 0x0000000085300000|100%|HS|  |TAMS 0x0000000085300000, 0x0000000085200000| Complete 
|  83|0x0000000085300000, 0x0000000085400000, 0x0000000085400000|100%|HC|  |TAMS 0x0000000085400000, 0x0000000085300000| Complete 
|  84|0x0000000085400000, 0x0000000085500000, 0x0000000085500000|100%| O|  |TAMS 0x0000000085500000, 0x0000000085400000| Untracked 
|  85|0x0000000085500000, 0x0000000085600000, 0x0000000085600000|100%| O|  |TAMS 0x0000000085600000, 0x0000000085500000| Untracked 
|  86|0x0000000085600000, 0x0000000085700000, 0x0000000085700000|100%| O|  |TAMS 0x0000000085700000, 0x0000000085600000| Untracked 
|  87|0x0000000085700000, 0x0000000085800000, 0x0000000085800000|100%| O|  |TAMS 0x0000000085800000, 0x0000000085700000| Untracked 
|  88|0x0000000085800000, 0x0000000085900000, 0x0000000085900000|100%| O|  |TAMS 0x0000000085900000, 0x0000000085800000| Untracked 
|  89|0x0000000085900000, 0x0000000085a00000, 0x0000000085a00000|100%| O|  |TAMS 0x0000000085a00000, 0x0000000085900000| Untracked 
|  90|0x0000000085a00000, 0x0000000085b00000, 0x0000000085b00000|100%| O|  |TAMS 0x0000000085b00000, 0x0000000085a00000| Untracked 
|  91|0x0000000085b00000, 0x0000000085c00000, 0x0000000085c00000|100%| O|  |TAMS 0x0000000085c00000, 0x0000000085b00000| Untracked 
|  92|0x0000000085c00000, 0x0000000085d00000, 0x0000000085d00000|100%| O|  |TAMS 0x0000000085d00000, 0x0000000085c00000| Untracked 
|  93|0x0000000085d00000, 0x0000000085e00000, 0x0000000085e00000|100%| O|  |TAMS 0x0000000085e00000, 0x0000000085d00000| Untracked 
|  94|0x0000000085e00000, 0x0000000085f00000, 0x0000000085f00000|100%| O|  |TAMS 0x0000000085f00000, 0x0000000085e00000| Untracked 
|  95|0x0000000085f00000, 0x0000000086000000, 0x0000000086000000|100%| O|  |TAMS 0x0000000086000000, 0x0000000085f00000| Untracked 
|  96|0x0000000086000000, 0x0000000086100000, 0x0000000086100000|100%| O|  |TAMS 0x0000000086100000, 0x0000000086000000| Untracked 
|  97|0x0000000086100000, 0x0000000086200000, 0x0000000086200000|100%| O|  |TAMS 0x0000000086200000, 0x0000000086100000| Untracked 
|  98|0x0000000086200000, 0x0000000086300000, 0x0000000086300000|100%| O|  |TAMS 0x0000000086300000, 0x0000000086200000| Untracked 
|  99|0x0000000086300000, 0x0000000086400000, 0x0000000086400000|100%| O|  |TAMS 0x0000000086400000, 0x0000000086300000| Untracked 
| 100|0x0000000086400000, 0x0000000086500000, 0x0000000086500000|100%| O|  |TAMS 0x0000000086500000, 0x0000000086400000| Untracked 
| 101|0x0000000086500000, 0x0000000086600000, 0x0000000086600000|100%| O|  |TAMS 0x0000000086600000, 0x0000000086500000| Untracked 
| 102|0x0000000086600000, 0x0000000086700000, 0x0000000086700000|100%|HS|  |TAMS 0x0000000086700000, 0x0000000086600000| Complete 
| 103|0x0000000086700000, 0x0000000086800000, 0x0000000086800000|100%|HC|  |TAMS 0x0000000086800000, 0x0000000086700000| Complete 
| 104|0x0000000086800000, 0x0000000086900000, 0x0000000086900000|100%|HS|  |TAMS 0x0000000086900000, 0x0000000086800000| Complete 
| 105|0x0000000086900000, 0x0000000086a00000, 0x0000000086a00000|100%|HC|  |TAMS 0x0000000086a00000, 0x0000000086900000| Complete 
| 106|0x0000000086a00000, 0x0000000086b00000, 0x0000000086b00000|100%|HC|  |TAMS 0x0000000086b00000, 0x0000000086a00000| Complete 
| 107|0x0000000086b00000, 0x0000000086c00000, 0x0000000086c00000|100%|HS|  |TAMS 0x0000000086c00000, 0x0000000086b00000| Complete 
| 108|0x0000000086c00000, 0x0000000086d00000, 0x0000000086d00000|100%|HC|  |TAMS 0x0000000086d00000, 0x0000000086c00000| Complete 
| 109|0x0000000086d00000, 0x0000000086e00000, 0x0000000086e00000|100%|HC|  |TAMS 0x0000000086e00000, 0x0000000086d00000| Complete 
| 110|0x0000000086e00000, 0x0000000086f00000, 0x0000000086f00000|100%|HS|  |TAMS 0x0000000086f00000, 0x0000000086e00000| Complete 
| 111|0x0000000086f00000, 0x0000000087000000, 0x0000000087000000|100%|HC|  |TAMS 0x0000000087000000, 0x0000000086f00000| Complete 
| 112|0x0000000087000000, 0x0000000087100000, 0x0000000087100000|100%|HC|  |TAMS 0x0000000087100000, 0x0000000087000000| Complete 
| 113|0x0000000087100000, 0x0000000087200000, 0x0000000087200000|100%|HC|  |TAMS 0x0000000087200000, 0x0000000087100000| Complete 
| 114|0x0000000087200000, 0x0000000087300000, 0x0000000087300000|100%|HC|  |TAMS 0x0000000087300000, 0x0000000087200000| Complete 
| 115|0x0000000087300000, 0x0000000087400000, 0x0000000087400000|100%|HS|  |TAMS 0x0000000087400000, 0x0000000087300000| Complete 
| 116|0x0000000087400000, 0x0000000087500000, 0x0000000087500000|100%|HS|  |TAMS 0x0000000087500000, 0x0000000087400000| Complete 
| 117|0x0000000087500000, 0x0000000087600000, 0x0000000087600000|100%|HC|  |TAMS 0x0000000087600000, 0x0000000087500000| Complete 
| 118|0x0000000087600000, 0x0000000087700000, 0x0000000087700000|100%|HC|  |TAMS 0x0000000087700000, 0x0000000087600000| Complete 
| 119|0x0000000087700000, 0x0000000087800000, 0x0000000087800000|100%|HC|  |TAMS 0x0000000087800000, 0x0000000087700000| Complete 
| 120|0x0000000087800000, 0x0000000087900000, 0x0000000087900000|100%| O|  |TAMS 0x0000000087900000, 0x0000000087800000| Untracked 
| 121|0x0000000087900000, 0x0000000087a00000, 0x0000000087a00000|100%| O|  |TAMS 0x0000000087a00000, 0x0000000087900000| Untracked 
| 122|0x0000000087a00000, 0x0000000087b00000, 0x0000000087b00000|100%| O|  |TAMS 0x0000000087b00000, 0x0000000087a00000| Untracked 
| 123|0x0000000087b00000, 0x0000000087c00000, 0x0000000087c00000|100%| O|  |TAMS 0x0000000087c00000, 0x0000000087b00000| Untracked 
| 124|0x0000000087c00000, 0x0000000087d00000, 0x0000000087d00000|100%| O|  |TAMS 0x0000000087d00000, 0x0000000087c00000| Untracked 
| 125|0x0000000087d00000, 0x0000000087e00000, 0x0000000087e00000|100%| O|  |TAMS 0x0000000087e00000, 0x0000000087d00000| Untracked 
| 126|0x0000000087e00000, 0x0000000087f00000, 0x0000000087f00000|100%| O|  |TAMS 0x0000000087f00000, 0x0000000087e00000| Untracked 
| 127|0x0000000087f00000, 0x0000000088000000, 0x0000000088000000|100%| O|  |TAMS 0x0000000088000000, 0x0000000087f00000| Untracked 
| 128|0x0000000088000000, 0x0000000088100000, 0x0000000088100000|100%| O|  |TAMS 0x0000000088100000, 0x0000000088000000| Untracked 
| 129|0x0000000088100000, 0x0000000088200000, 0x0000000088200000|100%| O|  |TAMS 0x0000000088200000, 0x0000000088100000| Untracked 
| 130|0x0000000088200000, 0x0000000088300000, 0x0000000088300000|100%| O|  |TAMS 0x0000000088300000, 0x0000000088200000| Untracked 
| 131|0x0000000088300000, 0x0000000088400000, 0x0000000088400000|100%| O|  |TAMS 0x0000000088400000, 0x0000000088300000| Untracked 
| 132|0x0000000088400000, 0x0000000088500000, 0x0000000088500000|100%| O|  |TAMS 0x0000000088500000, 0x0000000088400000| Untracked 
| 133|0x0000000088500000, 0x0000000088600000, 0x0000000088600000|100%| O|  |TAMS 0x0000000088600000, 0x0000000088500000| Untracked 
| 134|0x0000000088600000, 0x0000000088700000, 0x0000000088700000|100%| O|  |TAMS 0x0000000088700000, 0x0000000088600000| Untracked 
| 135|0x0000000088700000, 0x0000000088800000, 0x0000000088800000|100%| O|  |TAMS 0x0000000088800000, 0x0000000088700000| Untracked 
| 136|0x0000000088800000, 0x0000000088900000, 0x0000000088900000|100%| O|  |TAMS 0x0000000088900000, 0x0000000088800000| Untracked 
| 137|0x0000000088900000, 0x0000000088a00000, 0x0000000088a00000|100%| O|  |TAMS 0x0000000088a00000, 0x0000000088900000| Untracked 
| 138|0x0000000088a00000, 0x0000000088b00000, 0x0000000088b00000|100%| O|  |TAMS 0x0000000088b00000, 0x0000000088a00000| Untracked 
| 139|0x0000000088b00000, 0x0000000088c00000, 0x0000000088c00000|100%| O|  |TAMS 0x0000000088c00000, 0x0000000088b00000| Untracked 
| 140|0x0000000088c00000, 0x0000000088d00000, 0x0000000088d00000|100%| O|  |TAMS 0x0000000088d00000, 0x0000000088c00000| Untracked 
| 141|0x0000000088d00000, 0x0000000088e00000, 0x0000000088e00000|100%| O|  |TAMS 0x0000000088e00000, 0x0000000088d00000| Untracked 
| 142|0x0000000088e00000, 0x0000000088f00000, 0x0000000088f00000|100%| O|  |TAMS 0x0000000088f00000, 0x0000000088e00000| Untracked 
| 143|0x0000000088f00000, 0x0000000089000000, 0x0000000089000000|100%| O|  |TAMS 0x0000000089000000, 0x0000000088f00000| Untracked 
| 144|0x0000000089000000, 0x0000000089100000, 0x0000000089100000|100%| O|  |TAMS 0x0000000089100000, 0x0000000089000000| Untracked 
| 145|0x0000000089100000, 0x0000000089200000, 0x0000000089200000|100%| O|  |TAMS 0x0000000089200000, 0x0000000089100000| Untracked 
| 146|0x0000000089200000, 0x0000000089300000, 0x0000000089300000|100%| O|  |TAMS 0x0000000089300000, 0x0000000089200000| Untracked 
| 147|0x0000000089300000, 0x0000000089400000, 0x0000000089400000|100%| O|  |TAMS 0x0000000089400000, 0x0000000089300000| Untracked 
| 148|0x0000000089400000, 0x0000000089500000, 0x0000000089500000|100%| O|  |TAMS 0x0000000089500000, 0x0000000089400000| Untracked 
| 149|0x0000000089500000, 0x0000000089600000, 0x0000000089600000|100%| O|  |TAMS 0x0000000089600000, 0x0000000089500000| Untracked 
| 150|0x0000000089600000, 0x0000000089672000, 0x0000000089700000| 44%| O|  |TAMS 0x0000000089672000, 0x0000000089600000| Untracked 
| 151|0x0000000089700000, 0x0000000089700000, 0x0000000089800000|  0%| F|  |TAMS 0x0000000089700000, 0x0000000089700000| Untracked 
| 152|0x0000000089800000, 0x0000000089800000, 0x0000000089900000|  0%| F|  |TAMS 0x0000000089800000, 0x0000000089800000| Untracked 
| 153|0x0000000089900000, 0x0000000089900000, 0x0000000089a00000|  0%| F|  |TAMS 0x0000000089900000, 0x0000000089900000| Untracked 
| 154|0x0000000089a00000, 0x0000000089a00000, 0x0000000089b00000|  0%| F|  |TAMS 0x0000000089a00000, 0x0000000089a00000| Untracked 
| 155|0x0000000089b00000, 0x0000000089b00000, 0x0000000089c00000|  0%| F|  |TAMS 0x0000000089b00000, 0x0000000089b00000| Untracked 
| 156|0x0000000089c00000, 0x0000000089c00000, 0x0000000089d00000|  0%| F|  |TAMS 0x0000000089c00000, 0x0000000089c00000| Untracked 
| 157|0x0000000089d00000, 0x0000000089d00000, 0x0000000089e00000|  0%| F|  |TAMS 0x0000000089d00000, 0x0000000089d00000| Untracked 
| 158|0x0000000089e00000, 0x0000000089e00000, 0x0000000089f00000|  0%| F|  |TAMS 0x0000000089e00000, 0x0000000089e00000| Untracked 
| 159|0x0000000089f00000, 0x0000000089f00000, 0x000000008a000000|  0%| F|  |TAMS 0x0000000089f00000, 0x0000000089f00000| Untracked 
| 160|0x000000008a000000, 0x000000008a000000, 0x000000008a100000|  0%| F|  |TAMS 0x000000008a000000, 0x000000008a000000| Untracked 
| 161|0x000000008a100000, 0x000000008a100000, 0x000000008a200000|  0%| F|  |TAMS 0x000000008a100000, 0x000000008a100000| Untracked 
| 162|0x000000008a200000, 0x000000008a200000, 0x000000008a300000|  0%| F|  |TAMS 0x000000008a200000, 0x000000008a200000| Untracked 
| 163|0x000000008a300000, 0x000000008a300000, 0x000000008a400000|  0%| F|  |TAMS 0x000000008a300000, 0x000000008a300000| Untracked 
| 164|0x000000008a400000, 0x000000008a400000, 0x000000008a500000|  0%| F|  |TAMS 0x000000008a400000, 0x000000008a400000| Untracked 
| 165|0x000000008a500000, 0x000000008a500000, 0x000000008a600000|  0%| F|  |TAMS 0x000000008a500000, 0x000000008a500000| Untracked 
| 166|0x000000008a600000, 0x000000008a700000, 0x000000008a700000|100%| O|  |TAMS 0x000000008a700000, 0x000000008a600000| Untracked 
| 167|0x000000008a700000, 0x000000008a800000, 0x000000008a800000|100%| O|  |TAMS 0x000000008a800000, 0x000000008a700000| Untracked 
| 168|0x000000008a800000, 0x000000008a800000, 0x000000008a900000|  0%| F|  |TAMS 0x000000008a800000, 0x000000008a800000| Untracked 
| 169|0x000000008a900000, 0x000000008a900000, 0x000000008aa00000|  0%| F|  |TAMS 0x000000008a900000, 0x000000008a900000| Untracked 
| 170|0x000000008aa00000, 0x000000008aa00000, 0x000000008ab00000|  0%| F|  |TAMS 0x000000008aa00000, 0x000000008aa00000| Untracked 
| 171|0x000000008ab00000, 0x000000008ab00000, 0x000000008ac00000|  0%| F|  |TAMS 0x000000008ab00000, 0x000000008ab00000| Untracked 
| 172|0x000000008ac00000, 0x000000008ac00000, 0x000000008ad00000|  0%| F|  |TAMS 0x000000008ac00000, 0x000000008ac00000| Untracked 
| 173|0x000000008ad00000, 0x000000008ad00000, 0x000000008ae00000|  0%| F|  |TAMS 0x000000008ad00000, 0x000000008ad00000| Untracked 
| 174|0x000000008ae00000, 0x000000008ae00000, 0x000000008af00000|  0%| F|  |TAMS 0x000000008ae00000, 0x000000008ae00000| Untracked 
| 175|0x000000008af00000, 0x000000008af00000, 0x000000008b000000|  0%| F|  |TAMS 0x000000008af00000, 0x000000008af00000| Untracked 
| 176|0x000000008b000000, 0x000000008b000000, 0x000000008b100000|  0%| F|  |TAMS 0x000000008b000000, 0x000000008b000000| Untracked 
| 177|0x000000008b100000, 0x000000008b100000, 0x000000008b200000|  0%| F|  |TAMS 0x000000008b100000, 0x000000008b100000| Untracked 
| 178|0x000000008b200000, 0x000000008b200000, 0x000000008b300000|  0%| F|  |TAMS 0x000000008b200000, 0x000000008b200000| Untracked 
| 179|0x000000008b300000, 0x000000008b300000, 0x000000008b400000|  0%| F|  |TAMS 0x000000008b300000, 0x000000008b300000| Untracked 
| 180|0x000000008b400000, 0x000000008b400000, 0x000000008b500000|  0%| F|  |TAMS 0x000000008b400000, 0x000000008b400000| Untracked 
| 181|0x000000008b500000, 0x000000008b57d660, 0x000000008b600000| 48%| S|CS|TAMS 0x000000008b500000, 0x000000008b500000| Complete 
| 182|0x000000008b600000, 0x000000008b700000, 0x000000008b700000|100%| S|CS|TAMS 0x000000008b600000, 0x000000008b600000| Complete 
| 183|0x000000008b700000, 0x000000008b800000, 0x000000008b800000|100%| S|CS|TAMS 0x000000008b700000, 0x000000008b700000| Complete 
| 184|0x000000008b800000, 0x000000008b800000, 0x000000008b900000|  0%| F|  |TAMS 0x000000008b800000, 0x000000008b800000| Untracked 
| 185|0x000000008b900000, 0x000000008b900000, 0x000000008ba00000|  0%| F|  |TAMS 0x000000008b900000, 0x000000008b900000| Untracked 
| 186|0x000000008ba00000, 0x000000008ba00000, 0x000000008bb00000|  0%| F|  |TAMS 0x000000008ba00000, 0x000000008ba00000| Untracked 
| 187|0x000000008bb00000, 0x000000008bb00000, 0x000000008bc00000|  0%| F|  |TAMS 0x000000008bb00000, 0x000000008bb00000| Untracked 
| 188|0x000000008bc00000, 0x000000008bc00000, 0x000000008bd00000|  0%| F|  |TAMS 0x000000008bc00000, 0x000000008bc00000| Untracked 
| 189|0x000000008bd00000, 0x000000008bd00000, 0x000000008be00000|  0%| F|  |TAMS 0x000000008bd00000, 0x000000008bd00000| Untracked 
| 190|0x000000008be00000, 0x000000008be00000, 0x000000008bf00000|  0%| F|  |TAMS 0x000000008be00000, 0x000000008be00000| Untracked 
| 191|0x000000008bf00000, 0x000000008bf00000, 0x000000008c000000|  0%| F|  |TAMS 0x000000008bf00000, 0x000000008bf00000| Untracked 
| 192|0x000000008c000000, 0x000000008c000000, 0x000000008c100000|  0%| F|  |TAMS 0x000000008c000000, 0x000000008c000000| Untracked 
| 193|0x000000008c100000, 0x000000008c100000, 0x000000008c200000|  0%| F|  |TAMS 0x000000008c100000, 0x000000008c100000| Untracked 
| 194|0x000000008c200000, 0x000000008c200000, 0x000000008c300000|  0%| F|  |TAMS 0x000000008c200000, 0x000000008c200000| Untracked 
| 195|0x000000008c300000, 0x000000008c300000, 0x000000008c400000|  0%| F|  |TAMS 0x000000008c300000, 0x000000008c300000| Untracked 
| 196|0x000000008c400000, 0x000000008c400000, 0x000000008c500000|  0%| F|  |TAMS 0x000000008c400000, 0x000000008c400000| Untracked 
| 197|0x000000008c500000, 0x000000008c5f8a18, 0x000000008c600000| 97%| E|  |TAMS 0x000000008c500000, 0x000000008c500000| Complete 
| 198|0x000000008c600000, 0x000000008c700000, 0x000000008c700000|100%| E|CS|TAMS 0x000000008c600000, 0x000000008c600000| Complete 
| 199|0x000000008c700000, 0x000000008c800000, 0x000000008c800000|100%| E|CS|TAMS 0x000000008c700000, 0x000000008c700000| Complete 
| 200|0x000000008c800000, 0x000000008c900000, 0x000000008c900000|100%| E|CS|TAMS 0x000000008c800000, 0x000000008c800000| Complete 
| 201|0x000000008c900000, 0x000000008ca00000, 0x000000008ca00000|100%| E|CS|TAMS 0x000000008c900000, 0x000000008c900000| Complete 
| 202|0x000000008ca00000, 0x000000008cb00000, 0x000000008cb00000|100%| E|CS|TAMS 0x000000008ca00000, 0x000000008ca00000| Complete 
| 203|0x000000008cb00000, 0x000000008cc00000, 0x000000008cc00000|100%| E|CS|TAMS 0x000000008cb00000, 0x000000008cb00000| Complete 
| 204|0x000000008cc00000, 0x000000008cd00000, 0x000000008cd00000|100%| E|CS|TAMS 0x000000008cc00000, 0x000000008cc00000| Complete 
| 205|0x000000008cd00000, 0x000000008ce00000, 0x000000008ce00000|100%| E|CS|TAMS 0x000000008cd00000, 0x000000008cd00000| Complete 
| 206|0x000000008ce00000, 0x000000008cf00000, 0x000000008cf00000|100%| E|CS|TAMS 0x000000008ce00000, 0x000000008ce00000| Complete 

Card table byte_map: [0x000001b8b98c0000,0x000001b8b9cc0000] _byte_map_base: 0x000001b8b94c0000

Marking Bits (Prev, Next): (CMBitMap*) 0x000001b8a69eef78, (CMBitMap*) 0x000001b8a69eefb0
 Prev Bits: [0x000001b8ba0c0000, 0x000001b8bc0c0000)
 Next Bits: [0x000001b8bc0c0000, 0x000001b8be0c0000)

Polling page: 0x000001b8a6180000

Metaspace:

Usage:
  Non-class:    100.48 MB capacity,    98.60 MB ( 98%) used,     1.55 MB (  2%) free+waste,   338.50 KB ( <1%) overhead. 
      Class:     14.82 MB capacity,    13.74 MB ( 93%) used,   949.77 KB (  6%) free+waste,   149.38 KB ( <1%) overhead. 
       Both:    115.30 MB capacity,   112.35 MB ( 97%) used,     2.48 MB (  2%) free+waste,   487.88 KB ( <1%) overhead. 

Virtual space:
  Non-class space:      102.00 MB reserved,     100.67 MB ( 99%) committed 
      Class space:        1.00 GB reserved,      14.95 MB (  1%) committed 
             Both:        1.10 GB reserved,     115.62 MB ( 10%) committed 

Chunk freelists:
   Non-Class:  2.00 KB
       Class:  26.00 KB
        Both:  28.00 KB

MaxMetaspaceSize: 17179869184.00 GB
CompressedClassSpaceSize: 1.00 GB
Initial GC threshold: 20.80 MB
Current GC threshold: 192.70 MB
CDS: off

CodeHeap 'non-profiled nmethods': size=120064Kb used=10874Kb max_used=11017Kb free=109189Kb
 bounds [0x000001b8b1f80000, 0x000001b8b2a50000, 0x000001b8b94c0000]
CodeHeap 'profiled nmethods': size=120000Kb used=36116Kb max_used=36116Kb free=83884Kb
 bounds [0x000001b8aaa50000, 0x000001b8acda0000, 0x000001b8b1f80000]
CodeHeap 'non-nmethods': size=5696Kb used=2514Kb max_used=2542Kb free=3181Kb
 bounds [0x000001b8aa4c0000, 0x000001b8aa740000, 0x000001b8aaa50000]
 total_blobs=16436 nmethods=15365 adapters=984
 compilation: enabled
              stopped_count=0, restarted_count=0
 full_count=0

Compilation events (20 events):
Event: 1226.312 Thread 0x000001b8c028f800 nmethod 16245 0x000001b8b20b8590 code [0x000001b8b20b8720, 0x000001b8b20b8798]
Event: 1226.313 Thread 0x000001b8c028f800 16246       4       java.util.TreeMap::getFloorEntry (107 bytes)
Event: 1226.318 Thread 0x000001b8c028f800 nmethod 16246 0x000001b8b20b7f90 code [0x000001b8b20b8140, 0x000001b8b20b8358]
Event: 1226.445 Thread 0x000001b8c028f800 16247       4       java.nio.HeapByteBuffer::get (59 bytes)
Event: 1226.449 Thread 0x000001b8c028f800 nmethod 16247 0x000001b8b20b7990 code [0x000001b8b20b7b40, 0x000001b8b20b7d38]
Event: 1226.588 Thread 0x000001b8c028f800 16248       4       com.android.tools.build.apkzlib.zip.ZipField::checkVerifiesInvariants (104 bytes)
Event: 1226.631 Thread 0x000001b8c028f800 nmethod 16248 0x000001b8b20b6490 code [0x000001b8b20b66a0, 0x000001b8b20b7378]
Event: 1226.638 Thread 0x000001b8c028f800 16249   !   4       com.android.tools.build.apkzlib.zip.CentralDirectoryHeader::getCompressionInfoWithWait (50 bytes)
Event: 1226.641 Thread 0x000001b8c028f800 nmethod 16249 0x000001b8b20b6110 code [0x000001b8b20b62c0, 0x000001b8b20b6378]
Event: 1226.777 Thread 0x000001b8c028f800 16250       4       com.android.builder.files.RelativeFile::hashCode (22 bytes)
Event: 1226.780 Thread 0x000001b8c028f800 nmethod 16250 0x000001b8b20b5c90 code [0x000001b8b20b5e40, 0x000001b8b20b5fb8]
Event: 1226.900 Thread 0x000001b8c028f800 16251       4       java.util.Collections::addAll (43 bytes)
Event: 1226.902 Thread 0x000001b8c028f800 nmethod 16251 0x000001b8b20b5910 code [0x000001b8b20b5aa0, 0x000001b8b20b5b78]
Event: 1227.021 Thread 0x000001b8c028f800 16252       4       java.nio.HeapByteBuffer::getShort (25 bytes)
Event: 1227.023 Thread 0x000001b8c028f800 nmethod 16252 0x000001b8b20b5590 code [0x000001b8b20b5720, 0x000001b8b20b57f8]
Event: 1227.113 Thread 0x000001b8c0294800 16253       3       com.android.tools.build.apkzlib.zip.StoredEntry$$Lambda$1225/0x0000000100ecfc40::get$Lambda (9 bytes)
Event: 1227.114 Thread 0x000001b8c0294800 nmethod 16253 0x000001b8acd93c90 code [0x000001b8acd93e60, 0x000001b8acd940b8]
Event: 1227.118 Thread 0x000001b8c028f800 16254       4       com.android.tools.build.apkzlib.zip.ZFile::directFullyRead (131 bytes)
Event: 1227.160 Thread 0x000001b8c0294800 16257       3       com.android.tools.build.apkzlib.zip.StoredEntry$$Lambda$1225/0x0000000100ecfc40::get (8 bytes)
Event: 1227.160 Thread 0x000001b8c0294800 nmethod 16257 0x000001b8acd94190 code [0x000001b8acd94380, 0x000001b8acd946c8]

GC Heap History (20 events):
Event: 1170.148 GC heap before
{Heap before GC invocations=188 (full 0):
 garbage-first heap   total 211968K, used 175168K [0x0000000080000000, 0x0000000100000000)
  region size 1024K, 15 young (15360K), 2 survivors (2048K)
 Metaspace       used 108574K, capacity 111492K, committed 111612K, reserved 1146880K
  class space    used 13322K, capacity 14394K, committed 14412K, reserved 1048576K
}
Event: 1170.164 GC heap after
{Heap after GC invocations=189 (full 0):
 garbage-first heap   total 211968K, used 160958K [0x0000000080000000, 0x0000000100000000)
  region size 1024K, 1 young (1024K), 1 survivors (1024K)
 Metaspace       used 108574K, capacity 111492K, committed 111612K, reserved 1146880K
  class space    used 13322K, capacity 14394K, committed 14412K, reserved 1048576K
}
Event: 1173.573 GC heap before
{Heap before GC invocations=190 (full 0):
 garbage-first heap   total 211968K, used 176318K [0x0000000080000000, 0x0000000100000000)
  region size 1024K, 16 young (16384K), 1 survivors (1024K)
 Metaspace       used 108593K, capacity 111492K, committed 111612K, reserved 1146880K
  class space    used 13322K, capacity 14394K, committed 14412K, reserved 1048576K
}
Event: 1173.578 GC heap after
{Heap after GC invocations=191 (full 0):
 garbage-first heap   total 211968K, used 160397K [0x0000000080000000, 0x0000000100000000)
  region size 1024K, 1 young (1024K), 1 survivors (1024K)
 Metaspace       used 108593K, capacity 111492K, committed 111612K, reserved 1146880K
  class space    used 13322K, capacity 14394K, committed 14412K, reserved 1048576K
}
Event: 1175.320 GC heap before
{Heap before GC invocations=191 (full 0):
 garbage-first heap   total 211968K, used 169613K [0x0000000080000000, 0x0000000100000000)
  region size 1024K, 10 young (10240K), 1 survivors (1024K)
 Metaspace       used 108644K, capacity 111556K, committed 111612K, reserved 1146880K
  class space    used 13322K, capacity 14394K, committed 14412K, reserved 1048576K
}
Event: 1175.327 GC heap after
{Heap after GC invocations=192 (full 0):
 garbage-first heap   total 211968K, used 156790K [0x0000000080000000, 0x0000000100000000)
  region size 1024K, 1 young (1024K), 1 survivors (1024K)
 Metaspace       used 108644K, capacity 111556K, committed 111612K, reserved 1146880K
  class space    used 13322K, capacity 14394K, committed 14412K, reserved 1048576K
}
Event: 1194.794 GC heap before
{Heap before GC invocations=192 (full 0):
 garbage-first heap   total 211968K, used 175222K [0x0000000080000000, 0x0000000100000000)
  region size 1024K, 20 young (20480K), 1 survivors (1024K)
 Metaspace       used 109359K, capacity 112252K, committed 112508K, reserved 1146880K
  class space    used 13383K, capacity 14430K, committed 14540K, reserved 1048576K
}
Event: 1194.804 GC heap after
{Heap after GC invocations=193 (full 0):
 garbage-first heap   total 211968K, used 157253K [0x0000000080000000, 0x0000000100000000)
  region size 1024K, 1 young (1024K), 1 survivors (1024K)
 Metaspace       used 109359K, capacity 112252K, committed 112508K, reserved 1146880K
  class space    used 13383K, capacity 14430K, committed 14540K, reserved 1048576K
}
Event: 1204.920 GC heap before
{Heap before GC invocations=194 (full 0):
 garbage-first heap   total 211968K, used 177733K [0x0000000080000000, 0x0000000100000000)
  region size 1024K, 22 young (22528K), 1 survivors (1024K)
 Metaspace       used 110719K, capacity 113700K, committed 113916K, reserved 1148928K
  class space    used 13566K, capacity 14635K, committed 14668K, reserved 1048576K
}
Event: 1204.931 GC heap after
{Heap after GC invocations=195 (full 0):
 garbage-first heap   total 211968K, used 157598K [0x0000000080000000, 0x0000000100000000)
  region size 1024K, 1 young (1024K), 1 survivors (1024K)
 Metaspace       used 110719K, capacity 113700K, committed 113916K, reserved 1148928K
  class space    used 13566K, capacity 14635K, committed 14668K, reserved 1048576K
}
Event: 1205.356 GC heap before
{Heap before GC invocations=195 (full 0):
 garbage-first heap   total 211968K, used 166814K [0x0000000080000000, 0x0000000100000000)
  region size 1024K, 10 young (10240K), 1 survivors (1024K)
 Metaspace       used 111386K, capacity 114372K, committed 114556K, reserved 1148928K
  class space    used 13656K, capacity 14731K, committed 14796K, reserved 1048576K
}
Event: 1205.370 GC heap after
{Heap after GC invocations=196 (full 0):
 garbage-first heap   total 211968K, used 153055K [0x0000000080000000, 0x0000000100000000)
  region size 1024K, 2 young (2048K), 2 survivors (2048K)
 Metaspace       used 111386K, capacity 114372K, committed 114556K, reserved 1148928K
  class space    used 13656K, capacity 14731K, committed 14796K, reserved 1048576K
}
Event: 1206.112 GC heap before
{Heap before GC invocations=196 (full 0):
 garbage-first heap   total 211968K, used 176607K [0x0000000080000000, 0x0000000100000000)
  region size 1024K, 25 young (25600K), 2 survivors (2048K)
 Metaspace       used 113130K, capacity 116132K, committed 116348K, reserved 1150976K
  class space    used 13881K, capacity 14955K, committed 15052K, reserved 1048576K
}
Event: 1206.122 GC heap after
{Heap after GC invocations=197 (full 0):
 garbage-first heap   total 211968K, used 153305K [0x0000000080000000, 0x0000000100000000)
  region size 1024K, 2 young (2048K), 2 survivors (2048K)
 Metaspace       used 113130K, capacity 116132K, committed 116348K, reserved 1150976K
  class space    used 13881K, capacity 14955K, committed 15052K, reserved 1048576K
}
Event: 1213.514 GC heap before
{Heap before GC invocations=198 (full 0):
 garbage-first heap   total 211968K, used 176857K [0x0000000080000000, 0x0000000100000000)
  region size 1024K, 26 young (26624K), 2 survivors (2048K)
 Metaspace       used 113607K, capacity 116594K, committed 116860K, reserved 1150976K
  class space    used 13899K, capacity 14957K, committed 15052K, reserved 1048576K
}
Event: 1213.630 GC heap after
{Heap after GC invocations=199 (full 0):
 garbage-first heap   total 211968K, used 156693K [0x0000000080000000, 0x0000000100000000)
  region size 1024K, 4 young (4096K), 4 survivors (4096K)
 Metaspace       used 113607K, capacity 116594K, committed 116860K, reserved 1150976K
  class space    used 13899K, capacity 14957K, committed 15052K, reserved 1048576K
}
Event: 1216.368 GC heap before
{Heap before GC invocations=199 (full 0):
 garbage-first heap   total 211968K, used 161813K [0x0000000080000000, 0x0000000100000000)
  region size 1024K, 10 young (10240K), 4 survivors (4096K)
 Metaspace       used 114044K, capacity 117068K, committed 117116K, reserved 1150976K
  class space    used 13945K, capacity 15010K, committed 15052K, reserved 1048576K
}
Event: 1216.396 GC heap after
{Heap after GC invocations=200 (full 0):
 garbage-first heap   total 211968K, used 156778K [0x0000000080000000, 0x0000000100000000)
  region size 1024K, 1 young (1024K), 1 survivors (1024K)
 Metaspace       used 114044K, capacity 117068K, committed 117116K, reserved 1150976K
  class space    used 13945K, capacity 15010K, committed 15052K, reserved 1048576K
}
Event: 1226.030 GC heap before
{Heap before GC invocations=200 (full 0):
 garbage-first heap   total 211968K, used 178282K [0x0000000080000000, 0x0000000100000000)
  region size 1024K, 23 young (23552K), 1 survivors (1024K)
 Metaspace       used 115043K, capacity 118067K, committed 118396K, reserved 1153024K
  class space    used 14074K, capacity 15174K, committed 15308K, reserved 1048576K
}
Event: 1226.050 GC heap after
{Heap after GC invocations=201 (full 0):
 garbage-first heap   total 211968K, used 158653K [0x0000000080000000, 0x0000000100000000)
  region size 1024K, 3 young (3072K), 3 survivors (3072K)
 Metaspace       used 115043K, capacity 118067K, committed 118396K, reserved 1153024K
  class space    used 14074K, capacity 15174K, committed 15308K, reserved 1048576K
}

Deoptimization events (20 events):
Event: 1225.895 Thread 0x000001b8c7808800 Uncommon trap: trap_request=0xffffffc6 fr.pc=0x000001b8b263c2b4 relative=0x0000000000000a74
Event: 1225.895 Thread 0x000001b8c7808800 Uncommon trap: reason=bimorphic_or_optimized_type_check action=maybe_recompile pc=0x000001b8b263c2b4 method=sun.nio.cs.StreamEncoder.writeBytes()V @ 120 c2
Event: 1225.895 Thread 0x000001b8c7808800 DEOPT PACKING pc=0x000001b8b263c2b4 sp=0x00000040450fddd0
Event: 1225.895 Thread 0x000001b8c7808800 DEOPT UNPACKING pc=0x000001b8aa50a1af sp=0x00000040450fdda8 mode 2
Event: 1225.913 Thread 0x000001b8c780b000 Uncommon trap: trap_request=0xffffffde fr.pc=0x000001b8b2074dc4 relative=0x0000000000000b24
Event: 1225.914 Thread 0x000001b8c780b000 Uncommon trap: reason=class_check action=maybe_recompile pc=0x000001b8b2074dc4 method=com.android.tools.build.apkzlib.zip.ZipField.checkVerifiesInvariants(J)V @ 25 c2
Event: 1225.914 Thread 0x000001b8c780b000 DEOPT PACKING pc=0x000001b8b2074dc4 sp=0x0000004047afd920
Event: 1225.914 Thread 0x000001b8c780b000 DEOPT UNPACKING pc=0x000001b8aa50a1af sp=0x0000004047afd8e8 mode 2
Event: 1226.091 Thread 0x000001b8c780b000 Uncommon trap: trap_request=0xffffffde fr.pc=0x000001b8b2074dc4 relative=0x0000000000000b24
Event: 1226.091 Thread 0x000001b8c780b000 Uncommon trap: reason=class_check action=maybe_recompile pc=0x000001b8b2074dc4 method=com.android.tools.build.apkzlib.zip.ZipField.checkVerifiesInvariants(J)V @ 25 c2
Event: 1226.091 Thread 0x000001b8c780b000 DEOPT PACKING pc=0x000001b8b2074dc4 sp=0x0000004047afd920
Event: 1226.091 Thread 0x000001b8c780b000 DEOPT UNPACKING pc=0x000001b8aa50a1af sp=0x0000004047afd8e8 mode 2
Event: 1226.443 Thread 0x000001b8c780b000 Uncommon trap: trap_request=0xffffffde fr.pc=0x000001b8b2074dc4 relative=0x0000000000000b24
Event: 1226.443 Thread 0x000001b8c780b000 Uncommon trap: reason=class_check action=maybe_recompile pc=0x000001b8b2074dc4 method=com.android.tools.build.apkzlib.zip.ZipField.checkVerifiesInvariants(J)V @ 25 c2
Event: 1226.443 Thread 0x000001b8c780b000 DEOPT PACKING pc=0x000001b8b2074dc4 sp=0x0000004047afd920
Event: 1226.443 Thread 0x000001b8c780b000 DEOPT UNPACKING pc=0x000001b8aa50a1af sp=0x0000004047afd8e8 mode 2
Event: 1226.574 Thread 0x000001b8c780b000 Uncommon trap: trap_request=0xffffffde fr.pc=0x000001b8b2074dc4 relative=0x0000000000000b24
Event: 1226.574 Thread 0x000001b8c780b000 Uncommon trap: reason=class_check action=maybe_recompile pc=0x000001b8b2074dc4 method=com.android.tools.build.apkzlib.zip.ZipField.checkVerifiesInvariants(J)V @ 25 c2
Event: 1226.574 Thread 0x000001b8c780b000 DEOPT PACKING pc=0x000001b8b2074dc4 sp=0x0000004047afd920
Event: 1226.574 Thread 0x000001b8c780b000 DEOPT UNPACKING pc=0x000001b8aa50a1af sp=0x0000004047afd8e8 mode 2

Classes redefined (0 events):
No events

Internal exceptions (20 events):
Event: 1194.504 Thread 0x000001b8c7801000 Exception <a 'sun/nio/fs/WindowsException'{0x000000008b9b7d40}> (0x000000008b9b7d40) thrown at [./src/hotspot/share/prims/jni.cpp, line 616]
Event: 1194.504 Thread 0x000001b8c7801000 Exception <a 'sun/nio/fs/WindowsException'{0x000000008b9b8e28}> (0x000000008b9b8e28) thrown at [./src/hotspot/share/prims/jni.cpp, line 616]
Event: 1194.504 Thread 0x000001b8c7801000 Exception <a 'sun/nio/fs/WindowsException'{0x000000008b9b9360}> (0x000000008b9b9360) thrown at [./src/hotspot/share/prims/jni.cpp, line 616]
Event: 1194.504 Thread 0x000001b8c7801000 Exception <a 'sun/nio/fs/WindowsException'{0x000000008b9ba470}> (0x000000008b9ba470) thrown at [./src/hotspot/share/prims/jni.cpp, line 616]
Event: 1207.609 Thread 0x000001b8c7801000 Exception <a 'sun/nio/fs/WindowsException'{0x000000008c8efb98}> (0x000000008c8efb98) thrown at [./src/hotspot/share/prims/jni.cpp, line 616]
Event: 1207.609 Thread 0x000001b8c7801000 Exception <a 'sun/nio/fs/WindowsException'{0x000000008c8f0a38}> (0x000000008c8f0a38) thrown at [./src/hotspot/share/prims/jni.cpp, line 616]
Event: 1213.184 Thread 0x000001b8c7801000 Exception <a 'sun/nio/fs/WindowsException'{0x000000008b732fb0}> (0x000000008b732fb0) thrown at [./src/hotspot/share/prims/jni.cpp, line 616]
Event: 1213.184 Thread 0x000001b8c7801000 Exception <a 'sun/nio/fs/WindowsException'{0x000000008b733e50}> (0x000000008b733e50) thrown at [./src/hotspot/share/prims/jni.cpp, line 616]
Event: 1213.749 Thread 0x000001b8c7801000 Exception <a 'java/lang/NoSuchMethodError'{0x000000008ce7f5f0}: <clinit>> (0x000000008ce7f5f0) thrown at [./src/hotspot/share/prims/jni.cpp, line 1366]
Event: 1213.752 Thread 0x000001b8c7801000 Exception <a 'java/lang/NoSuchMethodError'{0x000000008ce9e590}: <clinit>> (0x000000008ce9e590) thrown at [./src/hotspot/share/prims/jni.cpp, line 1366]
Event: 1213.780 Thread 0x000001b8c7801000 Exception <a 'java/lang/NoSuchMethodError'{0x000000008cef8e68}: <clinit>> (0x000000008cef8e68) thrown at [./src/hotspot/share/prims/jni.cpp, line 1366]
Event: 1216.360 Thread 0x000001b8c7808800 Exception <a 'java/lang/NoSuchMethodError'{0x000000008cc12670}: 'void java.lang.invoke.DirectMethodHandle$Holder.invokeStatic(java.lang.Object, long)'> (0x000000008cc12670) thrown at [./src/hotspot/share/interpreter/linkResolver.cpp, line 773]
Event: 1216.361 Thread 0x000001b8c7808800 Exception <a 'java/lang/NoSuchMethodError'{0x000000008cc17888}: 'java.lang.Object java.lang.invoke.DirectMethodHandle$Holder.invokeStatic(java.lang.Object, long)'> (0x000000008cc17888) thrown at [./src/hotspot/share/interpreter/linkResolver.cpp, line 773]
Event: 1216.368 Thread 0x000001b8c7808800 Exception <a 'java/lang/NoSuchMethodError'{0x000000008c9fe670}: 'java.lang.Object java.lang.invoke.DirectMethodHandle$Holder.invokeStaticInit(java.lang.Object, java.lang.Object, long, java.lang.Object)'> (0x000000008c9fe670) thrown at [./src/hotspot/share/interpreter/linkResolver.cpp, line 773]
Event: 1216.398 Thread 0x000001b8c7808800 Exception <a 'java/lang/NoSuchMethodError'{0x000000008ce04d80}: 'java.lang.Object java.lang.invoke.DirectMethodHandle$Holder.invokeStatic(java.lang.Object, java.lang.Object, long)'> (0x000000008ce04d80) thrown at [./src/hotspot/share/interpreter/linkResolver.cpp, line 773]
Event: 1216.399 Thread 0x000001b8c7808800 Exception <a 'java/lang/NoSuchMethodError'{0x000000008ce0b2f8}: 'java.lang.Object java.lang.invoke.Invokers$Holder.linkToTargetMethod(java.lang.Object, long, java.lang.Object)'> (0x000000008ce0b2f8) thrown at [./src/hotspot/share/interpreter/linkResolver.cpp, line 773]
Event: 1222.526 Thread 0x000001b8c378f000 Exception <a 'java/lang/NoSuchMethodError'{0x000000008c360b08}: 'int java.lang.invoke.DirectMethodHandle$Holder.invokeSpecial(java.lang.Object, java.lang.Object, java.lang.Object, java.lang.Object, java.lang.Object)'> (0x000000008c360b08) thrown at [./src/hotspot/share/interpreter/linkResolver.cpp, line 773]
Event: 1222.651 Thread 0x000001b8c378f000 Exception <a 'sun/nio/fs/WindowsException'{0x000000008c3d1498}> (0x000000008c3d1498) thrown at [./src/hotspot/share/prims/jni.cpp, line 616]
Event: 1222.651 Thread 0x000001b8c378f000 Exception <a 'sun/nio/fs/WindowsException'{0x000000008c3d2b18}> (0x000000008c3d2b18) thrown at [./src/hotspot/share/prims/jni.cpp, line 616]
Event: 1222.749 Thread 0x000001b8c780b000 Exception <a 'sun/nio/fs/WindowsException'{0x000000008c2c8b28}> (0x000000008c2c8b28) thrown at [./src/hotspot/share/prims/jni.cpp, line 616]

Events (20 events):
Event: 1225.850 loading class com/android/tools/build/apkzlib/utils/IOExceptionFunction
Event: 1225.850 loading class com/android/tools/build/apkzlib/utils/IOExceptionFunction done
Event: 1225.850 loading class com/android/tools/build/apkzlib/utils/IOExceptionFunction
Event: 1225.850 loading class com/android/tools/build/apkzlib/utils/IOExceptionFunction done
Event: 1225.866 loading class com/google/common/collect/AbstractIterator$1
Event: 1225.866 loading class com/google/common/collect/AbstractIterator$1 done
Event: 1225.893 Executing VM operation: RevokeBias
Event: 1225.893 Executing VM operation: RevokeBias done
Event: 1225.915 loading class com/android/tools/build/apkzlib/zip/DataDescriptorType
Event: 1225.915 loading class com/android/tools/build/apkzlib/zip/DataDescriptorType done
Event: 1225.915 loading class com/android/tools/build/apkzlib/zip/DataDescriptorType
Event: 1225.915 loading class com/android/tools/build/apkzlib/zip/DataDescriptorType done
Event: 1225.915 loading class com/android/tools/build/apkzlib/zip/StoredEntry
Event: 1225.915 loading class com/android/tools/build/apkzlib/zip/StoredEntry done
Event: 1226.030 Executing VM operation: G1CollectForAllocation
Event: 1226.050 Executing VM operation: G1CollectForAllocation done
Event: 1226.323 Executing VM operation: CGC_Operation
Event: 1226.377 Executing VM operation: CGC_Operation done
Event: 1226.529 Executing VM operation: CGC_Operation
Event: 1226.530 Executing VM operation: CGC_Operation done


Dynamic libraries:
0x00007ff7d5220000 - 0x00007ff7d522a000 	C:\Program Files\Android\Android Studio\jre\bin\java.exe
0x00007ffd29320000 - 0x00007ffd29510000 	C:\windows\SYSTEM32\ntdll.dll
0x00007ffd28490000 - 0x00007ffd28542000 	C:\windows\System32\KERNEL32.DLL
0x00007ffd266a0000 - 0x00007ffd26945000 	C:\windows\System32\KERNELBASE.dll
0x00007ffd26290000 - 0x00007ffd2638a000 	C:\windows\System32\ucrtbase.dll
0x00007ffcf6e50000 - 0x00007ffcf6e69000 	C:\Program Files\Android\Android Studio\jre\bin\jli.dll
0x00007ffd290a0000 - 0x00007ffd29234000 	C:\windows\System32\USER32.dll
0x00007ffd26390000 - 0x00007ffd263b1000 	C:\windows\System32\win32u.dll
0x00007ffd280e0000 - 0x00007ffd28106000 	C:\windows\System32\GDI32.dll
0x00007ffd27230000 - 0x00007ffd273c8000 	C:\windows\System32\gdi32full.dll
0x00007ffd27190000 - 0x00007ffd2722e000 	C:\windows\System32\msvcp_win.dll
0x00007ffcdcfa0000 - 0x00007ffcdcfb7000 	C:\Program Files\Android\Android Studio\jre\bin\VCRUNTIME140.dll
0x00007ffd0ed80000 - 0x00007ffd0f004000 	C:\windows\WinSxS\amd64_microsoft.windows.common-controls_6595b64144ccf1df_6.0.18362.1556_none_9e7e372fe45e41d5\COMCTL32.dll
0x00007ffd28b90000 - 0x00007ffd28c2e000 	C:\windows\System32\msvcrt.dll
0x00007ffd285c0000 - 0x00007ffd288f6000 	C:\windows\System32\combase.dll
0x00007ffd28110000 - 0x00007ffd2822f000 	C:\windows\System32\RPCRT4.dll
0x00007ffd27100000 - 0x00007ffd27181000 	C:\windows\System32\bcryptPrimitives.dll
0x00007ffd28390000 - 0x00007ffd283be000 	C:\windows\System32\IMM32.DLL
0x00007ffcd9960000 - 0x00007ffcd99fd000 	C:\Program Files\Android\Android Studio\jre\bin\msvcp140.dll
0x00007ffcd7870000 - 0x00007ffcd8372000 	C:\Program Files\Android\Android Studio\jre\bin\server\jvm.dll
0x00007ffd28ae0000 - 0x00007ffd28b83000 	C:\windows\System32\ADVAPI32.dll
0x00007ffd29240000 - 0x00007ffd292d7000 	C:\windows\System32\sechost.dll
0x00007ffd27e10000 - 0x00007ffd27e18000 	C:\windows\System32\PSAPI.DLL
0x00007ffd07b50000 - 0x00007ffd07b59000 	C:\windows\SYSTEM32\WSOCK32.dll
0x00007ffd28550000 - 0x00007ffd285bf000 	C:\windows\System32\WS2_32.dll
0x00007ffd1d760000 - 0x00007ffd1d784000 	C:\windows\SYSTEM32\WINMM.dll
0x00007ffd1f210000 - 0x00007ffd1f21a000 	C:\windows\SYSTEM32\VERSION.dll
0x00007ffd1d510000 - 0x00007ffd1d53d000 	C:\windows\SYSTEM32\WINMMBASE.dll
0x00007ffd26580000 - 0x00007ffd265ca000 	C:\windows\System32\cfgmgr32.dll
0x00007ffd26270000 - 0x00007ffd26281000 	C:\windows\System32\kernel.appcore.dll
0x00007ffcf7160000 - 0x00007ffcf7171000 	C:\Program Files\Android\Android Studio\jre\bin\verify.dll
0x00007ffd15670000 - 0x00007ffd15864000 	C:\windows\SYSTEM32\DBGHELP.DLL
0x00007ffd15640000 - 0x00007ffd1566a000 	C:\windows\SYSTEM32\dbgcore.DLL
0x00007ffcdbe30000 - 0x00007ffcdbe59000 	C:\Program Files\Android\Android Studio\jre\bin\java.dll
0x00007ffced790000 - 0x00007ffced79b000 	C:\Program Files\Android\Android Studio\jre\bin\jimage.dll
0x00007ffcec8f0000 - 0x00007ffcec908000 	C:\Program Files\Android\Android Studio\jre\bin\zip.dll
0x00007ffd273d0000 - 0x00007ffd27ab7000 	C:\windows\System32\SHELL32.dll
0x00007ffd27b30000 - 0x00007ffd27bd8000 	C:\windows\System32\shcore.dll
0x00007ffd26950000 - 0x00007ffd270cb000 	C:\windows\System32\windows.storage.dll
0x00007ffd26200000 - 0x00007ffd2621e000 	C:\windows\System32\profapi.dll
0x00007ffd26220000 - 0x00007ffd2626a000 	C:\windows\System32\powrprof.dll
0x00007ffd261d0000 - 0x00007ffd261e0000 	C:\windows\System32\UMPDC.dll
0x00007ffd28a80000 - 0x00007ffd28ad2000 	C:\windows\System32\shlwapi.dll
0x00007ffd26680000 - 0x00007ffd26697000 	C:\windows\System32\cryptsp.dll
0x00007ffcdcf80000 - 0x00007ffcdcf9a000 	C:\Program Files\Android\Android Studio\jre\bin\net.dll
0x00007ffd1e0b0000 - 0x00007ffd1e1aa000 	C:\windows\SYSTEM32\WINHTTP.dll
0x00007ffd259e0000 - 0x00007ffd25a47000 	C:\windows\system32\mswsock.dll
0x00007ffcdb000000 - 0x00007ffcdb014000 	C:\Program Files\Android\Android Studio\jre\bin\nio.dll
0x00007ffcdbf30000 - 0x00007ffcdbf57000 	C:\Users\caby5\.gradle\native\e1d6ef7f7dcc3fd88c89a11ec53ec762bb8ba0a96d01ffa2cd45eb1d1d8dd5c5\windows-amd64\native-platform.dll
0x00007ffcd89b0000 - 0x00007ffcd8af4000 	C:\Users\caby5\.gradle\native\5664cfc778a61ccfe75a443a1ab52a65af34e5dc3c78e0209fed803814484fcb\windows-amd64\native-platform-file-events.dll
0x00007ffcecce0000 - 0x00007ffceccea000 	C:\Program Files\Android\Android Studio\jre\bin\management.dll
0x00007ffcecbb0000 - 0x00007ffcecbbd000 	C:\Program Files\Android\Android Studio\jre\bin\management_ext.dll
0x00007ffd25560000 - 0x00007ffd25593000 	C:\windows\system32\rsaenh.dll
0x00007ffd270d0000 - 0x00007ffd270f6000 	C:\windows\System32\bcrypt.dll
0x00007ffd260c0000 - 0x00007ffd260e5000 	C:\windows\SYSTEM32\USERENV.dll
0x00007ffd25bc0000 - 0x00007ffd25bcc000 	C:\windows\SYSTEM32\CRYPTBASE.dll
0x00007ffd25700000 - 0x00007ffd2573a000 	C:\windows\SYSTEM32\IPHLPAPI.DLL
0x00007ffd28980000 - 0x00007ffd28988000 	C:\windows\System32\NSI.dll
0x00007ffd1f6c0000 - 0x00007ffd1f6d6000 	C:\windows\SYSTEM32\dhcpcsvc6.DLL
0x00007ffd1f6a0000 - 0x00007ffd1f6bc000 	C:\windows\SYSTEM32\dhcpcsvc.DLL
0x00007ffd25740000 - 0x00007ffd2580b000 	C:\windows\SYSTEM32\DNSAPI.dll
0x00007ffcd8ec0000 - 0x00007ffcd9066000 	C:\Program Files\Android\Android Studio\jre\bin\awt.dll
0x00007ffd24770000 - 0x00007ffd2479d000 	C:\windows\SYSTEM32\dwmapi.dll
0x00007ffd283c0000 - 0x00007ffd28485000 	C:\windows\System32\OLEAUT32.dll
0x00007ffd240b0000 - 0x00007ffd2413f000 	C:\windows\SYSTEM32\apphelp.dll
0x00007ffd24180000 - 0x00007ffd24219000 	C:\windows\system32\uxtheme.dll
0x00007ffd251b0000 - 0x00007ffd251e1000 	C:\windows\SYSTEM32\ntmarta.dll

dbghelp: loaded successfully - version: 4.0.5 - missing functions: none
symbol engine: initialized successfully - sym options: 0x614 - pdb path: .;C:\Program Files\Android\Android Studio\jre\bin;C:\windows\SYSTEM32;C:\windows\WinSxS\amd64_microsoft.windows.common-controls_6595b64144ccf1df_6.0.18362.1556_none_9e7e372fe45e41d5;C:\Program Files\Android\Android Studio\jre\bin\server;C:\Users\caby5\.gradle\native\e1d6ef7f7dcc3fd88c89a11ec53ec762bb8ba0a96d01ffa2cd45eb1d1d8dd5c5\windows-amd64;C:\Users\caby5\.gradle\native\5664cfc778a61ccfe75a443a1ab52a65af34e5dc3c78e0209fed803814484fcb\windows-amd64

VM Arguments:
jvm_args: --add-opens=java.base/java.util=ALL-UNNAMED --add-opens=java.base/java.lang=ALL-UNNAMED --add-opens=java.base/java.lang.invoke=ALL-UNNAMED --add-opens=java.base/java.util=ALL-UNNAMED --add-opens=java.prefs/java.util.prefs=ALL-UNNAMED --add-opens=java.prefs/java.util.prefs=ALL-UNNAMED --add-opens=java.base/java.nio.charset=ALL-UNNAMED --add-opens=java.base/java.net=ALL-UNNAMED --add-opens=java.base/java.util.concurrent.atomic=ALL-UNNAMED -Xmx2048m -Dfile.encoding=UTF-8 -Duser.country=MX -Duser.language=es -Duser.variant 
java_command: org.gradle.launcher.daemon.bootstrap.GradleDaemon 7.3.3
java_class_path (initial): C:\Users\caby5\.gradle\wrapper\dists\gradle-7.3.3-bin\6a41zxkdtcxs8rphpq6y0069z\gradle-7.3.3\lib\gradle-launcher-7.3.3.jar
Launcher Type: SUN_STANDARD

[Global flags]
     intx CICompilerCount                          = 2                                         {product} {ergonomic}
     uint ConcGCThreads                            = 1                                         {product} {ergonomic}
     uint G1ConcRefinementThreads                  = 2                                         {product} {ergonomic}
   size_t G1HeapRegionSize                         = 1048576                                   {product} {ergonomic}
    uintx GCDrainStackTargetSize                   = 64                                        {product} {ergonomic}
   size_t InitialHeapSize                          = 58720256                                  {product} {ergonomic}
   size_t MarkStackSize                            = 4194304                                   {product} {ergonomic}
   size_t MaxHeapSize                              = 2147483648                                {product} {command line}
   size_t MaxNewSize                               = 1287651328                                {product} {ergonomic}
   size_t MinHeapDeltaBytes                        = 1048576                                   {product} {ergonomic}
    uintx NonNMethodCodeHeapSize                   = 5825164                                {pd product} {ergonomic}
    uintx NonProfiledCodeHeapSize                  = 122916538                              {pd product} {ergonomic}
    uintx ProfiledCodeHeapSize                     = 122916538                              {pd product} {ergonomic}
    uintx ReservedCodeCacheSize                    = 251658240                              {pd product} {ergonomic}
     bool SegmentedCodeCache                       = true                                      {product} {ergonomic}
     bool UseCompressedClassPointers               = true                                 {lp64_product} {ergonomic}
     bool UseCompressedOops                        = true                                 {lp64_product} {ergonomic}
     bool UseG1GC                                  = true                                      {product} {ergonomic}
     bool UseLargePagesIndividualAllocation        = false                                  {pd product} {ergonomic}

Logging:
Log output configuration:
 #0: stdout all=warning uptime,level,tags
 #1: stderr all=off uptime,level,tags

Environment Variables:
JAVA_HOME=C:\Users\caby5\Documents\openjdk\jdk-11.0.2
PATH=C:\Program Files\MySQL\MySQL Server 8.0\bin;C:\windows\system32;C:\windows;C:\windows\System32\Wbem;C:\Windows\System32\OpenSSH\ssh;C:\Program Files\PuTTY\;C:\Users\caby5\Documents\openjdk\jdk-11.0.2\bin;C:\Program Files\Git\cmd;C:\Program Files\Microchip\xc8\v2.31\bin;C:\Program Files\nodejs\;C:\Users\caby5\AppData\Local\Microsoft\WindowsApps;C:\Users\caby5\Documents\openjdk\jdk-11.0.2\bin;C:\Users\caby5\AppData\Local\Programs\Microsoft VS Code\bin;C:\Users\caby5\AppData\Roaming\npm;C:\Program Files\JetBrains\IntelliJ IDEA 2022.2.1\bin;
USERNAME=caby5
OS=Windows_NT
PROCESSOR_IDENTIFIER=AMD64 Family 21 Model 112 Stepping 0, AuthenticAMD



---------------  S Y S T E M  ---------------

OS: Windows 10 , 64 bit Build 18362 (10.0.18362.1500)
OS uptime: 3 days 22:04 hours
Hyper-V role detected

CPU:total 2 (initial active 2) (2 cores per cpu, 1 threads per core) family 21 model 112 stepping 0 microcode 0x0, cmov, cx8, fxsr, mmx, sse, sse2, sse3, ssse3, sse4.1, sse4.2, popcnt, avx, avx2, aes, clmul, mmxext, 3dnowpref, lzcnt, sse4a, tsc, tscinvbit, tscinv, bmi1, bmi2, fma

Memory: 4k page, system-wide physical 3542M (715M free)
TotalPageFile size 6326M (AvailPageFile size 2M)
current process WorkingSet (physical memory assigned to process): 322M, peak: 369M
current process commit charge ("private bytes"): 524M, peak: 525M

vm_info: OpenJDK 64-Bit Server VM (11.0.13+0-b1751.21-8125866) for windows-amd64 JRE (11.0.13+0-b1751.21-8125866), built on Feb  2 2022 03:00:22 by "builder" with MS VC++ 14.0 (VS2015)

END.
