#
# There is insufficient memory for the Java Runtime Environment to continue.
# Native memory allocation (malloc) failed to allocate 1082256 bytes for Chunk::new
# Possible reasons:
#   The system is out of physical RAM or swap space
#   The process is running with CompressedOops enabled, and the Java Heap may be blocking the growth of the native heap
# Possible solutions:
#   Reduce memory load on the system
#   Increase physical memory or swap space
#   Check if swap backing store is full
#   Decrease Java heap size (-Xmx/-Xms)
#   Decrease number of Java threads
#   Decrease Java thread stack sizes (-Xss)
#   Set larger code cache with -XX:ReservedCodeCacheSize=
#   JVM is running with Unscaled Compressed Oops mode in which the Java heap is
#     placed in the first 4GB address space. The Java Heap base address is the
#     maximum limit for the native heap growth. Please use -XX:HeapBaseMinAddress
#     to set the Java Heap base and to place the Java Heap above 4GB virtual address.
# This output file may be truncated or incomplete.
#
#  Out of Memory Error (./src/hotspot/share/memory/arena.cpp:197), pid=4452, tid=1296
#
# JRE version: OpenJDK Runtime Environment (11.0.13) (build 11.0.13+0-b1751.21-8125866)
# Java VM: OpenJDK 64-Bit Server VM (11.0.13+0-b1751.21-8125866, mixed mode, tiered, compressed oops, g1 gc, windows-amd64)
# No core dump will be written. Minidumps are not enabled by default on client versions of Windows
#

---------------  S U M M A R Y ------------

Command Line: --add-opens=java.base/java.util=ALL-UNNAMED --add-opens=java.base/java.lang=ALL-UNNAMED --add-opens=java.base/java.lang.invoke=ALL-UNNAMED --add-opens=java.base/java.util=ALL-UNNAMED --add-opens=java.prefs/java.util.prefs=ALL-UNNAMED --add-opens=java.prefs/java.util.prefs=ALL-UNNAMED --add-opens=java.base/java.nio.charset=ALL-UNNAMED --add-opens=java.base/java.net=ALL-UNNAMED --add-opens=java.base/java.util.concurrent.atomic=ALL-UNNAMED -Xmx2048m -Dfile.encoding=UTF-8 -Duser.country=MX -Duser.language=es -Duser.variant org.gradle.launcher.daemon.bootstrap.GradleDaemon 7.3.3

Host: AMD A6-9225 RADEON R4, 5 COMPUTE CORES 2C+3G   , 2 cores, 3G,  Windows 10 , 64 bit Build 18362 (10.0.18362.1500)
Time: Sun Nov 20 16:58:26 2022 Hora estándar central (México) elapsed time: 126.242501 seconds (0d 0h 2m 6s)

---------------  T H R E A D  ---------------

Current thread (0x000002155e271800):  JavaThread "C2 CompilerThread0" daemon [_thread_in_native, id=1296, stack(0x000000f8bee00000,0x000000f8bef00000)]


Current CompileTask:
C2: 126242 12268       4       com.android.tools.r8.graph.j3::a (34 bytes)

Stack: [0x000000f8bee00000,0x000000f8bef00000]
Native frames: (J=compiled Java code, j=interpreted, Vv=VM code, C=native code)
V  [jvm.dll+0x6100fa]
V  [jvm.dll+0x747090]
V  [jvm.dll+0x7486ad]
V  [jvm.dll+0x748d83]
V  [jvm.dll+0x24ab48]
V  [jvm.dll+0xc04dc]
V  [jvm.dll+0xc0a0c]
V  [jvm.dll+0x2bfab4]
V  [jvm.dll+0x524238]
V  [jvm.dll+0x20b193]
V  [jvm.dll+0x204ca0]
V  [jvm.dll+0x2023c2]
V  [jvm.dll+0x188e01]
V  [jvm.dll+0x21106b]
V  [jvm.dll+0x20f8c1]
V  [jvm.dll+0x70de0f]
V  [jvm.dll+0x706a75]
V  [jvm.dll+0x60ed66]
C  [ucrtbase.dll+0x210b2]
C  [KERNEL32.DLL+0x17c24]
C  [ntdll.dll+0x6d721]


---------------  P R O C E S S  ---------------

Threads class SMR info:
_java_thread_list=0x0000021563b93f70, length=68, elements={
0x0000021544b6e800, 0x000002155e20e800, 0x000002155e212000, 0x000002155e26b800,
0x000002155e26d000, 0x000002155e26e000, 0x000002155e271800, 0x000002155ebf0800,
0x000002155ebf9000, 0x000002155ec5d000, 0x00000215606c2800, 0x0000021560c45800,
0x0000021560d36800, 0x0000021560d37800, 0x000002155faab800, 0x000002155faac800,
0x000002155fb7d800, 0x0000021560d27800, 0x000002156050e800, 0x000002155fe4f000,
0x000002155fe52000, 0x000002155fe51800, 0x000002155fe4f800, 0x000002155fe53000,
0x000002155fe50800, 0x000002155fe4d000, 0x000002155fe4e000, 0x000002155fe54000,
0x0000021562d28800, 0x0000021562d26000, 0x0000021562d29000, 0x0000021562d2a000,
0x0000021562d25000, 0x0000021562d27800, 0x0000021562d24000, 0x0000021562d2f800,
0x0000021562d2e000, 0x0000021562d2a800, 0x0000021562d2c800, 0x0000021562d30800,
0x0000021562d2f000, 0x0000021562d2b800, 0x0000021562d31800, 0x0000021562d32000,
0x0000021562d2d000, 0x0000021563491800, 0x0000021563490800, 0x0000021563493000,
0x0000021563498000, 0x0000021563494800, 0x0000021563494000, 0x0000021563492000,
0x0000021563497000, 0x000002156349b000, 0x0000021563498800, 0x000002156349a800,
0x0000021563499800, 0x0000021563495800, 0x000002156349c000, 0x0000021563496000,
0x000002156349c800, 0x000002156349d800, 0x000002156349e800, 0x000002156349f000,
0x0000021565a49800, 0x0000021565a45800, 0x0000021565a4a800, 0x0000021565a4b000
}

Java Threads: ( => current thread )
  0x0000021544b6e800 JavaThread "main" [_thread_blocked, id=11836, stack(0x000000f8be100000,0x000000f8be200000)]
  0x000002155e20e800 JavaThread "Reference Handler" daemon [_thread_blocked, id=4020, stack(0x000000f8be900000,0x000000f8bea00000)]
  0x000002155e212000 JavaThread "Finalizer" daemon [_thread_blocked, id=2128, stack(0x000000f8bea00000,0x000000f8beb00000)]
  0x000002155e26b800 JavaThread "Signal Dispatcher" daemon [_thread_blocked, id=6472, stack(0x000000f8beb00000,0x000000f8bec00000)]
  0x000002155e26d000 JavaThread "Attach Listener" daemon [_thread_blocked, id=8668, stack(0x000000f8bec00000,0x000000f8bed00000)]
  0x000002155e26e000 JavaThread "Service Thread" daemon [_thread_blocked, id=10104, stack(0x000000f8bed00000,0x000000f8bee00000)]
=>0x000002155e271800 JavaThread "C2 CompilerThread0" daemon [_thread_in_native, id=1296, stack(0x000000f8bee00000,0x000000f8bef00000)]
  0x000002155ebf0800 JavaThread "C1 CompilerThread0" daemon [_thread_in_native, id=3236, stack(0x000000f8bef00000,0x000000f8bf000000)]
  0x000002155ebf9000 JavaThread "Sweeper thread" daemon [_thread_blocked, id=2948, stack(0x000000f8bf000000,0x000000f8bf100000)]
  0x000002155ec5d000 JavaThread "Common-Cleaner" daemon [_thread_blocked, id=8276, stack(0x000000f8bf100000,0x000000f8bf200000)]
  0x00000215606c2800 JavaThread "Daemon health stats" [_thread_blocked, id=12140, stack(0x000000f8bf400000,0x000000f8bf500000)]
  0x0000021560c45800 JavaThread "Incoming local TCP Connector on port 59538" [_thread_in_native, id=8120, stack(0x000000f8bf500000,0x000000f8bf600000)]
  0x0000021560d36800 JavaThread "Daemon periodic checks" [_thread_blocked, id=1584, stack(0x000000f8bf600000,0x000000f8bf700000)]
  0x0000021560d37800 JavaThread "Daemon" [_thread_blocked, id=9724, stack(0x000000f8bf700000,0x000000f8bf800000)]
  0x000002155faab800 JavaThread "Handler for socket connection from /127.0.0.1:59538 to /127.0.0.1:59539" [_thread_in_native, id=7604, stack(0x000000f8bf800000,0x000000f8bf900000)]
  0x000002155faac800 JavaThread "Cancel handler" [_thread_blocked, id=6544, stack(0x000000f8bf900000,0x000000f8bfa00000)]
  0x000002155fb7d800 JavaThread "Daemon worker" [_thread_blocked, id=5788, stack(0x000000f8bfa00000,0x000000f8bfb00000)]
  0x0000021560d27800 JavaThread "Asynchronous log dispatcher for DefaultDaemonConnection: socket connection from /127.0.0.1:59538 to /127.0.0.1:59539" [_thread_blocked, id=8876, stack(0x000000f8bfb00000,0x000000f8bfc00000)]
  0x000002156050e800 JavaThread "Daemon client event forwarder" [_thread_blocked, id=664, stack(0x000000f8bfd00000,0x000000f8bfe00000)]
  0x000002155fe4f000 JavaThread "Cache worker for journal cache (C:\Users\caby5\.gradle\caches\journal-1)" [_thread_blocked, id=4776, stack(0x000000f8bfe00000,0x000000f8bff00000)]
  0x000002155fe52000 JavaThread "File lock request listener" [_thread_in_native, id=10764, stack(0x000000f8bff00000,0x000000f8c0000000)]
  0x000002155fe51800 JavaThread "Cache worker for file hash cache (C:\Users\caby5\.gradle\caches\7.3.3\fileHashes)" [_thread_blocked, id=8576, stack(0x000000f8c0000000,0x000000f8c0100000)]
  0x000002155fe4f800 JavaThread "Cache worker for file hash cache (C:\Users\caby5\Documents\Android\Prog_if_consumo\.gradle\7.3.3\fileHashes)" [_thread_blocked, id=9920, stack(0x000000f8c0100000,0x000000f8c0200000)]
  0x000002155fe53000 JavaThread "File watcher server" daemon [_thread_in_native, id=8700, stack(0x000000f8c0200000,0x000000f8c0300000)]
  0x000002155fe50800 JavaThread "File watcher consumer" daemon [_thread_blocked, id=1048, stack(0x000000f8c0300000,0x000000f8c0400000)]
  0x000002155fe4d000 JavaThread "Cache worker for checksums cache (C:\Users\caby5\Documents\Android\Prog_if_consumo\.gradle\7.3.3\checksums)" [_thread_blocked, id=9780, stack(0x000000f8c0400000,0x000000f8c0500000)]
  0x000002155fe4e000 JavaThread "Cache worker for cache directory md-supplier (C:\Users\caby5\.gradle\caches\7.3.3\md-supplier)" [_thread_blocked, id=8660, stack(0x000000f8c0500000,0x000000f8c0600000)]
  0x000002155fe54000 JavaThread "Cache worker for cache directory md-rule (C:\Users\caby5\.gradle\caches\7.3.3\md-rule)" [_thread_blocked, id=7432, stack(0x000000f8c0600000,0x000000f8c0700000)]
  0x0000021562d28800 JavaThread "Cache worker for execution history cache (C:\Users\caby5\.gradle\caches\7.3.3\executionHistory)" [_thread_blocked, id=9880, stack(0x000000f8c0700000,0x000000f8c0800000)]
  0x0000021562d26000 JavaThread "jar transforms" [_thread_blocked, id=6460, stack(0x000000f8c0800000,0x000000f8c0900000)]
  0x0000021562d29000 JavaThread "Cache worker for file content cache (C:\Users\caby5\.gradle\caches\7.3.3\fileContent)" [_thread_blocked, id=11236, stack(0x000000f8c0900000,0x000000f8c0a00000)]
  0x0000021562d2a000 JavaThread "jar transforms Thread 2" [_thread_blocked, id=1216, stack(0x000000f8c0a00000,0x000000f8c0b00000)]
  0x0000021562d25000 JavaThread "Cache worker for dependencies-accessors (C:\Users\caby5\Documents\Android\Prog_if_consumo\.gradle\7.3.3\dependencies-accessors)" [_thread_blocked, id=9232, stack(0x000000f8c0b00000,0x000000f8c0c00000)]
  0x0000021562d27800 JavaThread "Cache worker for Build Output Cleanup Cache (C:\Users\caby5\Documents\Android\Prog_if_consumo\.gradle\buildOutputCleanup)" [_thread_blocked, id=9252, stack(0x000000f8c0c00000,0x000000f8c0d00000)]
  0x0000021562d24000 JavaThread "Unconstrained build operations" [_thread_blocked, id=8784, stack(0x000000f8c0d00000,0x000000f8c0e00000)]
  0x0000021562d2f800 JavaThread "Unconstrained build operations Thread 2" [_thread_blocked, id=32, stack(0x000000f8c0e00000,0x000000f8c0f00000)]
  0x0000021562d2e000 JavaThread "Unconstrained build operations Thread 3" [_thread_blocked, id=7124, stack(0x000000f8c0f00000,0x000000f8c1000000)]
  0x0000021562d2a800 JavaThread "Unconstrained build operations Thread 4" [_thread_blocked, id=9124, stack(0x000000f8c1000000,0x000000f8c1100000)]
  0x0000021562d2c800 JavaThread "Unconstrained build operations Thread 5" [_thread_blocked, id=6896, stack(0x000000f8c1100000,0x000000f8c1200000)]
  0x0000021562d30800 JavaThread "Unconstrained build operations Thread 6" [_thread_blocked, id=9476, stack(0x000000f8c1200000,0x000000f8c1300000)]
  0x0000021562d2f000 JavaThread "Unconstrained build operations Thread 7" [_thread_blocked, id=11820, stack(0x000000f8c1300000,0x000000f8c1400000)]
  0x0000021562d2b800 JavaThread "Unconstrained build operations Thread 8" [_thread_blocked, id=4908, stack(0x000000f8c1400000,0x000000f8c1500000)]
  0x0000021562d31800 JavaThread "Unconstrained build operations Thread 9" [_thread_blocked, id=7340, stack(0x000000f8c1500000,0x000000f8c1600000)]
  0x0000021562d32000 JavaThread "Unconstrained build operations Thread 10" [_thread_blocked, id=4772, stack(0x000000f8c1600000,0x000000f8c1700000)]
  0x0000021562d2d000 JavaThread "Unconstrained build operations Thread 11" [_thread_blocked, id=6168, stack(0x000000f8c1700000,0x000000f8c1800000)]
  0x0000021563491800 JavaThread "Unconstrained build operations Thread 12" [_thread_blocked, id=1796, stack(0x000000f8c1800000,0x000000f8c1900000)]
  0x0000021563490800 JavaThread "Unconstrained build operations Thread 13" [_thread_blocked, id=7748, stack(0x000000f8c1900000,0x000000f8c1a00000)]
  0x0000021563493000 JavaThread "Unconstrained build operations Thread 14" [_thread_blocked, id=11876, stack(0x000000f8c1a00000,0x000000f8c1b00000)]
  0x0000021563498000 JavaThread "Unconstrained build operations Thread 15" [_thread_blocked, id=2188, stack(0x000000f8c1b00000,0x000000f8c1c00000)]
  0x0000021563494800 JavaThread "Unconstrained build operations Thread 16" [_thread_blocked, id=6816, stack(0x000000f8c1c00000,0x000000f8c1d00000)]
  0x0000021563494000 JavaThread "Unconstrained build operations Thread 17" [_thread_blocked, id=10492, stack(0x000000f8c1d00000,0x000000f8c1e00000)]
  0x0000021563492000 JavaThread "Unconstrained build operations Thread 18" [_thread_blocked, id=7208, stack(0x000000f8c1e00000,0x000000f8c1f00000)]
  0x0000021563497000 JavaThread "Unconstrained build operations Thread 19" [_thread_blocked, id=2208, stack(0x000000f8c1f00000,0x000000f8c2000000)]
  0x000002156349b000 JavaThread "Unconstrained build operations Thread 20" [_thread_blocked, id=7932, stack(0x000000f8c2000000,0x000000f8c2100000)]
  0x0000021563498800 JavaThread "Memory manager" [_thread_blocked, id=8840, stack(0x000000f8c2300000,0x000000f8c2400000)]
  0x000002156349a800 JavaThread "build event listener" [_thread_blocked, id=11916, stack(0x000000f8be000000,0x000000f8be100000)]
  0x0000021563499800 JavaThread "Execution worker for ':'" [_thread_blocked, id=12076, stack(0x000000f8be200000,0x000000f8be300000)]
  0x0000021563495800 JavaThread "Cache worker for execution history cache (C:\Users\caby5\Documents\Android\Prog_if_consumo\.gradle\7.3.3\executionHistory)" [_thread_blocked, id=3012, stack(0x000000f8bfc00000,0x000000f8bfd00000)]
  0x000002156349c000 JavaThread "WorkerExecutor Queue" [_thread_blocked, id=11640, stack(0x000000f8c2400000,0x000000f8c2500000)]
  0x0000021563496000 JavaThread "pool-3-thread-1" [_thread_blocked, id=7504, stack(0x000000f8c2500000,0x000000f8c2600000)]
  0x000002156349c800 JavaThread "stderr" [_thread_in_native, id=10712, stack(0x000000f8c2600000,0x000000f8c2700000)]
  0x000002156349d800 JavaThread "stdout" [_thread_in_native, id=10908, stack(0x000000f8c2700000,0x000000f8c2800000)]
  0x000002156349e800 JavaThread "WorkerExecutor Queue Thread 2" [_thread_blocked, id=3536, stack(0x000000f8c2800000,0x000000f8c2900000)]
  0x000002156349f000 JavaThread "stderr" [_thread_in_native, id=10928, stack(0x000000f8c2900000,0x000000f8c2a00000)]
  0x0000021565a49800 JavaThread "stdout" [_thread_in_native, id=11040, stack(0x000000f8c2a00000,0x000000f8c2b00000)]
  0x0000021565a45800 JavaThread "WorkerExecutor Queue Thread 3" [_thread_in_vm, id=5640, stack(0x000000f8c2b00000,0x000000f8c2c00000)]
  0x0000021565a4a800 JavaThread "ForkJoinPool-1-worker-3" daemon [_thread_blocked, id=1236, stack(0x000000f8c2c00000,0x000000f8c2d00000)]
  0x0000021565a4b000 JavaThread "ForkJoinPool-1-worker-1" daemon [_thread_blocked, id=10072, stack(0x000000f8c2d00000,0x000000f8c2e00000)]

Other Threads:
  0x000002155e20a800 VMThread "VM Thread" [stack: 0x000000f8be800000,0x000000f8be900000] [id=2240]
  0x000002155ed2d000 WatcherThread [stack: 0x000000f8bf200000,0x000000f8bf300000] [id=7356]
  0x0000021544b87000 GCTaskThread "GC Thread#0" [stack: 0x000000f8be300000,0x000000f8be400000] [id=2952]
  0x000002155ef7e800 GCTaskThread "GC Thread#1" [stack: 0x000000f8bf300000,0x000000f8bf400000] [id=3912]
  0x0000021544bb7000 ConcurrentGCThread "G1 Main Marker" [stack: 0x000000f8be400000,0x000000f8be500000] [id=8476]
  0x0000021544bb8800 ConcurrentGCThread "G1 Conc#0" [stack: 0x000000f8be500000,0x000000f8be600000] [id=8152]
  0x0000021544bf6800 ConcurrentGCThread "G1 Refine#0" [stack: 0x000000f8be600000,0x000000f8be700000] [id=3508]
  0x0000021544bf7800 ConcurrentGCThread "G1 Young RemSet Sampling" [stack: 0x000000f8be700000,0x000000f8be800000] [id=9884]

Threads with active compile tasks:
C2 CompilerThread0 126520 12268       4       com.android.tools.r8.graph.j3::a (34 bytes)
C1 CompilerThread0 126520 12407       2       com.android.tools.r8.graph.O::a (275 bytes)

VM state:not at safepoint (normal execution)

VM Mutex/Monitor currently owned by a thread: None

Heap address: 0x0000000080000000, size: 2048 MB, Compressed Oops mode: 32-bit
Narrow klass base: 0x0000000000000000, Narrow klass shift: 3
Compressed class space size: 1073741824 Address: 0x0000000100000000

Heap:
 garbage-first heap   total 181248K, used 132398K [0x0000000080000000, 0x0000000100000000)
  region size 1024K, 7 young (7168K), 2 survivors (2048K)
 Metaspace       used 100007K, capacity 102515K, committed 102736K, reserved 1138688K
  class space    used 12984K, capacity 13969K, committed 14080K, reserved 1048576K
Heap Regions: E=young(eden), S=young(survivor), O=old, HS=humongous(starts), HC=humongous(continues), CS=collection set, F=free, A=archive, TAMS=top-at-mark-start (previous, next)
|   0|0x0000000080000000, 0x0000000080100000, 0x0000000080100000|100%| O|  |TAMS 0x0000000080100000, 0x0000000080000000| Untracked 
|   1|0x0000000080100000, 0x0000000080200000, 0x0000000080200000|100%| O|  |TAMS 0x0000000080200000, 0x0000000080100000| Complete 
|   2|0x0000000080200000, 0x0000000080300000, 0x0000000080300000|100%| O|  |TAMS 0x0000000080300000, 0x0000000080200000| Untracked 
|   3|0x0000000080300000, 0x0000000080400000, 0x0000000080400000|100%| O|  |TAMS 0x0000000080400000, 0x0000000080300000| Untracked 
|   4|0x0000000080400000, 0x0000000080500000, 0x0000000080500000|100%|HS|  |TAMS 0x0000000080500000, 0x0000000080400000| Complete 
|   5|0x0000000080500000, 0x0000000080600000, 0x0000000080600000|100%|HC|  |TAMS 0x0000000080600000, 0x0000000080500000| Complete 
|   6|0x0000000080600000, 0x0000000080700000, 0x0000000080700000|100%|HC|  |TAMS 0x0000000080700000, 0x0000000080600000| Complete 
|   7|0x0000000080700000, 0x0000000080800000, 0x0000000080800000|100%| O|  |TAMS 0x0000000080800000, 0x0000000080700000| Untracked 
|   8|0x0000000080800000, 0x0000000080900000, 0x0000000080900000|100%| O|  |TAMS 0x0000000080900000, 0x0000000080800000| Untracked 
|   9|0x0000000080900000, 0x0000000080a00000, 0x0000000080a00000|100%| O|  |TAMS 0x0000000080a00000, 0x0000000080900000| Untracked 
|  10|0x0000000080a00000, 0x0000000080b00000, 0x0000000080b00000|100%| O|  |TAMS 0x0000000080b00000, 0x0000000080a00000| Complete 
|  11|0x0000000080b00000, 0x0000000080c00000, 0x0000000080c00000|100%| O|  |TAMS 0x0000000080c00000, 0x0000000080b00000| Untracked 
|  12|0x0000000080c00000, 0x0000000080d00000, 0x0000000080d00000|100%| O|  |TAMS 0x0000000080d00000, 0x0000000080c00000| Complete 
|  13|0x0000000080d00000, 0x0000000080e00000, 0x0000000080e00000|100%| O|  |TAMS 0x0000000080e00000, 0x0000000080d00000| Untracked 
|  14|0x0000000080e00000, 0x0000000080f00000, 0x0000000080f00000|100%| O|  |TAMS 0x0000000080f00000, 0x0000000080e00000| Untracked 
|  15|0x0000000080f00000, 0x0000000081000000, 0x0000000081000000|100%| O|  |TAMS 0x0000000081000000, 0x0000000080f00000| Untracked 
|  16|0x0000000081000000, 0x0000000081100000, 0x0000000081100000|100%| O|  |TAMS 0x0000000081100000, 0x0000000081000000| Untracked 
|  17|0x0000000081100000, 0x0000000081200000, 0x0000000081200000|100%| O|  |TAMS 0x0000000081200000, 0x0000000081100000| Untracked 
|  18|0x0000000081200000, 0x0000000081300000, 0x0000000081300000|100%| O|  |TAMS 0x0000000081300000, 0x0000000081200000| Complete 
|  19|0x0000000081300000, 0x0000000081400000, 0x0000000081400000|100%| O|  |TAMS 0x0000000081400000, 0x0000000081300000| Untracked 
|  20|0x0000000081400000, 0x0000000081500000, 0x0000000081500000|100%| O|  |TAMS 0x0000000081500000, 0x0000000081400000| Complete 
|  21|0x0000000081500000, 0x0000000081600000, 0x0000000081600000|100%| O|  |TAMS 0x0000000081600000, 0x0000000081500000| Complete 
|  22|0x0000000081600000, 0x0000000081700000, 0x0000000081700000|100%| O|  |TAMS 0x0000000081700000, 0x0000000081600000| Untracked 
|  23|0x0000000081700000, 0x0000000081800000, 0x0000000081800000|100%| O|  |TAMS 0x0000000081800000, 0x0000000081700000| Untracked 
|  24|0x0000000081800000, 0x0000000081900000, 0x0000000081900000|100%| O|  |TAMS 0x0000000081900000, 0x0000000081800000| Complete 
|  25|0x0000000081900000, 0x0000000081a00000, 0x0000000081a00000|100%| O|  |TAMS 0x0000000081a00000, 0x0000000081900000| Untracked 
|  26|0x0000000081a00000, 0x0000000081b00000, 0x0000000081b00000|100%| O|  |TAMS 0x0000000081b00000, 0x0000000081a00000| Untracked 
|  27|0x0000000081b00000, 0x0000000081c00000, 0x0000000081c00000|100%| O|  |TAMS 0x0000000081c00000, 0x0000000081b00000| Complete 
|  28|0x0000000081c00000, 0x0000000081d00000, 0x0000000081d00000|100%| O|  |TAMS 0x0000000081d00000, 0x0000000081c00000| Untracked 
|  29|0x0000000081d00000, 0x0000000081e00000, 0x0000000081e00000|100%| O|  |TAMS 0x0000000081e00000, 0x0000000081d00000| Complete 
|  30|0x0000000081e00000, 0x0000000081f00000, 0x0000000081f00000|100%|HS|  |TAMS 0x0000000081f00000, 0x0000000081e00000| Complete 
|  31|0x0000000081f00000, 0x0000000082000000, 0x0000000082000000|100%| O|  |TAMS 0x0000000082000000, 0x0000000081f00000| Untracked 
|  32|0x0000000082000000, 0x0000000082100000, 0x0000000082100000|100%|HS|  |TAMS 0x0000000082100000, 0x0000000082000000| Complete 
|  33|0x0000000082100000, 0x0000000082200000, 0x0000000082200000|100%| O|  |TAMS 0x0000000082200000, 0x0000000082100000| Untracked 
|  34|0x0000000082200000, 0x0000000082300000, 0x0000000082300000|100%| O|  |TAMS 0x0000000082300000, 0x0000000082200000| Untracked 
|  35|0x0000000082300000, 0x0000000082400000, 0x0000000082400000|100%| O|  |TAMS 0x0000000082400000, 0x0000000082300000| Untracked 
|  36|0x0000000082400000, 0x0000000082500000, 0x0000000082500000|100%| O|  |TAMS 0x0000000082500000, 0x0000000082400000| Untracked 
|  37|0x0000000082500000, 0x0000000082600000, 0x0000000082600000|100%|HS|  |TAMS 0x0000000082600000, 0x0000000082500000| Complete 
|  38|0x0000000082600000, 0x0000000082700000, 0x0000000082700000|100%|HC|  |TAMS 0x0000000082700000, 0x0000000082600000| Complete 
|  39|0x0000000082700000, 0x0000000082800000, 0x0000000082800000|100%| O|  |TAMS 0x0000000082800000, 0x0000000082700000| Untracked 
|  40|0x0000000082800000, 0x0000000082900000, 0x0000000082900000|100%| O|  |TAMS 0x0000000082900000, 0x0000000082800000| Untracked 
|  41|0x0000000082900000, 0x0000000082a00000, 0x0000000082a00000|100%| O|  |TAMS 0x0000000082a00000, 0x0000000082900000| Complete 
|  42|0x0000000082a00000, 0x0000000082b00000, 0x0000000082b00000|100%| O|  |TAMS 0x0000000082b00000, 0x0000000082a00000| Untracked 
|  43|0x0000000082b00000, 0x0000000082c00000, 0x0000000082c00000|100%| O|  |TAMS 0x0000000082c00000, 0x0000000082b00000| Complete 
|  44|0x0000000082c00000, 0x0000000082d00000, 0x0000000082d00000|100%| O|  |TAMS 0x0000000082d00000, 0x0000000082c00000| Untracked 
|  45|0x0000000082d00000, 0x0000000082e00000, 0x0000000082e00000|100%| O|  |TAMS 0x0000000082e00000, 0x0000000082d00000| Untracked 
|  46|0x0000000082e00000, 0x0000000082f00000, 0x0000000082f00000|100%| O|  |TAMS 0x0000000082f00000, 0x0000000082e00000| Untracked 
|  47|0x0000000082f00000, 0x0000000083000000, 0x0000000083000000|100%| O|  |TAMS 0x0000000083000000, 0x0000000082f00000| Untracked 
|  48|0x0000000083000000, 0x0000000083100000, 0x0000000083100000|100%| O|  |TAMS 0x0000000083100000, 0x0000000083000000| Complete 
|  49|0x0000000083100000, 0x0000000083200000, 0x0000000083200000|100%| O|  |TAMS 0x0000000083200000, 0x0000000083100000| Untracked 
|  50|0x0000000083200000, 0x0000000083300000, 0x0000000083300000|100%| O|  |TAMS 0x0000000083300000, 0x0000000083200000| Complete 
|  51|0x0000000083300000, 0x0000000083400000, 0x0000000083400000|100%| O|  |TAMS 0x0000000083400000, 0x0000000083300000| Complete 
|  52|0x0000000083400000, 0x0000000083500000, 0x0000000083500000|100%| O|  |TAMS 0x0000000083500000, 0x0000000083400000| Untracked 
|  53|0x0000000083500000, 0x0000000083600000, 0x0000000083600000|100%| O|  |TAMS 0x0000000083600000, 0x0000000083500000| Untracked 
|  54|0x0000000083600000, 0x0000000083700000, 0x0000000083700000|100%| O|  |TAMS 0x0000000083700000, 0x0000000083600000| Untracked 
|  55|0x0000000083700000, 0x0000000083800000, 0x0000000083800000|100%| O|  |TAMS 0x0000000083800000, 0x0000000083700000| Complete 
|  56|0x0000000083800000, 0x0000000083900000, 0x0000000083900000|100%| O|  |TAMS 0x0000000083900000, 0x0000000083800000| Complete 
|  57|0x0000000083900000, 0x0000000083a00000, 0x0000000083a00000|100%| O|  |TAMS 0x0000000083a00000, 0x0000000083900000| Untracked 
|  58|0x0000000083a00000, 0x0000000083b00000, 0x0000000083b00000|100%| O|  |TAMS 0x0000000083b00000, 0x0000000083a00000| Untracked 
|  59|0x0000000083b00000, 0x0000000083c00000, 0x0000000083c00000|100%| O|  |TAMS 0x0000000083c00000, 0x0000000083b00000| Complete 
|  60|0x0000000083c00000, 0x0000000083d00000, 0x0000000083d00000|100%| O|  |TAMS 0x0000000083d00000, 0x0000000083c00000| Untracked 
|  61|0x0000000083d00000, 0x0000000083e00000, 0x0000000083e00000|100%| O|  |TAMS 0x0000000083e00000, 0x0000000083d00000| Untracked 
|  62|0x0000000083e00000, 0x0000000083f00000, 0x0000000083f00000|100%| O|  |TAMS 0x0000000083f00000, 0x0000000083e00000| Untracked 
|  63|0x0000000083f00000, 0x0000000084000000, 0x0000000084000000|100%| O|  |TAMS 0x0000000084000000, 0x0000000083f00000| Complete 
|  64|0x0000000084000000, 0x0000000084100000, 0x0000000084100000|100%| O|  |TAMS 0x0000000084100000, 0x0000000084000000| Untracked 
|  65|0x0000000084100000, 0x0000000084200000, 0x0000000084200000|100%| O|  |TAMS 0x0000000084200000, 0x0000000084100000| Complete 
|  66|0x0000000084200000, 0x0000000084300000, 0x0000000084300000|100%| O|  |TAMS 0x0000000084300000, 0x0000000084200000| Untracked 
|  67|0x0000000084300000, 0x0000000084400000, 0x0000000084400000|100%| O|  |TAMS 0x0000000084400000, 0x0000000084300000| Complete 
|  68|0x0000000084400000, 0x0000000084500000, 0x0000000084500000|100%| O|  |TAMS 0x0000000084500000, 0x0000000084400000| Untracked 
|  69|0x0000000084500000, 0x0000000084600000, 0x0000000084600000|100%| O|  |TAMS 0x0000000084600000, 0x0000000084500000| Untracked 
|  70|0x0000000084600000, 0x0000000084700000, 0x0000000084700000|100%| O|  |TAMS 0x0000000084700000, 0x0000000084600000| Untracked 
|  71|0x0000000084700000, 0x0000000084800000, 0x0000000084800000|100%| O|  |TAMS 0x0000000084800000, 0x0000000084700000| Untracked 
|  72|0x0000000084800000, 0x0000000084900000, 0x0000000084900000|100%| O|  |TAMS 0x0000000084900000, 0x0000000084800000| Complete 
|  73|0x0000000084900000, 0x0000000084a00000, 0x0000000084a00000|100%| O|  |TAMS 0x0000000084a00000, 0x0000000084900000| Untracked 
|  74|0x0000000084a00000, 0x0000000084b00000, 0x0000000084b00000|100%| O|  |TAMS 0x0000000084b00000, 0x0000000084a00000| Untracked 
|  75|0x0000000084b00000, 0x0000000084c00000, 0x0000000084c00000|100%| O|  |TAMS 0x0000000084c00000, 0x0000000084b00000| Untracked 
|  76|0x0000000084c00000, 0x0000000084d00000, 0x0000000084d00000|100%| O|  |TAMS 0x0000000084d00000, 0x0000000084c00000| Untracked 
|  77|0x0000000084d00000, 0x0000000084e00000, 0x0000000084e00000|100%|HS|  |TAMS 0x0000000084e00000, 0x0000000084d00000| Complete 
|  78|0x0000000084e00000, 0x0000000084f00000, 0x0000000084f00000|100%|HC|  |TAMS 0x0000000084f00000, 0x0000000084e00000| Complete 
|  79|0x0000000084f00000, 0x0000000085000000, 0x0000000085000000|100%|HS|  |TAMS 0x0000000085000000, 0x0000000084f00000| Complete 
|  80|0x0000000085000000, 0x0000000085100000, 0x0000000085100000|100%|HS|  |TAMS 0x0000000085100000, 0x0000000085000000| Complete 
|  81|0x0000000085100000, 0x0000000085200000, 0x0000000085200000|100%| O|  |TAMS 0x0000000085200000, 0x0000000085100000| Complete 
|  82|0x0000000085200000, 0x0000000085300000, 0x0000000085300000|100%| O|  |TAMS 0x0000000085300000, 0x0000000085200000| Untracked 
|  83|0x0000000085300000, 0x0000000085400000, 0x0000000085400000|100%| O|  |TAMS 0x0000000085400000, 0x0000000085300000| Untracked 
|  84|0x0000000085400000, 0x0000000085500000, 0x0000000085500000|100%| O|  |TAMS 0x0000000085400000, 0x0000000085400000| Untracked 
|  85|0x0000000085500000, 0x00000000855b7000, 0x0000000085600000| 71%| O|  |TAMS 0x0000000085500000, 0x0000000085500000| Untracked 
|  86|0x0000000085600000, 0x0000000085700000, 0x0000000085700000|100%| O|  |TAMS 0x0000000085700000, 0x0000000085600000| Complete 
|  87|0x0000000085700000, 0x0000000085700000, 0x0000000085800000|  0%| F|  |TAMS 0x0000000085700000, 0x0000000085700000| Untracked 
|  88|0x0000000085800000, 0x0000000085900000, 0x0000000085900000|100%| O|  |TAMS 0x0000000085900000, 0x0000000085800000| Complete 
|  89|0x0000000085900000, 0x0000000085900000, 0x0000000085a00000|  0%| F|  |TAMS 0x0000000085900000, 0x0000000085900000| Untracked 
|  90|0x0000000085a00000, 0x0000000085b00000, 0x0000000085b00000|100%| O|  |TAMS 0x0000000085b00000, 0x0000000085a00000| Untracked 
|  91|0x0000000085b00000, 0x0000000085c00000, 0x0000000085c00000|100%| O|  |TAMS 0x0000000085c00000, 0x0000000085b00000| Complete 
|  92|0x0000000085c00000, 0x0000000085d00000, 0x0000000085d00000|100%| O|  |TAMS 0x0000000085d00000, 0x0000000085c00000| Complete 
|  93|0x0000000085d00000, 0x0000000085e00000, 0x0000000085e00000|100%| O|  |TAMS 0x0000000085e00000, 0x0000000085d00000| Complete 
|  94|0x0000000085e00000, 0x0000000085f00000, 0x0000000085f00000|100%| O|  |TAMS 0x0000000085f00000, 0x0000000085e00000| Complete 
|  95|0x0000000085f00000, 0x0000000086000000, 0x0000000086000000|100%| O|  |TAMS 0x0000000086000000, 0x0000000085f00000| Complete 
|  96|0x0000000086000000, 0x0000000086100000, 0x0000000086100000|100%| O|  |TAMS 0x0000000086100000, 0x0000000086000000| Complete 
|  97|0x0000000086100000, 0x0000000086200000, 0x0000000086200000|100%| O|  |TAMS 0x0000000086200000, 0x0000000086100000| Complete 
|  98|0x0000000086200000, 0x0000000086300000, 0x0000000086300000|100%| O|  |TAMS 0x0000000086300000, 0x0000000086200000| Untracked 
|  99|0x0000000086300000, 0x0000000086400000, 0x0000000086400000|100%| O|  |TAMS 0x0000000086400000, 0x0000000086300000| Untracked 
| 100|0x0000000086400000, 0x0000000086500000, 0x0000000086500000|100%| O|  |TAMS 0x0000000086500000, 0x0000000086400000| Untracked 
| 101|0x0000000086500000, 0x0000000086600000, 0x0000000086600000|100%| O|  |TAMS 0x0000000086600000, 0x0000000086500000| Untracked 
| 102|0x0000000086600000, 0x0000000086700000, 0x0000000086700000|100%| O|  |TAMS 0x0000000086700000, 0x0000000086600000| Untracked 
| 103|0x0000000086700000, 0x0000000086800000, 0x0000000086800000|100%| O|  |TAMS 0x0000000086800000, 0x0000000086700000| Untracked 
| 104|0x0000000086800000, 0x0000000086900000, 0x0000000086900000|100%| O|  |TAMS 0x0000000086900000, 0x0000000086800000| Complete 
| 105|0x0000000086900000, 0x0000000086a00000, 0x0000000086a00000|100%| O|  |TAMS 0x0000000086a00000, 0x0000000086900000| Untracked 
| 106|0x0000000086a00000, 0x0000000086b00000, 0x0000000086b00000|100%| O|  |TAMS 0x0000000086b00000, 0x0000000086a00000| Untracked 
| 107|0x0000000086b00000, 0x0000000086c00000, 0x0000000086c00000|100%| O|  |TAMS 0x0000000086c00000, 0x0000000086b00000| Untracked 
| 108|0x0000000086c00000, 0x0000000086d00000, 0x0000000086d00000|100%| O|  |TAMS 0x0000000086d00000, 0x0000000086c00000| Untracked 
| 109|0x0000000086d00000, 0x0000000086e00000, 0x0000000086e00000|100%| O|  |TAMS 0x0000000086e00000, 0x0000000086d00000| Untracked 
| 110|0x0000000086e00000, 0x0000000086f00000, 0x0000000086f00000|100%| O|  |TAMS 0x0000000086f00000, 0x0000000086e00000| Untracked 
| 111|0x0000000086f00000, 0x0000000087000000, 0x0000000087000000|100%| O|  |TAMS 0x0000000087000000, 0x0000000086f00000| Complete 
| 112|0x0000000087000000, 0x0000000087100000, 0x0000000087100000|100%| O|  |TAMS 0x0000000087100000, 0x0000000087000000| Complete 
| 113|0x0000000087100000, 0x0000000087200000, 0x0000000087200000|100%| O|  |TAMS 0x0000000087200000, 0x0000000087100000| Untracked 
| 114|0x0000000087200000, 0x0000000087300000, 0x0000000087300000|100%| O|  |TAMS 0x0000000087300000, 0x0000000087200000| Untracked 
| 115|0x0000000087300000, 0x0000000087400000, 0x0000000087400000|100%| O|  |TAMS 0x0000000087400000, 0x0000000087300000| Complete 
| 116|0x0000000087400000, 0x0000000087500000, 0x0000000087500000|100%| O|  |TAMS 0x0000000087500000, 0x0000000087400000| Complete 
| 117|0x0000000087500000, 0x0000000087600000, 0x0000000087600000|100%| O|  |TAMS 0x0000000087600000, 0x0000000087500000| Complete 
| 118|0x0000000087600000, 0x0000000087700000, 0x0000000087700000|100%| O|  |TAMS 0x0000000087700000, 0x0000000087600000| Untracked 
| 119|0x0000000087700000, 0x0000000087800000, 0x0000000087800000|100%| O|  |TAMS 0x0000000087800000, 0x0000000087700000| Untracked 
| 120|0x0000000087800000, 0x0000000087900000, 0x0000000087900000|100%| O|  |TAMS 0x0000000087900000, 0x0000000087800000| Complete 
| 121|0x0000000087900000, 0x0000000087a00000, 0x0000000087a00000|100%| O|  |TAMS 0x0000000087a00000, 0x0000000087900000| Untracked 
| 122|0x0000000087a00000, 0x0000000087b00000, 0x0000000087b00000|100%| O|  |TAMS 0x0000000087b00000, 0x0000000087a00000| Untracked 
| 123|0x0000000087b00000, 0x0000000087c00000, 0x0000000087c00000|100%| O|  |TAMS 0x0000000087c00000, 0x0000000087b00000| Complete 
| 124|0x0000000087c00000, 0x0000000087d00000, 0x0000000087d00000|100%| O|  |TAMS 0x0000000087d00000, 0x0000000087c00000| Complete 
| 125|0x0000000087d00000, 0x0000000087e00000, 0x0000000087e00000|100%| O|  |TAMS 0x0000000087e00000, 0x0000000087d00000| Untracked 
| 126|0x0000000087e00000, 0x0000000087f00000, 0x0000000087f00000|100%| O|  |TAMS 0x0000000087ea7e00, 0x0000000087e00000| Untracked 
| 127|0x0000000087f00000, 0x0000000087f00000, 0x0000000088000000|  0%| F|  |TAMS 0x0000000087f00000, 0x0000000087f00000| Untracked 
| 128|0x0000000088000000, 0x0000000088000000, 0x0000000088100000|  0%| F|  |TAMS 0x0000000088000000, 0x0000000088000000| Untracked 
| 129|0x0000000088100000, 0x0000000088100000, 0x0000000088200000|  0%| F|  |TAMS 0x0000000088100000, 0x0000000088100000| Untracked 
| 130|0x0000000088200000, 0x0000000088200000, 0x0000000088300000|  0%| F|  |TAMS 0x0000000088200000, 0x0000000088200000| Untracked 
| 131|0x0000000088300000, 0x0000000088300000, 0x0000000088400000|  0%| F|  |TAMS 0x0000000088300000, 0x0000000088300000| Untracked 
| 132|0x0000000088400000, 0x0000000088400000, 0x0000000088500000|  0%| F|  |TAMS 0x0000000088400000, 0x0000000088400000| Untracked 
| 133|0x0000000088500000, 0x0000000088500000, 0x0000000088600000|  0%| F|  |TAMS 0x0000000088500000, 0x0000000088500000| Untracked 
| 134|0x0000000088600000, 0x0000000088600000, 0x0000000088700000|  0%| F|  |TAMS 0x0000000088600000, 0x0000000088600000| Untracked 
| 135|0x0000000088700000, 0x0000000088700000, 0x0000000088800000|  0%| F|  |TAMS 0x0000000088700000, 0x0000000088700000| Untracked 
| 136|0x0000000088800000, 0x0000000088800000, 0x0000000088900000|  0%| F|  |TAMS 0x0000000088800000, 0x0000000088800000| Untracked 
| 137|0x0000000088900000, 0x0000000088900000, 0x0000000088a00000|  0%| F|  |TAMS 0x0000000088900000, 0x0000000088900000| Untracked 
| 138|0x0000000088a00000, 0x0000000088a00000, 0x0000000088b00000|  0%| F|  |TAMS 0x0000000088a00000, 0x0000000088a00000| Untracked 
| 139|0x0000000088b00000, 0x0000000088b00000, 0x0000000088c00000|  0%| F|  |TAMS 0x0000000088b00000, 0x0000000088b00000| Untracked 
| 140|0x0000000088c00000, 0x0000000088c00000, 0x0000000088d00000|  0%| F|  |TAMS 0x0000000088c00000, 0x0000000088c00000| Untracked 
| 141|0x0000000088d00000, 0x0000000088d00000, 0x0000000088e00000|  0%| F|  |TAMS 0x0000000088d00000, 0x0000000088d00000| Untracked 
| 142|0x0000000088e00000, 0x0000000088e00000, 0x0000000088f00000|  0%| F|  |TAMS 0x0000000088e00000, 0x0000000088e00000| Untracked 
| 143|0x0000000088f00000, 0x0000000088f00000, 0x0000000089000000|  0%| F|  |TAMS 0x0000000088f00000, 0x0000000088f00000| Untracked 
| 144|0x0000000089000000, 0x0000000089000000, 0x0000000089100000|  0%| F|  |TAMS 0x0000000089000000, 0x0000000089000000| Untracked 
| 145|0x0000000089100000, 0x0000000089100000, 0x0000000089200000|  0%| F|  |TAMS 0x0000000089100000, 0x0000000089100000| Untracked 
| 146|0x0000000089200000, 0x0000000089200000, 0x0000000089300000|  0%| F|  |TAMS 0x0000000089200000, 0x0000000089200000| Untracked 
| 147|0x0000000089300000, 0x0000000089300000, 0x0000000089400000|  0%| F|  |TAMS 0x0000000089300000, 0x0000000089300000| Untracked 
| 148|0x0000000089400000, 0x0000000089400000, 0x0000000089500000|  0%| F|  |TAMS 0x0000000089400000, 0x0000000089400000| Untracked 
| 149|0x0000000089500000, 0x0000000089500000, 0x0000000089600000|  0%| F|  |TAMS 0x0000000089500000, 0x0000000089500000| Untracked 
| 150|0x0000000089600000, 0x0000000089600000, 0x0000000089700000|  0%| F|  |TAMS 0x0000000089600000, 0x0000000089600000| Untracked 
| 151|0x0000000089700000, 0x0000000089700000, 0x0000000089800000|  0%| F|  |TAMS 0x0000000089700000, 0x0000000089700000| Untracked 
| 152|0x0000000089800000, 0x0000000089800000, 0x0000000089900000|  0%| F|  |TAMS 0x0000000089800000, 0x0000000089800000| Untracked 
| 153|0x0000000089900000, 0x0000000089900000, 0x0000000089a00000|  0%| F|  |TAMS 0x0000000089900000, 0x0000000089900000| Untracked 
| 154|0x0000000089a00000, 0x0000000089a00000, 0x0000000089b00000|  0%| F|  |TAMS 0x0000000089a00000, 0x0000000089a00000| Untracked 
| 155|0x0000000089b00000, 0x0000000089b00000, 0x0000000089c00000|  0%| F|  |TAMS 0x0000000089b00000, 0x0000000089b00000| Untracked 
| 156|0x0000000089c00000, 0x0000000089c00000, 0x0000000089d00000|  0%| F|  |TAMS 0x0000000089c00000, 0x0000000089c00000| Untracked 
| 157|0x0000000089d00000, 0x0000000089d00000, 0x0000000089e00000|  0%| F|  |TAMS 0x0000000089d00000, 0x0000000089d00000| Untracked 
| 158|0x0000000089e00000, 0x0000000089e00000, 0x0000000089f00000|  0%| F|  |TAMS 0x0000000089e00000, 0x0000000089e00000| Untracked 
| 159|0x0000000089f00000, 0x0000000089f00000, 0x000000008a000000|  0%| F|  |TAMS 0x0000000089f00000, 0x0000000089f00000| Untracked 
| 160|0x000000008a000000, 0x000000008a000000, 0x000000008a100000|  0%| F|  |TAMS 0x000000008a000000, 0x000000008a000000| Untracked 
| 161|0x000000008a100000, 0x000000008a194bd8, 0x000000008a200000| 58%| S|CS|TAMS 0x000000008a100000, 0x000000008a100000| Complete 
| 162|0x000000008a200000, 0x000000008a300000, 0x000000008a300000|100%| S|CS|TAMS 0x000000008a200000, 0x000000008a200000| Complete 
| 163|0x000000008a300000, 0x000000008a300000, 0x000000008a400000|  0%| F|  |TAMS 0x000000008a300000, 0x000000008a300000| Untracked 
| 164|0x000000008a400000, 0x000000008a400000, 0x000000008a500000|  0%| F|  |TAMS 0x000000008a400000, 0x000000008a400000| Untracked 
| 165|0x000000008a500000, 0x000000008a500000, 0x000000008a600000|  0%| F|  |TAMS 0x000000008a500000, 0x000000008a500000| Untracked 
| 166|0x000000008a600000, 0x000000008a600000, 0x000000008a700000|  0%| F|  |TAMS 0x000000008a600000, 0x000000008a600000| Untracked 
| 167|0x000000008a700000, 0x000000008a700000, 0x000000008a800000|  0%| F|  |TAMS 0x000000008a700000, 0x000000008a700000| Untracked 
| 168|0x000000008a800000, 0x000000008a800000, 0x000000008a900000|  0%| F|  |TAMS 0x000000008a800000, 0x000000008a800000| Untracked 
| 169|0x000000008a900000, 0x000000008a900000, 0x000000008aa00000|  0%| F|  |TAMS 0x000000008a900000, 0x000000008a900000| Untracked 
| 170|0x000000008aa00000, 0x000000008aa00000, 0x000000008ab00000|  0%| F|  |TAMS 0x000000008aa00000, 0x000000008aa00000| Untracked 
| 171|0x000000008ab00000, 0x000000008ab27918, 0x000000008ac00000| 15%| E|  |TAMS 0x000000008ab00000, 0x000000008ab00000| Complete 
| 172|0x000000008ac00000, 0x000000008ad00000, 0x000000008ad00000|100%| E|CS|TAMS 0x000000008ac00000, 0x000000008ac00000| Complete 
| 173|0x000000008ad00000, 0x000000008ae00000, 0x000000008ae00000|100%| E|CS|TAMS 0x000000008ad00000, 0x000000008ad00000| Complete 
| 174|0x000000008ae00000, 0x000000008aeffef0, 0x000000008af00000| 99%| E|  |TAMS 0x000000008ae00000, 0x000000008ae00000| Complete 
| 175|0x000000008af00000, 0x000000008b000000, 0x000000008b000000|100%| E|CS|TAMS 0x000000008af00000, 0x000000008af00000| Complete 
| 176|0x000000008b000000, 0x000000008b100000, 0x000000008b100000|100%| E|CS|TAMS 0x000000008b000000, 0x000000008b000000| Complete 

Card table byte_map: [0x0000021557680000,0x0000021557a80000] _byte_map_base: 0x0000021557280000

Marking Bits (Prev, Next): (CMBitMap*) 0x0000021544bae148, (CMBitMap*) 0x0000021544bae180
 Prev Bits: [0x0000021557e80000, 0x0000021559e80000)
 Next Bits: [0x0000021559e80000, 0x000002155be80000)

Polling page: 0x0000021542960000

Metaspace:

Usage:
  Non-class:     86.47 MB capacity,    84.99 MB ( 98%) used,     1.18 MB (  1%) free+waste,   310.44 KB ( <1%) overhead. 
      Class:     13.64 MB capacity,    12.68 MB ( 93%) used,   845.68 KB (  6%) free+waste,   138.88 KB ( <1%) overhead. 
       Both:    100.11 MB capacity,    97.67 MB ( 98%) used,     2.00 MB (  2%) free+waste,   449.31 KB ( <1%) overhead. 

Virtual space:
  Non-class space:       88.00 MB reserved,      86.58 MB ( 98%) committed 
      Class space:        1.00 GB reserved,      13.75 MB (  1%) committed 
             Both:        1.09 GB reserved,     100.33 MB (  9%) committed 

Chunk freelists:
   Non-Class:  45.00 KB
       Class:  0 bytes
        Both:  45.00 KB

MaxMetaspaceSize: 17179869184.00 GB
CompressedClassSpaceSize: 1.00 GB
Initial GC threshold: 20.80 MB
Current GC threshold: 166.17 MB
CDS: off

CodeHeap 'non-profiled nmethods': size=120064Kb used=7812Kb max_used=7812Kb free=112251Kb
 bounds [0x0000021550140000, 0x00000215508f0000, 0x0000021557680000]
CodeHeap 'profiled nmethods': size=120000Kb used=27495Kb max_used=27495Kb free=92504Kb
 bounds [0x0000021548c10000, 0x000002154a6f0000, 0x0000021550140000]
CodeHeap 'non-nmethods': size=5696Kb used=2403Kb max_used=2454Kb free=3292Kb
 bounds [0x0000021548680000, 0x00000215488f0000, 0x0000021548c10000]
 total_blobs=13280 nmethods=12351 adapters=842
 compilation: enabled
              stopped_count=0, restarted_count=0
 full_count=0

Compilation events (20 events):
Event: 125.913 Thread 0x000002155e271800 nmethod 12263 0x00000215508dcc10 code [0x00000215508dcdc0, 0x00000215508dd118]
Event: 125.923 Thread 0x000002155e271800 12264       4       com.android.tools.r8.graph.N2$$Lambda$1176/0x0000000100d32c40::test (12 bytes)
Event: 125.925 Thread 0x000002155e271800 nmethod 12264 0x00000215508dd390 code [0x00000215508dd520, 0x00000215508dd5f8]
Event: 125.926 Thread 0x000002155ebf0800 12265       3       com.android.tools.r8.graph.e1::q0 (24 bytes)
Event: 125.926 Thread 0x000002155ebf0800 nmethod 12265 0x000002154a6b9c90 code [0x000002154a6b9e40, 0x000002154a6ba018]
Event: 125.927 Thread 0x000002155ebf0800 12266       3       com.android.tools.r8.graph.e1::b (43 bytes)
Event: 125.928 Thread 0x000002155ebf0800 nmethod 12266 0x000002154a6ba190 code [0x000002154a6ba3e0, 0x000002154a6bad48]
Event: 125.931 Thread 0x000002155e271800 12267       4       com.android.tools.r8.internal.nt::l (39 bytes)
Event: 125.940 Thread 0x000002155e271800 nmethod 12267 0x00000215508dd790 code [0x00000215508dd960, 0x00000215508ddd38]
Event: 125.942 Thread 0x000002155e271800 12268       4       com.android.tools.r8.graph.j3::a (34 bytes)
Event: 125.972 Thread 0x000002155ebf0800 12271       3       com.android.tools.r8.graph.N2::d (52 bytes)
Event: 125.973 Thread 0x000002155ebf0800 nmethod 12271 0x000002154a6bb110 code [0x000002154a6bb340, 0x000002154a6bba68]
Event: 125.978 Thread 0x000002155ebf0800 12272       3       com.android.tools.r8.internal.nt::<init> (22 bytes)
Event: 125.978 Thread 0x000002155ebf0800 nmethod 12272 0x000002154a6bbc90 code [0x000002154a6bbe60, 0x000002154a6bc108]
Event: 125.978 Thread 0x000002155ebf0800 12273       3       com.android.tools.r8.internal.ot::b (10 bytes)
Event: 125.979 Thread 0x000002155ebf0800 nmethod 12273 0x000002154a6bc210 code [0x000002154a6bc3e0, 0x000002154a6bc728]
Event: 126.070 Thread 0x000002155ebf0800 12276       3       com.android.tools.r8.graph.N2::c (7 bytes)
Event: 126.071 Thread 0x000002155ebf0800 nmethod 12276 0x000002154a6bc890 code [0x000002154a6bca80, 0x000002154a6bcf58]
Event: 126.072 Thread 0x000002155ebf0800 12277       3       com.android.tools.r8.graph.N2$$Lambda$1174/0x0000000100d33040::iterator (8 bytes)
Event: 126.073 Thread 0x000002155ebf0800 nmethod 12277 0x000002154a6bd110 code [0x000002154a6bd360, 0x000002154a6bdce8]

GC Heap History (20 events):
Event: 111.651 GC heap before
{Heap before GC invocations=80 (full 0):
 garbage-first heap   total 150528K, used 82527K [0x0000000080000000, 0x0000000100000000)
  region size 1024K, 3 young (3072K), 1 survivors (1024K)
 Metaspace       used 91622K, capacity 93810K, committed 94160K, reserved 1130496K
  class space    used 11716K, capacity 12553K, committed 12672K, reserved 1048576K
}
Event: 111.662 GC heap after
{Heap after GC invocations=81 (full 0):
 garbage-first heap   total 150528K, used 83776K [0x0000000080000000, 0x0000000100000000)
  region size 1024K, 2 young (2048K), 2 survivors (2048K)
 Metaspace       used 91622K, capacity 93810K, committed 94160K, reserved 1130496K
  class space    used 11716K, capacity 12553K, committed 12672K, reserved 1048576K
}
Event: 115.474 GC heap before
{Heap before GC invocations=82 (full 0):
 garbage-first heap   total 150528K, used 92992K [0x0000000080000000, 0x0000000100000000)
  region size 1024K, 12 young (12288K), 2 survivors (2048K)
 Metaspace       used 93997K, capacity 96168K, committed 96208K, reserved 1132544K
  class space    used 12037K, capacity 12892K, committed 12928K, reserved 1048576K
}
Event: 115.485 GC heap after
{Heap after GC invocations=83 (full 0):
 garbage-first heap   total 150528K, used 86454K [0x0000000080000000, 0x0000000100000000)
  region size 1024K, 4 young (4096K), 4 survivors (4096K)
 Metaspace       used 93997K, capacity 96168K, committed 96208K, reserved 1132544K
  class space    used 12037K, capacity 12892K, committed 12928K, reserved 1048576K
}
Event: 116.341 GC heap before
{Heap before GC invocations=84 (full 0):
 garbage-first heap   total 150528K, used 116150K [0x0000000080000000, 0x0000000100000000)
  region size 1024K, 25 young (25600K), 4 survivors (4096K)
 Metaspace       used 94487K, capacity 96705K, committed 96848K, reserved 1132544K
  class space    used 12108K, capacity 12966K, committed 13056K, reserved 1048576K
}
Event: 116.376 GC heap after
{Heap after GC invocations=85 (full 0):
 garbage-first heap   total 150528K, used 97678K [0x0000000080000000, 0x0000000100000000)
  region size 1024K, 4 young (4096K), 4 survivors (4096K)
 Metaspace       used 94487K, capacity 96705K, committed 96848K, reserved 1132544K
  class space    used 12108K, capacity 12966K, committed 13056K, reserved 1048576K
}
Event: 117.845 GC heap before
{Heap before GC invocations=85 (full 0):
 garbage-first heap   total 150528K, used 115086K [0x0000000080000000, 0x0000000100000000)
  region size 1024K, 21 young (21504K), 4 survivors (4096K)
 Metaspace       used 96121K, capacity 98432K, committed 98512K, reserved 1134592K
  class space    used 12502K, capacity 13416K, committed 13440K, reserved 1048576K
}
Event: 117.911 GC heap after
{Heap after GC invocations=86 (full 0):
 garbage-first heap   total 150528K, used 102838K [0x0000000080000000, 0x0000000100000000)
  region size 1024K, 3 young (3072K), 3 survivors (3072K)
 Metaspace       used 96121K, capacity 98432K, committed 98512K, reserved 1134592K
  class space    used 12502K, capacity 13416K, committed 13440K, reserved 1048576K
}
Event: 119.343 GC heap before
{Heap before GC invocations=87 (full 0):
 garbage-first heap   total 150528K, used 118198K [0x0000000080000000, 0x0000000100000000)
  region size 1024K, 18 young (18432K), 3 survivors (3072K)
 Metaspace       used 96772K, capacity 99109K, committed 99408K, reserved 1134592K
  class space    used 12550K, capacity 13467K, committed 13568K, reserved 1048576K
}
Event: 119.398 GC heap after
{Heap after GC invocations=88 (full 0):
 garbage-first heap   total 150528K, used 110592K [0x0000000080000000, 0x0000000100000000)
  region size 1024K, 3 young (3072K), 3 survivors (3072K)
 Metaspace       used 96772K, capacity 99109K, committed 99408K, reserved 1134592K
  class space    used 12550K, capacity 13467K, committed 13568K, reserved 1048576K
}
Event: 119.839 GC heap before
{Heap before GC invocations=88 (full 0):
 garbage-first heap   total 150528K, used 121856K [0x0000000080000000, 0x0000000100000000)
  region size 1024K, 14 young (14336K), 3 survivors (3072K)
 Metaspace       used 96790K, capacity 99110K, committed 99408K, reserved 1134592K
  class space    used 12550K, capacity 13467K, committed 13568K, reserved 1048576K
}
Event: 119.879 GC heap after
{Heap after GC invocations=89 (full 0):
 garbage-first heap   total 150528K, used 116736K [0x0000000080000000, 0x0000000100000000)
  region size 1024K, 2 young (2048K), 2 survivors (2048K)
 Metaspace       used 96790K, capacity 99110K, committed 99408K, reserved 1134592K
  class space    used 12550K, capacity 13467K, committed 13568K, reserved 1048576K
}
Event: 121.001 GC heap before
{Heap before GC invocations=90 (full 0):
 garbage-first heap   total 150528K, used 123904K [0x0000000080000000, 0x0000000100000000)
  region size 1024K, 10 young (10240K), 2 survivors (2048K)
 Metaspace       used 96804K, capacity 99113K, committed 99408K, reserved 1134592K
  class space    used 12550K, capacity 13467K, committed 13568K, reserved 1048576K
}
Event: 121.033 GC heap after
{Heap after GC invocations=91 (full 0):
 garbage-first heap   total 150528K, used 121344K [0x0000000080000000, 0x0000000100000000)
  region size 1024K, 2 young (2048K), 2 survivors (2048K)
 Metaspace       used 96804K, capacity 99113K, committed 99408K, reserved 1134592K
  class space    used 12550K, capacity 13467K, committed 13568K, reserved 1048576K
}
Event: 121.231 GC heap before
{Heap before GC invocations=91 (full 0):
 garbage-first heap   total 150528K, used 126464K [0x0000000080000000, 0x0000000100000000)
  region size 1024K, 8 young (8192K), 2 survivors (2048K)
 Metaspace       used 96814K, capacity 99114K, committed 99408K, reserved 1134592K
  class space    used 12550K, capacity 13467K, committed 13568K, reserved 1048576K
}
Event: 121.255 GC heap after
{Heap after GC invocations=92 (full 0):
 garbage-first heap   total 181248K, used 124832K [0x0000000080000000, 0x0000000100000000)
  region size 1024K, 1 young (1024K), 1 survivors (1024K)
 Metaspace       used 96814K, capacity 99114K, committed 99408K, reserved 1134592K
  class space    used 12550K, capacity 13467K, committed 13568K, reserved 1048576K
}
Event: 124.064 GC heap before
{Heap before GC invocations=93 (full 0):
 garbage-first heap   total 181248K, used 139168K [0x0000000080000000, 0x0000000100000000)
  region size 1024K, 15 young (15360K), 1 survivors (1024K)
 Metaspace       used 98643K, capacity 100943K, committed 101200K, reserved 1136640K
  class space    used 12795K, capacity 13730K, committed 13824K, reserved 1048576K
}
Event: 124.095 GC heap after
{Heap after GC invocations=94 (full 0):
 garbage-first heap   total 181248K, used 129152K [0x0000000080000000, 0x0000000100000000)
  region size 1024K, 2 young (2048K), 2 survivors (2048K)
 Metaspace       used 98643K, capacity 100943K, committed 101200K, reserved 1136640K
  class space    used 12795K, capacity 13730K, committed 13824K, reserved 1048576K
}
Event: 125.075 GC heap before
{Heap before GC invocations=94 (full 0):
 garbage-first heap   total 181248K, used 142464K [0x0000000080000000, 0x0000000100000000)
  region size 1024K, 15 young (15360K), 2 survivors (2048K)
 Metaspace       used 99161K, capacity 101501K, committed 101712K, reserved 1136640K
  class space    used 12857K, capacity 13803K, committed 13824K, reserved 1048576K
}
Event: 125.109 GC heap after
{Heap after GC invocations=95 (full 0):
 garbage-first heap   total 181248K, used 131743K [0x0000000080000000, 0x0000000100000000)
  region size 1024K, 2 young (2048K), 2 survivors (2048K)
 Metaspace       used 99161K, capacity 101501K, committed 101712K, reserved 1136640K
  class space    used 12857K, capacity 13803K, committed 13824K, reserved 1048576K
}

Deoptimization events (20 events):
Event: 125.007 Thread 0x0000021565a4a800 DEOPT PACKING pc=0x00000215508b2868 sp=0x000000f8c2cfe900
Event: 125.007 Thread 0x0000021565a4a800 DEOPT UNPACKING pc=0x00000215486ca1af sp=0x000000f8c2cfe8b8 mode 2
Event: 125.369 Thread 0x0000021565a45800 Uncommon trap: trap_request=0xffffffde fr.pc=0x000002155084d564 relative=0x00000000000001a4
Event: 125.369 Thread 0x0000021565a45800 Uncommon trap: reason=class_check action=maybe_recompile pc=0x000002155084d564 method=com.android.tools.r8.internal.ac.a(Ljava/util/function/Predicate;Ljava/util/function/Function;Lcom/android/tools/r8/internal/jV;Lcom/android/tools/r8/internal/kV$a;)Lcom
Event: 125.369 Thread 0x0000021565a45800 DEOPT PACKING pc=0x000002155084d564 sp=0x000000f8c2bfcdb0
Event: 125.369 Thread 0x0000021565a45800 DEOPT UNPACKING pc=0x00000215486ca1af sp=0x000000f8c2bfcd40 mode 2
Event: 125.369 Thread 0x0000021565a45800 Uncommon trap: trap_request=0xffffffde fr.pc=0x000002155084d564 relative=0x00000000000001a4
Event: 125.369 Thread 0x0000021565a45800 Uncommon trap: reason=class_check action=maybe_recompile pc=0x000002155084d564 method=com.android.tools.r8.internal.ac.a(Ljava/util/function/Predicate;Ljava/util/function/Function;Lcom/android/tools/r8/internal/jV;Lcom/android/tools/r8/internal/kV$a;)Lcom
Event: 125.369 Thread 0x0000021565a45800 DEOPT PACKING pc=0x000002155084d564 sp=0x000000f8c2bfce00
Event: 125.369 Thread 0x0000021565a45800 DEOPT UNPACKING pc=0x00000215486ca1af sp=0x000000f8c2bfcdb8 mode 2
Event: 125.369 Thread 0x0000021565a45800 Uncommon trap: trap_request=0xffffffde fr.pc=0x000002155084d564 relative=0x00000000000001a4
Event: 125.369 Thread 0x0000021565a45800 Uncommon trap: reason=class_check action=maybe_recompile pc=0x000002155084d564 method=com.android.tools.r8.internal.ac.a(Ljava/util/function/Predicate;Ljava/util/function/Function;Lcom/android/tools/r8/internal/jV;Lcom/android/tools/r8/internal/kV$a;)Lcom
Event: 125.369 Thread 0x0000021565a45800 DEOPT PACKING pc=0x000002155084d564 sp=0x000000f8c2bfc980
Event: 125.369 Thread 0x0000021565a45800 DEOPT UNPACKING pc=0x00000215486ca1af sp=0x000000f8c2bfc910 mode 2
Event: 125.382 Thread 0x0000021565a45800 Uncommon trap: trap_request=0xffffffde fr.pc=0x000002155084d564 relative=0x00000000000001a4
Event: 125.382 Thread 0x0000021565a45800 Uncommon trap: reason=class_check action=maybe_recompile pc=0x000002155084d564 method=com.android.tools.r8.internal.ac.a(Ljava/util/function/Predicate;Ljava/util/function/Function;Lcom/android/tools/r8/internal/jV;Lcom/android/tools/r8/internal/kV$a;)Lcom
Event: 125.392 Thread 0x0000021565a45800 DEOPT PACKING pc=0x000002155084d564 sp=0x000000f8c2bfcdb0
Event: 125.393 Thread 0x0000021565a45800 DEOPT UNPACKING pc=0x00000215486ca1af sp=0x000000f8c2bfcd40 mode 2
Event: 125.853 Thread 0x0000021565a45800 DEOPT PACKING pc=0x000002154a50a513 sp=0x000000f8c2bfcc10
Event: 125.853 Thread 0x0000021565a45800 DEOPT UNPACKING pc=0x00000215486ca95e sp=0x000000f8c2bfc190 mode 0

Classes redefined (0 events):
No events

Internal exceptions (20 events):
Event: 104.950 Thread 0x000002155fb7d800 Exception <a 'sun/nio/fs/WindowsException'{0x00000000881b5da0}> (0x00000000881b5da0) thrown at [./src/hotspot/share/prims/jni.cpp, line 616]
Event: 104.951 Thread 0x000002155fb7d800 Exception <a 'sun/nio/fs/WindowsException'{0x00000000881b7440}> (0x00000000881b7440) thrown at [./src/hotspot/share/prims/jni.cpp, line 616]
Event: 104.951 Thread 0x000002155fb7d800 Exception <a 'sun/nio/fs/WindowsException'{0x00000000881b7788}> (0x00000000881b7788) thrown at [./src/hotspot/share/prims/jni.cpp, line 616]
Event: 104.951 Thread 0x000002155fb7d800 Exception <a 'sun/nio/fs/WindowsException'{0x00000000881b8e38}> (0x00000000881b8e38) thrown at [./src/hotspot/share/prims/jni.cpp, line 616]
Event: 104.951 Thread 0x000002155fb7d800 Exception <a 'sun/nio/fs/WindowsException'{0x00000000881b9120}> (0x00000000881b9120) thrown at [./src/hotspot/share/prims/jni.cpp, line 616]
Event: 104.952 Thread 0x000002155fb7d800 Exception <a 'sun/nio/fs/WindowsException'{0x00000000881ba7a0}> (0x00000000881ba7a0) thrown at [./src/hotspot/share/prims/jni.cpp, line 616]
Event: 105.018 Thread 0x000002155fb7d800 Exception <a 'java/lang/NoSuchMethodError'{0x00000000880ca9c8}: <clinit>> (0x00000000880ca9c8) thrown at [./src/hotspot/share/prims/jni.cpp, line 1366]
Event: 105.022 Thread 0x000002155fb7d800 Exception <a 'java/lang/NoSuchMethodError'{0x00000000880e3b80}: <clinit>> (0x00000000880e3b80) thrown at [./src/hotspot/share/prims/jni.cpp, line 1366]
Event: 114.047 Thread 0x0000021565a45800 Exception <a 'sun/nio/fs/WindowsException'{0x00000000890ba478}> (0x00000000890ba478) thrown at [./src/hotspot/share/prims/jni.cpp, line 616]
Event: 115.608 Thread 0x0000021565a45800 Exception <a 'java/lang/NoSuchMethodError'{0x00000000892d59b0}: 'java.lang.Object java.lang.invoke.DirectMethodHandle$Holder.invokeStaticInit(java.lang.Object, java.lang.Object, java.lang.Object, java.lang.Object, java.lang.Object, java.lang.Object, java.lang.Object, java.lang.Object, java.lang.Object, java.lang.Object, java.lang.Object, java.lang.Object, java.lang.Object, java.lang.Object, java.lang.Object, java.lang.Object, java.lang.Object, java.lang.Object, int, java.lang.Object, java.lang.Object)'> (0
Event: 117.123 Thread 0x0000021565a4b000 Exception <a 'java/lang/NoSuchMethodError'{0x00000000885aaf28}: 'java.lang.Object java.lang.invoke.DirectMethodHandle$Holder.newInvokeSpecial(java.lang.Object, int)'> (0x00000000885aaf28) thrown at [./src/hotspot/share/interpreter/linkResolver.cpp, line 773]
Event: 117.825 Thread 0x0000021565a4a800 Exception <a 'java/lang/IncompatibleClassChangeError'{0x00000000882a9848}: Found class java.lang.Object, but interface was expected> (0x00000000882a9848) thrown at [./src/hotspot/share/interpreter/linkResolver.cpp, line 839]
Event: 117.836 Thread 0x0000021565a4a800 Exception <a 'java/lang/IncompatibleClassChangeError'{0x00000000882d7b40}: Found class java.lang.Object, but interface was expected> (0x00000000882d7b40) thrown at [./src/hotspot/share/interpreter/linkResolver.cpp, line 839]
Event: 117.837 Thread 0x0000021565a4a800 Exception <a 'java/lang/IncompatibleClassChangeError'{0x00000000882dd3f0}: Found class java.lang.Object, but interface was expected> (0x00000000882dd3f0) thrown at [./src/hotspot/share/interpreter/linkResolver.cpp, line 839]
Event: 123.648 Thread 0x0000021565a45800 Exception <a 'java/lang/IncompatibleClassChangeError'{0x000000008a7d1648}: Found class java.lang.Object, but interface was expected> (0x000000008a7d1648) thrown at [./src/hotspot/share/interpreter/linkResolver.cpp, line 839]
Event: 125.006 Thread 0x0000021565a4a800 Implicit null exception at 0x00000215508b46e7 to 0x00000215508b5a30
Event: 125.290 Thread 0x0000021565a45800 Exception <a 'java/lang/IncompatibleClassChangeError'{0x000000008af04160}: Found class java.lang.Object, but interface was expected> (0x000000008af04160) thrown at [./src/hotspot/share/interpreter/linkResolver.cpp, line 839]
Event: 125.366 Thread 0x0000021565a45800 Exception <a 'java/lang/NoSuchMethodError'{0x000000008af6cf78}: 'java.lang.Object java.lang.invoke.Invokers$Holder.linkToTargetMethod(java.lang.Object, int, java.lang.Object, java.lang.Object, java.lang.Object, java.lang.Object)'> (0x000000008af6cf78) thrown at [./src/hotspot/share/interpreter/linkResolver.cpp, line 773]
Event: 125.399 Thread 0x0000021565a45800 Exception <a 'java/lang/NoSuchMethodError'{0x000000008afb52a0}: 'java.lang.Object java.lang.invoke.Invokers$Holder.linkToTargetMethod(java.lang.Object, java.lang.Object, java.lang.Object, int, java.lang.Object, java.lang.Object, java.lang.Object)'> (0x000000008afb52a0) thrown at [./src/hotspot/share/interpreter/linkResolver.cpp, line 773]
Event: 125.456 Thread 0x0000021565a45800 Exception <a 'java/lang/NoSuchMethodError'{0x000000008afd2108}: 'void java.lang.invoke.DirectMethodHandle$Holder.invokeStatic(java.lang.Object, java.lang.Object, java.lang.Object, java.lang.Object, java.lang.Object, java.lang.Object, java.lang.Object, java.lang.Object)'> (0x000000008afd2108) thrown at [./src/hotspot/share/interpreter/linkResolver.cpp, line 773]

Events (20 events):
Event: 126.216 loading class com/android/tools/r8/internal/gn
Event: 126.216 loading class com/android/tools/r8/internal/gn done
Event: 126.217 loading class com/android/tools/r8/graph/e1
Event: 126.217 loading class com/android/tools/r8/graph/e1 done
Event: 126.218 loading class com/android/tools/r8/graph/e1
Event: 126.218 loading class com/android/tools/r8/graph/e1 done
Event: 126.218 loading class com/android/tools/r8/shaking/V0
Event: 126.218 loading class com/android/tools/r8/shaking/V0 done
Event: 126.218 loading class com/android/tools/r8/internal/PV
Event: 126.218 loading class com/android/tools/r8/internal/PV done
Event: 126.219 loading class com/android/tools/r8/graph/k2
Event: 126.219 loading class com/android/tools/r8/graph/k2 done
Event: 126.219 loading class com/android/tools/r8/graph/e1
Event: 126.219 loading class com/android/tools/r8/graph/e1 done
Event: 126.219 loading class com/android/tools/r8/graph/k2
Event: 126.219 loading class com/android/tools/r8/graph/k2 done
Event: 126.220 loading class com/android/tools/r8/graph/k2
Event: 126.220 loading class com/android/tools/r8/graph/k2 done
Event: 126.220 loading class com/android/tools/r8/graph/k2
Event: 126.220 loading class com/android/tools/r8/graph/k2 done


Dynamic libraries:
0x00007ff7d5220000 - 0x00007ff7d522a000 	C:\Program Files\Android\Android Studio\jre\bin\java.exe
0x00007ffd29320000 - 0x00007ffd29510000 	C:\windows\SYSTEM32\ntdll.dll
0x00007ffd28490000 - 0x00007ffd28542000 	C:\windows\System32\KERNEL32.DLL
0x00007ffd266a0000 - 0x00007ffd26945000 	C:\windows\System32\KERNELBASE.dll
0x00007ffd26290000 - 0x00007ffd2638a000 	C:\windows\System32\ucrtbase.dll
0x00007ffd07160000 - 0x00007ffd07179000 	C:\Program Files\Android\Android Studio\jre\bin\jli.dll
0x00007ffd290a0000 - 0x00007ffd29234000 	C:\windows\System32\USER32.dll
0x00007ffd26390000 - 0x00007ffd263b1000 	C:\windows\System32\win32u.dll
0x00007ffd280e0000 - 0x00007ffd28106000 	C:\windows\System32\GDI32.dll
0x00007ffd27230000 - 0x00007ffd273c8000 	C:\windows\System32\gdi32full.dll
0x00007ffd27190000 - 0x00007ffd2722e000 	C:\windows\System32\msvcp_win.dll
0x00007ffd06e20000 - 0x00007ffd06e37000 	C:\Program Files\Android\Android Studio\jre\bin\VCRUNTIME140.dll
0x00007ffd0ed80000 - 0x00007ffd0f004000 	C:\windows\WinSxS\amd64_microsoft.windows.common-controls_6595b64144ccf1df_6.0.18362.1556_none_9e7e372fe45e41d5\COMCTL32.dll
0x00007ffd28b90000 - 0x00007ffd28c2e000 	C:\windows\System32\msvcrt.dll
0x00007ffd285c0000 - 0x00007ffd288f6000 	C:\windows\System32\combase.dll
0x00007ffd28110000 - 0x00007ffd2822f000 	C:\windows\System32\RPCRT4.dll
0x00007ffd27100000 - 0x00007ffd27181000 	C:\windows\System32\bcryptPrimitives.dll
0x00007ffd28390000 - 0x00007ffd283be000 	C:\windows\System32\IMM32.DLL
0x00007ffcd9bf0000 - 0x00007ffcd9c8d000 	C:\Program Files\Android\Android Studio\jre\bin\msvcp140.dll
0x00007ffcd7870000 - 0x00007ffcd8372000 	C:\Program Files\Android\Android Studio\jre\bin\server\jvm.dll
0x00007ffd28ae0000 - 0x00007ffd28b83000 	C:\windows\System32\ADVAPI32.dll
0x00007ffd29240000 - 0x00007ffd292d7000 	C:\windows\System32\sechost.dll
0x00007ffd27e10000 - 0x00007ffd27e18000 	C:\windows\System32\PSAPI.DLL
0x00007ffd07b50000 - 0x00007ffd07b59000 	C:\windows\SYSTEM32\WSOCK32.dll
0x00007ffd28550000 - 0x00007ffd285bf000 	C:\windows\System32\WS2_32.dll
0x00007ffd1d760000 - 0x00007ffd1d784000 	C:\windows\SYSTEM32\WINMM.dll
0x00007ffd1f210000 - 0x00007ffd1f21a000 	C:\windows\SYSTEM32\VERSION.dll
0x00007ffd1d510000 - 0x00007ffd1d53d000 	C:\windows\SYSTEM32\WINMMBASE.dll
0x00007ffd26580000 - 0x00007ffd265ca000 	C:\windows\System32\cfgmgr32.dll
0x00007ffd26270000 - 0x00007ffd26281000 	C:\windows\System32\kernel.appcore.dll
0x00007ffcf7160000 - 0x00007ffcf7171000 	C:\Program Files\Android\Android Studio\jre\bin\verify.dll
0x00007ffd15670000 - 0x00007ffd15864000 	C:\windows\SYSTEM32\DBGHELP.DLL
0x00007ffd15640000 - 0x00007ffd1566a000 	C:\windows\SYSTEM32\dbgcore.DLL
0x00007ffcdbe30000 - 0x00007ffcdbe59000 	C:\Program Files\Android\Android Studio\jre\bin\java.dll
0x00007ffced790000 - 0x00007ffced79b000 	C:\Program Files\Android\Android Studio\jre\bin\jimage.dll
0x00007ffcec8f0000 - 0x00007ffcec908000 	C:\Program Files\Android\Android Studio\jre\bin\zip.dll
0x00007ffd273d0000 - 0x00007ffd27ab7000 	C:\windows\System32\SHELL32.dll
0x00007ffd27b30000 - 0x00007ffd27bd8000 	C:\windows\System32\shcore.dll
0x00007ffd26950000 - 0x00007ffd270cb000 	C:\windows\System32\windows.storage.dll
0x00007ffd26200000 - 0x00007ffd2621e000 	C:\windows\System32\profapi.dll
0x00007ffd26220000 - 0x00007ffd2626a000 	C:\windows\System32\powrprof.dll
0x00007ffd261d0000 - 0x00007ffd261e0000 	C:\windows\System32\UMPDC.dll
0x00007ffd28a80000 - 0x00007ffd28ad2000 	C:\windows\System32\shlwapi.dll
0x00007ffd26680000 - 0x00007ffd26697000 	C:\windows\System32\cryptsp.dll
0x00007ffcdcf80000 - 0x00007ffcdcf9a000 	C:\Program Files\Android\Android Studio\jre\bin\net.dll
0x00007ffd1e0b0000 - 0x00007ffd1e1aa000 	C:\windows\SYSTEM32\WINHTTP.dll
0x00007ffd259e0000 - 0x00007ffd25a47000 	C:\windows\system32\mswsock.dll
0x00007ffcdb000000 - 0x00007ffcdb014000 	C:\Program Files\Android\Android Studio\jre\bin\nio.dll
0x00007ffcdbf30000 - 0x00007ffcdbf57000 	C:\Users\caby5\.gradle\native\e1d6ef7f7dcc3fd88c89a11ec53ec762bb8ba0a96d01ffa2cd45eb1d1d8dd5c5\windows-amd64\native-platform.dll
0x00007ffcd4550000 - 0x00007ffcd4694000 	C:\Users\caby5\.gradle\native\5664cfc778a61ccfe75a443a1ab52a65af34e5dc3c78e0209fed803814484fcb\windows-amd64\native-platform-file-events.dll
0x00007ffcecce0000 - 0x00007ffceccea000 	C:\Program Files\Android\Android Studio\jre\bin\management.dll
0x00007ffcecbb0000 - 0x00007ffcecbbd000 	C:\Program Files\Android\Android Studio\jre\bin\management_ext.dll
0x00007ffd25560000 - 0x00007ffd25593000 	C:\windows\system32\rsaenh.dll
0x00007ffd270d0000 - 0x00007ffd270f6000 	C:\windows\System32\bcrypt.dll
0x00007ffd260c0000 - 0x00007ffd260e5000 	C:\windows\SYSTEM32\USERENV.dll
0x00007ffd25bc0000 - 0x00007ffd25bcc000 	C:\windows\SYSTEM32\CRYPTBASE.dll
0x00007ffd25700000 - 0x00007ffd2573a000 	C:\windows\SYSTEM32\IPHLPAPI.DLL
0x00007ffd28980000 - 0x00007ffd28988000 	C:\windows\System32\NSI.dll
0x00007ffd1f6c0000 - 0x00007ffd1f6d6000 	C:\windows\SYSTEM32\dhcpcsvc6.DLL
0x00007ffd1f6a0000 - 0x00007ffd1f6bc000 	C:\windows\SYSTEM32\dhcpcsvc.DLL
0x00007ffd25740000 - 0x00007ffd2580b000 	C:\windows\SYSTEM32\DNSAPI.dll

dbghelp: loaded successfully - version: 4.0.5 - missing functions: none
symbol engine: initialized successfully - sym options: 0x614 - pdb path: .;C:\Program Files\Android\Android Studio\jre\bin;C:\windows\SYSTEM32;C:\windows\WinSxS\amd64_microsoft.windows.common-controls_6595b64144ccf1df_6.0.18362.1556_none_9e7e372fe45e41d5;C:\Program Files\Android\Android Studio\jre\bin\server;C:\Users\caby5\.gradle\native\e1d6ef7f7dcc3fd88c89a11ec53ec762bb8ba0a96d01ffa2cd45eb1d1d8dd5c5\windows-amd64;C:\Users\caby5\.gradle\native\5664cfc778a61ccfe75a443a1ab52a65af34e5dc3c78e0209fed803814484fcb\windows-amd64

VM Arguments:
jvm_args: --add-opens=java.base/java.util=ALL-UNNAMED --add-opens=java.base/java.lang=ALL-UNNAMED --add-opens=java.base/java.lang.invoke=ALL-UNNAMED --add-opens=java.base/java.util=ALL-UNNAMED --add-opens=java.prefs/java.util.prefs=ALL-UNNAMED --add-opens=java.prefs/java.util.prefs=ALL-UNNAMED --add-opens=java.base/java.nio.charset=ALL-UNNAMED --add-opens=java.base/java.net=ALL-UNNAMED --add-opens=java.base/java.util.concurrent.atomic=ALL-UNNAMED -Xmx2048m -Dfile.encoding=UTF-8 -Duser.country=MX -Duser.language=es -Duser.variant 
java_command: org.gradle.launcher.daemon.bootstrap.GradleDaemon 7.3.3
java_class_path (initial): C:\Users\caby5\.gradle\wrapper\dists\gradle-7.3.3-bin\6a41zxkdtcxs8rphpq6y0069z\gradle-7.3.3\lib\gradle-launcher-7.3.3.jar
Launcher Type: SUN_STANDARD

[Global flags]
     intx CICompilerCount                          = 2                                         {product} {ergonomic}
     uint ConcGCThreads                            = 1                                         {product} {ergonomic}
     uint G1ConcRefinementThreads                  = 2                                         {product} {ergonomic}
   size_t G1HeapRegionSize                         = 1048576                                   {product} {ergonomic}
    uintx GCDrainStackTargetSize                   = 64                                        {product} {ergonomic}
   size_t InitialHeapSize                          = 58720256                                  {product} {ergonomic}
   size_t MarkStackSize                            = 4194304                                   {product} {ergonomic}
   size_t MaxHeapSize                              = 2147483648                                {product} {command line}
   size_t MaxNewSize                               = 1287651328                                {product} {ergonomic}
   size_t MinHeapDeltaBytes                        = 1048576                                   {product} {ergonomic}
    uintx NonNMethodCodeHeapSize                   = 5825164                                {pd product} {ergonomic}
    uintx NonProfiledCodeHeapSize                  = 122916538                              {pd product} {ergonomic}
    uintx ProfiledCodeHeapSize                     = 122916538                              {pd product} {ergonomic}
    uintx ReservedCodeCacheSize                    = 251658240                              {pd product} {ergonomic}
     bool SegmentedCodeCache                       = true                                      {product} {ergonomic}
     bool UseCompressedClassPointers               = true                                 {lp64_product} {ergonomic}
     bool UseCompressedOops                        = true                                 {lp64_product} {ergonomic}
     bool UseG1GC                                  = true                                      {product} {ergonomic}
     bool UseLargePagesIndividualAllocation        = false                                  {pd product} {ergonomic}

Logging:
Log output configuration:
 #0: stdout all=warning uptime,level,tags
 #1: stderr all=off uptime,level,tags

Environment Variables:
JAVA_HOME=C:\Users\caby5\Documents\openjdk\jdk-11.0.2
PATH=C:\Program Files\MySQL\MySQL Server 8.0\bin;C:\windows\system32;C:\windows;C:\windows\System32\Wbem;C:\Windows\System32\OpenSSH\ssh;C:\Program Files\PuTTY\;C:\Users\caby5\Documents\openjdk\jdk-11.0.2\bin;C:\Program Files\Git\cmd;C:\Program Files\Microchip\xc8\v2.31\bin;C:\Program Files\nodejs\;C:\Users\caby5\AppData\Local\Microsoft\WindowsApps;C:\Users\caby5\Documents\openjdk\jdk-11.0.2\bin;C:\Users\caby5\AppData\Local\Programs\Microsoft VS Code\bin;C:\Users\caby5\AppData\Roaming\npm;C:\Program Files\JetBrains\IntelliJ IDEA 2022.2.1\bin;
USERNAME=caby5
OS=Windows_NT
PROCESSOR_IDENTIFIER=AMD64 Family 21 Model 112 Stepping 0, AuthenticAMD



---------------  S Y S T E M  ---------------

OS: Windows 10 , 64 bit Build 18362 (10.0.18362.1500)
OS uptime: 3 days 22:08 hours
Hyper-V role detected

CPU:total 2 (initial active 2) (2 cores per cpu, 1 threads per core) family 21 model 112 stepping 0 microcode 0x0, cmov, cx8, fxsr, mmx, sse, sse2, sse3, ssse3, sse4.1, sse4.2, popcnt, avx, avx2, aes, clmul, mmxext, 3dnowpref, lzcnt, sse4a, tsc, tscinvbit, tscinv, bmi1, bmi2, fma

Memory: 4k page, system-wide physical 3542M (326M free)
TotalPageFile size 6326M (AvailPageFile size 2M)
current process WorkingSet (physical memory assigned to process): 397M, peak: 400M
current process commit charge ("private bytes"): 473M, peak: 477M

vm_info: OpenJDK 64-Bit Server VM (11.0.13+0-b1751.21-8125866) for windows-amd64 JRE (11.0.13+0-b1751.21-8125866), built on Feb  2 2022 03:00:22 by "builder" with MS VC++ 14.0 (VS2015)

END.
