#
# There is insufficient memory for the Java Runtime Environment to continue.
# Native memory allocation (mmap) failed to map 36700160 bytes for Failed to commit area from 0x000000008ad00000 to 0x000000008d000000 of length 36700160.
# Possible reasons:
#   The system is out of physical RAM or swap space
#   The process is running with CompressedOops enabled, and the Java Heap may be blocking the growth of the native heap
# Possible solutions:
#   Reduce memory load on the system
#   Increase physical memory or swap space
#   Check if swap backing store is full
#   Decrease Java heap size (-Xmx/-Xms)
#   Decrease number of Java threads
#   Decrease Java thread stack sizes (-Xss)
#   Set larger code cache with -XX:ReservedCodeCacheSize=
#   JVM is running with Unscaled Compressed Oops mode in which the Java heap is
#     placed in the first 4GB address space. The Java Heap base address is the
#     maximum limit for the native heap growth. Please use -XX:HeapBaseMinAddress
#     to set the Java Heap base and to place the Java Heap above 4GB virtual address.
# This output file may be truncated or incomplete.
#
#  Out of Memory Error (./src/hotspot/os/windows/os_windows.cpp:3619), pid=4036, tid=11652
#
# JRE version: OpenJDK Runtime Environment (11.0.13) (build 11.0.13+0-b1751.21-8125866)
# Java VM: OpenJDK 64-Bit Server VM (11.0.13+0-b1751.21-8125866, mixed mode, tiered, compressed oops, g1 gc, windows-amd64)
# No core dump will be written. Minidumps are not enabled by default on client versions of Windows
#

---------------  S U M M A R Y ------------

Command Line: --add-opens=java.base/java.util=ALL-UNNAMED --add-opens=java.base/java.lang=ALL-UNNAMED --add-opens=java.base/java.lang.invoke=ALL-UNNAMED --add-opens=java.base/java.util=ALL-UNNAMED --add-opens=java.prefs/java.util.prefs=ALL-UNNAMED --add-opens=java.prefs/java.util.prefs=ALL-UNNAMED --add-opens=java.base/java.nio.charset=ALL-UNNAMED --add-opens=java.base/java.net=ALL-UNNAMED --add-opens=java.base/java.util.concurrent.atomic=ALL-UNNAMED -Xmx2048m -Dfile.encoding=UTF-8 -Duser.country=MX -Duser.language=es -Duser.variant org.gradle.launcher.daemon.bootstrap.GradleDaemon 7.4

Host: AMD A6-9225 RADEON R4, 5 COMPUTE CORES 2C+3G   , 2 cores, 3G,  Windows 10 , 64 bit Build 18362 (10.0.18362.1500)
Time: Tue Nov 29 19:40:02 2022 Hora estándar central (México) elapsed time: 225.775283 seconds (0d 0h 3m 45s)

---------------  T H R E A D  ---------------

Current thread (0x000001afd91eb000):  VMThread "VM Thread" [stack: 0x0000009593400000,0x0000009593500000] [id=11652]

Stack: [0x0000009593400000,0x0000009593500000]
[error occurred during error reporting (printing stack bounds), id 0xc0000005, EXCEPTION_ACCESS_VIOLATION (0xc0000005) at pc=0x000001afc366112d]

Native frames: (J=compiled Java code, j=interpreted, Vv=VM code, C=native code)
V  [jvm.dll+0x6100fa]
V  [jvm.dll+0x747090]
V  [jvm.dll+0x7486ad]
V  [jvm.dll+0x748ce5]
V  [jvm.dll+0x748c9b]
V  [jvm.dll+0x60f224]
V  [jvm.dll+0x60f9b8]
C  [ntdll.dll+0xa1fff]
C  [ntdll.dll+0x6aad9]
C  [ntdll.dll+0xa0c6e]
C  0x000001afc366112d

VM_Operation (0x00000095946f5970): G1CollectForAllocation, mode: safepoint, requested by thread 0x000001afdac87800


---------------  P R O C E S S  ---------------

Threads class SMR info:
_java_thread_list=0x000001afdca985d0, length=58, elements={
0x000001afbfb4e800, 0x000001afd91ef000, 0x000001afd91f2000, 0x000001afd9241800,
0x000001afd924c800, 0x000001afd924d800, 0x000001afd9250800, 0x000001afd9bd8800,
0x000001afd927d800, 0x000001afd9c3e800, 0x000001afdbed5800, 0x000001afda984800,
0x000001afdb5b0800, 0x000001afda8c8000, 0x000001afda8c9000, 0x000001afdac57800,
0x000001afdac87800, 0x000001afda108800, 0x000001afdb609800, 0x000001afdb713000,
0x000001afdb710000, 0x000001afdb710800, 0x000001afdb712800, 0x000001afdb711800,
0x000001afdb714000, 0x000001afdb714800, 0x000001afdb715800, 0x000001afdb716800,
0x000001afda866800, 0x000001afda869800, 0x000001afda86a800, 0x000001afda86b800,
0x000001afda868000, 0x000001afda869000, 0x000001afda865800, 0x000001afda86c000,
0x000001afdc5bd000, 0x000001afdc5c0000, 0x000001afdc5c2000, 0x000001afdc5c3800,
0x000001afdc5bd800, 0x000001afdc5c1000, 0x000001afdc5c4800, 0x000001afdc5c2800,
0x000001afdc5be800, 0x000001afdc5c5000, 0x000001afdc5bf800, 0x000001afdc5c7800,
0x000001afdc5c8800, 0x000001afdc5c9000, 0x000001afdc5ca000, 0x000001afdc5cb000,
0x000001afdc5cb800, 0x000001afdc5c6000, 0x000001afdc5c6800, 0x000001afde0fb000,
0x000001afde100000, 0x000001afde0ff800
}

Java Threads: ( => current thread )
  0x000001afbfb4e800 JavaThread "main" [_thread_blocked, id=13216, stack(0x0000009592d00000,0x0000009592e00000)]
  0x000001afd91ef000 JavaThread "Reference Handler" daemon [_thread_blocked, id=10676, stack(0x0000009593500000,0x0000009593600000)]
  0x000001afd91f2000 JavaThread "Finalizer" daemon [_thread_blocked, id=12388, stack(0x0000009593600000,0x0000009593700000)]
  0x000001afd9241800 JavaThread "Signal Dispatcher" daemon [_thread_blocked, id=3944, stack(0x0000009593700000,0x0000009593800000)]
  0x000001afd924c800 JavaThread "Attach Listener" daemon [_thread_blocked, id=2548, stack(0x0000009593800000,0x0000009593900000)]
  0x000001afd924d800 JavaThread "Service Thread" daemon [_thread_blocked, id=9504, stack(0x0000009593900000,0x0000009593a00000)]
  0x000001afd9250800 JavaThread "C2 CompilerThread0" daemon [_thread_blocked, id=12824, stack(0x0000009593a00000,0x0000009593b00000)]
  0x000001afd9bd8800 JavaThread "C1 CompilerThread0" daemon [_thread_blocked, id=10740, stack(0x0000009593b00000,0x0000009593c00000)]
  0x000001afd927d800 JavaThread "Sweeper thread" daemon [_thread_blocked, id=12744, stack(0x0000009593c00000,0x0000009593d00000)]
  0x000001afd9c3e800 JavaThread "Common-Cleaner" daemon [_thread_blocked, id=2576, stack(0x0000009593d00000,0x0000009593e00000)]
  0x000001afdbed5800 JavaThread "Daemon health stats" [_thread_blocked, id=9428, stack(0x0000009594000000,0x0000009594100000)]
  0x000001afda984800 JavaThread "Incoming local TCP Connector on port 53453" [_thread_in_native, id=8432, stack(0x0000009594100000,0x0000009594200000)]
  0x000001afdb5b0800 JavaThread "Daemon periodic checks" [_thread_blocked, id=12836, stack(0x0000009594200000,0x0000009594300000)]
  0x000001afda8c8000 JavaThread "Daemon" [_thread_blocked, id=9208, stack(0x0000009594300000,0x0000009594400000)]
  0x000001afda8c9000 JavaThread "Handler for socket connection from /127.0.0.1:53453 to /127.0.0.1:53454" [_thread_in_native, id=12000, stack(0x0000009594400000,0x0000009594500000)]
  0x000001afdac57800 JavaThread "Cancel handler" [_thread_blocked, id=10780, stack(0x0000009594500000,0x0000009594600000)]
  0x000001afdac87800 JavaThread "Daemon worker" [_thread_blocked, id=4136, stack(0x0000009594600000,0x0000009594700000)]
  0x000001afda108800 JavaThread "Asynchronous log dispatcher for DefaultDaemonConnection: socket connection from /127.0.0.1:53453 to /127.0.0.1:53454" [_thread_blocked, id=9988, stack(0x0000009594700000,0x0000009594800000)]
  0x000001afdb609800 JavaThread "Daemon client event forwarder" [_thread_blocked, id=9928, stack(0x0000009594900000,0x0000009594a00000)]
  0x000001afdb713000 JavaThread "Cache worker for journal cache (C:\Users\caby5\.gradle\caches\journal-1)" [_thread_blocked, id=9560, stack(0x0000009594a00000,0x0000009594b00000)]
  0x000001afdb710000 JavaThread "File lock request listener" [_thread_blocked, id=2892, stack(0x0000009594b00000,0x0000009594c00000)]
  0x000001afdb710800 JavaThread "Cache worker for file hash cache (C:\Users\caby5\.gradle\caches\7.4\fileHashes)" [_thread_blocked, id=4716, stack(0x0000009594c00000,0x0000009594d00000)]
  0x000001afdb712800 JavaThread "File lock release action executor" [_thread_blocked, id=8712, stack(0x0000009594d00000,0x0000009594e00000)]
  0x000001afdb711800 JavaThread "File watcher server" daemon [_thread_in_native, id=11560, stack(0x0000009594e00000,0x0000009594f00000)]
  0x000001afdb714000 JavaThread "File watcher consumer" daemon [_thread_blocked, id=11408, stack(0x0000009594f00000,0x0000009595000000)]
  0x000001afdb714800 JavaThread "jar transforms" [_thread_blocked, id=11992, stack(0x0000009595000000,0x0000009595100000)]
  0x000001afdb715800 JavaThread "jar transforms Thread 2" [_thread_blocked, id=4768, stack(0x0000009595100000,0x0000009595200000)]
  0x000001afdb716800 JavaThread "Cache worker for checksums cache (C:\Users\caby5\Documents\TEC\.gradle\7.4\checksums)" [_thread_blocked, id=8776, stack(0x0000009595200000,0x0000009595300000)]
  0x000001afda866800 JavaThread "Cache worker for cache directory md-rule (C:\Users\caby5\.gradle\caches\7.4\md-rule)" [_thread_blocked, id=10216, stack(0x0000009595300000,0x0000009595400000)]
  0x000001afda869800 JavaThread "Cache worker for file hash cache (C:\Users\caby5\Documents\TEC\.gradle\7.4\fileHashes)" [_thread_blocked, id=2916, stack(0x0000009595400000,0x0000009595500000)]
  0x000001afda86a800 JavaThread "Cache worker for cache directory md-supplier (C:\Users\caby5\.gradle\caches\7.4\md-supplier)" [_thread_blocked, id=11060, stack(0x0000009595500000,0x0000009595600000)]
  0x000001afda86b800 JavaThread "Cache worker for execution history cache (C:\Users\caby5\.gradle\caches\7.4\executionHistory)" [_thread_blocked, id=588, stack(0x0000009595600000,0x0000009595700000)]
  0x000001afda868000 JavaThread "Cache worker for file content cache (C:\Users\caby5\.gradle\caches\7.4\fileContent)" [_thread_blocked, id=10680, stack(0x0000009595900000,0x0000009595a00000)]
  0x000001afda869000 JavaThread "Cache worker for dependencies-accessors (C:\Users\caby5\Documents\TEC\.gradle\7.4\dependencies-accessors)" [_thread_blocked, id=2056, stack(0x0000009592c00000,0x0000009592d00000)]
  0x000001afda865800 JavaThread "Cache worker for Build Output Cleanup Cache (C:\Users\caby5\Documents\TEC\.gradle\buildOutputCleanup)" [_thread_blocked, id=7564, stack(0x0000009592e00000,0x0000009592f00000)]
  0x000001afda86c000 JavaThread "Unconstrained build operations" [_thread_blocked, id=3644, stack(0x0000009595a00000,0x0000009595b00000)]
  0x000001afdc5bd000 JavaThread "Unconstrained build operations Thread 2" [_thread_blocked, id=4860, stack(0x0000009595b00000,0x0000009595c00000)]
  0x000001afdc5c0000 JavaThread "Unconstrained build operations Thread 3" [_thread_blocked, id=10004, stack(0x0000009595c00000,0x0000009595d00000)]
  0x000001afdc5c2000 JavaThread "Unconstrained build operations Thread 4" [_thread_blocked, id=4912, stack(0x0000009595d00000,0x0000009595e00000)]
  0x000001afdc5c3800 JavaThread "Unconstrained build operations Thread 5" [_thread_blocked, id=2220, stack(0x0000009595e00000,0x0000009595f00000)]
  0x000001afdc5bd800 JavaThread "Unconstrained build operations Thread 6" [_thread_blocked, id=12308, stack(0x0000009595f00000,0x0000009596000000)]
  0x000001afdc5c1000 JavaThread "Unconstrained build operations Thread 7" [_thread_blocked, id=11160, stack(0x0000009596000000,0x0000009596100000)]
  0x000001afdc5c4800 JavaThread "Unconstrained build operations Thread 8" [_thread_blocked, id=9076, stack(0x0000009596100000,0x0000009596200000)]
  0x000001afdc5c2800 JavaThread "Unconstrained build operations Thread 9" [_thread_blocked, id=10648, stack(0x0000009596200000,0x0000009596300000)]
  0x000001afdc5be800 JavaThread "Unconstrained build operations Thread 10" [_thread_blocked, id=12740, stack(0x0000009596300000,0x0000009596400000)]
  0x000001afdc5c5000 JavaThread "Unconstrained build operations Thread 11" [_thread_blocked, id=12904, stack(0x0000009596400000,0x0000009596500000)]
  0x000001afdc5bf800 JavaThread "Unconstrained build operations Thread 12" [_thread_blocked, id=3948, stack(0x0000009596500000,0x0000009596600000)]
  0x000001afdc5c7800 JavaThread "Unconstrained build operations Thread 13" [_thread_blocked, id=4500, stack(0x0000009596600000,0x0000009596700000)]
  0x000001afdc5c8800 JavaThread "Unconstrained build operations Thread 14" [_thread_blocked, id=3212, stack(0x0000009596700000,0x0000009596800000)]
  0x000001afdc5c9000 JavaThread "Unconstrained build operations Thread 15" [_thread_blocked, id=1148, stack(0x0000009596800000,0x0000009596900000)]
  0x000001afdc5ca000 JavaThread "Unconstrained build operations Thread 16" [_thread_blocked, id=11380, stack(0x0000009596900000,0x0000009596a00000)]
  0x000001afdc5cb000 JavaThread "Unconstrained build operations Thread 17" [_thread_blocked, id=11124, stack(0x0000009596a00000,0x0000009596b00000)]
  0x000001afdc5cb800 JavaThread "Unconstrained build operations Thread 18" [_thread_blocked, id=10828, stack(0x0000009596b00000,0x0000009596c00000)]
  0x000001afdc5c6000 JavaThread "Unconstrained build operations Thread 19" [_thread_blocked, id=9704, stack(0x0000009596c00000,0x0000009596d00000)]
  0x000001afdc5c6800 JavaThread "Unconstrained build operations Thread 20" [_thread_blocked, id=160, stack(0x0000009596d00000,0x0000009596e00000)]
  0x000001afde0fb000 JavaThread "Memory manager" [_thread_blocked, id=9844, stack(0x0000009596e00000,0x0000009596f00000)]
  0x000001afde100000 JavaThread "included builds" [_thread_blocked, id=13004, stack(0x0000009596f00000,0x0000009597000000)]
  0x000001afde0ff800 JavaThread "Cache worker for execution history cache (C:\Users\caby5\Documents\TEC\.gradle\7.4\executionHistory)" [_thread_blocked, id=8968, stack(0x0000009597100000,0x0000009597200000)]

Other Threads:
=>0x000001afd91eb000 VMThread "VM Thread" [stack: 0x0000009593400000,0x0000009593500000] [id=11652]
  0x000001afd9d4b800 WatcherThread [stack: 0x0000009593e00000,0x0000009593f00000] [id=3776]
  0x000001afbfb67000 GCTaskThread "GC Thread#0" [stack: 0x0000009592f00000,0x0000009593000000] [id=5100]
  0x000001afd9ec0800 GCTaskThread "GC Thread#1" [stack: 0x0000009593f00000,0x0000009594000000] [id=1896]
  0x000001afbfb97000 ConcurrentGCThread "G1 Main Marker" [stack: 0x0000009593000000,0x0000009593100000] [id=12940]
  0x000001afbfb98000 ConcurrentGCThread "G1 Conc#0" [stack: 0x0000009593100000,0x0000009593200000] [id=13028]
  0x000001afbfbd6800 ConcurrentGCThread "G1 Refine#0" [stack: 0x0000009593200000,0x0000009593300000] [id=12544]
  0x000001afbfbd7800 ConcurrentGCThread "G1 Young RemSet Sampling" [stack: 0x0000009593300000,0x0000009593400000] [id=9156]

Threads with active compile tasks:

VM state:at safepoint (normal execution)

VM Mutex/Monitor currently owned by a thread:  ([mutex/lock_event])
[0x000001afbfb4ac20] Threads_lock - owner thread: 0x000001afd91eb000
[0x000001afbfb4a680] Heap_lock - owner thread: 0x000001afdac87800

Heap address: 0x0000000080000000, size: 2048 MB, Compressed Oops mode: 32-bit
Narrow klass base: 0x0000000000000000, Narrow klass shift: 3
Compressed class space size: 1073741824 Address: 0x0000000100000000

Heap:
 garbage-first heap   total 212992K, used 142397K [0x0000000080000000, 0x0000000100000000)
  region size 1024K, 2 young (2048K), 2 survivors (2048K)
 Metaspace       used 101693K, capacity 104098K, committed 104240K, reserved 1140736K
  class space    used 13027K, capacity 13890K, committed 13952K, reserved 1048576K
Heap Regions: E=young(eden), S=young(survivor), O=old, HS=humongous(starts), HC=humongous(continues), CS=collection set, F=free, A=archive, TAMS=top-at-mark-start (previous, next)
|   0|0x0000000080000000, 0x0000000080100000, 0x0000000080100000|100%| O|  |TAMS 0x0000000080100000, 0x0000000080000000| Untracked 
|   1|0x0000000080100000, 0x0000000080200000, 0x0000000080200000|100%| O|  |TAMS 0x0000000080200000, 0x0000000080100000| Untracked 
|   2|0x0000000080200000, 0x0000000080300000, 0x0000000080300000|100%| O|  |TAMS 0x0000000080300000, 0x0000000080200000| Untracked 
|   3|0x0000000080300000, 0x0000000080400000, 0x0000000080400000|100%| O|  |TAMS 0x0000000080400000, 0x0000000080300000| Untracked 
|   4|0x0000000080400000, 0x0000000080500000, 0x0000000080500000|100%|HS|  |TAMS 0x0000000080500000, 0x0000000080400000| Complete 
|   5|0x0000000080500000, 0x0000000080600000, 0x0000000080600000|100%|HC|  |TAMS 0x0000000080600000, 0x0000000080500000| Complete 
|   6|0x0000000080600000, 0x0000000080700000, 0x0000000080700000|100%|HC|  |TAMS 0x0000000080700000, 0x0000000080600000| Complete 
|   7|0x0000000080700000, 0x0000000080800000, 0x0000000080800000|100%| O|  |TAMS 0x0000000080800000, 0x0000000080700000| Untracked 
|   8|0x0000000080800000, 0x0000000080900000, 0x0000000080900000|100%| O|  |TAMS 0x0000000080900000, 0x0000000080800000| Untracked 
|   9|0x0000000080900000, 0x0000000080a00000, 0x0000000080a00000|100%| O|  |TAMS 0x0000000080a00000, 0x0000000080900000| Untracked 
|  10|0x0000000080a00000, 0x0000000080b00000, 0x0000000080b00000|100%| O|  |TAMS 0x0000000080b00000, 0x0000000080a00000| Untracked 
|  11|0x0000000080b00000, 0x0000000080c00000, 0x0000000080c00000|100%| O|  |TAMS 0x0000000080c00000, 0x0000000080b00000| Untracked 
|  12|0x0000000080c00000, 0x0000000080d00000, 0x0000000080d00000|100%| O|  |TAMS 0x0000000080d00000, 0x0000000080c00000| Untracked 
|  13|0x0000000080d00000, 0x0000000080e00000, 0x0000000080e00000|100%| O|  |TAMS 0x0000000080e00000, 0x0000000080d00000| Untracked 
|  14|0x0000000080e00000, 0x0000000080f00000, 0x0000000080f00000|100%| O|  |TAMS 0x0000000080f00000, 0x0000000080e00000| Untracked 
|  15|0x0000000080f00000, 0x0000000081000000, 0x0000000081000000|100%| O|  |TAMS 0x0000000081000000, 0x0000000080f00000| Untracked 
|  16|0x0000000081000000, 0x0000000081100000, 0x0000000081100000|100%| O|  |TAMS 0x0000000081100000, 0x0000000081000000| Untracked 
|  17|0x0000000081100000, 0x0000000081200000, 0x0000000081200000|100%|HS|  |TAMS 0x0000000081200000, 0x0000000081100000| Complete 
|  18|0x0000000081200000, 0x0000000081300000, 0x0000000081300000|100%|HC|  |TAMS 0x0000000081300000, 0x0000000081200000| Complete 
|  19|0x0000000081300000, 0x0000000081400000, 0x0000000081400000|100%|HS|  |TAMS 0x0000000081400000, 0x0000000081300000| Complete 
|  20|0x0000000081400000, 0x0000000081500000, 0x0000000081500000|100%|HC|  |TAMS 0x0000000081500000, 0x0000000081400000| Complete 
|  21|0x0000000081500000, 0x0000000081600000, 0x0000000081600000|100%|HC|  |TAMS 0x0000000081600000, 0x0000000081500000| Complete 
|  22|0x0000000081600000, 0x0000000081700000, 0x0000000081700000|100%|HS|  |TAMS 0x0000000081700000, 0x0000000081600000| Complete 
|  23|0x0000000081700000, 0x0000000081800000, 0x0000000081800000|100%|HC|  |TAMS 0x0000000081800000, 0x0000000081700000| Complete 
|  24|0x0000000081800000, 0x0000000081900000, 0x0000000081900000|100%|HC|  |TAMS 0x0000000081900000, 0x0000000081800000| Complete 
|  25|0x0000000081900000, 0x0000000081a00000, 0x0000000081a00000|100%|HS|  |TAMS 0x0000000081a00000, 0x0000000081900000| Complete 
|  26|0x0000000081a00000, 0x0000000081b00000, 0x0000000081b00000|100%|HC|  |TAMS 0x0000000081b00000, 0x0000000081a00000| Complete 
|  27|0x0000000081b00000, 0x0000000081c00000, 0x0000000081c00000|100%|HC|  |TAMS 0x0000000081c00000, 0x0000000081b00000| Complete 
|  28|0x0000000081c00000, 0x0000000081d00000, 0x0000000081d00000|100%|HC|  |TAMS 0x0000000081d00000, 0x0000000081c00000| Complete 
|  29|0x0000000081d00000, 0x0000000081e00000, 0x0000000081e00000|100%| O|  |TAMS 0x0000000081e00000, 0x0000000081d00000| Untracked 
|  30|0x0000000081e00000, 0x0000000081f00000, 0x0000000081f00000|100%| O|  |TAMS 0x0000000081f00000, 0x0000000081e00000| Untracked 
|  31|0x0000000081f00000, 0x0000000082000000, 0x0000000082000000|100%| O|  |TAMS 0x0000000082000000, 0x0000000081f00000| Untracked 
|  32|0x0000000082000000, 0x0000000082100000, 0x0000000082100000|100%| O|  |TAMS 0x0000000082100000, 0x0000000082000000| Untracked 
|  33|0x0000000082100000, 0x0000000082200000, 0x0000000082200000|100%|HS|  |TAMS 0x0000000082200000, 0x0000000082100000| Complete 
|  34|0x0000000082200000, 0x0000000082300000, 0x0000000082300000|100%|HC|  |TAMS 0x0000000082300000, 0x0000000082200000| Complete 
|  35|0x0000000082300000, 0x0000000082400000, 0x0000000082400000|100%|HC|  |TAMS 0x0000000082400000, 0x0000000082300000| Complete 
|  36|0x0000000082400000, 0x0000000082500000, 0x0000000082500000|100%|HC|  |TAMS 0x0000000082500000, 0x0000000082400000| Complete 
|  37|0x0000000082500000, 0x0000000082600000, 0x0000000082600000|100%|HC|  |TAMS 0x0000000082600000, 0x0000000082500000| Complete 
|  38|0x0000000082600000, 0x0000000082700000, 0x0000000082700000|100%| O|  |TAMS 0x0000000082700000, 0x0000000082600000| Untracked 
|  39|0x0000000082700000, 0x0000000082800000, 0x0000000082800000|100%| O|  |TAMS 0x0000000082800000, 0x0000000082700000| Untracked 
|  40|0x0000000082800000, 0x0000000082900000, 0x0000000082900000|100%| O|  |TAMS 0x0000000082900000, 0x0000000082800000| Untracked 
|  41|0x0000000082900000, 0x0000000082a00000, 0x0000000082a00000|100%| O|  |TAMS 0x0000000082a00000, 0x0000000082900000| Untracked 
|  42|0x0000000082a00000, 0x0000000082b00000, 0x0000000082b00000|100%| O|  |TAMS 0x0000000082b00000, 0x0000000082a00000| Untracked 
|  43|0x0000000082b00000, 0x0000000082c00000, 0x0000000082c00000|100%| O|  |TAMS 0x0000000082c00000, 0x0000000082b00000| Untracked 
|  44|0x0000000082c00000, 0x0000000082d00000, 0x0000000082d00000|100%| O|  |TAMS 0x0000000082d00000, 0x0000000082c00000| Untracked 
|  45|0x0000000082d00000, 0x0000000082e00000, 0x0000000082e00000|100%| O|  |TAMS 0x0000000082e00000, 0x0000000082d00000| Untracked 
|  46|0x0000000082e00000, 0x0000000082f00000, 0x0000000082f00000|100%| O|  |TAMS 0x0000000082f00000, 0x0000000082e00000| Untracked 
|  47|0x0000000082f00000, 0x0000000083000000, 0x0000000083000000|100%| O|  |TAMS 0x0000000083000000, 0x0000000082f00000| Untracked 
|  48|0x0000000083000000, 0x0000000083100000, 0x0000000083100000|100%| O|  |TAMS 0x0000000083100000, 0x0000000083000000| Untracked 
|  49|0x0000000083100000, 0x0000000083200000, 0x0000000083200000|100%| O|  |TAMS 0x0000000083200000, 0x0000000083100000| Untracked 
|  50|0x0000000083200000, 0x0000000083300000, 0x0000000083300000|100%|HS|  |TAMS 0x0000000083300000, 0x0000000083200000| Complete 
|  51|0x0000000083300000, 0x0000000083400000, 0x0000000083400000|100%|HC|  |TAMS 0x0000000083400000, 0x0000000083300000| Complete 
|  52|0x0000000083400000, 0x0000000083500000, 0x0000000083500000|100%|HC|  |TAMS 0x0000000083500000, 0x0000000083400000| Complete 
|  53|0x0000000083500000, 0x0000000083600000, 0x0000000083600000|100%|HC|  |TAMS 0x0000000083600000, 0x0000000083500000| Complete 
|  54|0x0000000083600000, 0x0000000083700000, 0x0000000083700000|100%|HS|  |TAMS 0x0000000083700000, 0x0000000083600000| Complete 
|  55|0x0000000083700000, 0x0000000083800000, 0x0000000083800000|100%|HC|  |TAMS 0x0000000083800000, 0x0000000083700000| Complete 
|  56|0x0000000083800000, 0x0000000083900000, 0x0000000083900000|100%|HC|  |TAMS 0x0000000083900000, 0x0000000083800000| Complete 
|  57|0x0000000083900000, 0x0000000083a00000, 0x0000000083a00000|100%|HS|  |TAMS 0x0000000083a00000, 0x0000000083900000| Complete 
|  58|0x0000000083a00000, 0x0000000083b00000, 0x0000000083b00000|100%|HC|  |TAMS 0x0000000083b00000, 0x0000000083a00000| Complete 
|  59|0x0000000083b00000, 0x0000000083c00000, 0x0000000083c00000|100%|HS|  |TAMS 0x0000000083c00000, 0x0000000083b00000| Complete 
|  60|0x0000000083c00000, 0x0000000083d00000, 0x0000000083d00000|100%|HC|  |TAMS 0x0000000083d00000, 0x0000000083c00000| Complete 
|  61|0x0000000083d00000, 0x0000000083e00000, 0x0000000083e00000|100%|HC|  |TAMS 0x0000000083e00000, 0x0000000083d00000| Complete 
|  62|0x0000000083e00000, 0x0000000083f00000, 0x0000000083f00000|100%| O|  |TAMS 0x0000000083f00000, 0x0000000083e00000| Untracked 
|  63|0x0000000083f00000, 0x0000000084000000, 0x0000000084000000|100%| O|  |TAMS 0x0000000084000000, 0x0000000083f00000| Untracked 
|  64|0x0000000084000000, 0x0000000084100000, 0x0000000084100000|100%| O|  |TAMS 0x0000000084100000, 0x0000000084000000| Untracked 
|  65|0x0000000084100000, 0x0000000084200000, 0x0000000084200000|100%| O|  |TAMS 0x0000000084200000, 0x0000000084100000| Untracked 
|  66|0x0000000084200000, 0x0000000084300000, 0x0000000084300000|100%| O|  |TAMS 0x0000000084300000, 0x0000000084200000| Untracked 
|  67|0x0000000084300000, 0x0000000084400000, 0x0000000084400000|100%|HS|  |TAMS 0x0000000084400000, 0x0000000084300000| Complete 
|  68|0x0000000084400000, 0x0000000084500000, 0x0000000084500000|100%|HC|  |TAMS 0x0000000084500000, 0x0000000084400000| Complete 
|  69|0x0000000084500000, 0x0000000084600000, 0x0000000084600000|100%|HC|  |TAMS 0x0000000084600000, 0x0000000084500000| Complete 
|  70|0x0000000084600000, 0x0000000084700000, 0x0000000084700000|100%|HC|  |TAMS 0x0000000084700000, 0x0000000084600000| Complete 
|  71|0x0000000084700000, 0x0000000084800000, 0x0000000084800000|100%|HC|  |TAMS 0x0000000084800000, 0x0000000084700000| Complete 
|  72|0x0000000084800000, 0x0000000084900000, 0x0000000084900000|100%| O|  |TAMS 0x0000000084900000, 0x0000000084800000| Untracked 
|  73|0x0000000084900000, 0x0000000084a00000, 0x0000000084a00000|100%| O|  |TAMS 0x0000000084a00000, 0x0000000084900000| Untracked 
|  74|0x0000000084a00000, 0x0000000084b00000, 0x0000000084b00000|100%| O|  |TAMS 0x0000000084b00000, 0x0000000084a00000| Untracked 
|  75|0x0000000084b00000, 0x0000000084c00000, 0x0000000084c00000|100%| O|  |TAMS 0x0000000084c00000, 0x0000000084b00000| Untracked 
|  76|0x0000000084c00000, 0x0000000084d00000, 0x0000000084d00000|100%| O|  |TAMS 0x0000000084d00000, 0x0000000084c00000| Untracked 
|  77|0x0000000084d00000, 0x0000000084e00000, 0x0000000084e00000|100%| O|  |TAMS 0x0000000084e00000, 0x0000000084d00000| Untracked 
|  78|0x0000000084e00000, 0x0000000084f00000, 0x0000000084f00000|100%| O|  |TAMS 0x0000000084f00000, 0x0000000084e00000| Untracked 
|  79|0x0000000084f00000, 0x0000000085000000, 0x0000000085000000|100%| O|  |TAMS 0x0000000085000000, 0x0000000084f00000| Untracked 
|  80|0x0000000085000000, 0x0000000085100000, 0x0000000085100000|100%|HS|  |TAMS 0x0000000085100000, 0x0000000085000000| Complete 
|  81|0x0000000085100000, 0x0000000085200000, 0x0000000085200000|100%| O|  |TAMS 0x0000000085200000, 0x0000000085100000| Untracked 
|  82|0x0000000085200000, 0x0000000085300000, 0x0000000085300000|100%|HS|  |TAMS 0x0000000085300000, 0x0000000085200000| Complete 
|  83|0x0000000085300000, 0x0000000085400000, 0x0000000085400000|100%| O|  |TAMS 0x0000000085400000, 0x0000000085300000| Untracked 
|  84|0x0000000085400000, 0x0000000085500000, 0x0000000085500000|100%| O|  |TAMS 0x0000000085500000, 0x0000000085400000| Untracked 
|  85|0x0000000085500000, 0x0000000085600000, 0x0000000085600000|100%| O|  |TAMS 0x0000000085600000, 0x0000000085500000| Untracked 
|  86|0x0000000085600000, 0x0000000085700000, 0x0000000085700000|100%| O|  |TAMS 0x0000000085700000, 0x0000000085600000| Untracked 
|  87|0x0000000085700000, 0x0000000085800000, 0x0000000085800000|100%| O|  |TAMS 0x0000000085800000, 0x0000000085700000| Untracked 
|  88|0x0000000085800000, 0x0000000085900000, 0x0000000085900000|100%| O|  |TAMS 0x0000000085900000, 0x0000000085800000| Untracked 
|  89|0x0000000085900000, 0x0000000085a00000, 0x0000000085a00000|100%|HS|  |TAMS 0x0000000085a00000, 0x0000000085900000| Complete 
|  90|0x0000000085a00000, 0x0000000085b00000, 0x0000000085b00000|100%|HC|  |TAMS 0x0000000085b00000, 0x0000000085a00000| Complete 
|  91|0x0000000085b00000, 0x0000000085c00000, 0x0000000085c00000|100%| O|  |TAMS 0x0000000085c00000, 0x0000000085b00000| Untracked 
|  92|0x0000000085c00000, 0x0000000085d00000, 0x0000000085d00000|100%| O|  |TAMS 0x0000000085d00000, 0x0000000085c00000| Untracked 
|  93|0x0000000085d00000, 0x0000000085e00000, 0x0000000085e00000|100%| O|  |TAMS 0x0000000085e00000, 0x0000000085d00000| Untracked 
|  94|0x0000000085e00000, 0x0000000085f00000, 0x0000000085f00000|100%| O|  |TAMS 0x0000000085f00000, 0x0000000085e00000| Untracked 
|  95|0x0000000085f00000, 0x0000000086000000, 0x0000000086000000|100%| O|  |TAMS 0x0000000086000000, 0x0000000085f00000| Untracked 
|  96|0x0000000086000000, 0x0000000086100000, 0x0000000086100000|100%| O|  |TAMS 0x0000000086100000, 0x0000000086000000| Untracked 
|  97|0x0000000086100000, 0x0000000086200000, 0x0000000086200000|100%| O|  |TAMS 0x0000000086200000, 0x0000000086100000| Untracked 
|  98|0x0000000086200000, 0x0000000086300000, 0x0000000086300000|100%| O|  |TAMS 0x0000000086300000, 0x0000000086200000| Untracked 
|  99|0x0000000086300000, 0x0000000086400000, 0x0000000086400000|100%| O|  |TAMS 0x0000000086400000, 0x0000000086300000| Untracked 
| 100|0x0000000086400000, 0x0000000086500000, 0x0000000086500000|100%| O|  |TAMS 0x0000000086500000, 0x0000000086400000| Untracked 
| 101|0x0000000086500000, 0x0000000086600000, 0x0000000086600000|100%| O|  |TAMS 0x0000000086600000, 0x0000000086500000| Untracked 
| 102|0x0000000086600000, 0x0000000086700000, 0x0000000086700000|100%| O|  |TAMS 0x0000000086700000, 0x0000000086600000| Untracked 
| 103|0x0000000086700000, 0x0000000086800000, 0x0000000086800000|100%| O|  |TAMS 0x0000000086800000, 0x0000000086700000| Untracked 
| 104|0x0000000086800000, 0x0000000086900000, 0x0000000086900000|100%| O|  |TAMS 0x0000000086900000, 0x0000000086800000| Untracked 
| 105|0x0000000086900000, 0x0000000086a00000, 0x0000000086a00000|100%| O|  |TAMS 0x0000000086a00000, 0x0000000086900000| Untracked 
| 106|0x0000000086a00000, 0x0000000086b00000, 0x0000000086b00000|100%|HS|  |TAMS 0x0000000086b00000, 0x0000000086a00000| Complete 
| 107|0x0000000086b00000, 0x0000000086c00000, 0x0000000086c00000|100%|HS|  |TAMS 0x0000000086c00000, 0x0000000086b00000| Complete 
| 108|0x0000000086c00000, 0x0000000086d00000, 0x0000000086d00000|100%|HC|  |TAMS 0x0000000086d00000, 0x0000000086c00000| Complete 
| 109|0x0000000086d00000, 0x0000000086e00000, 0x0000000086e00000|100%|HS|  |TAMS 0x0000000086e00000, 0x0000000086d00000| Complete 
| 110|0x0000000086e00000, 0x0000000086f00000, 0x0000000086f00000|100%|HC|  |TAMS 0x0000000086f00000, 0x0000000086e00000| Complete 
| 111|0x0000000086f00000, 0x0000000087000000, 0x0000000087000000|100%|HC|  |TAMS 0x0000000087000000, 0x0000000086f00000| Complete 
| 112|0x0000000087000000, 0x0000000087100000, 0x0000000087100000|100%|HS|  |TAMS 0x0000000087100000, 0x0000000087000000| Complete 
| 113|0x0000000087100000, 0x0000000087200000, 0x0000000087200000|100%|HC|  |TAMS 0x0000000087200000, 0x0000000087100000| Complete 
| 114|0x0000000087200000, 0x0000000087300000, 0x0000000087300000|100%|HC|  |TAMS 0x0000000087300000, 0x0000000087200000| Complete 
| 115|0x0000000087300000, 0x0000000087400000, 0x0000000087400000|100%| O|  |TAMS 0x0000000087400000, 0x0000000087300000| Untracked 
| 116|0x0000000087400000, 0x0000000087500000, 0x0000000087500000|100%|HS|  |TAMS 0x0000000087500000, 0x0000000087400000| Complete 
| 117|0x0000000087500000, 0x0000000087600000, 0x0000000087600000|100%|HC|  |TAMS 0x0000000087600000, 0x0000000087500000| Complete 
| 118|0x0000000087600000, 0x0000000087700000, 0x0000000087700000|100%|HC|  |TAMS 0x0000000087700000, 0x0000000087600000| Complete 
| 119|0x0000000087700000, 0x0000000087800000, 0x0000000087800000|100%|HC|  |TAMS 0x0000000087800000, 0x0000000087700000| Complete 
| 120|0x0000000087800000, 0x0000000087900000, 0x0000000087900000|100%|HS|  |TAMS 0x0000000087900000, 0x0000000087800000| Complete 
| 121|0x0000000087900000, 0x0000000087a00000, 0x0000000087a00000|100%|HC|  |TAMS 0x0000000087a00000, 0x0000000087900000| Complete 
| 122|0x0000000087a00000, 0x0000000087b00000, 0x0000000087b00000|100%|HC|  |TAMS 0x0000000087b00000, 0x0000000087a00000| Complete 
| 123|0x0000000087b00000, 0x0000000087c00000, 0x0000000087c00000|100%|HC|  |TAMS 0x0000000087c00000, 0x0000000087b00000| Complete 
| 124|0x0000000087c00000, 0x0000000087d00000, 0x0000000087d00000|100%|HC|  |TAMS 0x0000000087d00000, 0x0000000087c00000| Complete 
| 125|0x0000000087d00000, 0x0000000087e00000, 0x0000000087e00000|100%|HS|  |TAMS 0x0000000087e00000, 0x0000000087d00000| Complete 
| 126|0x0000000087e00000, 0x0000000087f00000, 0x0000000087f00000|100%| O|  |TAMS 0x0000000087f00000, 0x0000000087e00000| Untracked 
| 127|0x0000000087f00000, 0x0000000088000000, 0x0000000088000000|100%| O|  |TAMS 0x0000000087f91e00, 0x0000000087f00000| Untracked 
| 128|0x0000000088000000, 0x000000008804fe00, 0x0000000088100000| 31%| O|  |TAMS 0x0000000088000000, 0x0000000088000000| Untracked 
| 129|0x0000000088100000, 0x0000000088100000, 0x0000000088200000|  0%| F|  |TAMS 0x0000000088100000, 0x0000000088100000| Untracked 
| 130|0x0000000088200000, 0x0000000088200000, 0x0000000088300000|  0%| F|  |TAMS 0x0000000088200000, 0x0000000088200000| Untracked 
| 131|0x0000000088300000, 0x0000000088300000, 0x0000000088400000|  0%| F|  |TAMS 0x0000000088300000, 0x0000000088300000| Untracked 
| 132|0x0000000088400000, 0x0000000088400000, 0x0000000088500000|  0%| F|  |TAMS 0x0000000088400000, 0x0000000088400000| Untracked 
| 133|0x0000000088500000, 0x0000000088500000, 0x0000000088600000|  0%| F|  |TAMS 0x0000000088500000, 0x0000000088500000| Untracked 
| 134|0x0000000088600000, 0x0000000088700000, 0x0000000088700000|100%| O|  |TAMS 0x0000000088700000, 0x0000000088600000| Untracked 
| 135|0x0000000088700000, 0x0000000088800000, 0x0000000088800000|100%| O|  |TAMS 0x0000000088800000, 0x0000000088700000| Untracked 
| 136|0x0000000088800000, 0x0000000088900000, 0x0000000088900000|100%| O|  |TAMS 0x0000000088900000, 0x0000000088800000| Untracked 
| 137|0x0000000088900000, 0x0000000088a00000, 0x0000000088a00000|100%| O|  |TAMS 0x0000000088a00000, 0x0000000088900000| Untracked 
| 138|0x0000000088a00000, 0x0000000088b00000, 0x0000000088b00000|100%| O|  |TAMS 0x0000000088b00000, 0x0000000088a00000| Untracked 
| 139|0x0000000088b00000, 0x0000000088c00000, 0x0000000088c00000|100%| O|  |TAMS 0x0000000088c00000, 0x0000000088b00000| Untracked 
| 140|0x0000000088c00000, 0x0000000088c00000, 0x0000000088d00000|  0%| F|  |TAMS 0x0000000088c00000, 0x0000000088c00000| Untracked 
| 141|0x0000000088d00000, 0x0000000088e00000, 0x0000000088e00000|100%| O|  |TAMS 0x0000000088e00000, 0x0000000088d00000| Untracked 
| 142|0x0000000088e00000, 0x0000000088f00000, 0x0000000088f00000|100%| O|  |TAMS 0x0000000088f00000, 0x0000000088e00000| Untracked 
| 143|0x0000000088f00000, 0x0000000089000000, 0x0000000089000000|100%| O|  |TAMS 0x0000000089000000, 0x0000000088f00000| Untracked 
| 144|0x0000000089000000, 0x0000000089000000, 0x0000000089100000|  0%| F|  |TAMS 0x0000000089000000, 0x0000000089000000| Untracked 
| 145|0x0000000089100000, 0x0000000089100000, 0x0000000089200000|  0%| F|  |TAMS 0x0000000089100000, 0x0000000089100000| Untracked 
| 146|0x0000000089200000, 0x0000000089200000, 0x0000000089300000|  0%| F|  |TAMS 0x0000000089200000, 0x0000000089200000| Untracked 
| 147|0x0000000089300000, 0x0000000089300000, 0x0000000089400000|  0%| F|  |TAMS 0x0000000089300000, 0x0000000089300000| Untracked 
| 148|0x0000000089400000, 0x0000000089400000, 0x0000000089500000|  0%| F|  |TAMS 0x0000000089400000, 0x0000000089400000| Untracked 
| 149|0x0000000089500000, 0x0000000089500000, 0x0000000089600000|  0%| F|  |TAMS 0x0000000089500000, 0x0000000089500000| Untracked 
| 150|0x0000000089600000, 0x0000000089600000, 0x0000000089700000|  0%| F|  |TAMS 0x0000000089600000, 0x0000000089600000| Untracked 
| 151|0x0000000089700000, 0x0000000089700000, 0x0000000089800000|  0%| F|  |TAMS 0x0000000089700000, 0x0000000089700000| Untracked 
| 152|0x0000000089800000, 0x0000000089800000, 0x0000000089900000|  0%| F|  |TAMS 0x0000000089800000, 0x0000000089800000| Untracked 
| 153|0x0000000089900000, 0x0000000089900000, 0x0000000089a00000|  0%| F|  |TAMS 0x0000000089900000, 0x0000000089900000| Untracked 
| 154|0x0000000089a00000, 0x0000000089a00000, 0x0000000089b00000|  0%| F|  |TAMS 0x0000000089a00000, 0x0000000089a00000| Untracked 
| 155|0x0000000089b00000, 0x0000000089b00000, 0x0000000089c00000|  0%| F|  |TAMS 0x0000000089b00000, 0x0000000089b00000| Untracked 
| 156|0x0000000089c00000, 0x0000000089c00000, 0x0000000089d00000|  0%| F|  |TAMS 0x0000000089c00000, 0x0000000089c00000| Untracked 
| 157|0x0000000089d00000, 0x0000000089dbf6f8, 0x0000000089e00000| 74%| S|CS|TAMS 0x0000000089d00000, 0x0000000089d00000| Complete 
| 158|0x0000000089e00000, 0x0000000089e00000, 0x0000000089f00000|  0%| F|  |TAMS 0x0000000089e00000, 0x0000000089e00000| Untracked 
| 159|0x0000000089f00000, 0x000000008a000000, 0x000000008a000000|100%| S|CS|TAMS 0x0000000089f00000, 0x0000000089f00000| Complete 
| 160|0x000000008a000000, 0x000000008a000000, 0x000000008a100000|  0%| F|  |TAMS 0x000000008a000000, 0x000000008a000000| Untracked 
| 161|0x000000008a100000, 0x000000008a100000, 0x000000008a200000|  0%| F|  |TAMS 0x000000008a100000, 0x000000008a100000| Untracked 
| 162|0x000000008a200000, 0x000000008a200000, 0x000000008a300000|  0%| F|  |TAMS 0x000000008a200000, 0x000000008a200000| Untracked 
| 163|0x000000008a300000, 0x000000008a300000, 0x000000008a400000|  0%| F|  |TAMS 0x000000008a300000, 0x000000008a300000| Untracked 
| 164|0x000000008a400000, 0x000000008a400000, 0x000000008a500000|  0%| F|  |TAMS 0x000000008a400000, 0x000000008a400000| Untracked 
| 165|0x000000008a500000, 0x000000008a500000, 0x000000008a600000|  0%| F|  |TAMS 0x000000008a500000, 0x000000008a500000| Untracked 
| 166|0x000000008a600000, 0x000000008a600000, 0x000000008a700000|  0%| F|  |TAMS 0x000000008a600000, 0x000000008a600000| Untracked 
| 167|0x000000008a700000, 0x000000008a700000, 0x000000008a800000|  0%| F|  |TAMS 0x000000008a700000, 0x000000008a700000| Untracked 
| 168|0x000000008a800000, 0x000000008a800000, 0x000000008a900000|  0%| F|  |TAMS 0x000000008a800000, 0x000000008a800000| Untracked 
| 169|0x000000008a900000, 0x000000008a900000, 0x000000008aa00000|  0%| F|  |TAMS 0x000000008a900000, 0x000000008a900000| Untracked 
| 170|0x000000008aa00000, 0x000000008aa00000, 0x000000008ab00000|  0%| F|  |TAMS 0x000000008aa00000, 0x000000008aa00000| Untracked 
| 171|0x000000008ab00000, 0x000000008ab00000, 0x000000008ac00000|  0%| F|  |TAMS 0x000000008ab00000, 0x000000008ab00000| Untracked 
| 172|0x000000008ac00000, 0x000000008ac00000, 0x000000008ad00000|  0%| F|  |TAMS 0x000000008ac00000, 0x000000008ac00000| Untracked 

Card table byte_map: [0x000001afd2660000,0x000001afd2a60000] _byte_map_base: 0x000001afd2260000

Marking Bits (Prev, Next): (CMBitMap*) 0x000001afbfb8e0a0, (CMBitMap*) 0x000001afbfb8e068
 Prev Bits: [0x000001afd4e60000, 0x000001afd6e60000)
 Next Bits: [0x000001afd2e60000, 0x000001afd4e60000)

Polling page: 0x000001afbd960000

Metaspace:

Usage:
  Non-class:     88.09 MB capacity,    86.59 MB ( 98%) used,     1.25 MB (  1%) free+waste,   261.81 KB ( <1%) overhead. 
      Class:     13.56 MB capacity,    12.72 MB ( 94%) used,   743.04 KB (  5%) free+waste,   119.69 KB ( <1%) overhead. 
       Both:    101.66 MB capacity,    99.31 MB ( 98%) used,     1.98 MB (  2%) free+waste,   381.50 KB ( <1%) overhead. 

Virtual space:
  Non-class space:       90.00 MB reserved,      88.17 MB ( 98%) committed 
      Class space:        1.00 GB reserved,      13.63 MB (  1%) committed 
             Both:        1.09 GB reserved,     101.80 MB (  9%) committed 

Chunk freelists:
   Non-Class:  16.00 KB
       Class:  0 bytes
        Both:  16.00 KB

MaxMetaspaceSize: 17179869184.00 GB
CompressedClassSpaceSize: 1.00 GB
Initial GC threshold: 20.80 MB
Current GC threshold: 168.62 MB
CDS: off

CodeHeap 'non-profiled nmethods': size=120064Kb used=7197Kb max_used=7197Kb free=112866Kb
 bounds [0x000001afcb120000, 0x000001afcb830000, 0x000001afd2660000]
CodeHeap 'profiled nmethods': size=120000Kb used=23726Kb max_used=23726Kb free=96273Kb
 bounds [0x000001afc3bf0000, 0x000001afc5320000, 0x000001afcb120000]
CodeHeap 'non-nmethods': size=5696Kb used=2413Kb max_used=2453Kb free=3282Kb
 bounds [0x000001afc3660000, 0x000001afc38e0000, 0x000001afc3bf0000]
 total_blobs=11509 nmethods=10560 adapters=862
 compilation: enabled
              stopped_count=0, restarted_count=0
 full_count=0

Compilation events (20 events):
Event: 225.674 Thread 0x000001afd9bd8800 10593       1       org.gradle.internal.component.local.model.DefaultLocalComponentMetadata$DefaultLocalConfigurationMetadata::getName (5 bytes)
Event: 225.674 Thread 0x000001afd9bd8800 nmethod 10593 0x000001afcb826b90 code [0x000001afcb826d40, 0x000001afcb826df8]
Event: 225.675 Thread 0x000001afd9bd8800 10594       3       org.gradle.internal.component.local.model.DefaultLocalComponentMetadata$DefaultLocalConfigurationMetadata::include (12 bytes)
Event: 225.675 Thread 0x000001afd9bd8800 nmethod 10594 0x000001afc5318a90 code [0x000001afc5318c60, 0x000001afc5318ec8]
Event: 225.676 Thread 0x000001afd9bd8800 10595       3       com.google.common.collect.SingletonImmutableSet::contains (9 bytes)
Event: 225.676 Thread 0x000001afd9bd8800 nmethod 10595 0x000001afc5318f90 code [0x000001afc5319140, 0x000001afc5319308]
Event: 225.680 Thread 0x000001afd9bd8800 10596       3       org.gradle.api.internal.file.collections.UnpackingVisitor$SingleFileResolvingFileCollection::getIntrinsicFiles (37 bytes)
Event: 225.681 Thread 0x000001afd9bd8800 nmethod 10596 0x000001afc5319410 code [0x000001afc5319660, 0x000001afc531a038]
Event: 225.682 Thread 0x000001afd9bd8800 10597       3       org.gradle.internal.Actions::doNothing (4 bytes)
Event: 225.683 Thread 0x000001afd9bd8800 nmethod 10597 0x000001afc531a390 code [0x000001afc531a540, 0x000001afc531a638]
Event: 225.690 Thread 0x000001afd9bd8800 10598       1       org.gradle.api.internal.attributes.DefaultAttributeMatchingStrategy::getCompatibilityRules (5 bytes)
Event: 225.690 Thread 0x000001afd9bd8800 nmethod 10598 0x000001afcb826e90 code [0x000001afcb827040, 0x000001afcb8270f8]
Event: 225.691 Thread 0x000001afd9bd8800 10599       1       org.gradle.internal.action.DefaultConfigurableRules::getConfigurableRules (5 bytes)
Event: 225.692 Thread 0x000001afd9bd8800 nmethod 10599 0x000001afcb827190 code [0x000001afcb827340, 0x000001afcb8273f8]
Event: 225.694 Thread 0x000001afd9bd8800 10601       3       org.gradle.internal.snapshot.impl.IsolatedArray::isolate (60 bytes)
Event: 225.695 Thread 0x000001afd9bd8800 nmethod 10601 0x000001afc531a710 code [0x000001afc531a960, 0x000001afc531b248]
Event: 225.695 Thread 0x000001afd9bd8800 10600       3       org.gradle.internal.snapshot.impl.IsolatedArray::isolate (5 bytes)
Event: 225.695 Thread 0x000001afd9bd8800 nmethod 10600 0x000001afc531b510 code [0x000001afc531b6c0, 0x000001afc531b808]
Event: 225.696 Thread 0x000001afd9bd8800 10602       1       org.gradle.internal.component.model.DefaultCompatibilityCheckResult::hasResult (5 bytes)
Event: 225.696 Thread 0x000001afd9bd8800 nmethod 10602 0x000001afcb827490 code [0x000001afcb827640, 0x000001afcb8276f8]

GC Heap History (20 events):
Event: 216.420 GC heap after
{Heap after GC invocations=166 (full 0):
 garbage-first heap   total 147456K, used 138911K [0x0000000080000000, 0x0000000100000000)
  region size 1024K, 1 young (1024K), 1 survivors (1024K)
 Metaspace       used 92795K, capacity 95110K, committed 95408K, reserved 1132544K
  class space    used 11924K, capacity 12711K, committed 12800K, reserved 1048576K
}
Event: 216.668 GC heap before
{Heap before GC invocations=166 (full 0):
 garbage-first heap   total 147456K, used 145055K [0x0000000080000000, 0x0000000100000000)
  region size 1024K, 7 young (7168K), 1 survivors (1024K)
 Metaspace       used 93169K, capacity 95475K, committed 95664K, reserved 1132544K
  class space    used 11976K, capacity 12747K, committed 12800K, reserved 1048576K
}
Event: 216.674 GC heap after
{Heap after GC invocations=167 (full 0):
 garbage-first heap   total 177152K, used 139009K [0x0000000080000000, 0x0000000100000000)
  region size 1024K, 1 young (1024K), 1 survivors (1024K)
 Metaspace       used 93169K, capacity 95475K, committed 95664K, reserved 1132544K
  class space    used 11976K, capacity 12747K, committed 12800K, reserved 1048576K
}
Event: 217.239 GC heap before
{Heap before GC invocations=168 (full 0):
 garbage-first heap   total 177152K, used 149249K [0x0000000080000000, 0x0000000100000000)
  region size 1024K, 11 young (11264K), 1 survivors (1024K)
 Metaspace       used 93345K, capacity 95635K, committed 95664K, reserved 1132544K
  class space    used 12006K, capacity 12779K, committed 12800K, reserved 1048576K
}
Event: 217.248 GC heap after
{Heap after GC invocations=169 (full 0):
 garbage-first heap   total 177152K, used 139081K [0x0000000080000000, 0x0000000100000000)
  region size 1024K, 1 young (1024K), 1 survivors (1024K)
 Metaspace       used 93345K, capacity 95635K, committed 95664K, reserved 1132544K
  class space    used 12006K, capacity 12779K, committed 12800K, reserved 1048576K
}
Event: 217.359 GC heap before
{Heap before GC invocations=169 (full 0):
 garbage-first heap   total 177152K, used 150345K [0x0000000080000000, 0x0000000100000000)
  region size 1024K, 12 young (12288K), 1 survivors (1024K)
 Metaspace       used 93716K, capacity 95987K, committed 96304K, reserved 1132544K
  class space    used 12041K, capacity 12811K, committed 12928K, reserved 1048576K
}
Event: 217.363 GC heap after
{Heap after GC invocations=170 (full 0):
 garbage-first heap   total 177152K, used 139040K [0x0000000080000000, 0x0000000100000000)
  region size 1024K, 1 young (1024K), 1 survivors (1024K)
 Metaspace       used 93716K, capacity 95987K, committed 96304K, reserved 1132544K
  class space    used 12041K, capacity 12811K, committed 12928K, reserved 1048576K
}
Event: 217.753 GC heap before
{Heap before GC invocations=171 (full 0):
 garbage-first heap   total 177152K, used 150304K [0x0000000080000000, 0x0000000100000000)
  region size 1024K, 12 young (12288K), 1 survivors (1024K)
 Metaspace       used 94041K, capacity 96339K, committed 96560K, reserved 1132544K
  class space    used 12089K, capacity 12843K, committed 12928K, reserved 1048576K
}
Event: 217.763 GC heap after
{Heap after GC invocations=172 (full 0):
 garbage-first heap   total 177152K, used 139273K [0x0000000080000000, 0x0000000100000000)
  region size 1024K, 1 young (1024K), 1 survivors (1024K)
 Metaspace       used 94041K, capacity 96339K, committed 96560K, reserved 1132544K
  class space    used 12089K, capacity 12843K, committed 12928K, reserved 1048576K
}
Event: 218.466 GC heap before
{Heap before GC invocations=172 (full 0):
 garbage-first heap   total 177152K, used 143369K [0x0000000080000000, 0x0000000100000000)
  region size 1024K, 7 young (7168K), 1 survivors (1024K)
 Metaspace       used 94593K, capacity 96915K, committed 97072K, reserved 1134592K
  class space    used 12143K, capacity 12907K, committed 12928K, reserved 1048576K
}
Event: 218.471 GC heap after
{Heap after GC invocations=173 (full 0):
 garbage-first heap   total 177152K, used 139621K [0x0000000080000000, 0x0000000100000000)
  region size 1024K, 1 young (1024K), 1 survivors (1024K)
 Metaspace       used 94593K, capacity 96915K, committed 97072K, reserved 1134592K
  class space    used 12143K, capacity 12907K, committed 12928K, reserved 1048576K
}
Event: 219.858 GC heap before
{Heap before GC invocations=174 (full 0):
 garbage-first heap   total 177152K, used 152933K [0x0000000080000000, 0x0000000100000000)
  region size 1024K, 13 young (13312K), 1 survivors (1024K)
 Metaspace       used 97063K, capacity 99360K, committed 99632K, reserved 1136640K
  class space    used 12382K, capacity 13166K, committed 13184K, reserved 1048576K
}
Event: 219.866 GC heap after
{Heap after GC invocations=175 (full 0):
 garbage-first heap   total 177152K, used 139454K [0x0000000080000000, 0x0000000100000000)
  region size 1024K, 1 young (1024K), 1 survivors (1024K)
 Metaspace       used 97063K, capacity 99360K, committed 99632K, reserved 1136640K
  class space    used 12382K, capacity 13166K, committed 13184K, reserved 1048576K
}
Event: 221.369 GC heap before
{Heap before GC invocations=175 (full 0):
 garbage-first heap   total 177152K, used 151742K [0x0000000080000000, 0x0000000100000000)
  region size 1024K, 13 young (13312K), 1 survivors (1024K)
 Metaspace       used 98396K, capacity 100665K, committed 100912K, reserved 1136640K
  class space    used 12606K, capacity 13403K, committed 13440K, reserved 1048576K
}
Event: 221.378 GC heap after
{Heap after GC invocations=176 (full 0):
 garbage-first heap   total 177152K, used 139889K [0x0000000080000000, 0x0000000100000000)
  region size 1024K, 2 young (2048K), 2 survivors (2048K)
 Metaspace       used 98396K, capacity 100665K, committed 100912K, reserved 1136640K
  class space    used 12606K, capacity 13403K, committed 13440K, reserved 1048576K
}
Event: 223.631 GC heap before
{Heap before GC invocations=177 (full 0):
 garbage-first heap   total 177152K, used 152177K [0x0000000080000000, 0x0000000100000000)
  region size 1024K, 14 young (14336K), 2 survivors (2048K)
 Metaspace       used 99735K, capacity 102085K, committed 102448K, reserved 1138688K
  class space    used 12764K, capacity 13572K, committed 13696K, reserved 1048576K
}
Event: 223.646 GC heap after
{Heap after GC invocations=178 (full 0):
 garbage-first heap   total 177152K, used 140761K [0x0000000080000000, 0x0000000100000000)
  region size 1024K, 2 young (2048K), 2 survivors (2048K)
 Metaspace       used 99735K, capacity 102085K, committed 102448K, reserved 1138688K
  class space    used 12764K, capacity 13572K, committed 13696K, reserved 1048576K
}
Event: 224.690 GC heap before
{Heap before GC invocations=178 (full 0):
 garbage-first heap   total 177152K, used 153049K [0x0000000080000000, 0x0000000100000000)
  region size 1024K, 14 young (14336K), 2 survivors (2048K)
 Metaspace       used 100804K, capacity 103238K, committed 103344K, reserved 1138688K
  class space    used 12922K, capacity 13783K, committed 13824K, reserved 1048576K
}
Event: 224.705 GC heap after
{Heap after GC invocations=179 (full 0):
 garbage-first heap   total 177152K, used 141513K [0x0000000080000000, 0x0000000100000000)
  region size 1024K, 2 young (2048K), 2 survivors (2048K)
 Metaspace       used 100804K, capacity 103238K, committed 103344K, reserved 1138688K
  class space    used 12922K, capacity 13783K, committed 13824K, reserved 1048576K
}
Event: 225.703 GC heap before
{Heap before GC invocations=180 (full 0):
 garbage-first heap   total 177152K, used 153801K [0x0000000080000000, 0x0000000100000000)
  region size 1024K, 14 young (14336K), 2 survivors (2048K)
 Metaspace       used 101693K, capacity 104098K, committed 104240K, reserved 1140736K
  class space    used 13027K, capacity 13890K, committed 13952K, reserved 1048576K
}

Deoptimization events (20 events):
Event: 223.137 Thread 0x000001afdac87800 Uncommon trap: trap_request=0xffffff4d fr.pc=0x000001afcb691ec8 relative=0x0000000000000088
Event: 223.137 Thread 0x000001afdac87800 Uncommon trap: reason=unstable_if action=reinterpret pc=0x000001afcb691ec8 method=com.google.gson.stream.JsonReader.peek()Lcom/google/gson/stream/JsonToken; @ 15 c2
Event: 223.137 Thread 0x000001afdac87800 DEOPT PACKING pc=0x000001afcb691ec8 sp=0x00000095946f9f40
Event: 223.137 Thread 0x000001afdac87800 DEOPT UNPACKING pc=0x000001afc36aa1af sp=0x00000095946f9ec8 mode 2
Event: 223.355 Thread 0x000001afdac87800 DEOPT PACKING pc=0x000001afc4f9e885 sp=0x00000095946fa2c0
Event: 223.355 Thread 0x000001afdac87800 DEOPT UNPACKING pc=0x000001afc36aa95e sp=0x00000095946f9808 mode 0
Event: 224.227 Thread 0x000001afdac87800 Uncommon trap: trap_request=0xffffff4d fr.pc=0x000001afcb422a9c relative=0x000000000000007c
Event: 224.227 Thread 0x000001afdac87800 Uncommon trap: reason=unstable_if action=reinterpret pc=0x000001afcb422a9c method=java.util.Spliterator.getExactSizeIfKnown()J @ 9 c2
Event: 224.227 Thread 0x000001afdac87800 DEOPT PACKING pc=0x000001afcb422a9c sp=0x00000095946fa810
Event: 224.227 Thread 0x000001afdac87800 DEOPT UNPACKING pc=0x000001afc36aa1af sp=0x00000095946fa7a8 mode 2
Event: 224.253 Thread 0x000001afdac87800 DEOPT PACKING pc=0x000001afc4dd4ea7 sp=0x00000095946f8ed0
Event: 224.253 Thread 0x000001afdac87800 DEOPT UNPACKING pc=0x000001afc36aa95e sp=0x00000095946f8360 mode 0
Event: 225.200 Thread 0x000001afdac87800 Uncommon trap: trap_request=0xffffff4d fr.pc=0x000001afcb8075cc relative=0x000000000000020c
Event: 225.200 Thread 0x000001afdac87800 Uncommon trap: reason=unstable_if action=reinterpret pc=0x000001afcb8075cc method=org.gradle.internal.instantiation.generator.AbstractClassGenerator.isNameProperty(Lorg/gradle/internal/instantiation/generator/AbstractClassGenerator$PropertyMetadata;)Z @ 2
Event: 225.200 Thread 0x000001afdac87800 DEOPT PACKING pc=0x000001afcb8075cc sp=0x00000095946f70d0
Event: 225.200 Thread 0x000001afdac87800 DEOPT UNPACKING pc=0x000001afc36aa1af sp=0x00000095946f7060 mode 2
Event: 225.653 Thread 0x000001afdac87800 Uncommon trap: trap_request=0xffffff7e fr.pc=0x000001afcb8243cc relative=0x000000000000038c
Event: 225.653 Thread 0x000001afdac87800 Uncommon trap: reason=predicate action=maybe_recompile pc=0x000001afcb8243cc method=java.util.AbstractCollection.toArray([Ljava/lang/Object;)[Ljava/lang/Object; @ 43 c2
Event: 225.653 Thread 0x000001afdac87800 DEOPT PACKING pc=0x000001afcb8243cc sp=0x00000095946f73b0
Event: 225.653 Thread 0x000001afdac87800 DEOPT UNPACKING pc=0x000001afc36aa1af sp=0x00000095946f7348 mode 2

Classes redefined (0 events):
No events

Internal exceptions (20 events):
Event: 215.204 Thread 0x000001afdac87800 Exception <a 'java/lang/ClassNotFoundException'{0x0000000088490a10}: java/util/CollectionBeanInfo> (0x0000000088490a10) thrown at [./src/hotspot/share/classfile/systemDictionary.cpp, line 231]
Event: 215.205 Thread 0x000001afdac87800 Exception <a 'java/lang/ClassNotFoundException'{0x000000008849a870}: java/util/CollectionCustomizer> (0x000000008849a870) thrown at [./src/hotspot/share/classfile/systemDictionary.cpp, line 231]
Event: 215.456 Thread 0x000001afdac87800 Exception <a 'java/lang/ClassNotFoundException'{0x0000000088324e18}: org/gradle/api/tasks/SourceSetBeanInfo> (0x0000000088324e18) thrown at [./src/hotspot/share/classfile/systemDictionary.cpp, line 231]
Event: 215.460 Thread 0x000001afdac87800 Exception <a 'java/lang/ClassNotFoundException'{0x0000000088343c60}: org/gradle/api/tasks/SourceSetCustomizer> (0x0000000088343c60) thrown at [./src/hotspot/share/classfile/systemDictionary.cpp, line 231]
Event: 215.467 Thread 0x000001afdac87800 Exception <a 'java/lang/ClassNotFoundException'{0x00000000883bfb50}: java/util/LinkedHashMapBeanInfo> (0x00000000883bfb50) thrown at [./src/hotspot/share/classfile/systemDictionary.cpp, line 231]
Event: 215.468 Thread 0x000001afdac87800 Exception <a 'java/lang/ClassNotFoundException'{0x00000000883c8e60}: java/util/HashMapBeanInfo> (0x00000000883c8e60) thrown at [./src/hotspot/share/classfile/systemDictionary.cpp, line 231]
Event: 215.469 Thread 0x000001afdac87800 Exception <a 'java/lang/ClassNotFoundException'{0x00000000883d31d0}: java/util/AbstractMapBeanInfo> (0x00000000883d31d0) thrown at [./src/hotspot/share/classfile/systemDictionary.cpp, line 231]
Event: 215.469 Thread 0x000001afdac87800 Exception <a 'java/lang/ClassNotFoundException'{0x00000000883dd0b0}: java/util/AbstractMapCustomizer> (0x00000000883dd0b0) thrown at [./src/hotspot/share/classfile/systemDictionary.cpp, line 231]
Event: 215.471 Thread 0x000001afdac87800 Exception <a 'java/lang/ClassNotFoundException'{0x00000000883f0820}: java/util/HashMapCustomizer> (0x00000000883f0820) thrown at [./src/hotspot/share/classfile/systemDictionary.cpp, line 231]
Event: 215.487 Thread 0x000001afdac87800 Exception <a 'java/lang/ClassNotFoundException'{0x0000000088212820}: java/util/LinkedHashMapCustomizer> (0x0000000088212820) thrown at [./src/hotspot/share/classfile/systemDictionary.cpp, line 231]
Event: 219.515 Thread 0x000001afdac87800 Exception <a 'sun/nio/fs/WindowsException'{0x000000008a7cabb0}> (0x000000008a7cabb0) thrown at [./src/hotspot/share/prims/jni.cpp, line 616]
Event: 220.044 Thread 0x000001afdac87800 Exception <a 'java/lang/NullPointerException'{0x000000008a9234d0}> (0x000000008a9234d0) thrown at [./src/hotspot/share/interpreter/linkResolver.cpp, line 1440]
Event: 220.796 Thread 0x000001afdac87800 Implicit null exception at 0x000001afcb61406b to 0x000001afcb615828
Event: 222.440 Thread 0x000001afdac87800 Exception <a 'java/lang/NoSuchMethodError'{0x000000008a6af9a8}: 'int java.lang.invoke.DirectMethodHandle$Holder.invokeStatic(java.lang.Object, java.lang.Object, int, java.lang.Object)'> (0x000000008a6af9a8) thrown at [./src/hotspot/share/interpreter/linkResolver.cpp, line 773]
Event: 223.009 Thread 0x000001afdac87800 Exception <a 'sun/nio/fs/WindowsException'{0x000000008a5b5818}> (0x000000008a5b5818) thrown at [./src/hotspot/share/prims/jni.cpp, line 616]
Event: 223.009 Thread 0x000001afdac87800 Exception <a 'sun/nio/fs/WindowsException'{0x000000008a5b6b90}> (0x000000008a5b6b90) thrown at [./src/hotspot/share/prims/jni.cpp, line 616]
Event: 223.010 Thread 0x000001afdac87800 Exception <a 'sun/nio/fs/WindowsException'{0x000000008a5b7f58}> (0x000000008a5b7f58) thrown at [./src/hotspot/share/prims/jni.cpp, line 616]
Event: 223.010 Thread 0x000001afdac87800 Exception <a 'sun/nio/fs/WindowsException'{0x000000008a5b9320}> (0x000000008a5b9320) thrown at [./src/hotspot/share/prims/jni.cpp, line 616]
Event: 224.338 Thread 0x000001afdac87800 Exception <a 'java/lang/NoSuchMethodError'{0x000000008a54ad40}: 'int java.lang.invoke.DirectMethodHandle$Holder.invokeSpecialIFC(java.lang.Object, java.lang.Object, java.lang.Object)'> (0x000000008a54ad40) thrown at [./src/hotspot/share/interpreter/linkResolver.cpp, line 773]
Event: 224.598 Thread 0x000001afdac87800 Exception <a 'java/lang/NoSuchMethodError'{0x000000008a257480}: 'java.lang.Object java.lang.invoke.Invokers$Holder.linkToTargetMethod(java.lang.Object, java.lang.Object, java.lang.Object, int, java.lang.Object, java.lang.Object)'> (0x000000008a257480) thrown at [./src/hotspot/share/interpreter/linkResolver.cpp, line 773]

Events (20 events):
Event: 225.687 loading class org/gradle/api/internal/artifacts/transform/MutableConsumerVariantMatchResult done
Event: 225.689 loading class org/gradle/api/internal/artifacts/transform/ConsumerVariantMatchResult$ConsumerVariant
Event: 225.689 loading class org/gradle/api/internal/artifacts/transform/ConsumerVariantMatchResult$ConsumerVariant done
Event: 225.696 loading class org/gradle/api/internal/artifacts/transform/SingleMatchConsumerVariantMatchResult
Event: 225.696 loading class org/gradle/api/internal/artifacts/transform/SingleMatchConsumerVariantMatchResult done
Event: 225.697 loading class org/gradle/api/internal/artifacts/ivyservice/resolveengine/artifact/LocalFileDependencyBackedArtifactSet$TransformedLocalFileArtifactSet
Event: 225.697 loading class org/gradle/api/internal/artifacts/ivyservice/resolveengine/artifact/LocalFileDependencyBackedArtifactSet$TransformedLocalFileArtifactSet done
Event: 225.699 loading class com/google/common/collect/ImmutableList$Builder
Event: 225.699 loading class com/google/common/collect/ImmutableList$Builder done
Event: 225.699 loading class org/gradle/api/internal/artifacts/transform/TransformationStep
Event: 225.699 loading class org/gradle/api/internal/artifacts/transform/TransformationStep done
Event: 225.699 loading class com/google/common/collect/ImmutableList$Builder
Event: 225.699 loading class com/google/common/collect/ImmutableList$Builder done
Event: 225.700 loading class org/gradle/api/internal/artifacts/transform/BoundTransformationStep
Event: 225.700 loading class org/gradle/api/internal/artifacts/transform/BoundTransformationStep done
Event: 225.701 loading class org/gradle/api/internal/artifacts/transform/DefaultTransformUpstreamDependenciesResolver
Event: 225.701 loading class org/gradle/api/internal/artifacts/transform/DefaultTransformUpstreamDependenciesResolver done
Event: 225.702 loading class org/gradle/api/internal/artifacts/transform/ArtifactTransformDependencies
Event: 225.702 loading class org/gradle/api/internal/artifacts/transform/ArtifactTransformDependencies done
Event: 225.703 Executing VM operation: G1CollectForAllocation


Dynamic libraries:
0x00007ff681ae0000 - 0x00007ff681aea000 	C:\Program Files\Android\Android Studio\jre\bin\java.exe
0x00007ffdc0920000 - 0x00007ffdc0b10000 	C:\windows\SYSTEM32\ntdll.dll
0x00007ffdc04e0000 - 0x00007ffdc0592000 	C:\windows\System32\KERNEL32.DLL
0x00007ffdbda20000 - 0x00007ffdbdcc5000 	C:\windows\System32\KERNELBASE.dll
0x00007ffdbd890000 - 0x00007ffdbd98a000 	C:\windows\System32\ucrtbase.dll
0x00007ffd88940000 - 0x00007ffd88959000 	C:\Program Files\Android\Android Studio\jre\bin\jli.dll
0x00007ffdc0270000 - 0x00007ffdc0404000 	C:\windows\System32\USER32.dll
0x00007ffdbe950000 - 0x00007ffdbe971000 	C:\windows\System32\win32u.dll
0x00007ffdbfb90000 - 0x00007ffdbfbb6000 	C:\windows\System32\GDI32.dll
0x00007ffdbe5b0000 - 0x00007ffdbe748000 	C:\windows\System32\gdi32full.dll
0x00007ffdbe8b0000 - 0x00007ffdbe94e000 	C:\windows\System32\msvcp_win.dll
0x00007ffd72d60000 - 0x00007ffd72d77000 	C:\Program Files\Android\Android Studio\jre\bin\VCRUNTIME140.dll
0x00007ffdb5c10000 - 0x00007ffdb5e94000 	C:\windows\WinSxS\amd64_microsoft.windows.common-controls_6595b64144ccf1df_6.0.18362.1556_none_9e7e372fe45e41d5\COMCTL32.dll
0x00007ffdbeb80000 - 0x00007ffdbec1e000 	C:\windows\System32\msvcrt.dll
0x00007ffdc05a0000 - 0x00007ffdc08d6000 	C:\windows\System32\combase.dll
0x00007ffdbfeb0000 - 0x00007ffdbffcf000 	C:\windows\System32\RPCRT4.dll
0x00007ffdbd990000 - 0x00007ffdbda11000 	C:\windows\System32\bcryptPrimitives.dll
0x00007ffdbfb60000 - 0x00007ffdbfb8e000 	C:\windows\System32\IMM32.DLL
0x00007ffd72850000 - 0x00007ffd728ed000 	C:\Program Files\Android\Android Studio\jre\bin\msvcp140.dll
0x00007ffd6f390000 - 0x00007ffd6fe92000 	C:\Program Files\Android\Android Studio\jre\bin\server\jvm.dll
0x00007ffdbec20000 - 0x00007ffdbecc3000 	C:\windows\System32\ADVAPI32.dll
0x00007ffdbeae0000 - 0x00007ffdbeb77000 	C:\windows\System32\sechost.dll
0x00007ffdc0250000 - 0x00007ffdc0258000 	C:\windows\System32\PSAPI.DLL
0x00007ffdb6a80000 - 0x00007ffdb6a89000 	C:\windows\SYSTEM32\WSOCK32.dll
0x00007ffdc0180000 - 0x00007ffdc01ef000 	C:\windows\System32\WS2_32.dll
0x00007ffdb4cc0000 - 0x00007ffdb4ce4000 	C:\windows\SYSTEM32\WINMM.dll
0x00007ffdb6540000 - 0x00007ffdb654a000 	C:\windows\SYSTEM32\VERSION.dll
0x00007ffdb4a70000 - 0x00007ffdb4a9d000 	C:\windows\SYSTEM32\WINMMBASE.dll
0x00007ffdbe980000 - 0x00007ffdbe9ca000 	C:\windows\System32\cfgmgr32.dll
0x00007ffdbd830000 - 0x00007ffdbd841000 	C:\windows\System32\kernel.appcore.dll
0x00007ffd9cf50000 - 0x00007ffd9cf61000 	C:\Program Files\Android\Android Studio\jre\bin\verify.dll
0x00007ffdbd320000 - 0x00007ffdbd514000 	C:\windows\SYSTEM32\DBGHELP.DLL
0x00007ffdbce80000 - 0x00007ffdbceaa000 	C:\windows\SYSTEM32\dbgcore.DLL
0x00007ffd95190000 - 0x00007ffd951b9000 	C:\Program Files\Android\Android Studio\jre\bin\java.dll
0x00007ffd9e8f0000 - 0x00007ffd9e8fb000 	C:\Program Files\Android\Android Studio\jre\bin\jimage.dll
0x00007ffd9cf30000 - 0x00007ffd9cf48000 	C:\Program Files\Android\Android Studio\jre\bin\zip.dll
0x00007ffdbf310000 - 0x00007ffdbf9f7000 	C:\windows\System32\SHELL32.dll
0x00007ffdbffd0000 - 0x00007ffdc0078000 	C:\windows\System32\shcore.dll
0x00007ffdbdcd0000 - 0x00007ffdbe44b000 	C:\windows\System32\windows.storage.dll
0x00007ffdbd870000 - 0x00007ffdbd88e000 	C:\windows\System32\profapi.dll
0x00007ffdbd7e0000 - 0x00007ffdbd82a000 	C:\windows\System32\powrprof.dll
0x00007ffdbd7d0000 - 0x00007ffdbd7e0000 	C:\windows\System32\UMPDC.dll
0x00007ffdc01f0000 - 0x00007ffdc0242000 	C:\windows\System32\shlwapi.dll
0x00007ffdbe450000 - 0x00007ffdbe467000 	C:\windows\System32\cryptsp.dll
0x00007ffd953d0000 - 0x00007ffd953ea000 	C:\Program Files\Android\Android Studio\jre\bin\net.dll
0x00007ffdb5610000 - 0x00007ffdb570a000 	C:\windows\SYSTEM32\WINHTTP.dll
0x00007ffdbcbe0000 - 0x00007ffdbcc47000 	C:\windows\system32\mswsock.dll
0x00007ffd95100000 - 0x00007ffd95114000 	C:\Program Files\Android\Android Studio\jre\bin\nio.dll
0x00007ffd9e740000 - 0x00007ffd9e767000 	C:\Users\caby5\.gradle\native\e1d6ef7f7dcc3fd88c89a11ec53ec762bb8ba0a96d01ffa2cd45eb1d1d8dd5c5\windows-amd64\native-platform.dll
0x00007ffd72700000 - 0x00007ffd72844000 	C:\Users\caby5\.gradle\native\0d407fdbe67a94daf76414ababcb853783967236a71b16ec16e742cd7a986fd3\windows-amd64\native-platform-file-events.dll
0x00007ffd9e730000 - 0x00007ffd9e73a000 	C:\Program Files\Android\Android Studio\jre\bin\management.dll
0x00007ffd9a7f0000 - 0x00007ffd9a7fd000 	C:\Program Files\Android\Android Studio\jre\bin\management_ext.dll
0x00007ffdbc730000 - 0x00007ffdbc763000 	C:\windows\system32\rsaenh.dll
0x00007ffdbe4d0000 - 0x00007ffdbe4f6000 	C:\windows\System32\bcrypt.dll
0x00007ffdbd6c0000 - 0x00007ffdbd6e5000 	C:\windows\SYSTEM32\USERENV.dll
0x00007ffdbcdb0000 - 0x00007ffdbcdbc000 	C:\windows\SYSTEM32\CRYPTBASE.dll
0x00007ffdbc8d0000 - 0x00007ffdbc90a000 	C:\windows\SYSTEM32\IPHLPAPI.DLL
0x00007ffdc0260000 - 0x00007ffdc0268000 	C:\windows\System32\NSI.dll
0x00007ffdb6a50000 - 0x00007ffdb6a66000 	C:\windows\SYSTEM32\dhcpcsvc6.DLL
0x00007ffdb6a30000 - 0x00007ffdb6a4c000 	C:\windows\SYSTEM32\dhcpcsvc.DLL
0x00007ffdbc910000 - 0x00007ffdbc9db000 	C:\windows\SYSTEM32\DNSAPI.dll
0x00007ffd899a0000 - 0x00007ffd899c7000 	C:\Program Files\Android\Android Studio\jre\bin\sunec.dll
0x00007ffdb49f0000 - 0x00007ffdb49fa000 	C:\Windows\System32\rasadhlp.dll
0x00007ffdb67b0000 - 0x00007ffdb6827000 	C:\windows\System32\fwpuclnt.dll

dbghelp: loaded successfully - version: 4.0.5 - missing functions: none
symbol engine: initialized successfully - sym options: 0x614 - pdb path: .;C:\Program Files\Android\Android Studio\jre\bin;C:\windows\SYSTEM32;C:\windows\WinSxS\amd64_microsoft.windows.common-controls_6595b64144ccf1df_6.0.18362.1556_none_9e7e372fe45e41d5;C:\Program Files\Android\Android Studio\jre\bin\server;C:\Users\caby5\.gradle\native\e1d6ef7f7dcc3fd88c89a11ec53ec762bb8ba0a96d01ffa2cd45eb1d1d8dd5c5\windows-amd64;C:\Users\caby5\.gradle\native\0d407fdbe67a94daf76414ababcb853783967236a71b16ec16e742cd7a986fd3\windows-amd64

VM Arguments:
jvm_args: --add-opens=java.base/java.util=ALL-UNNAMED --add-opens=java.base/java.lang=ALL-UNNAMED --add-opens=java.base/java.lang.invoke=ALL-UNNAMED --add-opens=java.base/java.util=ALL-UNNAMED --add-opens=java.prefs/java.util.prefs=ALL-UNNAMED --add-opens=java.prefs/java.util.prefs=ALL-UNNAMED --add-opens=java.base/java.nio.charset=ALL-UNNAMED --add-opens=java.base/java.net=ALL-UNNAMED --add-opens=java.base/java.util.concurrent.atomic=ALL-UNNAMED -Xmx2048m -Dfile.encoding=UTF-8 -Duser.country=MX -Duser.language=es -Duser.variant 
java_command: org.gradle.launcher.daemon.bootstrap.GradleDaemon 7.4
java_class_path (initial): C:\Users\caby5\.gradle\wrapper\dists\gradle-7.4-bin\c0gwcg53nkjbqw7r0h0umtfvt\gradle-7.4\lib\gradle-launcher-7.4.jar
Launcher Type: SUN_STANDARD

[Global flags]
     intx CICompilerCount                          = 2                                         {product} {ergonomic}
     uint ConcGCThreads                            = 1                                         {product} {ergonomic}
     uint G1ConcRefinementThreads                  = 2                                         {product} {ergonomic}
   size_t G1HeapRegionSize                         = 1048576                                   {product} {ergonomic}
    uintx GCDrainStackTargetSize                   = 64                                        {product} {ergonomic}
   size_t InitialHeapSize                          = 58720256                                  {product} {ergonomic}
   size_t MarkStackSize                            = 4194304                                   {product} {ergonomic}
   size_t MaxHeapSize                              = 2147483648                                {product} {command line}
   size_t MaxNewSize                               = 1287651328                                {product} {ergonomic}
   size_t MinHeapDeltaBytes                        = 1048576                                   {product} {ergonomic}
    uintx NonNMethodCodeHeapSize                   = 5825164                                {pd product} {ergonomic}
    uintx NonProfiledCodeHeapSize                  = 122916538                              {pd product} {ergonomic}
    uintx ProfiledCodeHeapSize                     = 122916538                              {pd product} {ergonomic}
    uintx ReservedCodeCacheSize                    = 251658240                              {pd product} {ergonomic}
     bool SegmentedCodeCache                       = true                                      {product} {ergonomic}
     bool UseCompressedClassPointers               = true                                 {lp64_product} {ergonomic}
     bool UseCompressedOops                        = true                                 {lp64_product} {ergonomic}
     bool UseG1GC                                  = true                                      {product} {ergonomic}
     bool UseLargePagesIndividualAllocation        = false                                  {pd product} {ergonomic}

Logging:
Log output configuration:
 #0: stdout all=warning uptime,level,tags
 #1: stderr all=off uptime,level,tags

Environment Variables:
JAVA_HOME=C:\Users\caby5\Documents\openjdk\jdk-11.0.2
PATH=C:\Program Files\MySQL\MySQL Server 8.0\bin;C:\windows\system32;C:\windows;C:\windows\System32\Wbem;C:\Windows\System32\OpenSSH\ssh;C:\Program Files\PuTTY\;C:\Users\caby5\Documents\openjdk\jdk-11.0.2\bin;C:\Program Files\Git\cmd;C:\Program Files\Microchip\xc8\v2.31\bin;C:\Program Files\nodejs\;C:\Users\caby5\AppData\Local\Microsoft\WindowsApps;C:\Users\caby5\Documents\openjdk\jdk-11.0.2\bin;C:\Users\caby5\AppData\Local\Programs\Microsoft VS Code\bin;C:\Users\caby5\AppData\Roaming\npm;C:\Program Files\JetBrains\IntelliJ IDEA 2022.2.1\bin;
USERNAME=caby5
OS=Windows_NT
PROCESSOR_IDENTIFIER=AMD64 Family 21 Model 112 Stepping 0, AuthenticAMD



---------------  S Y S T E M  ---------------

OS: Windows 10 , 64 bit Build 18362 (10.0.18362.1500)
OS uptime: 0 days 23:49 hours
Hyper-V role detected

CPU:total 2 (initial active 2) (2 cores per cpu, 1 threads per core) family 21 model 112 stepping 0 microcode 0x0, cmov, cx8, fxsr, mmx, sse, sse2, sse3, ssse3, sse4.1, sse4.2, popcnt, avx, avx2, aes, clmul, mmxext, 3dnowpref, lzcnt, sse4a, tsc, tscinvbit, tscinv, bmi1, bmi2, fma

Memory: 4k page, system-wide physical 3542M (354M free)
TotalPageFile size 6326M (AvailPageFile size 17M)
current process WorkingSet (physical memory assigned to process): 332M, peak: 332M
current process commit charge ("private bytes"): 450M, peak: 485M

vm_info: OpenJDK 64-Bit Server VM (11.0.13+0-b1751.21-8125866) for windows-amd64 JRE (11.0.13+0-b1751.21-8125866), built on Feb  2 2022 03:00:22 by "builder" with MS VC++ 14.0 (VS2015)

END.
